[05/18/18, 08:47:23:233] info: ╔═════════════════════════════════════════════════════════════════════════════╗
[05/18/18, 08:47:23:235] info: ║      Slack 3.1.1, linux 4.16.8-1-ARCH on x64 at 05/18/18, 08:47:23:206      ║
[05/18/18, 08:47:23:235] info: ╚═════════════════════════════════════════════════════════════════════════════╝
[05/18/18, 08:47:23:658] info: Initializing local storage instance at path: /home/calvin/.config/Slack/local-settings.json
[05/18/18, 08:47:25:758] info: Store: SET_NETWORK_STATUS online
[05/18/18, 08:47:32:821] info: Store: SELECT_CHANNEL C0VANEHDG
[05/18/18, 08:47:32:829] info: Store: UPDATE_TEAM_LOCALE
{
  "locale": "en-US"
}
[05/18/18, 08:47:32:839] info: Store: UPDATE_SETTINGS
{
  "locale": "en-US"
}
[05/18/18, 08:47:33:638] info: Store: UPSERT_WEB_CONTENTS
{
  "id": 3,
  "state": "loaded",
  "teamId": "T067YHBHB"
}
[05/18/18, 08:47:33:655] info: Store: MAIN_WINDOW_SHOWN
