[05/17/18, 14:29:46:419] info: ╔═════════════════════════════════════════════════════════════════════════════╗
[05/17/18, 14:29:46:420] info: ║      Slack 3.1.1, linux 4.16.8-1-ARCH on x64 at 05/17/18, 14:29:46:414      ║
[05/17/18, 14:29:46:420] info: ╚═════════════════════════════════════════════════════════════════════════════╝
[05/17/18, 14:29:46:575] info: Initializing local storage instance at path: /home/calvin/.config/Slack/local-settings.json
[05/17/18, 14:29:47:148] info: cld3::loadModule: loading cld3 module
[05/17/18, 14:29:47:185] info: cld3Loader::loadModule: running environment is NODE
[05/17/18, 14:29:47:186] info: cld3Loader::loadModule: constructed module object for runtime
[05/17/18, 14:29:47:502] info: cld3Loader::initializeRuntime: successfully initialized module
[05/17/18, 14:29:47:502] info: cld3Loader::loadModule: initialized wasm binary Runtime
[05/17/18, 14:29:47:510] warn: updateSpellcheckerLanguage: Tried to update language, but spellchecker not initialized
[05/17/18, 14:29:47:512] info: SSBIntegration: Main window preload script loaded 1642.532097
[05/17/18, 14:29:52:904] info: Store: UPSERT_WEB_CONTENTS
{
  "id": 3,
  "state": "loaded",
  "teamId": "T067YHBHB"
}
[05/17/18, 14:29:53:270] error: info() expects 1 or more arguments to be passed after the required label
[05/17/18, 14:29:54:090] info: postLoadTaskSetup: Desktop client fully loaded
{
  "loadedTime": 62260.231112
}
[05/17/18, 14:29:54:876] info: Store: UPDATE_SESSION_STATUS
{
  "hasValidSession": true,
  "teamId": "T067YHBHB"
}
[05/17/18, 14:29:54:883] info: Store: SELECT_CHANNEL C067YHBK7
[05/17/18, 14:29:54:884] info: Store: UPDATE_TEAM_LOCALE
{
  "locale": "en-US",
  "teamId": "T067YHBHB"
}
[05/17/18, 14:29:54:885] info: Store: UPDATE_SETTINGS
{
  "locale": "en-US"
}
[05/17/18, 14:29:54:887] info: Store: UPDATE_TEAM_THEME
{
  "teamId": "T067YHBHB",
  "theme": {
    "active_item": "#88C0D0",
    "active_item_text": "#2E3440",
    "active_presence": "#90bc6b",
    "badge": "#81A1C1",
    "column_bg": "#2E3440",
    "hover_item": "#3B4252",
    "menu_bg": "#3B4252",
    "text_color": "#D8DEE9"
  }
}
[05/17/18, 14:29:54:902] info: Store: UPDATE_TEAM_ICONS
{
  "icons": {
    "image_102": "https://slack-files2.s3-us-west-2.amazonaws.com/avatars/2016-03-14/26749067207_3cad9c06d416650f6fa7_102.png",
    "image_132": "https://slack-files2.s3-us-west-2.amazonaws.com/avatars/2016-03-14/26749067207_3cad9c06d416650f6fa7_132.png",
    "image_230": "https://slack-files2.s3-us-west-2.amazonaws.com/avatars/2016-03-14/26749067207_3cad9c06d416650f6fa7_132.png",
    "image_34": "https://slack-files2.s3-us-west-2.amazonaws.com/avatars/2016-03-14/26749067207_3cad9c06d416650f6fa7_34.png",
    "image_44": "https://slack-files2.s3-us-west-2.amazonaws.com/avatars/2016-03-14/26749067207_3cad9c06d416650f6fa7_44.png",
    "image_68": "https://slack-files2.s3-us-west-2.amazonaws.com/avatars/2016-03-14/26749067207_3cad9c06d416650f6fa7_68.png",
    "image_88": "https://slack-files2.s3-us-west-2.amazonaws.com/avatars/2016-03-14/26749067207_3cad9c06d416650f6fa7_88.png",
    "image_original": "https://slack-files2.s3-us-west-2.amazonaws.com/avatars/2016-03-14/26749067207_3cad9c06d416650f6fa7_original.png"
  },
  "teamId": "T067YHBHB"
}
[05/17/18, 14:29:54:904] info: Store: UPDATE_TEAM_LOCALE
{
  "locale": "en-US",
  "teamId": "T067YHBHB"
}
[05/17/18, 14:29:54:907] info: Store: UPSERT_WEB_CONTENTS
{
  "id": 3,
  "state": "webapp-loaded",
  "teamId": "T067YHBHB"
}
[05/17/18, 14:29:55:209] info: Store: STORE_API_TOKEN
{
  "teamId": "T067YHBHB",
  "token": "xoxs-⋯"
}
[05/17/18, 14:29:56:207] info: Raw Locale list: ["C","en_US","en_US.iso88591","en_US.utf8","POSIX",""]
[05/17/18, 14:29:56:207] info: Filtered Locale list: ["en_US","en_US","en_US"]
[05/17/18, 14:29:56:208] info: Counts: {"en":["en_US","en_US","en_US"]}
[05/17/18, 14:29:56:209] info: Result: {"en":"en-US"}
[05/17/18, 14:29:56:212] info: Requesting to load en-US, alternatives are ["en-US","en-US","en-US"]
[05/17/18, 14:29:56:214] info: Loading dictionary for language en-US
[05/17/18, 14:29:56:214] info: Actually downloading https://redirector.gvt1.com/edgedl/chrome/dict/en-us-7-1.bdic
[05/17/18, 14:29:57:226] info: Setting current spellchecker to en-US, requested language was en-US
[05/17/18, 14:29:57:227] info: Creating node-spellchecker instance
[05/17/18, 14:29:57:230] info: Actually installing spell check provider to Electron
[05/17/18, 14:30:06:138] info: Store: UPDATE_SETTINGS
{
  "autoHideMenuBar": true
}
[05/17/18, 14:30:12:589] info: Store: SELECT_CHANNEL C1T6DLC13
[05/17/18, 14:30:14:072] info: Store: SELECT_CHANNEL C3M9KFKRR
[05/17/18, 14:30:17:303] info: Store: SELECT_CHANNEL D40802HFY
[05/17/18, 14:30:18:521] info: Loading dictionary for language en-US
[05/17/18, 14:30:18:521] info: Returning local copy: /home/calvin/.config/Slack/dictionaries/en-US.bdic
[05/17/18, 14:30:18:524] info: Setting current spellchecker to en-US, requested language was en-US
[05/17/18, 14:30:18:532] info: Couldn't get hint text from messages in channel: Failed to fetch recent messages
[05/17/18, 14:30:19:251] info: Loading dictionary for language en-US
[05/17/18, 14:30:19:252] info: Returning local copy: /home/calvin/.config/Slack/dictionaries/en-US.bdic
[05/17/18, 14:30:19:256] info: Setting current spellchecker to en-US, requested language was en-US
[05/17/18, 14:30:27:110] info: Unloading spellchecker
[05/17/18, 14:30:27:159] info: Unloading spellchecker
[05/17/18, 14:34:46:344] info: Restoring spellchecker
[05/17/18, 14:34:46:345] info: Loading dictionary for language en-US
[05/17/18, 14:34:46:345] info: Returning local copy: /home/calvin/.config/Slack/dictionaries/en-US.bdic
[05/17/18, 14:34:46:407] info: Setting current spellchecker to en-US, requested language was en-US
[05/17/18, 14:34:46:407] info: Creating node-spellchecker instance
[05/17/18, 14:34:48:188] info: Store: SELECT_CHANNEL C1T6DLC13
[05/17/18, 14:34:49:584] info: Store: SELECT_CHANNEL C3M9KFKRR
[05/17/18, 14:34:53:955] info: Couldn't get hint text from messages in channel: Failed to fetch recent messages
[05/17/18, 14:34:55:383] info: Couldn't get hint text from messages in channel: Failed to fetch recent messages
[05/17/18, 14:35:02:147] info: Unloading spellchecker
[05/17/18, 14:35:02:175] info: Unloading spellchecker
[05/17/18, 14:35:03:025] info: Store: SAVE_WINDOW_SETTINGS
{
  "isMaximized": false,
  "position": [
    12,
    32
  ],
  "size": [
    1896,
    512
  ]
}
[05/17/18, 14:35:04:553] info: Store: SAVE_WINDOW_SETTINGS
{
  "isMaximized": false,
  "position": [
    12,
    32
  ],
  "size": [
    1896,
    830
  ]
}
[05/17/18, 14:35:05:585] info: Store: SAVE_WINDOW_SETTINGS
{
  "isMaximized": false,
  "position": [
    12,
    32
  ],
  "size": [
    1896,
    724
  ]
}
[05/17/18, 14:35:06:164] info: Restoring spellchecker
[05/17/18, 14:35:06:166] info: Loading dictionary for language en-US
[05/17/18, 14:35:06:167] info: Returning local copy: /home/calvin/.config/Slack/dictionaries/en-US.bdic
[05/17/18, 14:35:06:189] info: Setting current spellchecker to en-US, requested language was en-US
[05/17/18, 14:35:06:189] info: Creating node-spellchecker instance
[05/17/18, 14:35:11:379] info: Unloading spellchecker
[05/17/18, 14:35:11:381] info: Unloading spellchecker
[05/17/18, 14:35:12:008] info: Restoring spellchecker
[05/17/18, 14:35:12:009] info: Loading dictionary for language en-US
[05/17/18, 14:35:12:010] info: Returning local copy: /home/calvin/.config/Slack/dictionaries/en-US.bdic
[05/17/18, 14:35:12:041] info: Setting current spellchecker to en-US, requested language was en-US
[05/17/18, 14:35:12:042] info: Creating node-spellchecker instance
[05/17/18, 14:35:21:674] info: Unloading spellchecker
[05/17/18, 14:35:21:675] info: Store: UPDATE_SETTINGS
{
  "hasRunFromTray": true
}
[05/17/18, 14:35:21:676] info: Store: SHOW_TRAY_BALLOON
{
  "content": "Slack’s set to stay running in the notification area. To change this, visit Preferences > Linux App.",
  "title": "Why didn’t Slack quit?"
}
[05/17/18, 14:35:21:676] info: Store: SET_FULL_SCREEN
[05/17/18, 14:35:26:949] info: Store: FOREGROUND_APP
[05/17/18, 14:35:27:002] info: Restoring spellchecker
[05/17/18, 14:35:27:003] info: Loading dictionary for language en-US
[05/17/18, 14:35:27:003] info: Returning local copy: /home/calvin/.config/Slack/dictionaries/en-US.bdic
[05/17/18, 14:35:27:171] info: Setting current spellchecker to en-US, requested language was en-US
[05/17/18, 14:35:27:171] info: Creating node-spellchecker instance
[05/17/18, 14:35:27:967] info: Store: SAVE_WINDOW_SETTINGS
{
  "isMaximized": false,
  "position": [
    12,
    32
  ],
  "size": [
    1896,
    1036
  ]
}
[05/17/18, 14:35:29:317] info: Unloading spellchecker
[05/17/18, 14:35:29:357] info: Unloading spellchecker
[05/17/18, 14:35:30:205] info: Store: SAVE_WINDOW_SETTINGS
{
  "isMaximized": false,
  "position": [
    12,
    32
  ],
  "size": [
    1896,
    512
  ]
}
[05/17/18, 14:35:31:434] info: Restoring spellchecker
[05/17/18, 14:35:31:435] info: Loading dictionary for language en-US
[05/17/18, 14:35:31:436] info: Returning local copy: /home/calvin/.config/Slack/dictionaries/en-US.bdic
[05/17/18, 14:35:31:458] info: Setting current spellchecker to en-US, requested language was en-US
[05/17/18, 14:35:31:459] info: Creating node-spellchecker instance
[05/17/18, 14:35:34:525] info: Store: UPDATE_SETTINGS
{
  "autoHideMenuBar": false
}
[05/17/18, 14:35:38:594] info: Unloading spellchecker
[05/17/18, 14:35:38:596] info: Unloading spellchecker
[05/17/18, 14:35:38:757] info: Store: SAVE_WINDOW_SETTINGS
{
  "isMaximized": false,
  "position": [
    12,
    32
  ],
  "size": [
    1896,
    724
  ]
}
[05/17/18, 14:35:39:244] info: Restoring spellchecker
[05/17/18, 14:35:39:246] info: Loading dictionary for language en-US
[05/17/18, 14:35:39:246] info: Returning local copy: /home/calvin/.config/Slack/dictionaries/en-US.bdic
[05/17/18, 14:35:39:255] info: Unloading spellchecker
[05/17/18, 14:35:39:258] info: Restoring spellchecker
[05/17/18, 14:35:39:259] info: Loading dictionary for language en-US
[05/17/18, 14:35:39:259] info: Returning local copy: /home/calvin/.config/Slack/dictionaries/en-US.bdic
[05/17/18, 14:35:39:265] info: Unloading spellchecker
[05/17/18, 14:35:39:268] info: Restoring spellchecker
[05/17/18, 14:35:39:268] info: Loading dictionary for language en-US
[05/17/18, 14:35:39:269] info: Returning local copy: /home/calvin/.config/Slack/dictionaries/en-US.bdic
[05/17/18, 14:35:39:394] info: Unloading spellchecker
[05/17/18, 14:35:39:395] info: Unloading spellchecker
[05/17/18, 14:35:39:440] info: Setting current spellchecker to en-US, requested language was en-US
[05/17/18, 14:35:39:440] info: Creating node-spellchecker instance
[05/17/18, 14:35:39:442] info: Setting current spellchecker to en-US, requested language was en-US
[05/17/18, 14:35:39:442] info: Setting current spellchecker to en-US, requested language was en-US
[05/17/18, 14:35:40:248] info: Store: SAVE_WINDOW_SETTINGS
{
  "isMaximized": false,
  "position": [
    12,
    32
  ],
  "size": [
    1896,
    1036
  ]
}
[05/17/18, 14:35:41:587] info: Unloading spellchecker
[05/17/18, 14:35:41:589] info: Unloading spellchecker
[05/17/18, 14:35:42:514] info: Restoring spellchecker
[05/17/18, 14:35:42:515] info: Loading dictionary for language en-US
[05/17/18, 14:35:42:515] info: Returning local copy: /home/calvin/.config/Slack/dictionaries/en-US.bdic
[05/17/18, 14:35:42:540] info: Setting current spellchecker to en-US, requested language was en-US
[05/17/18, 14:35:42:541] info: Creating node-spellchecker instance
[05/17/18, 14:35:43:589] info: Unloading spellchecker
[05/17/18, 14:35:43:624] info: Unloading spellchecker
[05/17/18, 14:35:45:104] info: Restoring spellchecker
[05/17/18, 14:35:45:105] info: Loading dictionary for language en-US
[05/17/18, 14:35:45:105] info: Returning local copy: /home/calvin/.config/Slack/dictionaries/en-US.bdic
[05/17/18, 14:35:45:127] info: Setting current spellchecker to en-US, requested language was en-US
[05/17/18, 14:35:45:127] info: Creating node-spellchecker instance
[05/17/18, 14:35:46:240] info: Unloading spellchecker
[05/17/18, 14:35:46:242] info: Unloading spellchecker
[05/17/18, 14:38:32:137] info: Restoring spellchecker
[05/17/18, 14:38:32:137] info: Loading dictionary for language en-US
[05/17/18, 14:38:32:137] info: Returning local copy: /home/calvin/.config/Slack/dictionaries/en-US.bdic
[05/17/18, 14:38:32:180] info: Setting current spellchecker to en-US, requested language was en-US
[05/17/18, 14:38:32:180] info: Creating node-spellchecker instance
[05/17/18, 14:38:32:600] info: Unloading spellchecker
[05/17/18, 14:38:32:636] info: Unloading spellchecker
[05/17/18, 14:38:33:654] info: Restoring spellchecker
[05/17/18, 14:38:33:655] info: Loading dictionary for language en-US
[05/17/18, 14:38:33:655] info: Returning local copy: /home/calvin/.config/Slack/dictionaries/en-US.bdic
[05/17/18, 14:38:33:680] info: Setting current spellchecker to en-US, requested language was en-US
[05/17/18, 14:38:33:681] info: Creating node-spellchecker instance
[05/17/18, 14:38:34:566] info: Unloading spellchecker
[05/17/18, 14:38:34:568] info: Unloading spellchecker
[05/17/18, 14:38:34:952] info: Restoring spellchecker
[05/17/18, 14:38:34:952] info: Loading dictionary for language en-US
[05/17/18, 14:38:34:953] info: Returning local copy: /home/calvin/.config/Slack/dictionaries/en-US.bdic
[05/17/18, 14:38:34:974] info: Setting current spellchecker to en-US, requested language was en-US
[05/17/18, 14:38:34:974] info: Creating node-spellchecker instance
[05/17/18, 14:38:39:792] info: Unloading spellchecker
[05/17/18, 14:38:39:817] info: Unloading spellchecker
[05/17/18, 14:41:09:053] info: Restoring spellchecker
[05/17/18, 14:41:09:053] info: Loading dictionary for language en-US
[05/17/18, 14:41:09:054] info: Returning local copy: /home/calvin/.config/Slack/dictionaries/en-US.bdic
[05/17/18, 14:41:09:107] info: Setting current spellchecker to en-US, requested language was en-US
[05/17/18, 14:41:09:107] info: Creating node-spellchecker instance
[05/17/18, 14:41:09:833] info: Unloading spellchecker
[05/17/18, 14:41:09:856] info: Unloading spellchecker
[05/17/18, 14:42:27:989] info: Restoring spellchecker
[05/17/18, 14:42:27:990] info: Loading dictionary for language en-US
[05/17/18, 14:42:27:990] info: Returning local copy: /home/calvin/.config/Slack/dictionaries/en-US.bdic
[05/17/18, 14:42:28:031] info: Setting current spellchecker to en-US, requested language was en-US
[05/17/18, 14:42:28:031] info: Creating node-spellchecker instance
[05/17/18, 14:42:33:259] info: Store: SELECT_CHANNEL G141EDDGB
[05/17/18, 14:42:35:484] info: Store: SELECT_CHANNEL C8YBF5TRU
[05/17/18, 14:42:36:054] info: Loading dictionary for language en-US
[05/17/18, 14:42:36:055] info: Returning local copy: /home/calvin/.config/Slack/dictionaries/en-US.bdic
[05/17/18, 14:42:36:056] info: Setting current spellchecker to en-US, requested language was en-US
[05/17/18, 14:42:37:363] info: Unloading spellchecker
[05/17/18, 14:42:37:389] info: Unloading spellchecker
[05/17/18, 14:42:37:447] info: Loading dictionary for language en-US
[05/17/18, 14:42:37:448] info: Returning local copy: /home/calvin/.config/Slack/dictionaries/en-US.bdic
[05/17/18, 14:42:37:449] info: Setting current spellchecker to en-US, requested language was en-US
[05/17/18, 14:42:37:449] info: Creating node-spellchecker instance
[05/17/18, 14:42:38:857] info: Restoring spellchecker
[05/17/18, 14:42:38:858] info: Loading dictionary for language en-US
[05/17/18, 14:42:38:858] info: Returning local copy: /home/calvin/.config/Slack/dictionaries/en-US.bdic
[05/17/18, 14:42:38:889] info: Setting current spellchecker to en-US, requested language was en-US
[05/17/18, 14:42:39:460] info: Unloading spellchecker
[05/17/18, 14:42:39:501] info: Unloading spellchecker
[05/17/18, 14:43:08:671] info: Restoring spellchecker
[05/17/18, 14:43:08:672] info: Loading dictionary for language en-US
[05/17/18, 14:43:08:673] info: Returning local copy: /home/calvin/.config/Slack/dictionaries/en-US.bdic
[05/17/18, 14:43:08:721] info: Setting current spellchecker to en-US, requested language was en-US
[05/17/18, 14:43:08:721] info: Creating node-spellchecker instance
[05/17/18, 14:43:09:885] info: Unloading spellchecker
[05/17/18, 14:43:09:889] info: Unloading spellchecker
[05/17/18, 14:43:40:445] info: Restoring spellchecker
[05/17/18, 14:43:40:456] info: Loading dictionary for language en-US
[05/17/18, 14:43:40:457] info: Returning local copy: /home/calvin/.config/Slack/dictionaries/en-US.bdic
[05/17/18, 14:43:40:464] info: Setting current spellchecker to en-US, requested language was en-US
[05/17/18, 14:43:40:465] info: Creating node-spellchecker instance
[05/17/18, 14:43:40:957] info: Unloading spellchecker
[05/17/18, 14:43:41:035] info: Unloading spellchecker
[05/17/18, 14:43:43:069] info: Restoring spellchecker
[05/17/18, 14:43:43:070] info: Loading dictionary for language en-US
[05/17/18, 14:43:43:070] info: Returning local copy: /home/calvin/.config/Slack/dictionaries/en-US.bdic
[05/17/18, 14:43:43:120] info: Setting current spellchecker to en-US, requested language was en-US
[05/17/18, 14:43:43:121] info: Creating node-spellchecker instance
[05/17/18, 14:43:43:618] info: Unloading spellchecker
[05/17/18, 14:43:43:704] info: Unloading spellchecker
[05/17/18, 14:44:27:427] info: Restoring spellchecker
[05/17/18, 14:44:27:428] info: Loading dictionary for language en-US
[05/17/18, 14:44:27:428] info: Returning local copy: /home/calvin/.config/Slack/dictionaries/en-US.bdic
[05/17/18, 14:44:27:474] info: Setting current spellchecker to en-US, requested language was en-US
[05/17/18, 14:44:27:474] info: Creating node-spellchecker instance
[05/17/18, 14:44:27:623] info: Unloading spellchecker
[05/17/18, 14:44:27:624] info: Unloading spellchecker
[05/17/18, 14:44:42:978] info: Restoring spellchecker
[05/17/18, 14:44:42:979] info: Loading dictionary for language en-US
[05/17/18, 14:44:42:979] info: Returning local copy: /home/calvin/.config/Slack/dictionaries/en-US.bdic
[05/17/18, 14:44:43:024] info: Setting current spellchecker to en-US, requested language was en-US
[05/17/18, 14:44:43:025] info: Creating node-spellchecker instance
[05/17/18, 14:44:44:652] info: Unloading spellchecker
[05/17/18, 14:44:44:692] info: Unloading spellchecker
[05/17/18, 14:45:21:704] info: Restoring spellchecker
[05/17/18, 14:45:21:705] info: Loading dictionary for language en-US
[05/17/18, 14:45:21:705] info: Returning local copy: /home/calvin/.config/Slack/dictionaries/en-US.bdic
[05/17/18, 14:45:21:754] info: Setting current spellchecker to en-US, requested language was en-US
[05/17/18, 14:45:21:756] info: Creating node-spellchecker instance
[05/17/18, 14:45:23:223] info: Store: SELECT_CHANNEL C0VANEHDG
[05/17/18, 14:45:29:152] info: Couldn't get hint text from messages in channel: Failed to fetch recent messages
[05/17/18, 14:45:37:315] info: Unloading spellchecker
[05/17/18, 14:45:37:318] info: Unloading spellchecker
[05/17/18, 14:45:38:842] info: Restoring spellchecker
[05/17/18, 14:45:38:843] info: Loading dictionary for language en-US
[05/17/18, 14:45:38:843] info: Returning local copy: /home/calvin/.config/Slack/dictionaries/en-US.bdic
[05/17/18, 14:45:38:875] info: Setting current spellchecker to en-US, requested language was en-US
[05/17/18, 14:45:38:875] info: Creating node-spellchecker instance
[05/17/18, 14:45:39:774] info: Unloading spellchecker
[05/17/18, 14:45:39:775] info: Unloading spellchecker
[05/17/18, 14:46:44:751] info: Restoring spellchecker
[05/17/18, 14:46:44:751] info: Loading dictionary for language en-US
[05/17/18, 14:46:44:751] info: Returning local copy: /home/calvin/.config/Slack/dictionaries/en-US.bdic
[05/17/18, 14:46:44:780] info: Setting current spellchecker to en-US, requested language was en-US
[05/17/18, 14:46:44:780] info: Creating node-spellchecker instance
[05/17/18, 14:46:45:294] info: Unloading spellchecker
[05/17/18, 14:46:45:295] info: Unloading spellchecker
[05/17/18, 14:47:09:429] info: Restoring spellchecker
[05/17/18, 14:47:09:429] info: Loading dictionary for language en-US
[05/17/18, 14:47:09:430] info: Returning local copy: /home/calvin/.config/Slack/dictionaries/en-US.bdic
[05/17/18, 14:47:09:467] info: Setting current spellchecker to en-US, requested language was en-US
[05/17/18, 14:47:09:467] info: Creating node-spellchecker instance
[05/17/18, 14:47:11:522] info: Store: SELECT_CHANNEL D46H8TMU0
[05/17/18, 14:47:14:012] info: Loading dictionary for language en-US
[05/17/18, 14:47:14:013] info: Returning local copy: /home/calvin/.config/Slack/dictionaries/en-US.bdic
[05/17/18, 14:47:14:016] info: Setting current spellchecker to en-US, requested language was en-US
[05/17/18, 14:47:41:127] info: Store: SELECT_CHANNEL C3UKC29PZ
[05/17/18, 14:47:43:560] info: Loading dictionary for language en-US
[05/17/18, 14:47:43:560] info: Returning local copy: /home/calvin/.config/Slack/dictionaries/en-US.bdic
[05/17/18, 14:47:43:562] info: Setting current spellchecker to en-US, requested language was en-US
[05/17/18, 14:47:45:134] info: Unloading spellchecker
[05/17/18, 14:47:45:136] info: Unloading spellchecker
[05/17/18, 14:47:47:620] info: Restoring spellchecker
[05/17/18, 14:47:47:621] info: Loading dictionary for language en-US
[05/17/18, 14:47:47:621] info: Returning local copy: /home/calvin/.config/Slack/dictionaries/en-US.bdic
[05/17/18, 14:47:47:645] info: Setting current spellchecker to en-US, requested language was en-US
[05/17/18, 14:47:47:646] info: Creating node-spellchecker instance
[05/17/18, 14:47:48:214] info: Unloading spellchecker
[05/17/18, 14:47:48:227] info: Unloading spellchecker
[05/17/18, 14:48:10:345] info: Restoring spellchecker
[05/17/18, 14:48:10:346] info: Loading dictionary for language en-US
[05/17/18, 14:48:10:346] info: Returning local copy: /home/calvin/.config/Slack/dictionaries/en-US.bdic
[05/17/18, 14:48:10:401] info: Unloading spellchecker
[05/17/18, 14:48:10:407] info: Unloading spellchecker
[05/17/18, 14:48:10:447] info: Setting current spellchecker to en-US, requested language was en-US
[05/17/18, 14:48:10:447] info: Creating node-spellchecker instance
[05/17/18, 14:48:11:543] info: Store: SAVE_WINDOW_SETTINGS
{
  "isMaximized": false,
  "position": [
    12,
    32
  ],
  "size": [
    1896,
    1036
  ]
}
[05/17/18, 14:48:13:581] info: Restoring spellchecker
[05/17/18, 14:48:13:582] info: Loading dictionary for language en-US
[05/17/18, 14:48:13:582] info: Returning local copy: /home/calvin/.config/Slack/dictionaries/en-US.bdic
[05/17/18, 14:48:13:608] info: Setting current spellchecker to en-US, requested language was en-US
[05/17/18, 14:48:13:686] info: Unloading spellchecker
[05/17/18, 14:48:13:722] info: Unloading spellchecker
[05/17/18, 14:48:14:459] info: Restoring spellchecker
[05/17/18, 14:48:14:460] info: Loading dictionary for language en-US
[05/17/18, 14:48:14:460] info: Returning local copy: /home/calvin/.config/Slack/dictionaries/en-US.bdic
[05/17/18, 14:48:14:484] info: Setting current spellchecker to en-US, requested language was en-US
[05/17/18, 14:48:14:484] info: Creating node-spellchecker instance
[05/17/18, 14:48:14:829] info: Unloading spellchecker
[05/17/18, 14:48:14:844] info: Unloading spellchecker
[05/17/18, 14:49:27:293] info: Restoring spellchecker
[05/17/18, 14:49:27:294] info: Loading dictionary for language en-US
[05/17/18, 14:49:27:294] info: Returning local copy: /home/calvin/.config/Slack/dictionaries/en-US.bdic
[05/17/18, 14:49:27:379] info: Setting current spellchecker to en-US, requested language was en-US
[05/17/18, 14:49:27:380] info: Creating node-spellchecker instance
[05/17/18, 14:49:29:972] info: Store: SELECT_CHANNEL C1T6DLC13
[05/17/18, 14:49:32:178] info: Unloading spellchecker
[05/17/18, 14:49:32:182] info: Unloading spellchecker
[05/17/18, 14:49:33:303] info: Restoring spellchecker
[05/17/18, 14:49:33:304] info: Loading dictionary for language en-US
[05/17/18, 14:49:33:304] info: Returning local copy: /home/calvin/.config/Slack/dictionaries/en-US.bdic
[05/17/18, 14:49:33:328] info: Setting current spellchecker to en-US, requested language was en-US
[05/17/18, 14:49:33:328] info: Creating node-spellchecker instance
[05/17/18, 14:49:33:424] info: Unloading spellchecker
[05/17/18, 14:49:33:430] info: Unloading spellchecker
[05/17/18, 14:49:35:731] info: Couldn't get hint text from messages in channel: Failed to fetch recent messages
[05/17/18, 14:56:46:698] info: Restoring spellchecker
[05/17/18, 14:56:46:699] info: Loading dictionary for language en-US
[05/17/18, 14:56:46:699] info: Returning local copy: /home/calvin/.config/Slack/dictionaries/en-US.bdic
[05/17/18, 14:56:46:853] info: Setting current spellchecker to en-US, requested language was en-US
[05/17/18, 14:56:46:853] info: Creating node-spellchecker instance
[05/17/18, 14:56:49:512] info: Store: SELECT_CHANNEL C3M9KFKRR
[05/17/18, 14:56:51:977] info: Unloading spellchecker
[05/17/18, 14:56:51:979] info: Unloading spellchecker
[05/17/18, 14:56:55:267] info: Couldn't get hint text from messages in channel: Failed to fetch recent messages
[05/17/18, 15:00:44:981] info: Restoring spellchecker
[05/17/18, 15:00:44:986] info: Loading dictionary for language en-US
[05/17/18, 15:00:44:986] info: Returning local copy: /home/calvin/.config/Slack/dictionaries/en-US.bdic
[05/17/18, 15:00:45:056] info: Unloading spellchecker
[05/17/18, 15:00:45:075] info: Unloading spellchecker
[05/17/18, 15:00:45:096] info: Setting current spellchecker to en-US, requested language was en-US
[05/17/18, 15:00:45:096] info: Creating node-spellchecker instance
[05/17/18, 15:00:46:183] info: Store: SAVE_WINDOW_SETTINGS
{
  "isMaximized": false,
  "position": [
    12,
    12
  ],
  "size": [
    1896,
    1056
  ]
}
[05/17/18, 15:01:27:103] info: Restoring spellchecker
[05/17/18, 15:01:27:103] info: Loading dictionary for language en-US
[05/17/18, 15:01:27:104] info: Returning local copy: /home/calvin/.config/Slack/dictionaries/en-US.bdic
[05/17/18, 15:01:27:161] info: Setting current spellchecker to en-US, requested language was en-US
[05/17/18, 15:01:27:563] info: Unloading spellchecker
[05/17/18, 15:01:27:564] info: Unloading spellchecker
[05/17/18, 15:01:28:058] info: Store: SAVE_WINDOW_SETTINGS
{
  "isMaximized": false,
  "position": [
    12,
    32
  ],
  "size": [
    1896,
    1036
  ]
}
[05/17/18, 15:06:41:413] info: Restoring spellchecker
[05/17/18, 15:06:41:414] info: Loading dictionary for language en-US
[05/17/18, 15:06:41:415] info: Returning local copy: /home/calvin/.config/Slack/dictionaries/en-US.bdic
[05/17/18, 15:06:41:434] info: Setting current spellchecker to en-US, requested language was en-US
[05/17/18, 15:06:41:434] info: Creating node-spellchecker instance
[05/17/18, 15:06:43:832] info: Store: SELECT_CHANNEL C3UKC29PZ
[05/17/18, 15:06:44:467] info: Loading dictionary for language en-US
[05/17/18, 15:06:44:468] info: Returning local copy: /home/calvin/.config/Slack/dictionaries/en-US.bdic
[05/17/18, 15:06:44:472] info: Setting current spellchecker to en-US, requested language was en-US
[05/17/18, 15:06:53:120] info: Unloading spellchecker
[05/17/18, 15:06:53:121] info: Unloading spellchecker
[05/17/18, 15:11:14:152] info: Restoring spellchecker
[05/17/18, 15:11:14:153] info: Loading dictionary for language en-US
[05/17/18, 15:11:14:153] info: Returning local copy: /home/calvin/.config/Slack/dictionaries/en-US.bdic
[05/17/18, 15:11:14:177] info: Setting current spellchecker to en-US, requested language was en-US
[05/17/18, 15:11:14:177] info: Creating node-spellchecker instance
[05/17/18, 15:11:14:311] info: Unloading spellchecker
[05/17/18, 15:11:14:313] info: Unloading spellchecker
[05/17/18, 15:11:14:750] info: Restoring spellchecker
[05/17/18, 15:11:14:751] info: Loading dictionary for language en-US
[05/17/18, 15:11:14:751] info: Returning local copy: /home/calvin/.config/Slack/dictionaries/en-US.bdic
[05/17/18, 15:11:14:771] info: Setting current spellchecker to en-US, requested language was en-US
[05/17/18, 15:11:14:772] info: Creating node-spellchecker instance
[05/17/18, 15:11:16:968] info: Store: SELECT_CHANNEL C0VANEHDG
[05/17/18, 15:11:18:292] info: Unloading spellchecker
[05/17/18, 15:11:18:295] info: Unloading spellchecker
[05/17/18, 15:11:22:689] info: Couldn't get hint text from messages in channel: Failed to fetch recent messages
[05/17/18, 15:11:35:229] info: Restoring spellchecker
[05/17/18, 15:11:35:230] info: Loading dictionary for language en-US
[05/17/18, 15:11:35:231] info: Returning local copy: /home/calvin/.config/Slack/dictionaries/en-US.bdic
[05/17/18, 15:11:35:361] info: Unloading spellchecker
[05/17/18, 15:11:35:367] info: Unloading spellchecker
[05/17/18, 15:11:35:849] info: Setting current spellchecker to en-US, requested language was en-US
[05/17/18, 15:11:35:853] info: Creating node-spellchecker instance
[05/17/18, 15:11:36:396] info: Store: SAVE_WINDOW_SETTINGS
{
  "isMaximized": false,
  "position": [
    12,
    12
  ],
  "size": [
    1896,
    1056
  ]
}
[05/17/18, 15:12:25:548] info: Restoring spellchecker
[05/17/18, 15:12:25:548] info: Loading dictionary for language en-US
[05/17/18, 15:12:25:549] info: Returning local copy: /home/calvin/.config/Slack/dictionaries/en-US.bdic
[05/17/18, 15:12:25:670] info: Unloading spellchecker
[05/17/18, 15:12:25:779] info: Unloading spellchecker
[05/17/18, 15:12:25:879] info: Setting current spellchecker to en-US, requested language was en-US
[05/17/18, 15:12:25:879] info: Creating node-spellchecker instance
[05/17/18, 15:13:11:271] info: Restoring spellchecker
[05/17/18, 15:13:11:272] info: Loading dictionary for language en-US
[05/17/18, 15:13:11:273] info: Returning local copy: /home/calvin/.config/Slack/dictionaries/en-US.bdic
[05/17/18, 15:13:11:400] info: Unloading spellchecker
[05/17/18, 15:13:11:495] info: Unloading spellchecker
[05/17/18, 15:13:11:578] info: Setting current spellchecker to en-US, requested language was en-US
[05/17/18, 15:13:11:579] info: Creating node-spellchecker instance
[05/17/18, 15:14:38:036] info: Restoring spellchecker
[05/17/18, 15:14:38:037] info: Loading dictionary for language en-US
[05/17/18, 15:14:38:038] info: Returning local copy: /home/calvin/.config/Slack/dictionaries/en-US.bdic
[05/17/18, 15:14:38:312] info: Setting current spellchecker to en-US, requested language was en-US
[05/17/18, 15:14:38:955] info: Store: SAVE_WINDOW_SETTINGS
{
  "isMaximized": false,
  "position": [
    12,
    32
  ],
  "size": [
    1896,
    1036
  ]
}
[05/17/18, 15:14:40:386] info: Unloading spellchecker
[05/17/18, 15:14:40:388] info: Unloading spellchecker
[05/17/18, 15:15:41:647] warn: Unable to read quiet hours setting: windows-quiet-hours works only on Windows
[05/17/18, 15:15:41:647] warn: Unable to read quiet hours setting: windows-quiet-hours works only on Windows
[05/17/18, 15:15:41:669] info: Store: NEW_NOTIFICATION
{
  "avatarImage": "https://ca.slack-edge.com/T067YHBHB-U07Q0QWPN-19ec5981e07b-512",
  "channel": "G17P7DJ84",
  "content": "[REDACTED]",
  "id": "nxD0SGhZqoqkp8W",
  "imageUri": null,
  "launchUri": "slack://channel?id=G17P7DJ84&message=1526595342.000102&team=T067YHBHB",
  "msg": "1526595342.000102",
  "silent": true,
  "subtitle": "",
  "teamId": "T067YHBHB",
  "title": "[REDACTED]"
}
[05/17/18, 15:15:47:068] info: Restoring spellchecker
[05/17/18, 15:15:47:069] info: Loading dictionary for language en-US
[05/17/18, 15:15:47:069] info: Returning local copy: /home/calvin/.config/Slack/dictionaries/en-US.bdic
[05/17/18, 15:15:47:158] info: Setting current spellchecker to en-US, requested language was en-US
[05/17/18, 15:15:47:158] info: Creating node-spellchecker instance
[05/17/18, 15:15:50:662] info: Store: SELECT_CHANNEL G17P7DJ84
[05/17/18, 15:15:51:337] info: Loading dictionary for language en-US
[05/17/18, 15:15:51:337] info: Returning local copy: /home/calvin/.config/Slack/dictionaries/en-US.bdic
[05/17/18, 15:15:51:340] info: Setting current spellchecker to en-US, requested language was en-US
[05/17/18, 15:15:54:604] info: Store: SELECT_CHANNEL C1T6DLC13
[05/17/18, 15:15:56:204] info: Unloading spellchecker
[05/17/18, 15:15:56:208] info: Unloading spellchecker
[05/17/18, 15:16:00:409] info: Couldn't get hint text from messages in channel: Failed to fetch recent messages
[05/17/18, 15:16:51:972] info: Restoring spellchecker
[05/17/18, 15:16:51:972] info: Loading dictionary for language en-US
[05/17/18, 15:16:51:973] info: Returning local copy: /home/calvin/.config/Slack/dictionaries/en-US.bdic
[05/17/18, 15:16:51:998] info: Setting current spellchecker to en-US, requested language was en-US
[05/17/18, 15:16:51:999] info: Creating node-spellchecker instance
[05/17/18, 15:16:52:276] info: Unloading spellchecker
[05/17/18, 15:16:52:297] info: Unloading spellchecker
[05/17/18, 15:18:41:726] info: Restoring spellchecker
[05/17/18, 15:18:41:727] info: Loading dictionary for language en-US
[05/17/18, 15:18:41:728] info: Returning local copy: /home/calvin/.config/Slack/dictionaries/en-US.bdic
[05/17/18, 15:18:41:740] info: Unloading spellchecker
[05/17/18, 15:18:41:803] info: Unloading spellchecker
[05/17/18, 15:18:41:872] info: Setting current spellchecker to en-US, requested language was en-US
[05/17/18, 15:18:41:872] info: Creating node-spellchecker instance
[05/17/18, 15:18:42:899] info: Store: SAVE_WINDOW_SETTINGS
{
  "isMaximized": false,
  "position": [
    12,
    12
  ],
  "size": [
    1896,
    1056
  ]
}
[05/17/18, 15:19:55:038] info: Restoring spellchecker
[05/17/18, 15:19:55:039] info: Loading dictionary for language en-US
[05/17/18, 15:19:55:039] info: Returning local copy: /home/calvin/.config/Slack/dictionaries/en-US.bdic
[05/17/18, 15:19:55:120] info: Unloading spellchecker
[05/17/18, 15:19:55:145] info: Unloading spellchecker
[05/17/18, 15:19:55:165] info: Setting current spellchecker to en-US, requested language was en-US
[05/17/18, 15:19:55:165] info: Creating node-spellchecker instance
[05/17/18, 15:20:03:118] info: Restoring spellchecker
[05/17/18, 15:20:03:119] info: Loading dictionary for language en-US
[05/17/18, 15:20:03:120] info: Returning local copy: /home/calvin/.config/Slack/dictionaries/en-US.bdic
[05/17/18, 15:20:03:188] info: Unloading spellchecker
[05/17/18, 15:20:03:216] info: Unloading spellchecker
[05/17/18, 15:20:03:243] info: Setting current spellchecker to en-US, requested language was en-US
[05/17/18, 15:20:03:243] info: Creating node-spellchecker instance
[05/17/18, 15:20:16:437] info: Restoring spellchecker
[05/17/18, 15:20:16:438] info: Loading dictionary for language en-US
[05/17/18, 15:20:16:438] info: Returning local copy: /home/calvin/.config/Slack/dictionaries/en-US.bdic
[05/17/18, 15:20:16:474] info: Unloading spellchecker
[05/17/18, 15:20:16:518] info: Unloading spellchecker
[05/17/18, 15:20:16:568] info: Setting current spellchecker to en-US, requested language was en-US
[05/17/18, 15:20:16:568] info: Creating node-spellchecker instance
[05/17/18, 15:22:34:072] info: Restoring spellchecker
[05/17/18, 15:22:34:072] info: Loading dictionary for language en-US
[05/17/18, 15:22:34:072] info: Returning local copy: /home/calvin/.config/Slack/dictionaries/en-US.bdic
[05/17/18, 15:22:34:126] info: Setting current spellchecker to en-US, requested language was en-US
[05/17/18, 15:22:35:024] info: Store: SAVE_WINDOW_SETTINGS
{
  "isMaximized": false,
  "position": [
    12,
    32
  ],
  "size": [
    1896,
    1036
  ]
}
[05/17/18, 15:22:35:850] info: Store: SELECT_CHANNEL C0VANEHDG
[05/17/18, 15:22:38:079] info: Unloading spellchecker
[05/17/18, 15:22:38:080] info: Unloading spellchecker
[05/17/18, 15:22:41:551] info: Couldn't get hint text from messages in channel: Failed to fetch recent messages
[05/17/18, 15:23:10:987] info: Restoring spellchecker
[05/17/18, 15:23:10:987] info: Loading dictionary for language en-US
[05/17/18, 15:23:10:988] info: Returning local copy: /home/calvin/.config/Slack/dictionaries/en-US.bdic
[05/17/18, 15:23:11:088] info: Setting current spellchecker to en-US, requested language was en-US
[05/17/18, 15:23:11:089] info: Creating node-spellchecker instance
[05/17/18, 15:23:12:241] info: Unloading spellchecker
[05/17/18, 15:23:12:242] info: Unloading spellchecker
[05/17/18, 15:25:58:139] info: Restoring spellchecker
[05/17/18, 15:25:58:140] info: Loading dictionary for language en-US
[05/17/18, 15:25:58:140] info: Returning local copy: /home/calvin/.config/Slack/dictionaries/en-US.bdic
[05/17/18, 15:25:58:298] info: Setting current spellchecker to en-US, requested language was en-US
[05/17/18, 15:25:58:298] info: Creating node-spellchecker instance
[05/17/18, 15:26:00:277] info: Store: SELECT_CHANNEL C3CLTS2KG
[05/17/18, 15:26:01:704] warn: Unable to read quiet hours setting: windows-quiet-hours works only on Windows
[05/17/18, 15:26:01:704] warn: Unable to read quiet hours setting: windows-quiet-hours works only on Windows
[05/17/18, 15:26:01:729] info: Store: NEW_NOTIFICATION
{
  "avatarImage": "https://ca.slack-edge.com/T067YHBHB-U0L3HS05N-c06f209444e8-512",
  "channel": "D4AEYA7MM",
  "content": "[REDACTED]",
  "id": "lxAlS1iqxvM9Qzy",
  "imageUri": null,
  "launchUri": "slack://channel?id=D4AEYA7MM&message=1526595962.000162&team=T067YHBHB",
  "msg": "1526595962.000162",
  "silent": true,
  "subtitle": "",
  "teamId": "T067YHBHB",
  "title": "[REDACTED]"
}
[05/17/18, 15:26:02:633] info: Store: SELECT_CHANNEL G141EDDGB
[05/17/18, 15:26:03:373] info: Loading dictionary for language en-US
[05/17/18, 15:26:03:373] info: Returning local copy: /home/calvin/.config/Slack/dictionaries/en-US.bdic
[05/17/18, 15:26:03:376] info: Setting current spellchecker to en-US, requested language was en-US
[05/17/18, 15:26:04:248] info: Loading dictionary for language en-US
[05/17/18, 15:26:04:249] info: Returning local copy: /home/calvin/.config/Slack/dictionaries/en-US.bdic
[05/17/18, 15:26:04:260] info: Setting current spellchecker to en-US, requested language was en-US
[05/17/18, 15:26:04:462] info: Store: SELECT_CHANNEL D4AEYA7MM
[05/17/18, 15:26:06:427] info: Loading dictionary for language en-US
[05/17/18, 15:26:06:427] info: Returning local copy: /home/calvin/.config/Slack/dictionaries/en-US.bdic
[05/17/18, 15:26:06:428] info: Setting current spellchecker to en-US, requested language was en-US
[05/17/18, 15:26:07:909] info: Unloading spellchecker
[05/17/18, 15:26:07:911] info: Unloading spellchecker
[05/17/18, 15:26:12:841] warn: Unable to read quiet hours setting: windows-quiet-hours works only on Windows
[05/17/18, 15:26:12:841] warn: Unable to read quiet hours setting: windows-quiet-hours works only on Windows
[05/17/18, 15:26:12:885] info: Store: NEW_NOTIFICATION
{
  "avatarImage": "https://ca.slack-edge.com/T067YHBHB-U0L3HS05N-c06f209444e8-512",
  "channel": "D4AEYA7MM",
  "content": "[REDACTED]",
  "id": "L7NOtNsmn4Qq6Vr",
  "imageUri": null,
  "launchUri": "slack://channel?id=D4AEYA7MM&message=1526595973.000209&team=T067YHBHB",
  "msg": "1526595973.000209",
  "silent": true,
  "subtitle": "",
  "teamId": "T067YHBHB",
  "title": "[REDACTED]"
}
[05/17/18, 15:26:31:231] warn: Unable to read quiet hours setting: windows-quiet-hours works only on Windows
[05/17/18, 15:26:31:231] warn: Unable to read quiet hours setting: windows-quiet-hours works only on Windows
[05/17/18, 15:26:31:264] info: Store: NEW_NOTIFICATION
{
  "avatarImage": "https://ca.slack-edge.com/T067YHBHB-U0L3HS05N-c06f209444e8-512",
  "channel": "D4AEYA7MM",
  "content": "[REDACTED]",
  "id": "6XklfGt50EK6K9x",
  "imageUri": null,
  "launchUri": "slack://channel?id=D4AEYA7MM&message=1526595991.000378&team=T067YHBHB",
  "msg": "1526595991.000378",
  "silent": true,
  "subtitle": "",
  "teamId": "T067YHBHB",
  "title": "[REDACTED]"
}
[05/17/18, 15:26:39:102] info: Restoring spellchecker
[05/17/18, 15:26:39:102] info: Loading dictionary for language en-US
[05/17/18, 15:26:39:103] info: Returning local copy: /home/calvin/.config/Slack/dictionaries/en-US.bdic
[05/17/18, 15:26:39:182] info: Setting current spellchecker to en-US, requested language was en-US
[05/17/18, 15:26:39:182] info: Creating node-spellchecker instance
[05/17/18, 15:27:01:266] info: Unloading spellchecker
[05/17/18, 15:27:01:267] info: Unloading spellchecker
[05/17/18, 15:27:14:688] info: Restoring spellchecker
[05/17/18, 15:27:14:689] info: Loading dictionary for language en-US
[05/17/18, 15:27:14:689] info: Returning local copy: /home/calvin/.config/Slack/dictionaries/en-US.bdic
[05/17/18, 15:27:14:756] info: Setting current spellchecker to en-US, requested language was en-US
[05/17/18, 15:27:14:757] info: Creating node-spellchecker instance
[05/17/18, 15:27:15:621] info: Unloading spellchecker
[05/17/18, 15:27:15:622] info: Unloading spellchecker
[05/17/18, 15:27:18:688] warn: Unable to read quiet hours setting: windows-quiet-hours works only on Windows
[05/17/18, 15:27:18:688] warn: Unable to read quiet hours setting: windows-quiet-hours works only on Windows
[05/17/18, 15:27:18:717] info: Store: NEW_NOTIFICATION
{
  "avatarImage": "https://ca.slack-edge.com/T067YHBHB-U0L3HS05N-c06f209444e8-512",
  "channel": "D4AEYA7MM",
  "content": "[REDACTED]",
  "id": "Mw0PUzuW87lJ45x",
  "imageUri": null,
  "launchUri": "slack://channel?id=D4AEYA7MM&message=1526596039.000115&team=T067YHBHB",
  "msg": "1526596039.000115",
  "silent": true,
  "subtitle": "",
  "teamId": "T067YHBHB",
  "title": "[REDACTED]"
}
[05/17/18, 15:29:13:276] warn: Unable to read quiet hours setting: windows-quiet-hours works only on Windows
[05/17/18, 15:29:13:276] warn: Unable to read quiet hours setting: windows-quiet-hours works only on Windows
[05/17/18, 15:29:13:300] info: Store: NEW_NOTIFICATION
{
  "avatarImage": "https://ca.slack-edge.com/T067YHBHB-U0L3HS05N-c06f209444e8-512",
  "channel": "D4AEYA7MM",
  "content": "[REDACTED]",
  "id": "K1MNuMCAxVDAKzB",
  "imageUri": null,
  "launchUri": "slack://channel?id=D4AEYA7MM&message=1526596153.000264&team=T067YHBHB",
  "msg": "1526596153.000264",
  "silent": true,
  "subtitle": "",
  "teamId": "T067YHBHB",
  "title": "[REDACTED]"
}
[05/17/18, 15:29:44:705] warn: Unable to read quiet hours setting: windows-quiet-hours works only on Windows
[05/17/18, 15:29:44:705] warn: Unable to read quiet hours setting: windows-quiet-hours works only on Windows
[05/17/18, 15:29:44:726] info: Store: NEW_NOTIFICATION
{
  "avatarImage": "https://ca.slack-edge.com/T067YHBHB-U0L3HS05N-c06f209444e8-512",
  "channel": "D4AEYA7MM",
  "content": "[REDACTED]",
  "id": "2x6PSRF2YQw9BMv",
  "imageUri": null,
  "launchUri": "slack://channel?id=D4AEYA7MM&message=1526596185.000166&team=T067YHBHB",
  "msg": "1526596185.000166",
  "silent": true,
  "subtitle": "",
  "teamId": "T067YHBHB",
  "title": "[REDACTED]"
}
[05/17/18, 15:29:51:960] info: Restoring spellchecker
[05/17/18, 15:29:51:960] info: Loading dictionary for language en-US
[05/17/18, 15:29:51:960] info: Returning local copy: /home/calvin/.config/Slack/dictionaries/en-US.bdic
[05/17/18, 15:29:52:064] info: Setting current spellchecker to en-US, requested language was en-US
[05/17/18, 15:29:52:064] info: Creating node-spellchecker instance
[05/17/18, 15:30:28:633] warn: SpellChecker::updateDetectedLanguage: cld could not detect language correctly, empty result returned
[05/17/18, 15:30:28:696] info: Unloading spellchecker
[05/17/18, 15:30:28:698] info: Unloading spellchecker
[05/17/18, 15:31:28:243] info: Restoring spellchecker
[05/17/18, 15:31:28:243] info: Loading dictionary for language en-US
[05/17/18, 15:31:28:244] info: Returning local copy: /home/calvin/.config/Slack/dictionaries/en-US.bdic
[05/17/18, 15:31:28:293] info: Setting current spellchecker to en-US, requested language was en-US
[05/17/18, 15:31:28:293] info: Creating node-spellchecker instance
[05/17/18, 15:31:30:834] info: Store: SELECT_CHANNEL C0VANEHDG
[05/17/18, 15:31:32:157] info: Store: SELECT_CHANNEL C3CLTS2KG
[05/17/18, 15:31:34:437] info: Unloading spellchecker
[05/17/18, 15:31:34:439] info: Unloading spellchecker
[05/17/18, 15:31:36:148] info: Restoring spellchecker
[05/17/18, 15:31:36:148] info: Loading dictionary for language en-US
[05/17/18, 15:31:36:149] info: Returning local copy: /home/calvin/.config/Slack/dictionaries/en-US.bdic
[05/17/18, 15:31:36:191] info: Setting current spellchecker to en-US, requested language was en-US
[05/17/18, 15:31:36:191] info: Creating node-spellchecker instance
[05/17/18, 15:31:36:331] info: Unloading spellchecker
[05/17/18, 15:31:36:333] info: Unloading spellchecker
[05/17/18, 15:31:36:598] info: Couldn't get hint text from messages in channel: Failed to fetch recent messages
[05/17/18, 15:31:37:871] info: Couldn't get hint text from messages in channel: Failed to fetch recent messages
[05/17/18, 15:32:04:808] info: Restoring spellchecker
[05/17/18, 15:32:04:808] info: Loading dictionary for language en-US
[05/17/18, 15:32:04:809] info: Returning local copy: /home/calvin/.config/Slack/dictionaries/en-US.bdic
[05/17/18, 15:32:04:855] info: Setting current spellchecker to en-US, requested language was en-US
[05/17/18, 15:32:04:856] info: Creating node-spellchecker instance
[05/17/18, 15:32:05:663] info: Unloading spellchecker
[05/17/18, 15:32:05:665] info: Unloading spellchecker
[05/17/18, 15:32:36:780] warn: Unable to read quiet hours setting: windows-quiet-hours works only on Windows
[05/17/18, 15:32:36:780] warn: Unable to read quiet hours setting: windows-quiet-hours works only on Windows
[05/17/18, 15:32:36:787] info: Store: NEW_NOTIFICATION
{
  "avatarImage": "https://ca.slack-edge.com/T067YHBHB-U0L3HS05N-c06f209444e8-512",
  "channel": "D4AEYA7MM",
  "content": "[REDACTED]",
  "id": "5QjkiRH203rN2zO",
  "imageUri": null,
  "launchUri": "slack://channel?id=D4AEYA7MM&message=1526596357.000212&team=T067YHBHB",
  "msg": "1526596357.000212",
  "silent": true,
  "subtitle": "",
  "teamId": "T067YHBHB",
  "title": "[REDACTED]"
}
[05/17/18, 15:32:39:075] info: Restoring spellchecker
[05/17/18, 15:32:39:076] info: Loading dictionary for language en-US
[05/17/18, 15:32:39:076] info: Returning local copy: /home/calvin/.config/Slack/dictionaries/en-US.bdic
[05/17/18, 15:32:39:129] info: Setting current spellchecker to en-US, requested language was en-US
[05/17/18, 15:32:39:129] info: Creating node-spellchecker instance
[05/17/18, 15:32:42:584] info: Store: SELECT_CHANNEL D4AEYA7MM
[05/17/18, 15:32:43:126] info: Loading dictionary for language en-US
[05/17/18, 15:32:43:126] info: Returning local copy: /home/calvin/.config/Slack/dictionaries/en-US.bdic
[05/17/18, 15:32:43:129] info: Setting current spellchecker to en-US, requested language was en-US
[05/17/18, 15:33:00:303] warn: SpellChecker::updateDetectedLanguage: cld could not detect language correctly, empty result returned
[05/17/18, 15:33:03:135] info: Unloading spellchecker
[05/17/18, 15:33:03:155] info: Unloading spellchecker
[05/17/18, 15:33:15:416] info: Restoring spellchecker
[05/17/18, 15:33:15:416] info: Loading dictionary for language en-US
[05/17/18, 15:33:15:417] info: Returning local copy: /home/calvin/.config/Slack/dictionaries/en-US.bdic
[05/17/18, 15:33:15:438] info: Setting current spellchecker to en-US, requested language was en-US
[05/17/18, 15:33:15:439] info: Creating node-spellchecker instance
[05/17/18, 15:33:18:842] info: Unloading spellchecker
[05/17/18, 15:33:18:906] info: Unloading spellchecker
[05/17/18, 15:34:25:752] info: Restoring spellchecker
[05/17/18, 15:34:25:753] info: Loading dictionary for language en-US
[05/17/18, 15:34:25:753] info: Returning local copy: /home/calvin/.config/Slack/dictionaries/en-US.bdic
[05/17/18, 15:34:25:780] info: Setting current spellchecker to en-US, requested language was en-US
[05/17/18, 15:34:25:780] info: Creating node-spellchecker instance
[05/17/18, 15:34:36:350] info: SpellChecker::updateDetectedLanguage: language has changed from 'und' to 'en'
{
  "language": "en",
  "probability": 0.9999752044677734,
  "is_reliable": true,
  "proportion": 1
}
[05/17/18, 15:34:36:351] info: SpellChecker::updateDetectedLanguage: detected language is distinct to current, push values
[05/17/18, 15:34:36:753] info: Unloading spellchecker
[05/17/18, 15:34:36:792] info: Unloading spellchecker
[05/17/18, 15:37:14:851] info: Restoring spellchecker
[05/17/18, 15:37:14:852] info: Loading dictionary for language en-US
[05/17/18, 15:37:14:852] info: Returning local copy: /home/calvin/.config/Slack/dictionaries/en-US.bdic
[05/17/18, 15:37:14:881] info: Setting current spellchecker to en-US, requested language was en-US
[05/17/18, 15:37:14:881] info: Creating node-spellchecker instance
[05/17/18, 15:37:24:331] info: Unloading spellchecker
[05/17/18, 15:37:24:332] info: Unloading spellchecker
[05/17/18, 15:37:24:647] info: Restoring spellchecker
[05/17/18, 15:37:24:648] info: Loading dictionary for language en-US
[05/17/18, 15:37:24:648] info: Returning local copy: /home/calvin/.config/Slack/dictionaries/en-US.bdic
[05/17/18, 15:37:24:675] info: Setting current spellchecker to en-US, requested language was en-US
[05/17/18, 15:37:24:676] info: Creating node-spellchecker instance
[05/17/18, 15:37:25:181] info: Unloading spellchecker
[05/17/18, 15:37:25:182] info: Unloading spellchecker
[05/17/18, 15:37:26:050] info: Restoring spellchecker
[05/17/18, 15:37:26:050] info: Loading dictionary for language en-US
[05/17/18, 15:37:26:050] info: Returning local copy: /home/calvin/.config/Slack/dictionaries/en-US.bdic
[05/17/18, 15:37:26:076] info: Setting current spellchecker to en-US, requested language was en-US
[05/17/18, 15:37:26:076] info: Creating node-spellchecker instance
[05/17/18, 15:37:27:973] info: Unloading spellchecker
[05/17/18, 15:37:27:974] info: Unloading spellchecker
[05/17/18, 15:37:55:984] info: Restoring spellchecker
[05/17/18, 15:37:55:985] info: Loading dictionary for language en-US
[05/17/18, 15:37:55:985] info: Returning local copy: /home/calvin/.config/Slack/dictionaries/en-US.bdic
[05/17/18, 15:37:56:013] info: Setting current spellchecker to en-US, requested language was en-US
[05/17/18, 15:37:56:014] info: Creating node-spellchecker instance
[05/17/18, 15:37:58:808] info: Unloading spellchecker
[05/17/18, 15:37:58:811] info: Unloading spellchecker
[05/17/18, 15:38:02:462] info: Restoring spellchecker
[05/17/18, 15:38:02:463] info: Loading dictionary for language en-US
[05/17/18, 15:38:02:463] info: Returning local copy: /home/calvin/.config/Slack/dictionaries/en-US.bdic
[05/17/18, 15:38:02:491] info: Setting current spellchecker to en-US, requested language was en-US
[05/17/18, 15:38:02:491] info: Creating node-spellchecker instance
[05/17/18, 15:38:05:916] info: Unloading spellchecker
[05/17/18, 15:38:05:917] info: Unloading spellchecker
[05/17/18, 15:38:16:822] info: Restoring spellchecker
[05/17/18, 15:38:16:823] info: Loading dictionary for language en-US
[05/17/18, 15:38:16:823] info: Returning local copy: /home/calvin/.config/Slack/dictionaries/en-US.bdic
[05/17/18, 15:38:16:850] info: Setting current spellchecker to en-US, requested language was en-US
[05/17/18, 15:38:16:850] info: Creating node-spellchecker instance
[05/17/18, 15:38:17:476] info: Unloading spellchecker
[05/17/18, 15:38:17:477] info: Unloading spellchecker
[05/17/18, 15:40:51:232] warn: Unable to read quiet hours setting: windows-quiet-hours works only on Windows
[05/17/18, 15:40:51:233] warn: Unable to read quiet hours setting: windows-quiet-hours works only on Windows
[05/17/18, 15:40:51:252] info: Store: NEW_NOTIFICATION
{
  "avatarImage": "https://ca.slack-edge.com/T067YHBHB-U0L3HS05N-c06f209444e8-512",
  "channel": "D4AEYA7MM",
  "content": "[REDACTED]",
  "id": "6XklfZI50EKlrwg",
  "imageUri": null,
  "launchUri": "slack://channel?id=D4AEYA7MM&message=1526596851.000403&team=T067YHBHB",
  "msg": "1526596851.000403",
  "silent": true,
  "subtitle": "",
  "teamId": "T067YHBHB",
  "title": "[REDACTED]"
}
[05/17/18, 15:41:25:347] warn: Unable to read quiet hours setting: windows-quiet-hours works only on Windows
[05/17/18, 15:41:25:347] warn: Unable to read quiet hours setting: windows-quiet-hours works only on Windows
[05/17/18, 15:41:25:356] info: Store: NEW_NOTIFICATION
{
  "avatarImage": "https://ca.slack-edge.com/T067YHBHB-U0L3HS05N-c06f209444e8-512",
  "channel": "D4AEYA7MM",
  "content": "[REDACTED]",
  "id": "91nouASOXVy22oM",
  "imageUri": null,
  "launchUri": "slack://channel?id=D4AEYA7MM&message=1526596886.000014&team=T067YHBHB",
  "msg": "1526596886.000014",
  "silent": true,
  "subtitle": "",
  "teamId": "T067YHBHB",
  "title": "[REDACTED]"
}
[05/17/18, 15:43:10:814] info: Restoring spellchecker
[05/17/18, 15:43:10:815] info: Loading dictionary for language en-US
[05/17/18, 15:43:10:815] info: Returning local copy: /home/calvin/.config/Slack/dictionaries/en-US.bdic
[05/17/18, 15:43:10:905] info: Setting current spellchecker to en-US, requested language was en-US
[05/17/18, 15:43:10:905] info: Creating node-spellchecker instance
[05/17/18, 15:43:11:187] info: Unloading spellchecker
[05/17/18, 15:43:11:189] info: Unloading spellchecker
[05/17/18, 15:43:13:655] info: Restoring spellchecker
[05/17/18, 15:43:13:656] info: Loading dictionary for language en-US
[05/17/18, 15:43:13:656] info: Returning local copy: /home/calvin/.config/Slack/dictionaries/en-US.bdic
[05/17/18, 15:43:13:690] info: Setting current spellchecker to en-US, requested language was en-US
[05/17/18, 15:43:13:691] info: Creating node-spellchecker instance
[05/17/18, 15:43:14:243] info: Unloading spellchecker
[05/17/18, 15:43:14:245] info: Unloading spellchecker
[05/17/18, 15:43:16:118] info: Restoring spellchecker
[05/17/18, 15:43:16:118] info: Loading dictionary for language en-US
[05/17/18, 15:43:16:118] info: Returning local copy: /home/calvin/.config/Slack/dictionaries/en-US.bdic
[05/17/18, 15:43:16:151] info: Setting current spellchecker to en-US, requested language was en-US
[05/17/18, 15:43:16:151] info: Creating node-spellchecker instance
[05/17/18, 15:43:26:440] info: Unloading spellchecker
[05/17/18, 15:43:26:452] info: Unloading spellchecker
[05/17/18, 15:45:48:662] info: Restoring spellchecker
[05/17/18, 15:45:48:662] info: Loading dictionary for language en-US
[05/17/18, 15:45:48:662] info: Returning local copy: /home/calvin/.config/Slack/dictionaries/en-US.bdic
[05/17/18, 15:45:48:687] info: Setting current spellchecker to en-US, requested language was en-US
[05/17/18, 15:45:48:687] info: Creating node-spellchecker instance
[05/17/18, 15:45:48:764] info: Unloading spellchecker
[05/17/18, 15:45:48:765] info: Unloading spellchecker
[05/17/18, 16:07:56:889] info: Restoring spellchecker
[05/17/18, 16:07:56:890] info: Loading dictionary for language en-US
[05/17/18, 16:07:56:890] info: Returning local copy: /home/calvin/.config/Slack/dictionaries/en-US.bdic
[05/17/18, 16:07:56:917] info: Setting current spellchecker to en-US, requested language was en-US
[05/17/18, 16:07:56:917] info: Creating node-spellchecker instance
[05/17/18, 16:07:58:859] info: Unloading spellchecker
[05/17/18, 16:07:58:860] info: Unloading spellchecker
[05/17/18, 16:08:00:491] info: Restoring spellchecker
[05/17/18, 16:08:00:491] info: Loading dictionary for language en-US
[05/17/18, 16:08:00:491] info: Returning local copy: /home/calvin/.config/Slack/dictionaries/en-US.bdic
[05/17/18, 16:08:00:518] info: Setting current spellchecker to en-US, requested language was en-US
[05/17/18, 16:08:00:518] info: Creating node-spellchecker instance
[05/17/18, 16:08:02:209] info: Store: SELECT_CHANNEL C0VANEHDG
[05/17/18, 16:08:04:743] info: Unloading spellchecker
[05/17/18, 16:08:04:744] info: Unloading spellchecker
[05/17/18, 16:08:07:959] info: Couldn't get hint text from messages in channel: Failed to fetch recent messages
[05/17/18, 16:08:22:760] info: Restoring spellchecker
[05/17/18, 16:08:22:761] info: Loading dictionary for language en-US
[05/17/18, 16:08:22:761] info: Returning local copy: /home/calvin/.config/Slack/dictionaries/en-US.bdic
[05/17/18, 16:08:22:789] info: Setting current spellchecker to en-US, requested language was en-US
[05/17/18, 16:08:22:789] info: Creating node-spellchecker instance
[05/17/18, 16:08:23:664] info: Unloading spellchecker
[05/17/18, 16:08:23:669] info: Unloading spellchecker
[05/17/18, 16:09:28:282] info: Restoring spellchecker
[05/17/18, 16:09:28:283] info: Loading dictionary for language en-US
[05/17/18, 16:09:28:283] info: Returning local copy: /home/calvin/.config/Slack/dictionaries/en-US.bdic
[05/17/18, 16:09:28:409] info: Setting current spellchecker to en-US, requested language was en-US
[05/17/18, 16:09:28:409] info: Creating node-spellchecker instance
[05/17/18, 16:09:29:729] info: Unloading spellchecker
[05/17/18, 16:09:29:779] info: Unloading spellchecker
[05/17/18, 16:15:26:943] info: Restoring spellchecker
[05/17/18, 16:15:26:944] info: Loading dictionary for language en-US
[05/17/18, 16:15:26:944] info: Returning local copy: /home/calvin/.config/Slack/dictionaries/en-US.bdic
[05/17/18, 16:15:26:974] info: Setting current spellchecker to en-US, requested language was en-US
[05/17/18, 16:15:26:974] info: Creating node-spellchecker instance
[05/17/18, 16:15:29:547] info: Store: SELECT_CHANNEL D4AEYA7MM
[05/17/18, 16:15:30:521] info: Loading dictionary for language en-US
[05/17/18, 16:15:30:521] info: Returning local copy: /home/calvin/.config/Slack/dictionaries/en-US.bdic
[05/17/18, 16:15:30:546] info: Setting current spellchecker to en-US, requested language was en-US
[05/17/18, 16:15:33:490] info: Unloading spellchecker
[05/17/18, 16:15:33:491] info: Unloading spellchecker
[05/17/18, 16:15:43:378] info: Restoring spellchecker
[05/17/18, 16:15:43:379] info: Loading dictionary for language en-US
[05/17/18, 16:15:43:380] info: Returning local copy: /home/calvin/.config/Slack/dictionaries/en-US.bdic
[05/17/18, 16:15:43:407] info: Setting current spellchecker to en-US, requested language was en-US
[05/17/18, 16:15:43:407] info: Creating node-spellchecker instance
[05/17/18, 16:15:43:668] info: Unloading spellchecker
[05/17/18, 16:15:43:711] info: Unloading spellchecker
[05/17/18, 16:19:45:547] info: Restoring spellchecker
[05/17/18, 16:19:45:548] info: Loading dictionary for language en-US
[05/17/18, 16:19:45:548] info: Returning local copy: /home/calvin/.config/Slack/dictionaries/en-US.bdic
[05/17/18, 16:19:45:579] info: Setting current spellchecker to en-US, requested language was en-US
[05/17/18, 16:19:45:580] info: Creating node-spellchecker instance
[05/17/18, 16:19:45:832] info: Unloading spellchecker
[05/17/18, 16:19:45:869] info: Unloading spellchecker
[05/17/18, 16:19:46:479] info: Restoring spellchecker
[05/17/18, 16:19:46:480] info: Loading dictionary for language en-US
[05/17/18, 16:19:46:480] info: Returning local copy: /home/calvin/.config/Slack/dictionaries/en-US.bdic
[05/17/18, 16:19:46:522] info: Setting current spellchecker to en-US, requested language was en-US
[05/17/18, 16:19:46:522] info: Creating node-spellchecker instance
[05/17/18, 16:19:48:317] info: Store: SELECT_CHANNEL C0VANEHDG
[05/17/18, 16:19:51:653] info: Store: SELECT_CHANNEL C1T6DLC13
[05/17/18, 16:19:54:060] info: Couldn't get hint text from messages in channel: Failed to fetch recent messages
[05/17/18, 16:19:54:239] info: Unloading spellchecker
[05/17/18, 16:19:54:241] info: Unloading spellchecker
[05/17/18, 16:19:57:427] info: Couldn't get hint text from messages in channel: Failed to fetch recent messages
[05/17/18, 16:23:00:865] info: Restoring spellchecker
[05/17/18, 16:23:00:866] info: Loading dictionary for language en-US
[05/17/18, 16:23:00:866] info: Returning local copy: /home/calvin/.config/Slack/dictionaries/en-US.bdic
[05/17/18, 16:23:00:892] info: Setting current spellchecker to en-US, requested language was en-US
[05/17/18, 16:23:00:892] info: Creating node-spellchecker instance
[05/17/18, 16:23:02:609] info: Store: SELECT_CHANNEL C0VANEHDG
[05/17/18, 16:23:03:802] info: Unloading spellchecker
[05/17/18, 16:23:03:842] info: Unloading spellchecker
[05/17/18, 16:23:08:346] info: Couldn't get hint text from messages in channel: Failed to fetch recent messages
[05/17/18, 16:25:59:039] info: Restoring spellchecker
[05/17/18, 16:25:59:040] info: Loading dictionary for language en-US
[05/17/18, 16:25:59:040] info: Returning local copy: /home/calvin/.config/Slack/dictionaries/en-US.bdic
[05/17/18, 16:25:59:246] info: Setting current spellchecker to en-US, requested language was en-US
[05/17/18, 16:25:59:246] info: Creating node-spellchecker instance
[05/17/18, 16:26:03:523] info: Unloading spellchecker
[05/17/18, 16:26:03:524] info: Unloading spellchecker
[05/17/18, 16:27:54:537] info: Restoring spellchecker
[05/17/18, 16:27:54:538] info: Loading dictionary for language en-US
[05/17/18, 16:27:54:538] info: Returning local copy: /home/calvin/.config/Slack/dictionaries/en-US.bdic
[05/17/18, 16:27:54:732] info: Setting current spellchecker to en-US, requested language was en-US
[05/17/18, 16:27:54:732] info: Creating node-spellchecker instance
[05/17/18, 16:27:54:861] info: Unloading spellchecker
[05/17/18, 16:27:54:871] info: Unloading spellchecker
[05/17/18, 16:28:05:463] info: Restoring spellchecker
[05/17/18, 16:28:05:464] info: Loading dictionary for language en-US
[05/17/18, 16:28:05:464] info: Returning local copy: /home/calvin/.config/Slack/dictionaries/en-US.bdic
[05/17/18, 16:28:05:539] info: Setting current spellchecker to en-US, requested language was en-US
[05/17/18, 16:28:05:539] info: Creating node-spellchecker instance
[05/17/18, 16:28:05:871] info: Unloading spellchecker
[05/17/18, 16:28:05:875] info: Unloading spellchecker
[05/17/18, 16:42:18:139] info: Restoring spellchecker
[05/17/18, 16:42:18:140] info: Loading dictionary for language en-US
[05/17/18, 16:42:18:140] info: Returning local copy: /home/calvin/.config/Slack/dictionaries/en-US.bdic
[05/17/18, 16:42:18:317] info: Setting current spellchecker to en-US, requested language was en-US
[05/17/18, 16:42:18:317] info: Creating node-spellchecker instance
[05/17/18, 16:42:18:579] info: Unloading spellchecker
[05/17/18, 16:42:18:582] info: Unloading spellchecker
[05/17/18, 16:42:34:770] info: Restoring spellchecker
[05/17/18, 16:42:34:771] info: Loading dictionary for language en-US
[05/17/18, 16:42:34:771] info: Returning local copy: /home/calvin/.config/Slack/dictionaries/en-US.bdic
[05/17/18, 16:42:34:947] info: Unloading spellchecker
[05/17/18, 16:42:35:026] info: Unloading spellchecker
[05/17/18, 16:42:35:029] info: Setting current spellchecker to en-US, requested language was en-US
[05/17/18, 16:42:35:029] info: Creating node-spellchecker instance
[05/17/18, 16:42:35:503] info: Restoring spellchecker
[05/17/18, 16:42:35:504] info: Loading dictionary for language en-US
[05/17/18, 16:42:35:504] info: Returning local copy: /home/calvin/.config/Slack/dictionaries/en-US.bdic
[05/17/18, 16:42:35:649] info: Setting current spellchecker to en-US, requested language was en-US
[05/17/18, 16:42:35:957] info: Unloading spellchecker
[05/17/18, 16:42:35:959] info: Unloading spellchecker
[05/17/18, 16:42:58:256] info: Store: SAVE_WINDOW_SETTINGS
{
  "isMaximized": false,
  "position": [
    12,
    12
  ],
  "size": [
    1896,
    1056
  ]
}
[05/17/18, 16:43:19:637] info: Restoring spellchecker
[05/17/18, 16:43:19:641] info: Loading dictionary for language en-US
[05/17/18, 16:43:19:641] info: Returning local copy: /home/calvin/.config/Slack/dictionaries/en-US.bdic
[05/17/18, 16:43:19:915] info: Setting current spellchecker to en-US, requested language was en-US
[05/17/18, 16:43:19:916] info: Creating node-spellchecker instance
[05/17/18, 16:43:20:719] info: Store: SAVE_WINDOW_SETTINGS
{
  "isMaximized": false,
  "position": [
    12,
    32
  ],
  "size": [
    1896,
    1036
  ]
}
[05/17/18, 16:43:22:340] info: Store: SELECT_CHANNEL C1T6DLC13
[05/17/18, 16:43:23:328] info: Store: SELECT_CHANNEL C3B0NQZFX
[05/17/18, 16:43:27:474] info: Couldn't get hint text from messages in channel: Failed to fetch recent messages
[05/17/18, 16:43:27:893] info: Unloading spellchecker
[05/17/18, 16:43:27:895] info: Unloading spellchecker
[05/17/18, 16:43:29:237] info: Couldn't get hint text from messages in channel: Failed to fetch recent messages
[05/17/18, 16:44:15:443] info: Restoring spellchecker
[05/17/18, 16:44:15:444] info: Loading dictionary for language en-US
[05/17/18, 16:44:15:444] info: Returning local copy: /home/calvin/.config/Slack/dictionaries/en-US.bdic
[05/17/18, 16:44:15:481] info: Setting current spellchecker to en-US, requested language was en-US
[05/17/18, 16:44:15:482] info: Creating node-spellchecker instance
[05/17/18, 16:44:16:711] info: Unloading spellchecker
[05/17/18, 16:44:16:712] info: Unloading spellchecker
[05/17/18, 16:45:48:410] warn: Unable to read quiet hours setting: windows-quiet-hours works only on Windows
[05/17/18, 16:45:48:410] warn: Unable to read quiet hours setting: windows-quiet-hours works only on Windows
[05/17/18, 16:45:48:439] info: Store: NEW_NOTIFICATION
{
  "avatarImage": null,
  "channel": "C3B0NQZFX",
  "content": "[REDACTED]",
  "id": "lxAlSLTqxv8wOJ8",
  "imageUri": null,
  "launchUri": "slack://channel?id=C3B0NQZFX&message=1526600749.000031&team=T067YHBHB",
  "msg": "1526600749.000031",
  "silent": true,
  "subtitle": "",
  "teamId": "T067YHBHB",
  "title": "[REDACTED]"
}
[05/17/18, 16:54:08:130] info: Restoring spellchecker
[05/17/18, 16:54:08:131] info: Loading dictionary for language en-US
[05/17/18, 16:54:08:131] info: Returning local copy: /home/calvin/.config/Slack/dictionaries/en-US.bdic
[05/17/18, 16:54:08:255] info: Setting current spellchecker to en-US, requested language was en-US
[05/17/18, 16:54:08:255] info: Creating node-spellchecker instance
[05/17/18, 16:54:09:811] info: Store: SELECT_CHANNEL D46H8TMU0
[05/17/18, 16:54:10:340] info: Loading dictionary for language en-US
[05/17/18, 16:54:10:341] info: Returning local copy: /home/calvin/.config/Slack/dictionaries/en-US.bdic
[05/17/18, 16:54:10:343] info: Setting current spellchecker to en-US, requested language was en-US
[05/17/18, 16:54:12:740] info: Store: SELECT_CHANNEL C0VANEHDG
[05/17/18, 16:54:14:894] info: Unloading spellchecker
[05/17/18, 16:54:14:898] info: Unloading spellchecker
[05/17/18, 16:54:18:513] info: Couldn't get hint text from messages in channel: Failed to fetch recent messages
[05/17/18, 16:54:24:250] warn: Unable to read quiet hours setting: windows-quiet-hours works only on Windows
[05/17/18, 16:54:24:250] warn: Unable to read quiet hours setting: windows-quiet-hours works only on Windows
[05/17/18, 16:54:24:258] info: Store: NEW_NOTIFICATION
{
  "avatarImage": null,
  "channel": "C3B0NQZFX",
  "content": "[REDACTED]",
  "id": "WL2rtvUnk23MQDM",
  "imageUri": null,
  "launchUri": "slack://channel?id=C3B0NQZFX&message=1526601264.000339&team=T067YHBHB",
  "msg": "1526601264.000339",
  "silent": true,
  "subtitle": "",
  "teamId": "T067YHBHB",
  "title": "[REDACTED]"
}
[05/17/18, 16:54:51:246] info: Restoring spellchecker
[05/17/18, 16:54:51:247] info: Loading dictionary for language en-US
[05/17/18, 16:54:51:247] info: Returning local copy: /home/calvin/.config/Slack/dictionaries/en-US.bdic
[05/17/18, 16:54:51:448] info: Unloading spellchecker
[05/17/18, 16:54:51:450] info: Unloading spellchecker
[05/17/18, 16:54:51:560] info: Setting current spellchecker to en-US, requested language was en-US
[05/17/18, 16:54:51:561] info: Creating node-spellchecker instance
[05/17/18, 16:54:53:135] info: Restoring spellchecker
[05/17/18, 16:54:53:136] info: Loading dictionary for language en-US
[05/17/18, 16:54:53:136] info: Returning local copy: /home/calvin/.config/Slack/dictionaries/en-US.bdic
[05/17/18, 16:54:53:231] info: Unloading spellchecker
[05/17/18, 16:54:53:323] info: Unloading spellchecker
[05/17/18, 16:54:53:327] info: Setting current spellchecker to en-US, requested language was en-US
[05/17/18, 16:54:53:327] info: Creating node-spellchecker instance
[05/17/18, 16:54:54:206] info: Restoring spellchecker
[05/17/18, 16:54:54:207] info: Loading dictionary for language en-US
[05/17/18, 16:54:54:207] info: Returning local copy: /home/calvin/.config/Slack/dictionaries/en-US.bdic
[05/17/18, 16:54:54:283] info: Setting current spellchecker to en-US, requested language was en-US
[05/17/18, 16:54:56:976] info: Store: SELECT_CHANNEL C3B0NQZFX
[05/17/18, 16:54:58:928] info: Unloading spellchecker
[05/17/18, 16:54:58:930] info: Unloading spellchecker
[05/17/18, 16:54:59:910] info: Restoring spellchecker
[05/17/18, 16:54:59:911] info: Loading dictionary for language en-US
[05/17/18, 16:54:59:911] info: Returning local copy: /home/calvin/.config/Slack/dictionaries/en-US.bdic
[05/17/18, 16:54:59:931] info: Setting current spellchecker to en-US, requested language was en-US
[05/17/18, 16:54:59:932] info: Creating node-spellchecker instance
[05/17/18, 16:55:00:361] info: Unloading spellchecker
[05/17/18, 16:55:00:380] info: Unloading spellchecker
[05/17/18, 16:55:02:763] info: Couldn't get hint text from messages in channel: Failed to fetch recent messages
[05/17/18, 16:55:42:530] info: Restoring spellchecker
[05/17/18, 16:55:42:536] info: Loading dictionary for language en-US
[05/17/18, 16:55:42:536] info: Returning local copy: /home/calvin/.config/Slack/dictionaries/en-US.bdic
[05/17/18, 16:55:42:573] info: Setting current spellchecker to en-US, requested language was en-US
[05/17/18, 16:55:42:573] info: Creating node-spellchecker instance
[05/17/18, 16:55:42:934] info: Unloading spellchecker
[05/17/18, 16:55:42:938] info: Unloading spellchecker
[05/17/18, 16:58:12:505] info: Restoring spellchecker
[05/17/18, 16:58:12:506] info: Loading dictionary for language en-US
[05/17/18, 16:58:12:506] info: Returning local copy: /home/calvin/.config/Slack/dictionaries/en-US.bdic
[05/17/18, 16:58:12:535] info: Setting current spellchecker to en-US, requested language was en-US
[05/17/18, 16:58:12:535] info: Creating node-spellchecker instance
[05/17/18, 16:58:13:563] info: Unloading spellchecker
[05/17/18, 16:58:13:564] info: Unloading spellchecker
[05/17/18, 16:59:40:363] info: Restoring spellchecker
[05/17/18, 16:59:40:364] info: Loading dictionary for language en-US
[05/17/18, 16:59:40:364] info: Returning local copy: /home/calvin/.config/Slack/dictionaries/en-US.bdic
[05/17/18, 16:59:40:389] info: Setting current spellchecker to en-US, requested language was en-US
[05/17/18, 16:59:40:389] info: Creating node-spellchecker instance
[05/17/18, 16:59:42:299] info: Unloading spellchecker
[05/17/18, 16:59:42:299] info: Unloading spellchecker
[05/17/18, 16:59:42:791] info: Restoring spellchecker
[05/17/18, 16:59:42:793] info: Loading dictionary for language en-US
[05/17/18, 16:59:42:793] info: Returning local copy: /home/calvin/.config/Slack/dictionaries/en-US.bdic
[05/17/18, 16:59:42:818] info: Setting current spellchecker to en-US, requested language was en-US
[05/17/18, 16:59:42:819] info: Creating node-spellchecker instance
[05/17/18, 16:59:43:146] info: Unloading spellchecker
[05/17/18, 16:59:43:147] info: Unloading spellchecker
[05/17/18, 16:59:45:392] info: Restoring spellchecker
[05/17/18, 16:59:45:392] info: Loading dictionary for language en-US
[05/17/18, 16:59:45:393] info: Returning local copy: /home/calvin/.config/Slack/dictionaries/en-US.bdic
[05/17/18, 16:59:45:417] info: Setting current spellchecker to en-US, requested language was en-US
[05/17/18, 16:59:45:417] info: Creating node-spellchecker instance
[05/17/18, 16:59:48:001] info: Unloading spellchecker
[05/17/18, 16:59:48:002] info: Unloading spellchecker
[05/17/18, 17:00:00:089] info: Restoring spellchecker
[05/17/18, 17:00:00:090] info: Loading dictionary for language en-US
[05/17/18, 17:00:00:090] info: Returning local copy: /home/calvin/.config/Slack/dictionaries/en-US.bdic
[05/17/18, 17:00:00:115] info: Setting current spellchecker to en-US, requested language was en-US
[05/17/18, 17:00:00:115] info: Creating node-spellchecker instance
[05/17/18, 17:00:01:308] info: Unloading spellchecker
[05/17/18, 17:00:01:318] info: Unloading spellchecker
[05/17/18, 17:01:36:333] info: Restoring spellchecker
[05/17/18, 17:01:36:334] info: Loading dictionary for language en-US
[05/17/18, 17:01:36:335] info: Returning local copy: /home/calvin/.config/Slack/dictionaries/en-US.bdic
[05/17/18, 17:01:36:371] info: Setting current spellchecker to en-US, requested language was en-US
[05/17/18, 17:01:36:371] info: Creating node-spellchecker instance
[05/17/18, 17:01:37:077] info: Unloading spellchecker
[05/17/18, 17:01:37:079] info: Unloading spellchecker
[05/17/18, 17:02:12:379] info: Restoring spellchecker
[05/17/18, 17:02:12:380] info: Loading dictionary for language en-US
[05/17/18, 17:02:12:381] info: Returning local copy: /home/calvin/.config/Slack/dictionaries/en-US.bdic
[05/17/18, 17:02:12:414] info: Setting current spellchecker to en-US, requested language was en-US
[05/17/18, 17:02:12:417] info: Creating node-spellchecker instance
[05/17/18, 17:02:12:537] info: Unloading spellchecker
[05/17/18, 17:02:12:540] info: Unloading spellchecker
[05/17/18, 17:03:59:307] info: Restoring spellchecker
[05/17/18, 17:03:59:307] info: Loading dictionary for language en-US
[05/17/18, 17:03:59:307] info: Returning local copy: /home/calvin/.config/Slack/dictionaries/en-US.bdic
[05/17/18, 17:03:59:334] info: Setting current spellchecker to en-US, requested language was en-US
[05/17/18, 17:03:59:334] info: Creating node-spellchecker instance
[05/17/18, 17:03:59:441] info: Unloading spellchecker
[05/17/18, 17:03:59:442] info: Unloading spellchecker
[05/17/18, 17:03:59:852] info: Restoring spellchecker
[05/17/18, 17:03:59:852] info: Loading dictionary for language en-US
[05/17/18, 17:03:59:853] info: Returning local copy: /home/calvin/.config/Slack/dictionaries/en-US.bdic
[05/17/18, 17:03:59:876] info: Setting current spellchecker to en-US, requested language was en-US
[05/17/18, 17:03:59:877] info: Creating node-spellchecker instance
[05/17/18, 17:04:00:299] info: Unloading spellchecker
[05/17/18, 17:04:00:300] info: Unloading spellchecker
[05/17/18, 17:04:00:771] info: Restoring spellchecker
[05/17/18, 17:04:00:771] info: Loading dictionary for language en-US
[05/17/18, 17:04:00:772] info: Returning local copy: /home/calvin/.config/Slack/dictionaries/en-US.bdic
[05/17/18, 17:04:00:795] info: Setting current spellchecker to en-US, requested language was en-US
[05/17/18, 17:04:00:795] info: Creating node-spellchecker instance
[05/17/18, 17:04:00:938] info: Unloading spellchecker
[05/17/18, 17:04:00:940] info: Unloading spellchecker
[05/17/18, 17:04:01:431] info: Restoring spellchecker
[05/17/18, 17:04:01:431] info: Loading dictionary for language en-US
[05/17/18, 17:04:01:432] info: Returning local copy: /home/calvin/.config/Slack/dictionaries/en-US.bdic
[05/17/18, 17:04:01:455] info: Setting current spellchecker to en-US, requested language was en-US
[05/17/18, 17:04:01:455] info: Creating node-spellchecker instance
[05/17/18, 17:04:04:327] info: Store: SELECT_CHANNEL C0VANEHDG
[05/17/18, 17:04:05:795] info: Unloading spellchecker
[05/17/18, 17:04:05:796] info: Unloading spellchecker
[05/17/18, 17:04:06:578] info: Restoring spellchecker
[05/17/18, 17:04:06:578] info: Loading dictionary for language en-US
[05/17/18, 17:04:06:578] info: Returning local copy: /home/calvin/.config/Slack/dictionaries/en-US.bdic
[05/17/18, 17:04:06:605] info: Setting current spellchecker to en-US, requested language was en-US
[05/17/18, 17:04:06:605] info: Creating node-spellchecker instance
[05/17/18, 17:04:07:324] info: Unloading spellchecker
[05/17/18, 17:04:07:325] info: Unloading spellchecker
[05/17/18, 17:04:10:077] info: Couldn't get hint text from messages in channel: Failed to fetch recent messages
[05/17/18, 17:06:16:101] info: Restoring spellchecker
[05/17/18, 17:06:16:101] info: Loading dictionary for language en-US
[05/17/18, 17:06:16:102] info: Returning local copy: /home/calvin/.config/Slack/dictionaries/en-US.bdic
[05/17/18, 17:06:16:176] info: Unloading spellchecker
[05/17/18, 17:06:16:235] info: Unloading spellchecker
[05/17/18, 17:06:16:247] info: Setting current spellchecker to en-US, requested language was en-US
[05/17/18, 17:06:16:248] info: Creating node-spellchecker instance
[05/17/18, 17:06:17:266] info: Store: SAVE_WINDOW_SETTINGS
{
  "isMaximized": false,
  "position": [
    12,
    44
  ],
  "size": [
    1896,
    1024
  ]
}
[05/17/18, 17:06:46:099] info: Restoring spellchecker
[05/17/18, 17:06:46:100] info: Loading dictionary for language en-US
[05/17/18, 17:06:46:100] info: Returning local copy: /home/calvin/.config/Slack/dictionaries/en-US.bdic
[05/17/18, 17:06:46:158] info: Setting current spellchecker to en-US, requested language was en-US
[05/17/18, 17:06:47:056] info: Unloading spellchecker
[05/17/18, 17:06:47:057] info: Unloading spellchecker
[05/17/18, 17:06:47:082] info: Store: SAVE_WINDOW_SETTINGS
{
  "isMaximized": false,
  "position": [
    12,
    64
  ],
  "size": [
    1896,
    1004
  ]
}
[05/17/18, 17:06:53:244] info: Restoring spellchecker
[05/17/18, 17:06:53:246] info: Loading dictionary for language en-US
[05/17/18, 17:06:53:246] info: Returning local copy: /home/calvin/.config/Slack/dictionaries/en-US.bdic
[05/17/18, 17:06:53:315] info: Unloading spellchecker
[05/17/18, 17:06:53:370] info: Unloading spellchecker
[05/17/18, 17:06:53:378] info: Setting current spellchecker to en-US, requested language was en-US
[05/17/18, 17:06:53:378] info: Creating node-spellchecker instance
[05/17/18, 17:06:54:403] info: Store: SAVE_WINDOW_SETTINGS
{
  "isMaximized": false,
  "position": [
    12,
    12
  ],
  "size": [
    1896,
    1056
  ]
}
[05/17/18, 17:06:56:864] info: Restoring spellchecker
[05/17/18, 17:06:56:869] info: Loading dictionary for language en-US
[05/17/18, 17:06:56:869] info: Returning local copy: /home/calvin/.config/Slack/dictionaries/en-US.bdic
[05/17/18, 17:06:56:887] info: Unloading spellchecker
[05/17/18, 17:06:56:919] info: Unloading spellchecker
[05/17/18, 17:06:56:920] info: Setting current spellchecker to en-US, requested language was en-US
[05/17/18, 17:06:56:921] info: Creating node-spellchecker instance
[05/17/18, 17:06:59:498] info: Restoring spellchecker
[05/17/18, 17:06:59:499] info: Loading dictionary for language en-US
[05/17/18, 17:06:59:499] info: Returning local copy: /home/calvin/.config/Slack/dictionaries/en-US.bdic
[05/17/18, 17:06:59:555] info: Setting current spellchecker to en-US, requested language was en-US
[05/17/18, 17:06:59:740] info: Unloading spellchecker
[05/17/18, 17:06:59:755] info: Unloading spellchecker
[05/17/18, 17:07:00:475] info: Store: SAVE_WINDOW_SETTINGS
{
  "isMaximized": false,
  "position": [
    12,
    32
  ],
  "size": [
    1896,
    1036
  ]
}
[05/17/18, 17:07:17:708] info: Restoring spellchecker
[05/17/18, 17:07:17:709] info: Loading dictionary for language en-US
[05/17/18, 17:07:17:710] info: Returning local copy: /home/calvin/.config/Slack/dictionaries/en-US.bdic
[05/17/18, 17:07:17:738] info: Setting current spellchecker to en-US, requested language was en-US
[05/17/18, 17:07:17:738] info: Creating node-spellchecker instance
[05/17/18, 17:07:18:559] info: Unloading spellchecker
[05/17/18, 17:07:18:565] info: Unloading spellchecker
[05/17/18, 17:08:24:546] info: Restoring spellchecker
[05/17/18, 17:08:24:547] info: Loading dictionary for language en-US
[05/17/18, 17:08:24:548] info: Returning local copy: /home/calvin/.config/Slack/dictionaries/en-US.bdic
[05/17/18, 17:08:24:578] info: Setting current spellchecker to en-US, requested language was en-US
[05/17/18, 17:08:24:578] info: Creating node-spellchecker instance
[05/17/18, 17:08:24:809] info: Unloading spellchecker
[05/17/18, 17:08:24:812] info: Unloading spellchecker
[05/17/18, 17:08:25:351] info: Restoring spellchecker
[05/17/18, 17:08:25:353] info: Loading dictionary for language en-US
[05/17/18, 17:08:25:353] info: Returning local copy: /home/calvin/.config/Slack/dictionaries/en-US.bdic
[05/17/18, 17:08:25:381] info: Setting current spellchecker to en-US, requested language was en-US
[05/17/18, 17:08:25:381] info: Creating node-spellchecker instance
[05/17/18, 17:08:26:389] info: Unloading spellchecker
