[05/18/18, 13:19:01:913] info: ╔═════════════════════════════════════════════════════════════════════════════╗
[05/18/18, 13:19:01:915] info: ║      Slack 3.1.1, linux 4.16.9-1-ARCH on x64 at 05/18/18, 13:19:01:908      ║
[05/18/18, 13:19:01:915] info: ╚═════════════════════════════════════════════════════════════════════════════╝
[05/18/18, 13:19:02:145] info: Initializing local storage instance at path: /home/calvin/.config/Slack/local-settings.json
[05/18/18, 13:19:03:505] info: Store: SET_NETWORK_STATUS online
[05/18/18, 13:19:09:054] info: Store: SELECT_CHANNEL DA7HQAB26
[05/18/18, 13:19:09:060] info: Store: UPDATE_TEAM_LOCALE
{
  "locale": "en-US"
}
[05/18/18, 13:19:09:064] info: Store: UPDATE_SETTINGS
{
  "locale": "en-US"
}
[05/18/18, 13:19:09:520] info: Store: UPSERT_WEB_CONTENTS
{
  "id": 3,
  "state": "loaded",
  "teamId": "T067YHBHB"
}
[05/18/18, 13:19:09:534] info: Store: MAIN_WINDOW_SHOWN
