[05/18/18, 10:30:02:764] info: ╔═════════════════════════════════════════════════════════════════════════════╗
[05/18/18, 10:30:02:766] info: ║      Slack 3.1.1, linux 4.16.8-1-ARCH on x64 at 05/18/18, 10:30:02:755      ║
[05/18/18, 10:30:02:766] info: ╚═════════════════════════════════════════════════════════════════════════════╝
[05/18/18, 10:30:03:056] info: Initializing local storage instance at path: /home/calvin/.config/Slack/local-settings.json
[05/18/18, 10:30:04:294] info: cld3::loadModule: loading cld3 module
[05/18/18, 10:30:04:369] info: cld3Loader::loadModule: running environment is NODE
[05/18/18, 10:30:04:370] info: cld3Loader::loadModule: constructed module object for runtime
[05/18/18, 10:30:05:024] info: cld3Loader::initializeRuntime: successfully initialized module
[05/18/18, 10:30:05:024] info: cld3Loader::loadModule: initialized wasm binary Runtime
[05/18/18, 10:30:05:033] warn: updateSpellcheckerLanguage: Tried to update language, but spellchecker not initialized
[05/18/18, 10:30:05:036] info: SSBIntegration: Main window preload script loaded 3405.3346
[05/18/18, 10:30:10:937] error: info() expects 1 or more arguments to be passed after the required label
[05/18/18, 10:30:12:354] info: Store: SELECT_CHANNEL D40802HFY
[05/18/18, 10:30:12:362] info: Store: UPDATE_TEAM_LOCALE
{
  "locale": "en-US"
}
[05/18/18, 10:30:12:364] info: Store: UPDATE_SETTINGS
{
  "locale": "en-US"
}
[05/18/18, 10:30:12:465] info: Store: UPSERT_WEB_CONTENTS
{
  "id": 3,
  "state": "loaded",
  "teamId": "T067YHBHB"
}
[05/18/18, 10:30:12:525] info: Store: MAIN_WINDOW_SHOWN
[05/18/18, 10:30:12:666] info: Store: UPDATE_SESSION_STATUS
{
  "hasValidSession": true,
  "teamId": "T067YHBHB"
}
[05/18/18, 10:30:12:816] info: Store: UPDATE_TEAM_THEME
{
  "teamId": "T067YHBHB",
  "theme": {
    "active_item": "#88C0D0",
    "active_item_text": "#2E3440",
    "active_presence": "#90bc6b",
    "badge": "#81A1C1",
    "column_bg": "#2E3440",
    "hover_item": "#3B4252",
    "menu_bg": "#3B4252",
    "text_color": "#D8DEE9"
  }
}
[05/18/18, 10:30:12:817] info: Store: SAVE_WINDOW_SETTINGS
{
  "isMaximized": false,
  "position": [
    966,
    32
  ],
  "size": [
    942,
    1036
  ]
}
[05/18/18, 10:30:13:313] info: postLoadTaskSetup: Desktop client fully loaded
{
  "loadedTime": 17170.272511
}
[05/18/18, 10:30:13:718] info: Store: UPDATE_TEAM_ICONS
{
  "icons": {
    "image_102": "https://slack-files2.s3-us-west-2.amazonaws.com/avatars/2016-03-14/26749067207_3cad9c06d416650f6fa7_102.png",
    "image_132": "https://slack-files2.s3-us-west-2.amazonaws.com/avatars/2016-03-14/26749067207_3cad9c06d416650f6fa7_132.png",
    "image_230": "https://slack-files2.s3-us-west-2.amazonaws.com/avatars/2016-03-14/26749067207_3cad9c06d416650f6fa7_132.png",
    "image_34": "https://slack-files2.s3-us-west-2.amazonaws.com/avatars/2016-03-14/26749067207_3cad9c06d416650f6fa7_34.png",
    "image_44": "https://slack-files2.s3-us-west-2.amazonaws.com/avatars/2016-03-14/26749067207_3cad9c06d416650f6fa7_44.png",
    "image_68": "https://slack-files2.s3-us-west-2.amazonaws.com/avatars/2016-03-14/26749067207_3cad9c06d416650f6fa7_68.png",
    "image_88": "https://slack-files2.s3-us-west-2.amazonaws.com/avatars/2016-03-14/26749067207_3cad9c06d416650f6fa7_88.png",
    "image_original": "https://slack-files2.s3-us-west-2.amazonaws.com/avatars/2016-03-14/26749067207_3cad9c06d416650f6fa7_original.png"
  },
  "teamId": "T067YHBHB"
}
[05/18/18, 10:30:13:721] info: Store: UPDATE_TEAM_LOCALE
{
  "locale": "en-US",
  "teamId": "T067YHBHB"
}
[05/18/18, 10:30:13:722] info: Store: UPSERT_WEB_CONTENTS
{
  "id": 3,
  "state": "webapp-loaded",
  "teamId": "T067YHBHB"
}
[05/18/18, 10:30:14:115] info: Store: STORE_API_TOKEN
{
  "teamId": "T067YHBHB",
  "token": "xoxs-⋯"
}
[05/18/18, 10:30:14:663] info: Unloading spellchecker
[05/18/18, 10:30:14:664] info: Unloading spellchecker
[05/18/18, 10:30:15:162] info: Raw Locale list: ["C","en_US","en_US.iso88591","en_US.utf8","POSIX",""]
[05/18/18, 10:30:15:163] info: Filtered Locale list: ["en_US","en_US","en_US"]
[05/18/18, 10:30:15:163] info: Counts: {"en":["en_US","en_US","en_US"]}
[05/18/18, 10:30:15:165] info: Result: {"en":"en-US"}
[05/18/18, 10:30:15:167] info: Requesting to load en-US, alternatives are ["en-US","en-US","en-US"]
[05/18/18, 10:30:15:169] info: Loading dictionary for language en-US
[05/18/18, 10:30:15:171] info: Returning local copy: /home/calvin/.config/Slack/dictionaries/en-US.bdic
[05/18/18, 10:30:15:177] info: Setting current spellchecker to en-US, requested language was en-US
[05/18/18, 10:30:15:177] info: Creating node-spellchecker instance
[05/18/18, 10:30:15:181] info: Actually installing spell check provider to Electron
[05/18/18, 10:30:15:472] info: Restoring spellchecker
[05/18/18, 10:30:15:472] info: Loading dictionary for language en-US
[05/18/18, 10:30:15:473] info: Returning local copy: /home/calvin/.config/Slack/dictionaries/en-US.bdic
[05/18/18, 10:30:15:581] info: Setting current spellchecker to en-US, requested language was en-US
[05/18/18, 10:30:16:621] info: Store: SAVE_WINDOW_SETTINGS
{
  "isMaximized": false,
  "position": [
    12,
    32
  ],
  "size": [
    1896,
    1036
  ]
}
[05/18/18, 10:30:17:154] info: Store: SELECT_CHANNEL G17P7DJ84
[05/18/18, 10:30:19:091] info: Loading dictionary for language en-US
[05/18/18, 10:30:19:091] info: Returning local copy: /home/calvin/.config/Slack/dictionaries/en-US.bdic
[05/18/18, 10:30:19:092] info: Setting current spellchecker to en-US, requested language was en-US
[05/18/18, 10:30:25:053] info: Store: SELECT_CHANNEL C0VANEHDG
[05/18/18, 10:30:27:793] info: Store: SELECT_CHANNEL C1T6DLC13
[05/18/18, 10:30:29:721] info: Store: SELECT_CHANNEL C3CLTS2KG
[05/18/18, 10:30:30:798] info: Unloading spellchecker
[05/18/18, 10:30:30:799] info: Unloading spellchecker
[05/18/18, 10:30:30:967] info: Couldn't get hint text from messages in channel: Failed to fetch recent messages
[05/18/18, 10:30:33:748] info: Couldn't get hint text from messages in channel: Failed to fetch recent messages
[05/18/18, 10:30:35:657] info: Couldn't get hint text from messages in channel: Failed to fetch recent messages
[05/18/18, 10:32:11:388] warn: Unable to read quiet hours setting: windows-quiet-hours works only on Windows
[05/18/18, 10:32:11:389] warn: Unable to read quiet hours setting: windows-quiet-hours works only on Windows
[05/18/18, 10:32:11:413] info: Store: NEW_NOTIFICATION
{
  "avatarImage": "https://ca.slack-edge.com/T067YHBHB-U4MGR548N-ce75c220302e-512",
  "channel": "C8YBF5TRU",
  "content": "[REDACTED]",
  "id": "PN6GS4hjY8m8qXx",
  "imageUri": null,
  "launchUri": "slack://channel?id=C8YBF5TRU&message=1526664730.000696&team=T067YHBHB",
  "msg": "1526664730.000696",
  "silent": true,
  "subtitle": "",
  "teamId": "T067YHBHB",
  "title": "[REDACTED]"
}
[05/18/18, 10:35:02:899] info: Restoring spellchecker
[05/18/18, 10:35:02:899] info: Loading dictionary for language en-US
[05/18/18, 10:35:02:899] info: Returning local copy: /home/calvin/.config/Slack/dictionaries/en-US.bdic
[05/18/18, 10:35:02:930] info: Setting current spellchecker to en-US, requested language was en-US
[05/18/18, 10:35:02:931] info: Creating node-spellchecker instance
[05/18/18, 10:35:03:295] info: Unloading spellchecker
[05/18/18, 10:35:03:332] info: Unloading spellchecker
[05/18/18, 10:37:04:268] info: Restoring spellchecker
[05/18/18, 10:37:04:269] info: Loading dictionary for language en-US
[05/18/18, 10:37:04:269] info: Returning local copy: /home/calvin/.config/Slack/dictionaries/en-US.bdic
[05/18/18, 10:37:04:279] info: Unloading spellchecker
[05/18/18, 10:37:04:331] info: Unloading spellchecker
[05/18/18, 10:37:04:338] info: Setting current spellchecker to en-US, requested language was en-US
[05/18/18, 10:37:04:338] info: Creating node-spellchecker instance
[05/18/18, 10:37:05:388] info: Store: SAVE_WINDOW_SETTINGS
{
  "isMaximized": false,
  "position": [
    12,
    32
  ],
  "size": [
    1896,
    1036
  ]
}
[05/18/18, 10:37:16:436] info: Restoring spellchecker
[05/18/18, 10:37:16:436] info: Loading dictionary for language en-US
[05/18/18, 10:37:16:437] info: Returning local copy: /home/calvin/.config/Slack/dictionaries/en-US.bdic
[05/18/18, 10:37:16:460] info: Setting current spellchecker to en-US, requested language was en-US
[05/18/18, 10:37:17:164] info: Unloading spellchecker
[05/18/18, 10:37:17:165] info: Unloading spellchecker
[05/18/18, 10:37:17:854] info: Restoring spellchecker
[05/18/18, 10:37:17:855] info: Loading dictionary for language en-US
[05/18/18, 10:37:17:855] info: Returning local copy: /home/calvin/.config/Slack/dictionaries/en-US.bdic
[05/18/18, 10:37:17:877] info: Setting current spellchecker to en-US, requested language was en-US
[05/18/18, 10:37:17:878] info: Creating node-spellchecker instance
[05/18/18, 10:37:19:725] info: Store: SELECT_CHANNEL C8YBF5TRU
[05/18/18, 10:37:20:333] info: Loading dictionary for language en-US
[05/18/18, 10:37:20:333] info: Returning local copy: /home/calvin/.config/Slack/dictionaries/en-US.bdic
[05/18/18, 10:37:20:335] info: Setting current spellchecker to en-US, requested language was en-US
[05/18/18, 10:37:41:221] info: Store: SELECT_CHANNEL C3M9KFKRR
[05/18/18, 10:37:42:657] info: Store: SELECT_CHANNEL C0VANEHDG
[05/18/18, 10:37:45:859] info: Unloading spellchecker
[05/18/18, 10:37:45:866] info: Unloading spellchecker
[05/18/18, 10:37:47:150] info: Couldn't get hint text from messages in channel: Failed to fetch recent messages
[05/18/18, 10:37:48:637] info: Couldn't get hint text from messages in channel: Failed to fetch recent messages
[05/18/18, 10:44:36:934] info: Restoring spellchecker
[05/18/18, 10:44:36:935] info: Loading dictionary for language en-US
[05/18/18, 10:44:36:935] info: Returning local copy: /home/calvin/.config/Slack/dictionaries/en-US.bdic
[05/18/18, 10:44:37:160] info: Setting current spellchecker to en-US, requested language was en-US
[05/18/18, 10:44:37:160] info: Creating node-spellchecker instance
[05/18/18, 10:44:39:727] info: Store: SELECT_CHANNEL D40802HFY
[05/18/18, 10:44:40:363] info: Loading dictionary for language en-US
[05/18/18, 10:44:40:364] info: Returning local copy: /home/calvin/.config/Slack/dictionaries/en-US.bdic
[05/18/18, 10:44:40:365] info: Setting current spellchecker to en-US, requested language was en-US
[05/18/18, 10:44:44:472] info: Unloading spellchecker
[05/18/18, 10:44:44:476] info: Unloading spellchecker
[05/18/18, 10:50:10:852] info: Restoring spellchecker
[05/18/18, 10:50:10:854] info: Loading dictionary for language en-US
[05/18/18, 10:50:10:857] info: Returning local copy: /home/calvin/.config/Slack/dictionaries/en-US.bdic
[05/18/18, 10:50:10:950] info: Unloading spellchecker
[05/18/18, 10:50:11:071] info: Unloading spellchecker
[05/18/18, 10:50:11:218] info: Setting current spellchecker to en-US, requested language was en-US
[05/18/18, 10:50:11:219] info: Creating node-spellchecker instance
[05/18/18, 10:50:11:979] info: Store: SAVE_WINDOW_SETTINGS
{
  "isMaximized": false,
  "position": [
    12,
    12
  ],
  "size": [
    1896,
    1056
  ]
}
[05/18/18, 10:51:15:230] info: Restoring spellchecker
[05/18/18, 10:51:15:231] info: Loading dictionary for language en-US
[05/18/18, 10:51:15:231] info: Returning local copy: /home/calvin/.config/Slack/dictionaries/en-US.bdic
[05/18/18, 10:51:15:321] info: Unloading spellchecker
[05/18/18, 10:51:15:400] info: Unloading spellchecker
[05/18/18, 10:51:15:433] info: Setting current spellchecker to en-US, requested language was en-US
[05/18/18, 10:51:15:433] info: Creating node-spellchecker instance
[05/18/18, 10:51:58:606] info: Restoring spellchecker
[05/18/18, 10:51:58:608] info: Loading dictionary for language en-US
[05/18/18, 10:51:58:609] info: Returning local copy: /home/calvin/.config/Slack/dictionaries/en-US.bdic
[05/18/18, 10:51:58:691] info: Unloading spellchecker
[05/18/18, 10:51:58:754] info: Unloading spellchecker
[05/18/18, 10:51:58:771] info: Setting current spellchecker to en-US, requested language was en-US
[05/18/18, 10:51:58:771] info: Creating node-spellchecker instance
[05/18/18, 10:55:51:038] warn: Unable to read quiet hours setting: windows-quiet-hours works only on Windows
[05/18/18, 10:55:51:038] warn: Unable to read quiet hours setting: windows-quiet-hours works only on Windows
[05/18/18, 10:55:51:047] info: Store: NEW_NOTIFICATION
{
  "avatarImage": "https://ca.slack-edge.com/T067YHBHB-U2G25RM2A-be84ef4bb96b-512",
  "channel": "D46H8TMU0",
  "content": "[REDACTED]",
  "id": "31Y3UXiDVwOVoVE",
  "imageUri": null,
  "launchUri": "slack://channel?id=D46H8TMU0&message=1526666150.000446&team=T067YHBHB",
  "msg": "1526666150.000446",
  "silent": true,
  "subtitle": "",
  "teamId": "T067YHBHB",
  "title": "[REDACTED]"
}
[05/18/18, 10:56:07:304] info: Restoring spellchecker
[05/18/18, 10:56:07:304] info: Loading dictionary for language en-US
[05/18/18, 10:56:07:304] info: Returning local copy: /home/calvin/.config/Slack/dictionaries/en-US.bdic
[05/18/18, 10:56:07:366] info: Setting current spellchecker to en-US, requested language was en-US
[05/18/18, 10:56:08:247] info: Store: SAVE_WINDOW_SETTINGS
{
  "isMaximized": false,
  "position": [
    12,
    32
  ],
  "size": [
    1896,
    1036
  ]
}
[05/18/18, 10:56:08:588] info: Store: SELECT_CHANNEL D46H8TMU0
[05/18/18, 10:56:09:231] info: Loading dictionary for language en-US
[05/18/18, 10:56:09:231] info: Returning local copy: /home/calvin/.config/Slack/dictionaries/en-US.bdic
[05/18/18, 10:56:09:233] info: Setting current spellchecker to en-US, requested language was en-US
[05/18/18, 10:56:20:401] info: Unloading spellchecker
[05/18/18, 10:56:20:403] info: Unloading spellchecker
[05/18/18, 10:56:30:637] warn: Unable to read quiet hours setting: windows-quiet-hours works only on Windows
[05/18/18, 10:56:30:637] warn: Unable to read quiet hours setting: windows-quiet-hours works only on Windows
[05/18/18, 10:56:30:663] info: Store: NEW_NOTIFICATION
{
  "avatarImage": "https://ca.slack-edge.com/T067YHBHB-U2G25RM2A-be84ef4bb96b-512",
  "channel": "D46H8TMU0",
  "content": "[REDACTED]",
  "id": "AD8rUrsYK6BKEXM",
  "imageUri": null,
  "launchUri": "slack://channel?id=D46H8TMU0&message=1526666190.000085&team=T067YHBHB",
  "msg": "1526666190.000085",
  "silent": true,
  "subtitle": "",
  "teamId": "T067YHBHB",
  "title": "[REDACTED]"
}
[05/18/18, 10:56:42:384] info: Restoring spellchecker
[05/18/18, 10:56:42:385] info: Loading dictionary for language en-US
[05/18/18, 10:56:42:385] info: Returning local copy: /home/calvin/.config/Slack/dictionaries/en-US.bdic
[05/18/18, 10:56:42:505] info: Setting current spellchecker to en-US, requested language was en-US
[05/18/18, 10:56:42:505] info: Creating node-spellchecker instance
[05/18/18, 10:57:09:086] info: Unloading spellchecker
[05/18/18, 10:57:09:125] info: Unloading spellchecker
[05/18/18, 10:57:19:190] warn: Unable to read quiet hours setting: windows-quiet-hours works only on Windows
[05/18/18, 10:57:19:191] warn: Unable to read quiet hours setting: windows-quiet-hours works only on Windows
[05/18/18, 10:57:19:243] info: Store: NEW_NOTIFICATION
{
  "avatarImage": "https://ca.slack-edge.com/T067YHBHB-U2G25RM2A-be84ef4bb96b-512",
  "channel": "D46H8TMU0",
  "content": "[REDACTED]",
  "id": "ERKyf6tPMoyvXLE",
  "imageUri": null,
  "launchUri": "slack://channel?id=D46H8TMU0&message=1526666238.000484&team=T067YHBHB",
  "msg": "1526666238.000484",
  "silent": true,
  "subtitle": "",
  "teamId": "T067YHBHB",
  "title": "[REDACTED]"
}
[05/18/18, 10:57:23:040] info: Restoring spellchecker
[05/18/18, 10:57:23:041] info: Loading dictionary for language en-US
[05/18/18, 10:57:23:041] info: Returning local copy: /home/calvin/.config/Slack/dictionaries/en-US.bdic
[05/18/18, 10:57:23:172] info: Setting current spellchecker to en-US, requested language was en-US
[05/18/18, 10:57:23:172] info: Creating node-spellchecker instance
[05/18/18, 10:57:44:608] info: Store: SELECT_CHANNEL G17P7DJ84
[05/18/18, 10:57:45:235] info: Loading dictionary for language en-US
[05/18/18, 10:57:45:235] info: Returning local copy: /home/calvin/.config/Slack/dictionaries/en-US.bdic
[05/18/18, 10:57:45:239] info: Setting current spellchecker to en-US, requested language was en-US
[05/18/18, 10:58:04:023] warn: Unable to read quiet hours setting: windows-quiet-hours works only on Windows
[05/18/18, 10:58:04:023] warn: Unable to read quiet hours setting: windows-quiet-hours works only on Windows
[05/18/18, 10:58:04:033] info: Store: NEW_NOTIFICATION
{
  "avatarImage": "https://ca.slack-edge.com/T067YHBHB-U2G25RM2A-be84ef4bb96b-512",
  "channel": "D46H8TMU0",
  "content": "[REDACTED]",
  "id": "AD8rUEuYK6BxN50",
  "imageUri": null,
  "launchUri": "slack://channel?id=D46H8TMU0&message=1526666283.000407&team=T067YHBHB",
  "msg": "1526666283.000407",
  "silent": true,
  "subtitle": "",
  "teamId": "T067YHBHB",
  "title": "[REDACTED]"
}
[05/18/18, 10:58:07:401] info: Store: SELECT_CHANNEL C0VANEHDG
[05/18/18, 10:58:09:175] info: Store: SELECT_CHANNEL G17P7DJ84
[05/18/18, 10:58:09:862] info: Loading dictionary for language en-US
[05/18/18, 10:58:09:862] info: Returning local copy: /home/calvin/.config/Slack/dictionaries/en-US.bdic
[05/18/18, 10:58:09:933] info: Loading dictionary for language en-US
[05/18/18, 10:58:09:933] info: Returning local copy: /home/calvin/.config/Slack/dictionaries/en-US.bdic
[05/18/18, 10:58:09:947] info: Setting current spellchecker to en-US, requested language was en-US
[05/18/18, 10:58:09:967] info: Setting current spellchecker to en-US, requested language was en-US
[05/18/18, 10:58:13:892] info: Store: SELECT_CHANNEL D46H8TMU0
[05/18/18, 10:58:13:937] info: Loading dictionary for language en-US
[05/18/18, 10:58:13:937] info: Returning local copy: /home/calvin/.config/Slack/dictionaries/en-US.bdic
[05/18/18, 10:58:13:942] info: Setting current spellchecker to en-US, requested language was en-US
[05/18/18, 10:58:15:427] info: Store: SELECT_CHANNEL C1T6DLC13
[05/18/18, 10:58:16:270] info: Store: SELECT_CHANNEL C3B0NQZFX
[05/18/18, 10:58:17:227] info: Loading dictionary for language en-US
[05/18/18, 10:58:17:227] info: Returning local copy: /home/calvin/.config/Slack/dictionaries/en-US.bdic
[05/18/18, 10:58:17:228] info: Setting current spellchecker to en-US, requested language was en-US
[05/18/18, 10:58:18:262] info: Loading dictionary for language en-US
[05/18/18, 10:58:18:262] info: Returning local copy: /home/calvin/.config/Slack/dictionaries/en-US.bdic
[05/18/18, 10:58:18:264] info: Setting current spellchecker to en-US, requested language was en-US
[05/18/18, 10:58:21:730] info: Unloading spellchecker
[05/18/18, 10:58:21:732] info: Unloading spellchecker
[05/18/18, 10:58:25:467] info: Restoring spellchecker
[05/18/18, 10:58:25:468] info: Loading dictionary for language en-US
[05/18/18, 10:58:25:469] info: Returning local copy: /home/calvin/.config/Slack/dictionaries/en-US.bdic
[05/18/18, 10:58:25:491] info: Setting current spellchecker to en-US, requested language was en-US
[05/18/18, 10:58:25:492] info: Creating node-spellchecker instance
[05/18/18, 10:58:26:058] info: Unloading spellchecker
[05/18/18, 10:58:26:059] info: Unloading spellchecker
[05/18/18, 10:58:40:839] warn: Unable to read quiet hours setting: windows-quiet-hours works only on Windows
[05/18/18, 10:58:40:839] warn: Unable to read quiet hours setting: windows-quiet-hours works only on Windows
[05/18/18, 10:58:40:847] info: Store: NEW_NOTIFICATION
{
  "avatarImage": "https://ca.slack-edge.com/T067YHBHB-U2G25RM2A-be84ef4bb96b-512",
  "channel": "D46H8TMU0",
  "content": "[REDACTED]",
  "id": "OYJGHZCr1XW4lDR",
  "imageUri": null,
  "launchUri": "slack://channel?id=D46H8TMU0&message=1526666320.000235&team=T067YHBHB",
  "msg": "1526666320.000235",
  "silent": true,
  "subtitle": "",
  "teamId": "T067YHBHB",
  "title": "[REDACTED]"
}
[05/18/18, 10:59:35:027] warn: Unable to read quiet hours setting: windows-quiet-hours works only on Windows
[05/18/18, 10:59:35:027] warn: Unable to read quiet hours setting: windows-quiet-hours works only on Windows
[05/18/18, 10:59:35:035] info: Store: NEW_NOTIFICATION
{
  "avatarImage": "https://ca.slack-edge.com/T067YHBHB-U2G25RM2A-be84ef4bb96b-512",
  "channel": "D46H8TMU0",
  "content": "[REDACTED]",
  "id": "5yAMIxF20P4mOBm",
  "imageUri": null,
  "launchUri": "slack://channel?id=D46H8TMU0&message=1526666374.000490&team=T067YHBHB",
  "msg": "1526666374.000490",
  "silent": true,
  "subtitle": "",
  "teamId": "T067YHBHB",
  "title": "[REDACTED]"
}
[05/18/18, 10:59:39:807] info: Restoring spellchecker
[05/18/18, 10:59:39:808] info: Loading dictionary for language en-US
[05/18/18, 10:59:39:808] info: Returning local copy: /home/calvin/.config/Slack/dictionaries/en-US.bdic
[05/18/18, 10:59:39:853] info: Setting current spellchecker to en-US, requested language was en-US
[05/18/18, 10:59:39:853] info: Creating node-spellchecker instance
[05/18/18, 10:59:41:581] info: Store: SELECT_CHANNEL D46H8TMU0
[05/18/18, 10:59:42:131] info: Loading dictionary for language en-US
[05/18/18, 10:59:42:131] info: Returning local copy: /home/calvin/.config/Slack/dictionaries/en-US.bdic
[05/18/18, 10:59:42:133] info: Setting current spellchecker to en-US, requested language was en-US
[05/18/18, 10:59:58:839] warn: SpellChecker::updateDetectedLanguage: cld could not detect language correctly, empty result returned
[05/18/18, 11:00:13:680] warn: SpellChecker::updateDetectedLanguage: cld could not detect language correctly, empty result returned
[05/18/18, 11:00:19:515] info: Store: SELECT_CHANNEL G17P7DJ84
[05/18/18, 11:00:19:631] info: SpellChecker::updateDetectedLanguage: language has changed from 'und' to 'en'
{
  "language": "en",
  "probability": 0.999910295009613,
  "is_reliable": true,
  "proportion": 1
}
[05/18/18, 11:00:19:632] info: SpellChecker::updateDetectedLanguage: detected language is distinct to current, push values
[05/18/18, 11:00:20:112] info: Loading dictionary for language en-US
[05/18/18, 11:00:20:112] info: Returning local copy: /home/calvin/.config/Slack/dictionaries/en-US.bdic
[05/18/18, 11:00:20:114] info: Setting current spellchecker to en-US, requested language was en-US
[05/18/18, 11:00:20:749] info: Store: SELECT_CHANNEL C0VANEHDG
[05/18/18, 11:00:22:747] info: Store: SELECT_CHANNEL C3M9KFKRR
[05/18/18, 11:00:24:437] info: Store: SELECT_CHANNEL D46H8TMU0
[05/18/18, 11:00:24:509] info: Loading dictionary for language en-US
[05/18/18, 11:00:24:510] info: Returning local copy: /home/calvin/.config/Slack/dictionaries/en-US.bdic
[05/18/18, 11:00:24:516] info: Setting current spellchecker to en-US, requested language was en-US
[05/18/18, 11:00:24:625] info: Loading dictionary for language en-US
[05/18/18, 11:00:24:626] info: Returning local copy: /home/calvin/.config/Slack/dictionaries/en-US.bdic
[05/18/18, 11:00:24:628] info: Setting current spellchecker to en-US, requested language was en-US
[05/18/18, 11:00:24:791] info: Loading dictionary for language en-US
[05/18/18, 11:00:24:792] info: Returning local copy: /home/calvin/.config/Slack/dictionaries/en-US.bdic
[05/18/18, 11:00:24:794] info: Setting current spellchecker to en-US, requested language was en-US
[05/18/18, 11:01:13:226] info: Unloading spellchecker
[05/18/18, 11:01:13:231] info: Unloading spellchecker
[05/18/18, 11:01:15:037] info: Restoring spellchecker
[05/18/18, 11:01:15:038] info: Loading dictionary for language en-US
[05/18/18, 11:01:15:039] info: Returning local copy: /home/calvin/.config/Slack/dictionaries/en-US.bdic
[05/18/18, 11:01:15:079] info: Setting current spellchecker to en-US, requested language was en-US
[05/18/18, 11:01:15:079] info: Creating node-spellchecker instance
[05/18/18, 11:01:15:451] info: Unloading spellchecker
[05/18/18, 11:01:15:453] info: Unloading spellchecker
[05/18/18, 11:13:32:037] info: Restoring spellchecker
[05/18/18, 11:13:32:039] info: Loading dictionary for language en-US
[05/18/18, 11:13:32:039] info: Returning local copy: /home/calvin/.config/Slack/dictionaries/en-US.bdic
[05/18/18, 11:13:32:173] info: Unloading spellchecker
[05/18/18, 11:13:32:359] info: Unloading spellchecker
[05/18/18, 11:13:32:540] info: Setting current spellchecker to en-US, requested language was en-US
[05/18/18, 11:13:32:541] info: Creating node-spellchecker instance
[05/18/18, 11:13:33:193] info: Store: SAVE_WINDOW_SETTINGS
{
  "isMaximized": false,
  "position": [
    12,
    12
  ],
  "size": [
    1896,
    1056
  ]
}
[05/18/18, 11:13:56:819] info: Restoring spellchecker
[05/18/18, 11:13:56:821] info: Loading dictionary for language en-US
[05/18/18, 11:13:56:821] info: Returning local copy: /home/calvin/.config/Slack/dictionaries/en-US.bdic
[05/18/18, 11:13:56:837] info: Unloading spellchecker
[05/18/18, 11:13:56:945] info: Unloading spellchecker
[05/18/18, 11:13:57:026] info: Setting current spellchecker to en-US, requested language was en-US
[05/18/18, 11:13:57:026] info: Creating node-spellchecker instance
[05/18/18, 11:14:04:253] info: Restoring spellchecker
[05/18/18, 11:14:04:254] info: Loading dictionary for language en-US
[05/18/18, 11:14:04:254] info: Returning local copy: /home/calvin/.config/Slack/dictionaries/en-US.bdic
[05/18/18, 11:14:04:341] info: Unloading spellchecker
[05/18/18, 11:14:04:434] info: Unloading spellchecker
[05/18/18, 11:14:04:457] info: Setting current spellchecker to en-US, requested language was en-US
[05/18/18, 11:14:04:457] info: Creating node-spellchecker instance
[05/18/18, 11:14:10:961] info: Restoring spellchecker
[05/18/18, 11:14:10:962] info: Loading dictionary for language en-US
[05/18/18, 11:14:10:963] info: Returning local copy: /home/calvin/.config/Slack/dictionaries/en-US.bdic
[05/18/18, 11:14:11:066] info: Unloading spellchecker
[05/18/18, 11:14:11:172] info: Unloading spellchecker
[05/18/18, 11:14:11:176] info: Setting current spellchecker to en-US, requested language was en-US
[05/18/18, 11:14:11:177] info: Creating node-spellchecker instance
[05/18/18, 11:14:37:223] info: Restoring spellchecker
[05/18/18, 11:14:37:227] info: Loading dictionary for language en-US
[05/18/18, 11:14:37:228] info: Returning local copy: /home/calvin/.config/Slack/dictionaries/en-US.bdic
[05/18/18, 11:14:37:315] info: Unloading spellchecker
[05/18/18, 11:14:37:389] info: Unloading spellchecker
[05/18/18, 11:14:37:414] info: Setting current spellchecker to en-US, requested language was en-US
[05/18/18, 11:14:37:414] info: Creating node-spellchecker instance
[05/18/18, 11:14:54:856] info: Restoring spellchecker
[05/18/18, 11:14:54:857] info: Loading dictionary for language en-US
[05/18/18, 11:14:54:862] info: Returning local copy: /home/calvin/.config/Slack/dictionaries/en-US.bdic
[05/18/18, 11:14:54:978] info: Unloading spellchecker
[05/18/18, 11:14:55:038] info: Unloading spellchecker
[05/18/18, 11:14:55:065] info: Setting current spellchecker to en-US, requested language was en-US
[05/18/18, 11:14:55:065] info: Creating node-spellchecker instance
[05/18/18, 11:15:34:301] info: Restoring spellchecker
[05/18/18, 11:15:34:302] info: Loading dictionary for language en-US
[05/18/18, 11:15:34:303] info: Returning local copy: /home/calvin/.config/Slack/dictionaries/en-US.bdic
[05/18/18, 11:15:34:409] info: Unloading spellchecker
[05/18/18, 11:15:34:506] info: Unloading spellchecker
[05/18/18, 11:15:34:533] info: Setting current spellchecker to en-US, requested language was en-US
[05/18/18, 11:15:34:533] info: Creating node-spellchecker instance
[05/18/18, 11:22:08:623] info: Restoring spellchecker
[05/18/18, 11:22:08:624] info: Loading dictionary for language en-US
[05/18/18, 11:22:08:624] info: Returning local copy: /home/calvin/.config/Slack/dictionaries/en-US.bdic
[05/18/18, 11:22:08:714] info: Setting current spellchecker to en-US, requested language was en-US
[05/18/18, 11:22:09:574] info: Store: SAVE_WINDOW_SETTINGS
{
  "isMaximized": false,
  "position": [
    12,
    32
  ],
  "size": [
    1896,
    1036
  ]
}
[05/18/18, 11:22:10:201] info: Store: SELECT_CHANNEL C3M9KFKRR
[05/18/18, 11:22:11:991] info: Unloading spellchecker
[05/18/18, 11:22:11:993] info: Unloading spellchecker
[05/18/18, 11:22:13:360] info: Restoring spellchecker
[05/18/18, 11:22:13:361] info: Loading dictionary for language en-US
[05/18/18, 11:22:13:361] info: Returning local copy: /home/calvin/.config/Slack/dictionaries/en-US.bdic
[05/18/18, 11:22:13:378] info: Setting current spellchecker to en-US, requested language was en-US
[05/18/18, 11:22:13:378] info: Creating node-spellchecker instance
[05/18/18, 11:22:13:496] info: Unloading spellchecker
[05/18/18, 11:22:13:498] info: Unloading spellchecker
[05/18/18, 11:22:14:546] info: Restoring spellchecker
[05/18/18, 11:22:14:547] info: Loading dictionary for language en-US
[05/18/18, 11:22:14:548] info: Returning local copy: /home/calvin/.config/Slack/dictionaries/en-US.bdic
[05/18/18, 11:22:14:566] info: Setting current spellchecker to en-US, requested language was en-US
[05/18/18, 11:22:14:567] info: Creating node-spellchecker instance
[05/18/18, 11:22:15:084] info: Unloading spellchecker
[05/18/18, 11:22:15:098] info: Unloading spellchecker
[05/18/18, 11:22:16:018] info: Couldn't get hint text from messages in channel: Failed to fetch recent messages
[05/18/18, 11:22:16:300] info: Restoring spellchecker
[05/18/18, 11:22:16:301] info: Loading dictionary for language en-US
[05/18/18, 11:22:16:301] info: Returning local copy: /home/calvin/.config/Slack/dictionaries/en-US.bdic
[05/18/18, 11:22:16:321] info: Setting current spellchecker to en-US, requested language was en-US
[05/18/18, 11:22:16:321] info: Creating node-spellchecker instance
[05/18/18, 11:22:16:581] info: Unloading spellchecker
[05/18/18, 11:22:16:583] info: Unloading spellchecker
[05/18/18, 11:22:17:742] info: Restoring spellchecker
[05/18/18, 11:22:17:743] info: Loading dictionary for language en-US
[05/18/18, 11:22:17:745] info: Returning local copy: /home/calvin/.config/Slack/dictionaries/en-US.bdic
[05/18/18, 11:22:17:759] info: Setting current spellchecker to en-US, requested language was en-US
[05/18/18, 11:22:17:760] info: Creating node-spellchecker instance
[05/18/18, 11:22:18:405] info: Unloading spellchecker
[05/18/18, 11:22:18:427] info: Unloading spellchecker
[05/18/18, 11:22:43:063] info: Restoring spellchecker
[05/18/18, 11:22:43:064] info: Loading dictionary for language en-US
[05/18/18, 11:22:43:064] info: Returning local copy: /home/calvin/.config/Slack/dictionaries/en-US.bdic
[05/18/18, 11:22:43:085] info: Setting current spellchecker to en-US, requested language was en-US
[05/18/18, 11:22:43:085] info: Creating node-spellchecker instance
[05/18/18, 11:22:43:592] info: Unloading spellchecker
[05/18/18, 11:22:43:599] info: Unloading spellchecker
[05/18/18, 11:22:44:324] info: Restoring spellchecker
[05/18/18, 11:22:44:324] info: Loading dictionary for language en-US
[05/18/18, 11:22:44:326] info: Returning local copy: /home/calvin/.config/Slack/dictionaries/en-US.bdic
[05/18/18, 11:22:44:356] info: Unloading spellchecker
[05/18/18, 11:22:44:360] info: Unloading spellchecker
[05/18/18, 11:22:44:381] info: Setting current spellchecker to en-US, requested language was en-US
[05/18/18, 11:22:44:381] info: Creating node-spellchecker instance
[05/18/18, 11:22:45:452] info: Restoring spellchecker
[05/18/18, 11:22:45:452] info: Loading dictionary for language en-US
[05/18/18, 11:22:45:453] info: Returning local copy: /home/calvin/.config/Slack/dictionaries/en-US.bdic
[05/18/18, 11:22:45:474] info: Setting current spellchecker to en-US, requested language was en-US
[05/18/18, 11:22:47:542] info: Store: SELECT_CHANNEL C8YBF5TRU
[05/18/18, 11:22:48:061] info: Loading dictionary for language en-US
[05/18/18, 11:22:48:062] info: Returning local copy: /home/calvin/.config/Slack/dictionaries/en-US.bdic
[05/18/18, 11:22:48:064] info: Setting current spellchecker to en-US, requested language was en-US
[05/18/18, 11:22:59:277] info: Unloading spellchecker
[05/18/18, 11:22:59:302] info: Unloading spellchecker
[05/18/18, 11:23:00:187] info: Restoring spellchecker
[05/18/18, 11:23:00:188] info: Loading dictionary for language en-US
[05/18/18, 11:23:00:188] info: Returning local copy: /home/calvin/.config/Slack/dictionaries/en-US.bdic
[05/18/18, 11:23:00:212] info: Setting current spellchecker to en-US, requested language was en-US
[05/18/18, 11:23:00:213] info: Creating node-spellchecker instance
[05/18/18, 11:23:00:459] info: Unloading spellchecker
[05/18/18, 11:23:00:460] info: Unloading spellchecker
[05/18/18, 11:23:01:212] info: Unloading spellchecker
[05/18/18, 11:23:01:263] info: Restoring spellchecker
[05/18/18, 11:23:01:264] info: Loading dictionary for language en-US
[05/18/18, 11:23:01:264] info: Returning local copy: /home/calvin/.config/Slack/dictionaries/en-US.bdic
[05/18/18, 11:23:01:296] info: Unloading spellchecker
[05/18/18, 11:23:01:318] info: Setting current spellchecker to en-US, requested language was en-US
[05/18/18, 11:23:01:319] info: Creating node-spellchecker instance
[05/18/18, 11:23:02:451] info: Restoring spellchecker
[05/18/18, 11:23:02:452] info: Loading dictionary for language en-US
[05/18/18, 11:23:02:452] info: Returning local copy: /home/calvin/.config/Slack/dictionaries/en-US.bdic
[05/18/18, 11:23:02:481] info: Setting current spellchecker to en-US, requested language was en-US
[05/18/18, 11:23:02:788] info: Unloading spellchecker
[05/18/18, 11:23:02:824] info: Unloading spellchecker
[05/18/18, 11:23:03:541] info: Restoring spellchecker
[05/18/18, 11:23:03:542] info: Loading dictionary for language en-US
[05/18/18, 11:23:03:542] info: Returning local copy: /home/calvin/.config/Slack/dictionaries/en-US.bdic
[05/18/18, 11:23:03:570] info: Setting current spellchecker to en-US, requested language was en-US
[05/18/18, 11:23:03:570] info: Creating node-spellchecker instance
[05/18/18, 11:23:04:688] info: Unloading spellchecker
[05/18/18, 11:23:04:689] info: Unloading spellchecker
[05/18/18, 11:26:14:661] info: Restoring spellchecker
[05/18/18, 11:26:14:662] info: Loading dictionary for language en-US
[05/18/18, 11:26:14:662] info: Returning local copy: /home/calvin/.config/Slack/dictionaries/en-US.bdic
[05/18/18, 11:26:14:700] info: Unloading spellchecker
[05/18/18, 11:26:14:720] info: Unloading spellchecker
[05/18/18, 11:26:14:729] info: Setting current spellchecker to en-US, requested language was en-US
[05/18/18, 11:26:14:729] info: Creating node-spellchecker instance
[05/18/18, 11:26:15:279] info: Restoring spellchecker
[05/18/18, 11:26:15:280] info: Loading dictionary for language en-US
[05/18/18, 11:26:15:280] info: Returning local copy: /home/calvin/.config/Slack/dictionaries/en-US.bdic
[05/18/18, 11:26:15:307] info: Setting current spellchecker to en-US, requested language was en-US
[05/18/18, 11:26:16:175] info: Unloading spellchecker
[05/18/18, 11:26:16:176] info: Unloading spellchecker
[05/18/18, 11:27:46:832] info: Restoring spellchecker
[05/18/18, 11:27:46:833] info: Loading dictionary for language en-US
[05/18/18, 11:27:46:833] info: Returning local copy: /home/calvin/.config/Slack/dictionaries/en-US.bdic
[05/18/18, 11:27:46:868] info: Setting current spellchecker to en-US, requested language was en-US
[05/18/18, 11:27:46:868] info: Creating node-spellchecker instance
[05/18/18, 11:27:48:752] info: Unloading spellchecker
[05/18/18, 11:27:48:753] info: Unloading spellchecker
[05/18/18, 11:27:52:047] info: Restoring spellchecker
[05/18/18, 11:27:52:047] info: Loading dictionary for language en-US
[05/18/18, 11:27:52:048] info: Returning local copy: /home/calvin/.config/Slack/dictionaries/en-US.bdic
[05/18/18, 11:27:52:081] info: Setting current spellchecker to en-US, requested language was en-US
[05/18/18, 11:27:52:081] info: Creating node-spellchecker instance
[05/18/18, 11:27:52:450] info: Unloading spellchecker
[05/18/18, 11:27:52:451] info: Unloading spellchecker
[05/18/18, 11:28:36:432] info: Restoring spellchecker
[05/18/18, 11:28:36:432] info: Loading dictionary for language en-US
[05/18/18, 11:28:36:433] info: Returning local copy: /home/calvin/.config/Slack/dictionaries/en-US.bdic
[05/18/18, 11:28:36:465] info: Setting current spellchecker to en-US, requested language was en-US
[05/18/18, 11:28:36:466] info: Creating node-spellchecker instance
[05/18/18, 11:28:38:668] info: Store: SELECT_CHANNEL D40802HFY
[05/18/18, 11:28:39:225] info: Loading dictionary for language en-US
[05/18/18, 11:28:39:226] info: Returning local copy: /home/calvin/.config/Slack/dictionaries/en-US.bdic
[05/18/18, 11:28:39:230] info: Setting current spellchecker to en-US, requested language was en-US
[05/18/18, 11:28:41:862] info: Unloading spellchecker
[05/18/18, 11:28:41:893] info: Unloading spellchecker
[05/18/18, 11:28:43:183] info: Restoring spellchecker
[05/18/18, 11:28:43:184] info: Loading dictionary for language en-US
[05/18/18, 11:28:43:184] info: Returning local copy: /home/calvin/.config/Slack/dictionaries/en-US.bdic
[05/18/18, 11:28:43:239] info: Setting current spellchecker to en-US, requested language was en-US
[05/18/18, 11:28:43:239] info: Creating node-spellchecker instance
[05/18/18, 11:28:43:821] info: Unloading spellchecker
[05/18/18, 11:28:43:823] info: Unloading spellchecker
[05/18/18, 11:30:00:314] info: Restoring spellchecker
[05/18/18, 11:30:00:315] info: Loading dictionary for language en-US
[05/18/18, 11:30:00:315] info: Returning local copy: /home/calvin/.config/Slack/dictionaries/en-US.bdic
[05/18/18, 11:30:00:369] info: Setting current spellchecker to en-US, requested language was en-US
[05/18/18, 11:30:00:369] info: Creating node-spellchecker instance
[05/18/18, 11:30:00:650] info: Unloading spellchecker
[05/18/18, 11:30:00:652] info: Unloading spellchecker
[05/18/18, 11:30:01:999] info: Restoring spellchecker
[05/18/18, 11:30:02:000] info: Loading dictionary for language en-US
[05/18/18, 11:30:02:000] info: Returning local copy: /home/calvin/.config/Slack/dictionaries/en-US.bdic
[05/18/18, 11:30:02:039] info: Setting current spellchecker to en-US, requested language was en-US
[05/18/18, 11:30:02:039] info: Creating node-spellchecker instance
[05/18/18, 11:30:03:724] info: Store: SELECT_CHANNEL C3M9KFKRR
[05/18/18, 11:30:04:982] info: Store: SELECT_TEAM T067YHBHB
[05/18/18, 11:30:04:983] info: Store: FOREGROUND_APP
[05/18/18, 11:30:06:591] info: Store: SELECT_TEAM T067YHBHB
[05/18/18, 11:30:06:595] info: Store: FOREGROUND_APP
[05/18/18, 11:30:08:958] info: Unloading spellchecker
[05/18/18, 11:30:08:960] info: Unloading spellchecker
[05/18/18, 11:30:09:549] info: Couldn't get hint text from messages in channel: Failed to fetch recent messages
[05/18/18, 11:30:10:335] info: Restoring spellchecker
[05/18/18, 11:30:10:335] info: Loading dictionary for language en-US
[05/18/18, 11:30:10:336] info: Returning local copy: /home/calvin/.config/Slack/dictionaries/en-US.bdic
[05/18/18, 11:30:10:363] info: Setting current spellchecker to en-US, requested language was en-US
[05/18/18, 11:30:10:363] info: Creating node-spellchecker instance
[05/18/18, 11:30:10:975] info: Unloading spellchecker
[05/18/18, 11:30:10:976] info: Unloading spellchecker
[05/18/18, 11:30:38:275] info: Restoring spellchecker
[05/18/18, 11:30:38:276] info: Loading dictionary for language en-US
[05/18/18, 11:30:38:276] info: Returning local copy: /home/calvin/.config/Slack/dictionaries/en-US.bdic
[05/18/18, 11:30:38:296] info: Setting current spellchecker to en-US, requested language was en-US
[05/18/18, 11:30:38:296] info: Creating node-spellchecker instance
[05/18/18, 11:30:40:422] info: Store: SELECT_CHANNEL C0VANEHDG
[05/18/18, 11:30:46:114] info: Couldn't get hint text from messages in channel: Failed to fetch recent messages
[05/18/18, 11:30:47:587] info: Unloading spellchecker
[05/18/18, 11:30:47:589] info: Unloading spellchecker
[05/18/18, 11:31:49:517] info: Restoring spellchecker
[05/18/18, 11:31:49:518] info: Loading dictionary for language en-US
[05/18/18, 11:31:49:518] info: Returning local copy: /home/calvin/.config/Slack/dictionaries/en-US.bdic
[05/18/18, 11:31:49:734] info: Setting current spellchecker to en-US, requested language was en-US
[05/18/18, 11:31:49:734] info: Creating node-spellchecker instance
[05/18/18, 11:31:49:811] info: Unloading spellchecker
[05/18/18, 11:31:49:901] info: Unloading spellchecker
[05/18/18, 11:31:50:316] info: Restoring spellchecker
[05/18/18, 11:31:50:317] info: Loading dictionary for language en-US
[05/18/18, 11:31:50:317] info: Returning local copy: /home/calvin/.config/Slack/dictionaries/en-US.bdic
[05/18/18, 11:31:50:417] info: Setting current spellchecker to en-US, requested language was en-US
[05/18/18, 11:31:50:417] info: Creating node-spellchecker instance
[05/18/18, 11:31:52:537] info: Store: SELECT_CHANNEL C3B0NQZFX
[05/18/18, 11:31:53:100] info: Loading dictionary for language en-US
[05/18/18, 11:31:53:100] info: Returning local copy: /home/calvin/.config/Slack/dictionaries/en-US.bdic
[05/18/18, 11:31:53:103] info: Setting current spellchecker to en-US, requested language was en-US
[05/18/18, 11:31:53:589] info: Unloading spellchecker
[05/18/18, 11:31:53:589] info: Unloading spellchecker
[05/18/18, 11:32:48:230] info: Store: SAVE_WINDOW_SETTINGS
{
  "isMaximized": false,
  "position": [
    12,
    12
  ],
  "size": [
    1896,
    1056
  ]
}
[05/18/18, 11:33:08:803] info: Restoring spellchecker
[05/18/18, 11:33:08:804] info: Loading dictionary for language en-US
[05/18/18, 11:33:08:804] info: Returning local copy: /home/calvin/.config/Slack/dictionaries/en-US.bdic
[05/18/18, 11:33:08:881] info: Unloading spellchecker
[05/18/18, 11:33:08:933] info: Unloading spellchecker
[05/18/18, 11:33:08:941] info: Setting current spellchecker to en-US, requested language was en-US
[05/18/18, 11:33:08:942] info: Creating node-spellchecker instance
[05/18/18, 11:33:34:255] info: Restoring spellchecker
[05/18/18, 11:33:34:261] info: Loading dictionary for language en-US
[05/18/18, 11:33:34:262] info: Returning local copy: /home/calvin/.config/Slack/dictionaries/en-US.bdic
[05/18/18, 11:33:34:330] info: Unloading spellchecker
[05/18/18, 11:33:34:380] info: Unloading spellchecker
[05/18/18, 11:33:34:383] info: Setting current spellchecker to en-US, requested language was en-US
[05/18/18, 11:33:34:383] info: Creating node-spellchecker instance
[05/18/18, 11:33:52:594] info: Restoring spellchecker
[05/18/18, 11:33:52:595] info: Loading dictionary for language en-US
[05/18/18, 11:33:52:596] info: Returning local copy: /home/calvin/.config/Slack/dictionaries/en-US.bdic
[05/18/18, 11:33:52:657] info: Unloading spellchecker
[05/18/18, 11:33:52:680] info: Unloading spellchecker
[05/18/18, 11:33:52:709] info: Setting current spellchecker to en-US, requested language was en-US
[05/18/18, 11:33:52:709] info: Creating node-spellchecker instance
[05/18/18, 11:37:54:322] warn: Unable to read quiet hours setting: windows-quiet-hours works only on Windows
[05/18/18, 11:37:54:323] warn: Unable to read quiet hours setting: windows-quiet-hours works only on Windows
[05/18/18, 11:37:54:345] info: Store: NEW_NOTIFICATION
{
  "avatarImage": null,
  "channel": "C3B0NQZFX",
  "content": "[REDACTED]",
  "id": "pY9nHyHGl5v0DJQ",
  "imageUri": null,
  "launchUri": "slack://channel?id=C3B0NQZFX&message=1526668673.000586&team=T067YHBHB",
  "msg": "1526668673.000586",
  "silent": true,
  "subtitle": "",
  "teamId": "T067YHBHB",
  "title": "[REDACTED]"
}
[05/18/18, 11:47:15:642] info: Restoring spellchecker
[05/18/18, 11:47:15:644] info: Loading dictionary for language en-US
[05/18/18, 11:47:15:644] info: Returning local copy: /home/calvin/.config/Slack/dictionaries/en-US.bdic
[05/18/18, 11:47:15:714] info: Unloading spellchecker
[05/18/18, 11:47:15:742] info: Unloading spellchecker
[05/18/18, 11:47:15:872] info: Setting current spellchecker to en-US, requested language was en-US
[05/18/18, 11:47:15:873] info: Creating node-spellchecker instance
[05/18/18, 11:47:16:773] info: Store: SAVE_WINDOW_SETTINGS
{
  "isMaximized": false,
  "position": [
    12,
    44
  ],
  "size": [
    1896,
    1024
  ]
}
[05/18/18, 11:47:19:956] info: Restoring spellchecker
[05/18/18, 11:47:19:970] info: Loading dictionary for language en-US
[05/18/18, 11:47:19:970] info: Returning local copy: /home/calvin/.config/Slack/dictionaries/en-US.bdic
[05/18/18, 11:47:20:034] info: Unloading spellchecker
[05/18/18, 11:47:20:124] info: Unloading spellchecker
[05/18/18, 11:47:20:139] info: Setting current spellchecker to en-US, requested language was en-US
[05/18/18, 11:47:20:140] info: Creating node-spellchecker instance
[05/18/18, 11:47:21:119] info: Store: SAVE_WINDOW_SETTINGS
{
  "isMaximized": false,
  "position": [
    12,
    12
  ],
  "size": [
    1896,
    1056
  ]
}
[05/18/18, 11:47:31:938] info: Restoring spellchecker
[05/18/18, 11:47:31:938] info: Loading dictionary for language en-US
[05/18/18, 11:47:31:938] info: Returning local copy: /home/calvin/.config/Slack/dictionaries/en-US.bdic
[05/18/18, 11:47:32:095] info: Unloading spellchecker
[05/18/18, 11:47:32:098] info: Unloading spellchecker
[05/18/18, 11:47:32:124] info: Setting current spellchecker to en-US, requested language was en-US
[05/18/18, 11:47:32:124] info: Creating node-spellchecker instance
[05/18/18, 11:47:32:890] info: Store: SAVE_WINDOW_SETTINGS
{
  "isMaximized": false,
  "position": [
    12,
    32
  ],
  "size": [
    1896,
    1036
  ]
}
[05/18/18, 11:48:44:635] info: Unloading spellchecker
[05/18/18, 11:48:44:651] info: Restoring spellchecker
[05/18/18, 11:48:44:655] info: Loading dictionary for language en-US
[05/18/18, 11:48:44:655] info: Returning local copy: /home/calvin/.config/Slack/dictionaries/en-US.bdic
[05/18/18, 11:48:44:688] info: Unloading spellchecker
[05/18/18, 11:48:44:722] info: Setting current spellchecker to en-US, requested language was en-US
[05/18/18, 11:48:44:722] info: Creating node-spellchecker instance
[05/18/18, 11:48:45:743] info: Store: SAVE_WINDOW_SETTINGS
{
  "isMaximized": false,
  "position": [
    12,
    12
  ],
  "size": [
    1896,
    1056
  ]
}
[05/18/18, 11:48:55:221] info: Restoring spellchecker
[05/18/18, 11:48:55:222] info: Loading dictionary for language en-US
[05/18/18, 11:48:55:223] info: Returning local copy: /home/calvin/.config/Slack/dictionaries/en-US.bdic
[05/18/18, 11:48:55:264] info: Unloading spellchecker
[05/18/18, 11:48:55:281] info: Unloading spellchecker
[05/18/18, 11:48:55:308] info: Setting current spellchecker to en-US, requested language was en-US
[05/18/18, 11:48:55:308] info: Creating node-spellchecker instance
[05/18/18, 11:50:40:625] info: Restoring spellchecker
[05/18/18, 11:50:40:626] info: Loading dictionary for language en-US
[05/18/18, 11:50:40:626] info: Returning local copy: /home/calvin/.config/Slack/dictionaries/en-US.bdic
[05/18/18, 11:50:40:689] info: Unloading spellchecker
[05/18/18, 11:50:40:720] info: Unloading spellchecker
[05/18/18, 11:50:40:770] info: Setting current spellchecker to en-US, requested language was en-US
[05/18/18, 11:50:40:771] info: Creating node-spellchecker instance
[05/18/18, 11:52:38:108] warn: Unable to read quiet hours setting: windows-quiet-hours works only on Windows
[05/18/18, 11:52:38:109] warn: Unable to read quiet hours setting: windows-quiet-hours works only on Windows
[05/18/18, 11:52:38:124] info: Store: NEW_NOTIFICATION
{
  "avatarImage": "https://ca.slack-edge.com/T067YHBHB-U9S77JP8B-gc82933b192d-512",
  "channel": "DA7HQAB26",
  "content": "[REDACTED]",
  "id": "KrAGfZIAx7QK4qY",
  "imageUri": null,
  "launchUri": "slack://channel?id=DA7HQAB26&message=1526669557.000497&team=T067YHBHB",
  "msg": "1526669557.000497",
  "silent": true,
  "subtitle": "",
  "teamId": "T067YHBHB",
  "title": "[REDACTED]"
}
[05/18/18, 11:52:42:237] info: Restoring spellchecker
[05/18/18, 11:52:42:240] info: Loading dictionary for language en-US
[05/18/18, 11:52:42:241] info: Returning local copy: /home/calvin/.config/Slack/dictionaries/en-US.bdic
[05/18/18, 11:52:42:312] info: Setting current spellchecker to en-US, requested language was en-US
[05/18/18, 11:52:43:214] info: Store: SAVE_WINDOW_SETTINGS
{
  "isMaximized": false,
  "position": [
    12,
    32
  ],
  "size": [
    1896,
    1036
  ]
}
[05/18/18, 11:52:44:096] info: Store: SELECT_CHANNEL DA7HQAB26
[05/18/18, 11:52:46:535] info: Loading dictionary for language en-US
[05/18/18, 11:52:46:536] info: Returning local copy: /home/calvin/.config/Slack/dictionaries/en-US.bdic
[05/18/18, 11:52:46:538] info: Setting current spellchecker to en-US, requested language was en-US
[05/18/18, 11:52:59:194] info: Store: UPDATE_SETTINGS
{
  "autoHideMenuBar": true
}
[05/18/18, 11:53:07:331] info: Unloading spellchecker
[05/18/18, 11:53:07:332] info: Unloading spellchecker
[05/18/18, 11:53:30:963] info: Restoring spellchecker
[05/18/18, 11:53:30:964] info: Loading dictionary for language en-US
[05/18/18, 11:53:30:964] info: Returning local copy: /home/calvin/.config/Slack/dictionaries/en-US.bdic
[05/18/18, 11:53:30:991] info: Setting current spellchecker to en-US, requested language was en-US
[05/18/18, 11:53:30:991] info: Creating node-spellchecker instance
[05/18/18, 11:54:04:879] info: Unloading spellchecker
[05/18/18, 11:54:04:881] info: Unloading spellchecker
[05/18/18, 11:54:08:894] warn: Unable to read quiet hours setting: windows-quiet-hours works only on Windows
[05/18/18, 11:54:08:895] warn: Unable to read quiet hours setting: windows-quiet-hours works only on Windows
[05/18/18, 11:54:08:933] info: Store: NEW_NOTIFICATION
{
  "avatarImage": "https://ca.slack-edge.com/T067YHBHB-U9S77JP8B-gc82933b192d-512",
  "channel": "DA7HQAB26",
  "content": "[REDACTED]",
  "id": "R68XioSOwLW372m",
  "imageUri": null,
  "launchUri": "slack://channel?id=DA7HQAB26&message=1526669648.000253&team=T067YHBHB",
  "msg": "1526669648.000253",
  "silent": true,
  "subtitle": "",
  "teamId": "T067YHBHB",
  "title": "[REDACTED]"
}
[05/18/18, 11:54:17:778] info: Restoring spellchecker
[05/18/18, 11:54:17:779] info: Loading dictionary for language en-US
[05/18/18, 11:54:17:779] info: Returning local copy: /home/calvin/.config/Slack/dictionaries/en-US.bdic
[05/18/18, 11:54:17:843] info: Setting current spellchecker to en-US, requested language was en-US
[05/18/18, 11:54:17:843] info: Creating node-spellchecker instance
[05/18/18, 11:54:38:190] info: Unloading spellchecker
[05/18/18, 11:54:38:192] info: Unloading spellchecker
[05/18/18, 11:54:39:159] info: Restoring spellchecker
[05/18/18, 11:54:39:160] info: Loading dictionary for language en-US
[05/18/18, 11:54:39:160] info: Returning local copy: /home/calvin/.config/Slack/dictionaries/en-US.bdic
[05/18/18, 11:54:39:185] info: Setting current spellchecker to en-US, requested language was en-US
[05/18/18, 11:54:39:186] info: Creating node-spellchecker instance
[05/18/18, 11:54:40:623] info: Unloading spellchecker
[05/18/18, 11:54:40:623] info: Unloading spellchecker
[05/18/18, 11:55:02:414] info: Restoring spellchecker
[05/18/18, 11:55:02:415] info: Loading dictionary for language en-US
[05/18/18, 11:55:02:415] info: Returning local copy: /home/calvin/.config/Slack/dictionaries/en-US.bdic
[05/18/18, 11:55:02:441] info: Unloading spellchecker
[05/18/18, 11:55:02:465] info: Unloading spellchecker
[05/18/18, 11:55:02:472] info: Setting current spellchecker to en-US, requested language was en-US
[05/18/18, 11:55:02:473] info: Creating node-spellchecker instance
[05/18/18, 11:55:03:175] info: Restoring spellchecker
[05/18/18, 11:55:03:175] info: Loading dictionary for language en-US
[05/18/18, 11:55:03:175] info: Returning local copy: /home/calvin/.config/Slack/dictionaries/en-US.bdic
[05/18/18, 11:55:03:198] info: Setting current spellchecker to en-US, requested language was en-US
[05/18/18, 11:55:33:704] info: Unloading spellchecker
[05/18/18, 11:55:33:705] info: Unloading spellchecker
[05/18/18, 11:55:40:203] info: Restoring spellchecker
[05/18/18, 11:55:40:203] info: Loading dictionary for language en-US
[05/18/18, 11:55:40:204] info: Returning local copy: /home/calvin/.config/Slack/dictionaries/en-US.bdic
[05/18/18, 11:55:40:237] info: Setting current spellchecker to en-US, requested language was en-US
[05/18/18, 11:55:40:237] info: Creating node-spellchecker instance
[05/18/18, 11:55:52:757] info: Store: SELECT_CHANNEL C0VANEHDG
[05/18/18, 11:55:53:910] info: Store: SELECT_CHANNEL C1T6DLC13
[05/18/18, 11:55:55:039] info: Store: SELECT_CHANNEL C3M9KFKRR
[05/18/18, 11:55:55:996] info: Unloading spellchecker
[05/18/18, 11:55:56:018] info: Unloading spellchecker
[05/18/18, 11:55:57:685] info: Restoring spellchecker
[05/18/18, 11:55:57:686] info: Loading dictionary for language en-US
[05/18/18, 11:55:57:686] info: Returning local copy: /home/calvin/.config/Slack/dictionaries/en-US.bdic
[05/18/18, 11:55:57:702] info: Setting current spellchecker to en-US, requested language was en-US
[05/18/18, 11:55:57:703] info: Creating node-spellchecker instance
[05/18/18, 11:55:58:444] warn: Unable to read quiet hours setting: windows-quiet-hours works only on Windows
[05/18/18, 11:55:58:444] warn: Unable to read quiet hours setting: windows-quiet-hours works only on Windows
[05/18/18, 11:55:58:450] info: Store: NEW_NOTIFICATION
{
  "avatarImage": "https://ca.slack-edge.com/T067YHBHB-U9S77JP8B-gc82933b192d-512",
  "channel": "DA7HQAB26",
  "content": "[REDACTED]",
  "id": "W6W1i0TnkPBGkn7",
  "imageUri": null,
  "launchUri": "slack://channel?id=DA7HQAB26&message=1526669757.000730&team=T067YHBHB",
  "msg": "1526669757.000730",
  "silent": true,
  "subtitle": "",
  "teamId": "T067YHBHB",
  "title": "[REDACTED]"
}
[05/18/18, 11:55:58:468] info: Couldn't get hint text from messages in channel: Failed to fetch recent messages
[05/18/18, 11:55:58:812] info: Unloading spellchecker
[05/18/18, 11:55:58:813] info: Unloading spellchecker
[05/18/18, 11:55:59:706] info: Couldn't get hint text from messages in channel: Failed to fetch recent messages
[05/18/18, 11:56:00:880] info: Couldn't get hint text from messages in channel: Failed to fetch recent messages
[05/18/18, 11:56:02:682] info: Restoring spellchecker
[05/18/18, 11:56:02:683] info: Loading dictionary for language en-US
[05/18/18, 11:56:02:683] info: Returning local copy: /home/calvin/.config/Slack/dictionaries/en-US.bdic
[05/18/18, 11:56:02:707] info: Setting current spellchecker to en-US, requested language was en-US
[05/18/18, 11:56:02:707] info: Creating node-spellchecker instance
[05/18/18, 11:56:04:758] info: Store: SELECT_CHANNEL DA7HQAB26
[05/18/18, 11:56:05:350] info: Loading dictionary for language en-US
[05/18/18, 11:56:05:350] info: Returning local copy: /home/calvin/.config/Slack/dictionaries/en-US.bdic
[05/18/18, 11:56:05:352] info: Setting current spellchecker to en-US, requested language was en-US
[05/18/18, 11:56:28:214] info: Unloading spellchecker
[05/18/18, 11:56:28:278] info: Unloading spellchecker
[05/18/18, 11:57:17:683] info: Restoring spellchecker
[05/18/18, 11:57:17:684] info: Loading dictionary for language en-US
[05/18/18, 11:57:17:684] info: Returning local copy: /home/calvin/.config/Slack/dictionaries/en-US.bdic
[05/18/18, 11:57:17:757] info: Setting current spellchecker to en-US, requested language was en-US
[05/18/18, 11:57:17:757] info: Creating node-spellchecker instance
[05/18/18, 11:58:20:973] info: Unloading spellchecker
[05/18/18, 11:58:21:052] info: Unloading spellchecker
[05/18/18, 11:58:25:311] warn: Unable to read quiet hours setting: windows-quiet-hours works only on Windows
[05/18/18, 11:58:25:312] warn: Unable to read quiet hours setting: windows-quiet-hours works only on Windows
[05/18/18, 11:58:25:377] info: Store: NEW_NOTIFICATION
{
  "avatarImage": "https://ca.slack-edge.com/T067YHBHB-U9S77JP8B-gc82933b192d-512",
  "channel": "DA7HQAB26",
  "content": "[REDACTED]",
  "id": "G6wAioUQDmWDZJj",
  "imageUri": null,
  "launchUri": "slack://channel?id=DA7HQAB26&message=1526669904.000488&team=T067YHBHB",
  "msg": "1526669904.000488",
  "silent": true,
  "subtitle": "",
  "teamId": "T067YHBHB",
  "title": "[REDACTED]"
}
[05/18/18, 11:58:28:899] warn: Unable to read quiet hours setting: windows-quiet-hours works only on Windows
[05/18/18, 11:58:28:900] warn: Unable to read quiet hours setting: windows-quiet-hours works only on Windows
[05/18/18, 11:58:28:939] info: Store: NEW_NOTIFICATION
{
  "avatarImage": "https://ca.slack-edge.com/T067YHBHB-U9S77JP8B-gc82933b192d-512",
  "channel": "DA7HQAB26",
  "content": "[REDACTED]",
  "id": "Nk7GS5cRAP8ALKr",
  "imageUri": null,
  "launchUri": "slack://channel?id=DA7HQAB26&message=1526669908.000235&team=T067YHBHB",
  "msg": "1526669908.000235",
  "silent": true,
  "subtitle": "",
  "teamId": "T067YHBHB",
  "title": "[REDACTED]"
}
[05/18/18, 11:59:12:836] info: Restoring spellchecker
[05/18/18, 11:59:12:837] info: Loading dictionary for language en-US
[05/18/18, 11:59:12:837] info: Returning local copy: /home/calvin/.config/Slack/dictionaries/en-US.bdic
[05/18/18, 11:59:12:961] info: Setting current spellchecker to en-US, requested language was en-US
[05/18/18, 11:59:12:961] info: Creating node-spellchecker instance
[05/18/18, 11:59:25:806] info: Store: SELECT_CHANNEL C1T6DLC13
[05/18/18, 11:59:28:117] info: Store: SELECT_CHANNEL DA7HQAB26
[05/18/18, 11:59:28:745] info: Loading dictionary for language en-US
[05/18/18, 11:59:28:746] info: Returning local copy: /home/calvin/.config/Slack/dictionaries/en-US.bdic
[05/18/18, 11:59:28:791] info: Setting current spellchecker to en-US, requested language was en-US
[05/18/18, 11:59:29:637] info: Loading dictionary for language en-US
[05/18/18, 11:59:29:637] info: Returning local copy: /home/calvin/.config/Slack/dictionaries/en-US.bdic
[05/18/18, 11:59:29:640] info: Setting current spellchecker to en-US, requested language was en-US
[05/18/18, 12:00:05:172] info: Unloading spellchecker
[05/18/18, 12:00:05:179] info: Unloading spellchecker
[05/18/18, 12:00:07:629] info: Restoring spellchecker
[05/18/18, 12:00:07:630] info: Loading dictionary for language en-US
[05/18/18, 12:00:07:631] info: Returning local copy: /home/calvin/.config/Slack/dictionaries/en-US.bdic
[05/18/18, 12:00:07:678] info: Setting current spellchecker to en-US, requested language was en-US
[05/18/18, 12:00:07:678] info: Creating node-spellchecker instance
[05/18/18, 12:00:08:915] info: Unloading spellchecker
[05/18/18, 12:00:08:918] info: Unloading spellchecker
[05/18/18, 12:00:39:431] info: Restoring spellchecker
[05/18/18, 12:00:39:432] info: Loading dictionary for language en-US
[05/18/18, 12:00:39:432] info: Returning local copy: /home/calvin/.config/Slack/dictionaries/en-US.bdic
[05/18/18, 12:00:39:472] info: Setting current spellchecker to en-US, requested language was en-US
[05/18/18, 12:00:39:473] info: Creating node-spellchecker instance
[05/18/18, 12:01:05:480] info: Unloading spellchecker
[05/18/18, 12:01:05:481] info: Unloading spellchecker
[05/18/18, 12:01:06:679] info: Restoring spellchecker
[05/18/18, 12:01:06:679] info: Loading dictionary for language en-US
[05/18/18, 12:01:06:680] info: Returning local copy: /home/calvin/.config/Slack/dictionaries/en-US.bdic
[05/18/18, 12:01:06:729] info: Setting current spellchecker to en-US, requested language was en-US
[05/18/18, 12:01:06:729] info: Creating node-spellchecker instance
[05/18/18, 12:02:04:477] info: Unloading spellchecker
[05/18/18, 12:02:04:478] info: Unloading spellchecker
[05/18/18, 12:02:07:546] info: Restoring spellchecker
[05/18/18, 12:02:07:547] info: Loading dictionary for language en-US
[05/18/18, 12:02:07:547] info: Returning local copy: /home/calvin/.config/Slack/dictionaries/en-US.bdic
[05/18/18, 12:02:07:598] info: Setting current spellchecker to en-US, requested language was en-US
[05/18/18, 12:02:07:598] info: Creating node-spellchecker instance
[05/18/18, 12:02:07:670] info: Unloading spellchecker
[05/18/18, 12:02:07:672] info: Unloading spellchecker
[05/18/18, 12:03:41:494] warn: Unable to read quiet hours setting: windows-quiet-hours works only on Windows
[05/18/18, 12:03:41:495] warn: Unable to read quiet hours setting: windows-quiet-hours works only on Windows
[05/18/18, 12:03:41:531] info: Store: NEW_NOTIFICATION
{
  "avatarImage": "https://ca.slack-edge.com/T067YHBHB-U9S77JP8B-gc82933b192d-512",
  "channel": "DA7HQAB26",
  "content": "[REDACTED]",
  "id": "mZ7kS0f9XxLo4VZ",
  "imageUri": null,
  "launchUri": "slack://channel?id=DA7HQAB26&message=1526670220.000642&team=T067YHBHB",
  "msg": "1526670220.000642",
  "silent": true,
  "subtitle": "",
  "teamId": "T067YHBHB",
  "title": "[REDACTED]"
}
[05/18/18, 12:03:49:031] warn: Unable to read quiet hours setting: windows-quiet-hours works only on Windows
[05/18/18, 12:03:49:031] warn: Unable to read quiet hours setting: windows-quiet-hours works only on Windows
[05/18/18, 12:03:49:071] info: Store: NEW_NOTIFICATION
{
  "avatarImage": "https://ca.slack-edge.com/T067YHBHB-U9S77JP8B-gc82933b192d-512",
  "channel": "DA7HQAB26",
  "content": "[REDACTED]",
  "id": "4xW2fLhWGQXmojl",
  "imageUri": null,
  "launchUri": "slack://channel?id=DA7HQAB26&message=1526670228.000357&team=T067YHBHB",
  "msg": "1526670228.000357",
  "silent": true,
  "subtitle": "",
  "teamId": "T067YHBHB",
  "title": "[REDACTED]"
}
[05/18/18, 12:04:25:659] info: Restoring spellchecker
[05/18/18, 12:04:25:660] info: Loading dictionary for language en-US
[05/18/18, 12:04:25:660] info: Returning local copy: /home/calvin/.config/Slack/dictionaries/en-US.bdic
[05/18/18, 12:04:25:795] info: Setting current spellchecker to en-US, requested language was en-US
[05/18/18, 12:04:25:795] info: Creating node-spellchecker instance
[05/18/18, 12:05:01:017] info: Unloading spellchecker
[05/18/18, 12:05:01:018] info: Unloading spellchecker
[05/18/18, 12:05:04:911] warn: Unable to read quiet hours setting: windows-quiet-hours works only on Windows
[05/18/18, 12:05:04:912] warn: Unable to read quiet hours setting: windows-quiet-hours works only on Windows
[05/18/18, 12:05:04:921] info: Store: NEW_NOTIFICATION
{
  "avatarImage": "https://ca.slack-edge.com/T067YHBHB-U9S77JP8B-gc82933b192d-512",
  "channel": "DA7HQAB26",
  "content": "[REDACTED]",
  "id": "XDYPU0ikKoQqMGo",
  "imageUri": null,
  "launchUri": "slack://channel?id=DA7HQAB26&message=1526670304.000267&team=T067YHBHB",
  "msg": "1526670304.000267",
  "silent": true,
  "subtitle": "",
  "teamId": "T067YHBHB",
  "title": "[REDACTED]"
}
[05/18/18, 12:07:21:845] info: Restoring spellchecker
[05/18/18, 12:07:21:846] info: Loading dictionary for language en-US
[05/18/18, 12:07:21:846] info: Returning local copy: /home/calvin/.config/Slack/dictionaries/en-US.bdic
[05/18/18, 12:07:21:970] info: Setting current spellchecker to en-US, requested language was en-US
[05/18/18, 12:07:21:970] info: Creating node-spellchecker instance
[05/18/18, 12:07:22:262] info: Unloading spellchecker
[05/18/18, 12:07:22:263] info: Unloading spellchecker
[05/18/18, 12:07:23:771] info: Restoring spellchecker
[05/18/18, 12:07:23:772] info: Loading dictionary for language en-US
[05/18/18, 12:07:23:772] info: Returning local copy: /home/calvin/.config/Slack/dictionaries/en-US.bdic
[05/18/18, 12:07:23:828] info: Setting current spellchecker to en-US, requested language was en-US
[05/18/18, 12:07:23:829] info: Creating node-spellchecker instance
[05/18/18, 12:08:01:212] info: Unloading spellchecker
[05/18/18, 12:08:01:215] info: Unloading spellchecker
[05/18/18, 12:08:01:746] info: Restoring spellchecker
[05/18/18, 12:08:01:746] info: Loading dictionary for language en-US
[05/18/18, 12:08:01:746] info: Returning local copy: /home/calvin/.config/Slack/dictionaries/en-US.bdic
[05/18/18, 12:08:01:797] info: Setting current spellchecker to en-US, requested language was en-US
[05/18/18, 12:08:01:797] info: Creating node-spellchecker instance
[05/18/18, 12:08:02:144] info: Unloading spellchecker
[05/18/18, 12:08:02:146] info: Unloading spellchecker
[05/18/18, 12:08:02:622] info: Restoring spellchecker
[05/18/18, 12:08:02:623] info: Loading dictionary for language en-US
[05/18/18, 12:08:02:623] info: Returning local copy: /home/calvin/.config/Slack/dictionaries/en-US.bdic
[05/18/18, 12:08:02:669] info: Setting current spellchecker to en-US, requested language was en-US
[05/18/18, 12:08:02:670] info: Creating node-spellchecker instance
[05/18/18, 12:08:03:364] info: Unloading spellchecker
[05/18/18, 12:08:03:365] info: Unloading spellchecker
[05/18/18, 12:08:04:438] warn: Unable to read quiet hours setting: windows-quiet-hours works only on Windows
[05/18/18, 12:08:04:439] warn: Unable to read quiet hours setting: windows-quiet-hours works only on Windows
[05/18/18, 12:08:04:483] info: Store: NEW_NOTIFICATION
{
  "avatarImage": "https://ca.slack-edge.com/T067YHBHB-U9S77JP8B-gc82933b192d-512",
  "channel": "DA7HQAB26",
  "content": "[REDACTED]",
  "id": "73DMtpsNK7kvENx",
  "imageUri": null,
  "launchUri": "slack://channel?id=DA7HQAB26&message=1526670483.000642&team=T067YHBHB",
  "msg": "1526670483.000642",
  "silent": true,
  "subtitle": "",
  "teamId": "T067YHBHB",
  "title": "[REDACTED]"
}
[05/18/18, 12:08:10:019] warn: Unable to read quiet hours setting: windows-quiet-hours works only on Windows
[05/18/18, 12:08:10:020] warn: Unable to read quiet hours setting: windows-quiet-hours works only on Windows
[05/18/18, 12:08:10:061] info: Store: NEW_NOTIFICATION
{
  "avatarImage": "https://ca.slack-edge.com/T067YHBHB-U9S77JP8B-gc82933b192d-512",
  "channel": "DA7HQAB26",
  "content": "[REDACTED]",
  "id": "wpnxUptKrGlYBNG",
  "imageUri": null,
  "launchUri": "slack://channel?id=DA7HQAB26&message=1526670489.000361&team=T067YHBHB",
  "msg": "1526670489.000361",
  "silent": true,
  "subtitle": "",
  "teamId": "T067YHBHB",
  "title": "[REDACTED]"
}
[05/18/18, 12:08:19:149] warn: Unable to read quiet hours setting: windows-quiet-hours works only on Windows
[05/18/18, 12:08:19:150] warn: Unable to read quiet hours setting: windows-quiet-hours works only on Windows
[05/18/18, 12:08:19:181] info: Store: NEW_NOTIFICATION
{
  "avatarImage": "https://ca.slack-edge.com/T067YHBHB-U9S77JP8B-gc82933b192d-512",
  "channel": "DA7HQAB26",
  "content": "[REDACTED]",
  "id": "J6E1iRuL1DKq3QR",
  "imageUri": null,
  "launchUri": "slack://channel?id=DA7HQAB26&message=1526670498.000402&team=T067YHBHB",
  "msg": "1526670498.000402",
  "silent": true,
  "subtitle": "",
  "teamId": "T067YHBHB",
  "title": "[REDACTED]"
}
[05/18/18, 12:08:19:478] info: Restoring spellchecker
[05/18/18, 12:08:19:479] info: Loading dictionary for language en-US
[05/18/18, 12:08:19:479] info: Returning local copy: /home/calvin/.config/Slack/dictionaries/en-US.bdic
[05/18/18, 12:08:19:607] info: Setting current spellchecker to en-US, requested language was en-US
[05/18/18, 12:08:19:608] info: Creating node-spellchecker instance
[05/18/18, 12:08:22:560] info: Unloading spellchecker
[05/18/18, 12:08:22:562] info: Unloading spellchecker
[05/18/18, 12:08:24:271] info: Restoring spellchecker
[05/18/18, 12:08:24:272] info: Loading dictionary for language en-US
[05/18/18, 12:08:24:272] info: Returning local copy: /home/calvin/.config/Slack/dictionaries/en-US.bdic
[05/18/18, 12:08:24:319] info: Setting current spellchecker to en-US, requested language was en-US
[05/18/18, 12:08:24:319] info: Creating node-spellchecker instance
[05/18/18, 12:08:27:953] info: Unloading spellchecker
[05/18/18, 12:08:27:955] info: Unloading spellchecker
[05/18/18, 12:08:29:424] info: Restoring spellchecker
[05/18/18, 12:08:29:425] info: Loading dictionary for language en-US
[05/18/18, 12:08:29:425] info: Returning local copy: /home/calvin/.config/Slack/dictionaries/en-US.bdic
[05/18/18, 12:08:29:482] info: Setting current spellchecker to en-US, requested language was en-US
[05/18/18, 12:08:29:483] info: Creating node-spellchecker instance
[05/18/18, 12:08:29:609] info: Unloading spellchecker
[05/18/18, 12:08:29:610] info: Unloading spellchecker
[05/18/18, 12:08:31:159] info: Restoring spellchecker
[05/18/18, 12:08:31:159] info: Loading dictionary for language en-US
[05/18/18, 12:08:31:159] info: Returning local copy: /home/calvin/.config/Slack/dictionaries/en-US.bdic
[05/18/18, 12:08:31:205] info: Setting current spellchecker to en-US, requested language was en-US
[05/18/18, 12:08:31:206] info: Creating node-spellchecker instance
[05/18/18, 12:08:32:099] info: Unloading spellchecker
[05/18/18, 12:08:32:210] info: Unloading spellchecker
[05/18/18, 12:13:09:478] info: Restoring spellchecker
[05/18/18, 12:13:09:480] info: Loading dictionary for language en-US
[05/18/18, 12:13:09:480] info: Returning local copy: /home/calvin/.config/Slack/dictionaries/en-US.bdic
[05/18/18, 12:13:09:529] info: Setting current spellchecker to en-US, requested language was en-US
[05/18/18, 12:13:09:529] info: Creating node-spellchecker instance
[05/18/18, 12:13:09:808] info: Unloading spellchecker
[05/18/18, 12:13:09:810] info: Unloading spellchecker
[05/18/18, 12:13:10:986] info: Restoring spellchecker
[05/18/18, 12:13:10:988] info: Loading dictionary for language en-US
[05/18/18, 12:13:10:988] info: Returning local copy: /home/calvin/.config/Slack/dictionaries/en-US.bdic
[05/18/18, 12:13:11:037] info: Setting current spellchecker to en-US, requested language was en-US
[05/18/18, 12:13:11:037] info: Creating node-spellchecker instance
[05/18/18, 12:13:11:418] info: Unloading spellchecker
[05/18/18, 12:13:11:419] info: Unloading spellchecker
[05/18/18, 12:14:53:892] info: Restoring spellchecker
[05/18/18, 12:14:53:895] info: Loading dictionary for language en-US
[05/18/18, 12:14:53:896] info: Returning local copy: /home/calvin/.config/Slack/dictionaries/en-US.bdic
[05/18/18, 12:14:53:977] info: Setting current spellchecker to en-US, requested language was en-US
[05/18/18, 12:14:53:977] info: Creating node-spellchecker instance
[05/18/18, 12:14:54:531] info: Unloading spellchecker
[05/18/18, 12:14:54:533] info: Unloading spellchecker
[05/18/18, 12:15:18:290] info: Restoring spellchecker
[05/18/18, 12:15:18:290] info: Loading dictionary for language en-US
[05/18/18, 12:15:18:290] info: Returning local copy: /home/calvin/.config/Slack/dictionaries/en-US.bdic
[05/18/18, 12:15:18:351] info: Setting current spellchecker to en-US, requested language was en-US
[05/18/18, 12:15:18:351] info: Creating node-spellchecker instance
[05/18/18, 12:15:18:622] info: Unloading spellchecker
[05/18/18, 12:15:18:702] info: Unloading spellchecker
[05/18/18, 12:15:19:375] info: Restoring spellchecker
[05/18/18, 12:15:19:377] info: Loading dictionary for language en-US
[05/18/18, 12:15:19:377] info: Returning local copy: /home/calvin/.config/Slack/dictionaries/en-US.bdic
[05/18/18, 12:15:19:432] info: Setting current spellchecker to en-US, requested language was en-US
[05/18/18, 12:15:19:432] info: Creating node-spellchecker instance
[05/18/18, 12:15:21:850] info: Unloading spellchecker
[05/18/18, 12:15:21:851] info: Unloading spellchecker
