[05/17/18, 14:28:52:378] info: ╔═════════════════════════════════════════════════════════════════════════════╗
[05/17/18, 14:28:52:379] info: ║      Slack 3.1.1, linux 4.16.8-1-ARCH on x64 at 05/17/18, 14:28:52:373      ║
[05/17/18, 14:28:52:379] info: ╚═════════════════════════════════════════════════════════════════════════════╝
[05/17/18, 14:28:53:051] info: Initializing local storage instance at path: /home/calvin/.config/Slack/local-settings.json
[05/17/18, 14:28:53:368] info: TraceRecorder: setting up trace recorder, trace will be stored under /home/calvin/.config/Slack/logs/recorded-trace
[05/17/18, 14:28:53:783] warn: BrowserStore: Couldn't access keychain, make note of it
[05/17/18, 14:28:53:791] info: Store: persist/REHYDRATE
[05/17/18, 14:28:53:793] info: initializeMainWindowEpic: Waiting for sign-in
[05/17/18, 14:28:53:794] info: Store: UPDATE_SETTINGS
{
  "isSignedIntoSlackOrg": false
}
[05/17/18, 14:28:53:795] info: UpdaterEpics: Updates disabled because
{
  "reasons": [
    "using Linux"
  ]
}
[05/17/18, 14:28:53:835] error: Couldn't get Linux distro info
[05/17/18, 14:28:54:034] info: Tray Handler: Showing a tray balloon with title: Welcome to Slack!
[05/17/18, 14:28:54:042] info: Store: INITIALIZE_SETTINGS
{
  "releaseChannel": "prod",
  "platformVersion": {
    "major": 4,
    "minor": 16,
    "build": 8
  },
  "isTitleBarHidden": false,
  "isDevMode": false,
  "appVersion": "3.1.1",
  "versionName": "Blackstar",
  "devEnv": null,
  "resourcePath": "/usr/lib/slack/resources/app.asar",
  "webappSrcPath": null,
  "webappParams": null,
  "launchOnStartup": false,
  "openDevToolsOnStart": false,
  "logFile": null,
  "pretendNotReallyWindows10": false,
  "isAeroGlassEnabled": false,
  "isGpuCompositionAvailable": true,
  "linux": {
    "os": "",
    "release": "",
    "desktopEnvironment": ""
  }
}
[05/17/18, 14:28:54:045] info: AutoLoginEpic: Checking for autologin.
[05/17/18, 14:28:54:046] info: AutoLoginEpic: Completed autologin processing — successfully logged in 0 workspaces.
[05/17/18, 14:28:54:046] info: Store: AUTOLOGIN_TEAMS_COMPLETE
[05/17/18, 14:28:54:047] info: signInNewTeamEpic: No teams signed in, showing sign-in window
[05/17/18, 14:28:54:065] info: SignInEpic: Loading URL in new window https://slack.com/signin
[05/17/18, 14:28:54:075] info: Store: UPDATE_SETTINGS
{
  "hasRunApp": true
}
[05/17/18, 14:28:54:079] info: WebContentsMediator: Attaching to new webContents
[05/17/18, 14:28:54:082] info: Store: ADD_WINDOW
{
  "id": 2,
  "type": "main"
}
[05/17/18, 14:28:54:085] info: BrowserViewManager: Starting initialization
[05/17/18, 14:28:54:086] info: BrowserViewManager: Finished initialization
{
  "elapsed": 1
}
[05/17/18, 14:28:54:089] info: PersistSettingsWindowBehavior: Loading windowMetrics
{
  "settings": null
}
[05/17/18, 14:28:54:091] info: PersistSettingsWindowBehavior: Resetting to default window position
{
  "settings": {
    "position": [
      384,
      108
    ],
    "size": [
      1152,
      864
    ]
  }
}
[05/17/18, 14:28:54:092] info: Store: SAVE_WINDOW_SETTINGS
{
  "position": [
    384,
    108
  ],
  "size": [
    1152,
    864
  ]
}
[05/17/18, 14:28:54:117] info: Store: UPDATE_SETTINGS
{
  "PrefSSBFileDownloadPath": "/home/calvin/Downloads"
}
[05/17/18, 14:28:54:119] warn: DownloadListener: Cannot access directory
{
  "downloadsDirectory": "/home/calvin/Downloads"
}
[05/17/18, 14:28:54:120] info: DownloadListener: Downloads directory set to
{
  "downloadsDirectory": "/home/calvin/Downloads"
}
[05/17/18, 14:28:54:121] info: Application: Setting main window ID
{
  "id": 2
}
[05/17/18, 14:28:54:123] info: App: Welcome to Slack 3.1.1 x64
[05/17/18, 14:28:54:124] info: App load time: 2,295873922
[05/17/18, 14:28:54:179] info: Store: SET_FULL_SCREEN
[05/17/18, 14:28:56:653] info: Store: SET_NETWORK_STATUS online
[05/17/18, 14:29:45:203] info: SignInEpic: Received team(s) from the webapp
[05/17/18, 14:29:45:203] info: SignInEpic: Got signal!
[05/17/18, 14:29:45:204] info: SignInEpic: Sign-in window closed
[05/17/18, 14:29:45:210] info: maybeQuitAppAction
{
  "canceledSignIn": false,
  "hasNoTeams": true
}
[05/17/18, 14:29:45:211] info: SignInEpic: End of the road
{
  "action": "ADD_NEW_TEAM"
}
[05/17/18, 14:29:45:212] info: Store: ADD_NEW_TEAM
{
  "id": "U407K859V",
  "name": "[REDACTED]",
  "team_id": "T067YHBHB",
  "team_name": "[REDACTED]",
  "team_url": "[REDACTED]"
}
[05/17/18, 14:29:45:222] info: BrowserViewManager: Creating views for 1 new teams
[05/17/18, 14:29:45:222] info: BrowserViewManager: Activating BrowserView
{
  "teamId": "T067YHBHB"
}
[05/17/18, 14:29:45:223] info: BrowserViewManager: Creating BrowserView
{
  "teamId": "T067YHBHB"
}
[05/17/18, 14:29:45:226] info: WebContentsMediator: Attaching to new webContents
[05/17/18, 14:29:45:230] info: BrowserViewManager: 
+-----------+------+-----+
|           | Full | Min |
|-----------+------+-----+
| T067YHBHB | ✔    |     |
+-----------+------+-----+
[05/17/18, 14:29:45:231] info: Store: UPSERT_WEB_CONTENTS
{
  "id": 3,
  "teamId": "T067YHBHB",
  "state": "unloaded"
}
[05/17/18, 14:29:45:252] info: BrowserViewManager: Activating BrowserView
{
  "teamId": "T067YHBHB"
}
[05/17/18, 14:29:45:257] info: Store: FOREGROUND_APP
[05/17/18, 14:29:45:260] info: initializeMainWindowEpic: Showing main window
{
  "shouldMinimize": false,
  "shouldHide": false
}
[05/17/18, 14:29:45:262] info: Store: MAIN_WINDOW_SHOWN
[05/17/18, 14:29:46:269] info: Store: SAVE_WINDOW_SETTINGS
{
  "size": [
    1896,
    1036
  ],
  "position": [
    12,
    32
  ],
  "isMaximized": false
}
[05/17/18, 14:29:52:849] info: WebContents LifeCycle: webContents:3 from 'unloaded' to 'loaded' took 7604 ms
[05/17/18, 14:29:52:851] info: Store: UPSERT_WEB_CONTENTS
{
  "id": 3,
  "state": "loaded",
  "teamId": "T067YHBHB"
}
[05/17/18, 14:29:53:069] info: Store: UPDATE_SESSION_STATUS
{
  "hasValidSession": true,
  "teamId": "T067YHBHB"
}
[05/17/18, 14:29:53:261] info: Store: SELECT_CHANNEL C067YHBK7
[05/17/18, 14:29:53:267] info: Store: UPDATE_TEAM_LOCALE
{
  "locale": "en-US",
  "teamId": "T067YHBHB"
}
[05/17/18, 14:29:53:271] info: Store: UPDATE_SETTINGS
{
  "locale": "en-US"
}
[05/17/18, 14:29:53:297] info: Store: UPDATE_TEAM_THEME
{
  "teamId": "T067YHBHB",
  "theme": {
    "active_item": "#88C0D0",
    "active_item_text": "#2E3440",
    "active_presence": "#90bc6b",
    "badge": "#81A1C1",
    "column_bg": "#2E3440",
    "hover_item": "#3B4252",
    "menu_bg": "#3B4252",
    "text_color": "#D8DEE9"
  }
}
[05/17/18, 14:29:53:869] info: Store: UPDATE_TEAM_ICONS
{
  "icons": {
    "image_102": "https://slack-files2.s3-us-west-2.amazonaws.com/avatars/2016-03-14/26749067207_3cad9c06d416650f6fa7_102.png",
    "image_132": "https://slack-files2.s3-us-west-2.amazonaws.com/avatars/2016-03-14/26749067207_3cad9c06d416650f6fa7_132.png",
    "image_230": "https://slack-files2.s3-us-west-2.amazonaws.com/avatars/2016-03-14/26749067207_3cad9c06d416650f6fa7_132.png",
    "image_34": "https://slack-files2.s3-us-west-2.amazonaws.com/avatars/2016-03-14/26749067207_3cad9c06d416650f6fa7_34.png",
    "image_44": "https://slack-files2.s3-us-west-2.amazonaws.com/avatars/2016-03-14/26749067207_3cad9c06d416650f6fa7_44.png",
    "image_68": "https://slack-files2.s3-us-west-2.amazonaws.com/avatars/2016-03-14/26749067207_3cad9c06d416650f6fa7_68.png",
    "image_88": "https://slack-files2.s3-us-west-2.amazonaws.com/avatars/2016-03-14/26749067207_3cad9c06d416650f6fa7_88.png",
    "image_original": "https://slack-files2.s3-us-west-2.amazonaws.com/avatars/2016-03-14/26749067207_3cad9c06d416650f6fa7_original.png"
  },
  "teamId": "T067YHBHB"
}
[05/17/18, 14:29:54:084] info: Store: UPDATE_TEAM_LOCALE
{
  "locale": "en-US",
  "teamId": "T067YHBHB"
}
[05/17/18, 14:29:54:092] info: WebContents LifeCycle: webContents:3 from 'loaded' to 'webapp-loaded' took 1242 ms
[05/17/18, 14:29:54:092] info: Store: UPSERT_WEB_CONTENTS
{
  "id": 3,
  "state": "webapp-loaded",
  "teamId": "T067YHBHB"
}
[05/17/18, 14:29:54:927] info: Store: STORE_API_TOKEN
{
  "token": "xoxs-⋯",
  "teamId": "T067YHBHB"
}
[05/17/18, 14:29:55:603] info: WebContentsMediator: Attaching to new webContents
[05/17/18, 14:29:56:216] info: WebContentsMediator: Attaching to new webContents
[05/17/18, 14:30:06:136] info: Store: UPDATE_SETTINGS
{
  "autoHideMenuBar": true
}
[05/17/18, 14:30:12:434] info: Store: SELECT_CHANNEL C1T6DLC13
[05/17/18, 14:30:13:987] info: Store: SELECT_CHANNEL C3M9KFKRR
[05/17/18, 14:30:17:218] info: Store: SELECT_CHANNEL D40802HFY
[05/17/18, 14:30:18:007] info: WebContentsMediator: Attaching to new webContents
[05/17/18, 14:34:47:930] info: Store: SELECT_CHANNEL C1T6DLC13
[05/17/18, 14:34:49:374] info: Store: SELECT_CHANNEL C3M9KFKRR
[05/17/18, 14:35:03:021] info: Store: SAVE_WINDOW_SETTINGS
{
  "size": [
    1896,
    512
  ],
  "position": [
    12,
    32
  ],
  "isMaximized": false
}
[05/17/18, 14:35:04:551] info: Store: SAVE_WINDOW_SETTINGS
{
  "size": [
    1896,
    830
  ],
  "position": [
    12,
    32
  ],
  "isMaximized": false
}
[05/17/18, 14:35:05:583] info: Store: SAVE_WINDOW_SETTINGS
{
  "size": [
    1896,
    724
  ],
  "position": [
    12,
    32
  ],
  "isMaximized": false
}
[05/17/18, 14:35:21:641] info: WindowCloseBehavior: Attempted to close the window, hiding due to run from tray
[05/17/18, 14:35:21:647] info: Store: UPDATE_SETTINGS
{
  "hasRunFromTray": true
}
[05/17/18, 14:35:21:651] info: Store: SHOW_TRAY_BALLOON
{
  "title": "Why didn’t Slack quit?",
  "content": "Slack’s set to stay running in the notification area. To change this, visit Preferences > Linux App."
}
[05/17/18, 14:35:21:654] info: Tray Handler: Showing a tray balloon with title: Why didn’t Slack quit?
[05/17/18, 14:35:21:666] info: Store: SET_FULL_SCREEN
[05/17/18, 14:35:26:947] info: Main: Received /usr/bin/slack from another instance
[05/17/18, 14:35:26:948] info: App: Otherwise signaled, foregrounding.
[05/17/18, 14:35:26:948] info: Store: FOREGROUND_APP
[05/17/18, 14:35:27:965] info: Store: SAVE_WINDOW_SETTINGS
{
  "size": [
    1896,
    1036
  ],
  "position": [
    12,
    32
  ],
  "isMaximized": false
}
[05/17/18, 14:35:30:203] info: Store: SAVE_WINDOW_SETTINGS
{
  "size": [
    1896,
    512
  ],
  "position": [
    12,
    32
  ],
  "isMaximized": false
}
[05/17/18, 14:35:34:522] info: Store: UPDATE_SETTINGS
{
  "autoHideMenuBar": false
}
[05/17/18, 14:35:38:755] info: Store: SAVE_WINDOW_SETTINGS
{
  "size": [
    1896,
    724
  ],
  "position": [
    12,
    32
  ],
  "isMaximized": false
}
[05/17/18, 14:35:40:247] info: Store: SAVE_WINDOW_SETTINGS
{
  "size": [
    1896,
    1036
  ],
  "position": [
    12,
    32
  ],
  "isMaximized": false
}
[05/17/18, 14:42:33:186] info: Store: SELECT_CHANNEL G141EDDGB
[05/17/18, 14:42:35:314] info: WebContentsMediator: Attaching to new webContents
[05/17/18, 14:42:35:395] info: Store: SELECT_CHANNEL C8YBF5TRU
[05/17/18, 14:45:23:148] info: Store: SELECT_CHANNEL C0VANEHDG
[05/17/18, 14:47:11:477] info: Store: SELECT_CHANNEL D46H8TMU0
[05/17/18, 14:47:13:490] info: WebContentsMediator: Attaching to new webContents
[05/17/18, 14:47:41:054] info: Store: SELECT_CHANNEL C3UKC29PZ
[05/17/18, 14:47:43:075] info: WebContentsMediator: Attaching to new webContents
[05/17/18, 14:48:11:540] info: Store: SAVE_WINDOW_SETTINGS
{
  "size": [
    1896,
    1036
  ],
  "position": [
    12,
    32
  ],
  "isMaximized": false
}
[05/17/18, 14:49:29:721] info: Store: SELECT_CHANNEL C1T6DLC13
[05/17/18, 14:56:49:262] info: Store: SELECT_CHANNEL C3M9KFKRR
[05/17/18, 15:00:46:181] info: Store: SAVE_WINDOW_SETTINGS
{
  "size": [
    1896,
    1056
  ],
  "position": [
    12,
    12
  ],
  "isMaximized": false
}
[05/17/18, 15:01:28:056] info: Store: SAVE_WINDOW_SETTINGS
{
  "size": [
    1896,
    1036
  ],
  "position": [
    12,
    32
  ],
  "isMaximized": false
}
[05/17/18, 15:06:43:593] info: Store: SELECT_CHANNEL C3UKC29PZ
[05/17/18, 15:06:43:842] info: WebContentsMediator: Attaching to new webContents
[05/17/18, 15:11:16:685] info: Store: SELECT_CHANNEL C0VANEHDG
[05/17/18, 15:11:36:393] info: Store: SAVE_WINDOW_SETTINGS
{
  "size": [
    1896,
    1056
  ],
  "position": [
    12,
    12
  ],
  "isMaximized": false
}
[05/17/18, 15:14:38:953] info: Store: SAVE_WINDOW_SETTINGS
{
  "size": [
    1896,
    1036
  ],
  "position": [
    12,
    32
  ],
  "isMaximized": false
}
[05/17/18, 15:15:41:654] info: Store: NEW_NOTIFICATION
{
  "avatarImage": "https://ca.slack-edge.com/T067YHBHB-U07Q0QWPN-19ec5981e07b-512",
  "channel": "G17P7DJ84",
  "content": "[REDACTED]",
  "id": "nxD0SGhZqoqkp8W",
  "imageUri": null,
  "launchUri": "slack://channel?id=G17P7DJ84&message=1526595342.000102&team=T067YHBHB",
  "msg": "1526595342.000102",
  "silent": true,
  "subtitle": "",
  "teamId": "T067YHBHB",
  "title": "[REDACTED]"
}
[05/17/18, 15:15:41:663] info: Creating new Electron notification.
[05/17/18, 15:15:50:580] info: Store: SELECT_CHANNEL G17P7DJ84
[05/17/18, 15:15:50:667] info: WebContentsMediator: Attaching to new webContents
[05/17/18, 15:15:54:405] info: Store: SELECT_CHANNEL C1T6DLC13
[05/17/18, 15:18:42:897] info: Store: SAVE_WINDOW_SETTINGS
{
  "size": [
    1896,
    1056
  ],
  "position": [
    12,
    12
  ],
  "isMaximized": false
}
[05/17/18, 15:22:35:022] info: Store: SAVE_WINDOW_SETTINGS
{
  "size": [
    1896,
    1036
  ],
  "position": [
    12,
    32
  ],
  "isMaximized": false
}
[05/17/18, 15:22:35:546] info: Store: SELECT_CHANNEL C0VANEHDG
[05/17/18, 15:26:00:186] info: Store: SELECT_CHANNEL C3CLTS2KG
[05/17/18, 15:26:01:713] info: Store: NEW_NOTIFICATION
{
  "avatarImage": "https://ca.slack-edge.com/T067YHBHB-U0L3HS05N-c06f209444e8-512",
  "channel": "D4AEYA7MM",
  "content": "[REDACTED]",
  "id": "lxAlS1iqxvM9Qzy",
  "imageUri": null,
  "launchUri": "slack://channel?id=D4AEYA7MM&message=1526595962.000162&team=T067YHBHB",
  "msg": "1526595962.000162",
  "silent": true,
  "subtitle": "",
  "teamId": "T067YHBHB",
  "title": "[REDACTED]"
}
[05/17/18, 15:26:01:715] info: Creating new Electron notification.
[05/17/18, 15:26:02:593] info: Store: SELECT_CHANNEL G141EDDGB
[05/17/18, 15:26:02:817] info: WebContentsMediator: Attaching to new webContents
[05/17/18, 15:26:04:395] info: Store: SELECT_CHANNEL D4AEYA7MM
[05/17/18, 15:26:12:846] info: Store: NEW_NOTIFICATION
{
  "avatarImage": "https://ca.slack-edge.com/T067YHBHB-U0L3HS05N-c06f209444e8-512",
  "channel": "D4AEYA7MM",
  "content": "[REDACTED]",
  "id": "L7NOtNsmn4Qq6Vr",
  "imageUri": null,
  "launchUri": "slack://channel?id=D4AEYA7MM&message=1526595973.000209&team=T067YHBHB",
  "msg": "1526595973.000209",
  "silent": true,
  "subtitle": "",
  "teamId": "T067YHBHB",
  "title": "[REDACTED]"
}
[05/17/18, 15:26:12:856] info: Creating new Electron notification.
[05/17/18, 15:26:31:239] info: Store: NEW_NOTIFICATION
{
  "avatarImage": "https://ca.slack-edge.com/T067YHBHB-U0L3HS05N-c06f209444e8-512",
  "channel": "D4AEYA7MM",
  "content": "[REDACTED]",
  "id": "6XklfGt50EK6K9x",
  "imageUri": null,
  "launchUri": "slack://channel?id=D4AEYA7MM&message=1526595991.000378&team=T067YHBHB",
  "msg": "1526595991.000378",
  "silent": true,
  "subtitle": "",
  "teamId": "T067YHBHB",
  "title": "[REDACTED]"
}
[05/17/18, 15:26:31:241] info: Creating new Electron notification.
[05/17/18, 15:27:18:698] info: Store: NEW_NOTIFICATION
{
  "avatarImage": "https://ca.slack-edge.com/T067YHBHB-U0L3HS05N-c06f209444e8-512",
  "channel": "D4AEYA7MM",
  "content": "[REDACTED]",
  "id": "Mw0PUzuW87lJ45x",
  "imageUri": null,
  "launchUri": "slack://channel?id=D4AEYA7MM&message=1526596039.000115&team=T067YHBHB",
  "msg": "1526596039.000115",
  "silent": true,
  "subtitle": "",
  "teamId": "T067YHBHB",
  "title": "[REDACTED]"
}
[05/17/18, 15:27:18:701] info: Creating new Electron notification.
[05/17/18, 15:29:13:280] info: Store: NEW_NOTIFICATION
{
  "avatarImage": "https://ca.slack-edge.com/T067YHBHB-U0L3HS05N-c06f209444e8-512",
  "channel": "D4AEYA7MM",
  "content": "[REDACTED]",
  "id": "K1MNuMCAxVDAKzB",
  "imageUri": null,
  "launchUri": "slack://channel?id=D4AEYA7MM&message=1526596153.000264&team=T067YHBHB",
  "msg": "1526596153.000264",
  "silent": true,
  "subtitle": "",
  "teamId": "T067YHBHB",
  "title": "[REDACTED]"
}
[05/17/18, 15:29:13:282] info: Creating new Electron notification.
[05/17/18, 15:29:44:707] info: Store: NEW_NOTIFICATION
{
  "avatarImage": "https://ca.slack-edge.com/T067YHBHB-U0L3HS05N-c06f209444e8-512",
  "channel": "D4AEYA7MM",
  "content": "[REDACTED]",
  "id": "2x6PSRF2YQw9BMv",
  "imageUri": null,
  "launchUri": "slack://channel?id=D4AEYA7MM&message=1526596185.000166&team=T067YHBHB",
  "msg": "1526596185.000166",
  "silent": true,
  "subtitle": "",
  "teamId": "T067YHBHB",
  "title": "[REDACTED]"
}
[05/17/18, 15:29:44:710] info: Creating new Electron notification.
[05/17/18, 15:31:30:378] info: Store: SELECT_CHANNEL C0VANEHDG
[05/17/18, 15:31:31:869] info: Store: SELECT_CHANNEL C3CLTS2KG
[05/17/18, 15:32:36:785] info: Store: NEW_NOTIFICATION
{
  "avatarImage": "https://ca.slack-edge.com/T067YHBHB-U0L3HS05N-c06f209444e8-512",
  "channel": "D4AEYA7MM",
  "content": "[REDACTED]",
  "id": "5QjkiRH203rN2zO",
  "imageUri": null,
  "launchUri": "slack://channel?id=D4AEYA7MM&message=1526596357.000212&team=T067YHBHB",
  "msg": "1526596357.000212",
  "silent": true,
  "subtitle": "",
  "teamId": "T067YHBHB",
  "title": "[REDACTED]"
}
[05/17/18, 15:32:36:790] info: Creating new Electron notification.
[05/17/18, 15:32:42:370] info: Store: SELECT_CHANNEL D4AEYA7MM
[05/17/18, 15:32:42:589] info: WebContentsMediator: Attaching to new webContents
[05/17/18, 15:40:51:238] info: Store: NEW_NOTIFICATION
{
  "avatarImage": "https://ca.slack-edge.com/T067YHBHB-U0L3HS05N-c06f209444e8-512",
  "channel": "D4AEYA7MM",
  "content": "[REDACTED]",
  "id": "6XklfZI50EKlrwg",
  "imageUri": null,
  "launchUri": "slack://channel?id=D4AEYA7MM&message=1526596851.000403&team=T067YHBHB",
  "msg": "1526596851.000403",
  "silent": true,
  "subtitle": "",
  "teamId": "T067YHBHB",
  "title": "[REDACTED]"
}
[05/17/18, 15:40:51:241] info: Creating new Electron notification.
[05/17/18, 15:41:25:352] info: Store: NEW_NOTIFICATION
{
  "avatarImage": "https://ca.slack-edge.com/T067YHBHB-U0L3HS05N-c06f209444e8-512",
  "channel": "D4AEYA7MM",
  "content": "[REDACTED]",
  "id": "91nouASOXVy22oM",
  "imageUri": null,
  "launchUri": "slack://channel?id=D4AEYA7MM&message=1526596886.000014&team=T067YHBHB",
  "msg": "1526596886.000014",
  "silent": true,
  "subtitle": "",
  "teamId": "T067YHBHB",
  "title": "[REDACTED]"
}
[05/17/18, 15:41:25:354] info: Creating new Electron notification.
[05/17/18, 16:08:01:956] info: Store: SELECT_CHANNEL C0VANEHDG
[05/17/18, 16:15:29:293] info: Store: SELECT_CHANNEL D4AEYA7MM
[05/17/18, 16:15:29:580] info: WebContentsMediator: Attaching to new webContents
[05/17/18, 16:19:48:042] info: Store: SELECT_CHANNEL C0VANEHDG
[05/17/18, 16:19:51:424] info: Store: SELECT_CHANNEL C1T6DLC13
[05/17/18, 16:23:02:341] info: Store: SELECT_CHANNEL C0VANEHDG
[05/17/18, 16:42:58:253] info: Store: SAVE_WINDOW_SETTINGS
{
  "size": [
    1896,
    1056
  ],
  "position": [
    12,
    12
  ],
  "isMaximized": false
}
[05/17/18, 16:43:20:525] info: Store: SAVE_WINDOW_SETTINGS
{
  "size": [
    1896,
    1036
  ],
  "position": [
    12,
    32
  ],
  "isMaximized": false
}
[05/17/18, 16:43:21:472] info: Store: SELECT_CHANNEL C1T6DLC13
[05/17/18, 16:43:23:234] info: Store: SELECT_CHANNEL C3B0NQZFX
[05/17/18, 16:45:48:414] info: Store: NEW_NOTIFICATION
{
  "avatarImage": null,
  "channel": "C3B0NQZFX",
  "content": "[REDACTED]",
  "id": "lxAlSLTqxv8wOJ8",
  "imageUri": null,
  "launchUri": "slack://channel?id=C3B0NQZFX&message=1526600749.000031&team=T067YHBHB",
  "msg": "1526600749.000031",
  "silent": true,
  "subtitle": "",
  "teamId": "T067YHBHB",
  "title": "[REDACTED]"
}
[05/17/18, 16:45:48:421] info: Creating new Electron notification.
[05/17/18, 16:54:09:631] info: Store: SELECT_CHANNEL D46H8TMU0
[05/17/18, 16:54:09:816] info: WebContentsMediator: Attaching to new webContents
[05/17/18, 16:54:12:507] info: Store: SELECT_CHANNEL C0VANEHDG
[05/17/18, 16:54:24:256] info: Store: NEW_NOTIFICATION
{
  "avatarImage": null,
  "channel": "C3B0NQZFX",
  "content": "[REDACTED]",
  "id": "WL2rtvUnk23MQDM",
  "imageUri": null,
  "launchUri": "slack://channel?id=C3B0NQZFX&message=1526601264.000339&team=T067YHBHB",
  "msg": "1526601264.000339",
  "silent": true,
  "subtitle": "",
  "teamId": "T067YHBHB",
  "title": "[REDACTED]"
}
[05/17/18, 16:54:24:258] info: Creating new Electron notification.
[05/17/18, 16:54:56:756] info: Store: SELECT_CHANNEL C3B0NQZFX
[05/17/18, 17:04:04:071] info: Store: SELECT_CHANNEL C0VANEHDG
[05/17/18, 17:06:17:263] info: Store: SAVE_WINDOW_SETTINGS
{
  "size": [
    1896,
    1024
  ],
  "position": [
    12,
    44
  ],
  "isMaximized": false
}
[05/17/18, 17:06:47:056] info: Store: SAVE_WINDOW_SETTINGS
{
  "size": [
    1896,
    1004
  ],
  "position": [
    12,
    64
  ],
  "isMaximized": false
}
[05/17/18, 17:06:54:400] info: Store: SAVE_WINDOW_SETTINGS
{
  "size": [
    1896,
    1056
  ],
  "position": [
    12,
    12
  ],
  "isMaximized": false
}
[05/17/18, 17:07:00:473] info: Store: SAVE_WINDOW_SETTINGS
{
  "size": [
    1896,
    1036
  ],
  "position": [
    12,
    32
  ],
  "isMaximized": false
}
[05/17/18, 17:08:26:376] info: WindowCloseBehavior: Attempted to close the window, hiding due to run from tray
[05/18/18, 08:47:17:466] info: ╔═════════════════════════════════════════════════════════════════════════════╗
[05/18/18, 08:47:17:469] info: ║      Slack 3.1.1, linux 4.16.8-1-ARCH on x64 at 05/18/18, 08:47:17:459      ║
[05/18/18, 08:47:17:469] info: ╚═════════════════════════════════════════════════════════════════════════════╝
[05/18/18, 08:47:18:588] info: Initializing local storage instance at path: /home/calvin/.config/Slack/local-settings.json
[05/18/18, 08:47:19:208] info: TraceRecorder: setting up trace recorder, trace will be stored under /home/calvin/.config/Slack/logs/recorded-trace
[05/18/18, 08:47:19:994] info: BrowserStore: Keychain access previously denied, don't ask again
[05/18/18, 08:47:20:032] info: Store: persist/REHYDRATE
{
  "appTeams": {
    "selectedTeamId": "T067YHBHB",
    "teamsByIndex": [
      "T067YHBHB"
    ],
    "teamsToSignOut": []
  },
  "dialog": "[REDACTED]",
  "downloads": "[REDACTED]",
  "settings": {
    "appVersion": "3.1.1",
    "versionName": "Blackstar",
    "platform": "linux",
    "platformVersion": {
      "major": 4,
      "minor": 16,
      "build": 8
    },
    "isWin10": false,
    "isBeforeWin10": false,
    "resourcePath": "/usr/lib/slack/resources/app.asar",
    "webappSrcPath": null,
    "webappParams": null,
    "isDevMode": false,
    "devEnv": null,
    "logFile": null,
    "openDevToolsOnStart": false,
    "pretendNotReallyWindows10": false,
    "releaseChannel": "prod",
    "autoHideMenuBar": false,
    "isTitleBarForcedByUser": false,
    "isTitleBarHidden": false,
    "hasRunApp": true,
    "hasRunFromTray": true,
    "reportIssueOnStartup": false,
    "isSignedIntoSlackOrg": false,
    "isGpuCompositionAvailable": true,
    "runFromTray": true,
    "launchOnStartup": false,
    "spellcheckerLanguage": null,
    "zoomLevel": 0,
    "workspaceIdleTimeout": 21600000,
    "whitelistedUrlSchemes": [
      "http:",
      "https:",
      "mailto:",
      "skype:",
      "spotify:",
      "live:",
      "callto:",
      "tel:",
      "im:",
      "sip:",
      "sips:",
      "slack:"
    ],
    "PrefSSBFileDownloadPath": "/home/calvin/Downloads",
    "notificationMethod": null,
    "notificationPlayback": null,
    "notifyPosition": {
      "corner": "bottom_right",
      "display": "same_as_app"
    },
    "locale": "en-US",
    "useHwAcceleration": true,
    "os": false,
    "release": false,
    "desktopEnvironment": false,
    "isAeroGlassEnabled": false,
    "linux": {
      "os": "",
      "release": "",
      "desktopEnvironment": ""
    }
  },
  "teams": "[REDACTED]",
  "windowFrame": {
    "windowSettings": {
      "size": [
        1896,
        1036
      ],
      "position": [
        12,
        32
      ],
      "isMaximized": false
    },
    "isFullScreen": false
  }
}
[05/18/18, 08:47:20:038] info: initializeMainWindowEpic: Waiting for selected team to load
{
  "selectedTeamId": "T067YHBHB"
}
[05/18/18, 08:47:20:040] info: Store: UPDATE_SETTINGS
{
  "isSignedIntoSlackOrg": false
}
[05/18/18, 08:47:20:045] info: UpdaterEpics: Updates disabled because
{
  "reasons": [
    "using Linux"
  ]
}
[05/18/18, 08:47:20:189] error: Couldn't get Linux distro info
[05/18/18, 08:47:20:519] info: Store: INITIALIZE_SETTINGS
{
  "releaseChannel": "prod",
  "platformVersion": {
    "major": 4,
    "minor": 16,
    "build": 8
  },
  "isTitleBarHidden": false,
  "isDevMode": false,
  "appVersion": "3.1.1",
  "versionName": "Blackstar",
  "devEnv": null,
  "resourcePath": "/usr/lib/slack/resources/app.asar",
  "webappSrcPath": null,
  "webappParams": null,
  "launchOnStartup": false,
  "openDevToolsOnStart": false,
  "logFile": null,
  "pretendNotReallyWindows10": false,
  "isAeroGlassEnabled": false,
  "isGpuCompositionAvailable": true,
  "linux": {
    "os": "",
    "release": "",
    "desktopEnvironment": ""
  }
}
[05/18/18, 08:47:20:524] info: AutoLoginEpic: Checking for autologin.
[05/18/18, 08:47:20:525] info: AutoLoginEpic: Completed autologin processing — successfully logged in 0 workspaces.
[05/18/18, 08:47:20:525] info: Store: AUTOLOGIN_TEAMS_COMPLETE
[05/18/18, 08:47:20:536] info: WebContentsMediator: Attaching to new webContents
[05/18/18, 08:47:20:542] info: Store: ADD_WINDOW
{
  "id": 2,
  "type": "main"
}
[05/18/18, 08:47:20:548] info: BrowserViewManager: Starting initialization
[05/18/18, 08:47:20:549] info: BrowserViewManager: Activating BrowserView
{
  "teamId": "T067YHBHB"
}
[05/18/18, 08:47:20:549] info: BrowserViewManager: Creating BrowserView
{
  "teamId": "T067YHBHB"
}
[05/18/18, 08:47:20:552] info: WebContentsMediator: Attaching to new webContents
[05/18/18, 08:47:20:557] info: BrowserViewManager: 
+-----------+------+-----+
|           | Full | Min |
|-----------+------+-----+
| T067YHBHB | ✔    |     |
+-----------+------+-----+
[05/18/18, 08:47:20:558] info: Store: UPSERT_WEB_CONTENTS
{
  "id": 3,
  "teamId": "T067YHBHB",
  "state": "unloaded"
}
[05/18/18, 08:47:20:576] info: BrowserViewManager: Activating BrowserView
{
  "teamId": "T067YHBHB"
}
[05/18/18, 08:47:20:584] info: BrowserViewManager: 
+-----------+------+-----+
|           | Full | Min |
|-----------+------+-----+
| T067YHBHB | ✔    |     |
+-----------+------+-----+
[05/18/18, 08:47:20:584] info: BrowserViewManager: Finished initialization
{
  "elapsed": 36
}
[05/18/18, 08:47:20:590] info: PersistSettingsWindowBehavior: Loading windowMetrics
{
  "settings": {
    "size": [
      1896,
      1036
    ],
    "position": [
      12,
      32
    ],
    "isMaximized": false
  }
}
[05/18/18, 08:47:20:633] info: Application: Setting main window ID
{
  "id": 2
}
[05/18/18, 08:47:20:637] info: App: Welcome to Slack 3.1.1 x64
[05/18/18, 08:47:20:637] info: App load time: 4,175935862
[05/18/18, 08:47:20:778] info: Store: SET_FULL_SCREEN
[05/18/18, 08:47:25:753] info: Store: SET_NETWORK_STATUS online
[05/18/18, 08:47:32:820] info: Store: SELECT_CHANNEL C0VANEHDG
[05/18/18, 08:47:32:828] info: Store: UPDATE_TEAM_LOCALE
{
  "locale": "en-US"
}
[05/18/18, 08:47:32:834] info: Store: UPDATE_SETTINGS
{
  "locale": "en-US"
}
[05/18/18, 08:47:33:636] info: WebContents LifeCycle: webContents:3 from 'unloaded' to 'loaded' took 13072 ms
[05/18/18, 08:47:33:637] info: Store: UPSERT_WEB_CONTENTS
{
  "id": 3,
  "state": "loaded",
  "teamId": "T067YHBHB"
}
[05/18/18, 08:47:33:645] info: initializeMainWindowEpic: Showing main window
{
  "shouldMinimize": false,
  "shouldMaximize": false,
  "shouldHide": false
}
[05/18/18, 08:47:33:650] info: Store: MAIN_WINDOW_SHOWN
[05/18/18, 08:47:33:879] info: Store: UPDATE_SESSION_STATUS
{
  "hasValidSession": true,
  "teamId": "T067YHBHB"
}
[05/18/18, 08:47:34:709] info: Store: UPDATE_TEAM_THEME
{
  "teamId": "T067YHBHB",
  "theme": {
    "active_item": "#88C0D0",
    "active_item_text": "#2E3440",
    "active_presence": "#90bc6b",
    "badge": "#81A1C1",
    "column_bg": "#2E3440",
    "hover_item": "#3B4252",
    "menu_bg": "#3B4252",
    "text_color": "#D8DEE9"
  }
}
[05/18/18, 08:47:35:241] info: Store: UPDATE_TEAM_ICONS
{
  "icons": {
    "image_102": "https://slack-files2.s3-us-west-2.amazonaws.com/avatars/2016-03-14/26749067207_3cad9c06d416650f6fa7_102.png",
    "image_132": "https://slack-files2.s3-us-west-2.amazonaws.com/avatars/2016-03-14/26749067207_3cad9c06d416650f6fa7_132.png",
    "image_230": "https://slack-files2.s3-us-west-2.amazonaws.com/avatars/2016-03-14/26749067207_3cad9c06d416650f6fa7_132.png",
    "image_34": "https://slack-files2.s3-us-west-2.amazonaws.com/avatars/2016-03-14/26749067207_3cad9c06d416650f6fa7_34.png",
    "image_44": "https://slack-files2.s3-us-west-2.amazonaws.com/avatars/2016-03-14/26749067207_3cad9c06d416650f6fa7_44.png",
    "image_68": "https://slack-files2.s3-us-west-2.amazonaws.com/avatars/2016-03-14/26749067207_3cad9c06d416650f6fa7_68.png",
    "image_88": "https://slack-files2.s3-us-west-2.amazonaws.com/avatars/2016-03-14/26749067207_3cad9c06d416650f6fa7_88.png",
    "image_original": "https://slack-files2.s3-us-west-2.amazonaws.com/avatars/2016-03-14/26749067207_3cad9c06d416650f6fa7_original.png"
  },
  "teamId": "T067YHBHB"
}
[05/18/18, 08:47:35:483] info: Store: UPDATE_TEAM_LOCALE
{
  "locale": "en-US",
  "teamId": "T067YHBHB"
}
[05/18/18, 08:47:35:491] info: WebContents LifeCycle: webContents:3 from 'loaded' to 'webapp-loaded' took 1855 ms
[05/18/18, 08:47:35:492] info: Store: UPSERT_WEB_CONTENTS
{
  "id": 3,
  "state": "webapp-loaded",
  "teamId": "T067YHBHB"
}
[05/18/18, 08:47:35:938] info: Store: STORE_API_TOKEN
{
  "token": "xoxs-⋯",
  "teamId": "T067YHBHB"
}
[05/18/18, 08:47:43:308] info: Store: SELECT_CHANNEL G17P7DJ84
[05/18/18, 08:47:44:978] info: WebContentsMediator: Attaching to new webContents
[05/18/18, 08:47:45:322] info: WebContentsMediator: Attaching to new webContents
[05/18/18, 08:47:47:270] info: Store: SELECT_CHANNEL C3M9KFKRR
[05/18/18, 08:47:50:924] info: Store: SELECT_CHANNEL G17P7DJ84
[05/18/18, 08:48:51:146] info: Store: SELECT_CHANNEL C3M9KFKRR
[05/18/18, 08:49:13:518] info: Store: SAVE_WINDOW_SETTINGS
{
  "size": [
    1896,
    1056
  ],
  "position": [
    12,
    12
  ],
  "isMaximized": false
}
[05/18/18, 08:51:07:409] info: Store: SAVE_WINDOW_SETTINGS
{
  "size": [
    1896,
    1036
  ],
  "position": [
    12,
    32
  ],
  "isMaximized": false
}
[05/18/18, 08:53:27:687] info: Store: SAVE_WINDOW_SETTINGS
{
  "size": [
    1896,
    1056
  ],
  "position": [
    12,
    12
  ],
  "isMaximized": false
}
[05/18/18, 08:56:33:130] info: Store: SAVE_WINDOW_SETTINGS
{
  "size": [
    1342,
    724
  ],
  "position": [
    12,
    32
  ],
  "isMaximized": false
}
[05/18/18, 08:58:04:747] info: Store: SAVE_WINDOW_SETTINGS
{
  "size": [
    1896,
    1036
  ],
  "position": [
    12,
    32
  ],
  "isMaximized": false
}
[05/18/18, 09:04:21:200] info: Store: SAVE_WINDOW_SETTINGS
{
  "size": [
    1342,
    744
  ],
  "position": [
    12,
    12
  ],
  "isMaximized": false
}
[05/18/18, 09:07:26:806] info: Store: SAVE_WINDOW_SETTINGS
{
  "size": [
    1896,
    1036
  ],
  "position": [
    12,
    32
  ],
  "isMaximized": false
}
[05/18/18, 09:07:30:193] info: Store: SAVE_WINDOW_SETTINGS
{
  "size": [
    1896,
    1056
  ],
  "position": [
    12,
    12
  ],
  "isMaximized": false
}
[05/18/18, 09:07:47:614] info: Store: SAVE_WINDOW_SETTINGS
{
  "size": [
    1896,
    1036
  ],
  "position": [
    12,
    32
  ],
  "isMaximized": false
}
[05/18/18, 09:10:27:199] info: Store: SELECT_CHANNEL D46H8TMU0
[05/18/18, 09:10:29:217] info: WebContentsMediator: Attaching to new webContents
[05/18/18, 09:13:28:291] info: Store: SELECT_CHANNEL G17P7DJ84
[05/18/18, 09:13:28:586] info: WebContentsMediator: Attaching to new webContents
[05/18/18, 09:13:29:868] info: Store: SELECT_CHANNEL C0VANEHDG
[05/18/18, 09:21:15:728] info: Store: SELECT_CHANNEL C3M9KFKRR
[05/18/18, 09:36:37:897] info: Store: SELECT_CHANNEL C0VANEHDG
[05/18/18, 09:54:44:810] info: Store: SAVE_WINDOW_SETTINGS
{
  "size": [
    1896,
    1056
  ],
  "position": [
    12,
    12
  ],
  "isMaximized": false
}
[05/18/18, 09:54:47:014] info: Store: SAVE_WINDOW_SETTINGS
{
  "size": [
    1896,
    1036
  ],
  "position": [
    12,
    32
  ],
  "isMaximized": false
}
[05/18/18, 09:54:49:779] info: Store: SELECT_CHANNEL G17P7DJ84
[05/18/18, 09:54:50:051] info: WebContentsMediator: Attaching to new webContents
[05/18/18, 09:56:20:806] info: Store: SAVE_WINDOW_SETTINGS
{
  "size": [
    1896,
    1056
  ],
  "position": [
    12,
    12
  ],
  "isMaximized": false
}
[05/18/18, 10:03:10:946] info: Store: SAVE_WINDOW_SETTINGS
{
  "size": [
    1896,
    1036
  ],
  "position": [
    12,
    32
  ],
  "isMaximized": false
}
[05/18/18, 10:15:00:086] info: Store: SELECT_CHANNEL D40802HFY
[05/18/18, 10:15:02:105] info: WebContentsMediator: Attaching to new webContents
[05/18/18, 10:15:08:867] info: Store: NEW_NOTIFICATION
{
  "avatarImage": null,
  "channel": "D4077LK1U",
  "content": "[REDACTED]",
  "id": "QLQEC6hkWlGrmKO",
  "imageUri": null,
  "launchUri": "slack://channel?id=D4077LK1U&message=1526663708.000485&team=T067YHBHB",
  "msg": "1526663708.000485",
  "silent": true,
  "subtitle": "",
  "teamId": "T067YHBHB",
  "title": "[REDACTED]"
}
[05/18/18, 10:15:08:877] info: Creating new Electron notification.
[05/18/18, 10:15:15:777] info: Store: SELECT_CHANNEL D4077LK1U
[05/18/18, 10:15:17:791] info: WebContentsMediator: Attaching to new webContents
[05/18/18, 10:15:21:797] info: Store: SELECT_CHANNEL D40802HFY
[05/18/18, 10:17:23:988] info: Store: NEW_NOTIFICATION
{
  "avatarImage": "https://ca.slack-edge.com/T067YHBHB-U0A2L957A-c4e06a8c3233-512",
  "channel": "D40802HFY",
  "content": "[REDACTED]",
  "id": "9XlMfziOXwG0KP1",
  "imageUri": null,
  "launchUri": "slack://channel?id=D40802HFY&message=1526663843.000474&team=T067YHBHB",
  "msg": "1526663843.000474",
  "silent": true,
  "subtitle": "",
  "teamId": "T067YHBHB",
  "title": "[REDACTED]"
}
[05/18/18, 10:17:23:990] info: Creating new Electron notification.
[05/18/18, 10:17:37:534] info: Store: NEW_NOTIFICATION
{
  "avatarImage": "https://ca.slack-edge.com/T067YHBHB-U0A2L957A-c4e06a8c3233-512",
  "channel": "D40802HFY",
  "content": "[REDACTED]",
  "id": "ZX3QfPsyL3MXkyq",
  "imageUri": null,
  "launchUri": "slack://channel?id=D40802HFY&message=1526663857.000186&team=T067YHBHB",
  "msg": "1526663857.000186",
  "silent": true,
  "subtitle": "",
  "teamId": "T067YHBHB",
  "title": "[REDACTED]"
}
[05/18/18, 10:17:37:536] info: Creating new Electron notification.
[05/18/18, 10:18:54:695] info: Store: NEW_NOTIFICATION
{
  "avatarImage": "https://ca.slack-edge.com/T067YHBHB-U0A2L957A-c4e06a8c3233-512",
  "channel": "D40802HFY",
  "content": "[REDACTED]",
  "id": "PJPDi5tjY8mZ8Dw",
  "imageUri": null,
  "launchUri": "slack://channel?id=D40802HFY&message=1526663934.000280&team=T067YHBHB",
  "msg": "1526663934.000280",
  "silent": true,
  "subtitle": "",
  "teamId": "T067YHBHB",
  "title": "[REDACTED]"
}
[05/18/18, 10:18:54:702] info: Creating new Electron notification.
[05/18/18, 10:18:58:790] info: Store: NEW_NOTIFICATION
{
  "avatarImage": "https://ca.slack-edge.com/T067YHBHB-U0A2L957A-c4e06a8c3233-512",
  "channel": "D40802HFY",
  "content": "[REDACTED]",
  "id": "gXr4fGu3wYyKB29",
  "imageUri": null,
  "launchUri": "slack://channel?id=D40802HFY&message=1526663938.000410&team=T067YHBHB",
  "msg": "1526663938.000410",
  "silent": true,
  "subtitle": "",
  "teamId": "T067YHBHB",
  "title": "[REDACTED]"
}
[05/18/18, 10:18:58:794] info: Creating new Electron notification.
[05/18/18, 10:29:57:159] info: ╔═════════════════════════════════════════════════════════════════════════════╗
[05/18/18, 10:29:57:162] info: ║      Slack 3.1.1, linux 4.16.8-1-ARCH on x64 at 05/18/18, 10:29:57:152      ║
[05/18/18, 10:29:57:163] info: ╚═════════════════════════════════════════════════════════════════════════════╝
[05/18/18, 10:29:58:185] info: Initializing local storage instance at path: /home/calvin/.config/Slack/local-settings.json
[05/18/18, 10:29:58:729] info: TraceRecorder: setting up trace recorder, trace will be stored under /home/calvin/.config/Slack/logs/recorded-trace
[05/18/18, 10:29:59:324] info: BrowserStore: Keychain access previously denied, don't ask again
[05/18/18, 10:29:59:355] info: Store: persist/REHYDRATE
{
  "appTeams": {
    "selectedTeamId": "T067YHBHB",
    "teamsByIndex": [
      "T067YHBHB"
    ],
    "teamsToSignOut": []
  },
  "dialog": "[REDACTED]",
  "downloads": "[REDACTED]",
  "settings": {
    "appVersion": "3.1.1",
    "versionName": "Blackstar",
    "platform": "linux",
    "platformVersion": {
      "major": 4,
      "minor": 16,
      "build": 8
    },
    "isWin10": false,
    "isBeforeWin10": false,
    "resourcePath": "/usr/lib/slack/resources/app.asar",
    "webappSrcPath": null,
    "webappParams": null,
    "isDevMode": false,
    "devEnv": null,
    "logFile": null,
    "openDevToolsOnStart": false,
    "pretendNotReallyWindows10": false,
    "releaseChannel": "prod",
    "autoHideMenuBar": false,
    "isTitleBarForcedByUser": false,
    "isTitleBarHidden": false,
    "hasRunApp": true,
    "hasRunFromTray": true,
    "reportIssueOnStartup": false,
    "isSignedIntoSlackOrg": false,
    "isGpuCompositionAvailable": true,
    "runFromTray": true,
    "launchOnStartup": false,
    "spellcheckerLanguage": null,
    "zoomLevel": 0,
    "workspaceIdleTimeout": 21600000,
    "whitelistedUrlSchemes": [
      "http:",
      "https:",
      "mailto:",
      "skype:",
      "spotify:",
      "live:",
      "callto:",
      "tel:",
      "im:",
      "sip:",
      "sips:",
      "slack:"
    ],
    "PrefSSBFileDownloadPath": "/home/calvin/Downloads",
    "notificationMethod": null,
    "notificationPlayback": null,
    "notifyPosition": {
      "corner": "bottom_right",
      "display": "same_as_app"
    },
    "locale": "en-US",
    "useHwAcceleration": true,
    "os": false,
    "release": false,
    "desktopEnvironment": false,
    "isAeroGlassEnabled": false,
    "linux": {
      "os": "",
      "release": "",
      "desktopEnvironment": ""
    }
  },
  "teams": "[REDACTED]",
  "windowFrame": {
    "windowSettings": {
      "size": [
        1896,
        1036
      ],
      "position": [
        12,
        32
      ],
      "isMaximized": false
    },
    "isFullScreen": false
  }
}
[05/18/18, 10:29:59:359] info: initializeMainWindowEpic: Waiting for selected team to load
{
  "selectedTeamId": "T067YHBHB"
}
[05/18/18, 10:29:59:361] info: Store: UPDATE_SETTINGS
{
  "isSignedIntoSlackOrg": false
}
[05/18/18, 10:29:59:367] info: UpdaterEpics: Updates disabled because
{
  "reasons": [
    "using Linux"
  ]
}
[05/18/18, 10:29:59:492] error: Couldn't get Linux distro info
[05/18/18, 10:29:59:737] info: Store: INITIALIZE_SETTINGS
{
  "releaseChannel": "prod",
  "platformVersion": {
    "major": 4,
    "minor": 16,
    "build": 8
  },
  "isTitleBarHidden": false,
  "isDevMode": false,
  "appVersion": "3.1.1",
  "versionName": "Blackstar",
  "devEnv": null,
  "resourcePath": "/usr/lib/slack/resources/app.asar",
  "webappSrcPath": null,
  "webappParams": null,
  "launchOnStartup": false,
  "openDevToolsOnStart": false,
  "logFile": null,
  "pretendNotReallyWindows10": false,
  "isAeroGlassEnabled": false,
  "isGpuCompositionAvailable": true,
  "linux": {
    "os": "",
    "release": "",
    "desktopEnvironment": ""
  }
}
[05/18/18, 10:29:59:742] info: AutoLoginEpic: Checking for autologin.
[05/18/18, 10:29:59:742] info: AutoLoginEpic: Completed autologin processing — successfully logged in 0 workspaces.
[05/18/18, 10:29:59:743] info: Store: AUTOLOGIN_TEAMS_COMPLETE
[05/18/18, 10:29:59:752] info: WebContentsMediator: Attaching to new webContents
[05/18/18, 10:29:59:758] info: Store: ADD_WINDOW
{
  "id": 2,
  "type": "main"
}
[05/18/18, 10:29:59:763] info: BrowserViewManager: Starting initialization
[05/18/18, 10:29:59:765] info: BrowserViewManager: Activating BrowserView
{
  "teamId": "T067YHBHB"
}
[05/18/18, 10:29:59:765] info: BrowserViewManager: Creating BrowserView
{
  "teamId": "T067YHBHB"
}
[05/18/18, 10:29:59:769] info: WebContentsMediator: Attaching to new webContents
[05/18/18, 10:29:59:774] info: BrowserViewManager: 
+-----------+------+-----+
|           | Full | Min |
|-----------+------+-----+
| T067YHBHB | ✔    |     |
+-----------+------+-----+
[05/18/18, 10:29:59:775] info: Store: UPSERT_WEB_CONTENTS
{
  "id": 3,
  "teamId": "T067YHBHB",
  "state": "unloaded"
}
[05/18/18, 10:29:59:794] info: BrowserViewManager: Activating BrowserView
{
  "teamId": "T067YHBHB"
}
[05/18/18, 10:29:59:801] info: BrowserViewManager: 
+-----------+------+-----+
|           | Full | Min |
|-----------+------+-----+
| T067YHBHB | ✔    |     |
+-----------+------+-----+
[05/18/18, 10:29:59:804] info: BrowserViewManager: Finished initialization
{
  "elapsed": 39
}
[05/18/18, 10:29:59:809] info: PersistSettingsWindowBehavior: Loading windowMetrics
{
  "settings": {
    "size": [
      1896,
      1036
    ],
    "position": [
      12,
      32
    ],
    "isMaximized": false
  }
}
[05/18/18, 10:29:59:882] info: Application: Setting main window ID
{
  "id": 2
}
[05/18/18, 10:29:59:886] info: App: Welcome to Slack 3.1.1 x64
[05/18/18, 10:29:59:886] info: App load time: 3,744568782
[05/18/18, 10:30:00:017] info: Store: SET_FULL_SCREEN
[05/18/18, 10:30:04:783] info: Store: SET_NETWORK_STATUS online
[05/18/18, 10:30:10:927] info: Store: SELECT_CHANNEL D40802HFY
[05/18/18, 10:30:10:934] info: Store: UPDATE_TEAM_LOCALE
{
  "locale": "en-US"
}
[05/18/18, 10:30:10:940] info: Store: UPDATE_SETTINGS
{
  "locale": "en-US"
}
[05/18/18, 10:30:11:548] info: WebContents LifeCycle: webContents:3 from 'unloaded' to 'loaded' took 11769 ms
[05/18/18, 10:30:11:548] info: Store: UPSERT_WEB_CONTENTS
{
  "id": 3,
  "state": "loaded",
  "teamId": "T067YHBHB"
}
[05/18/18, 10:30:11:557] info: initializeMainWindowEpic: Showing main window
{
  "shouldMinimize": false,
  "shouldMaximize": false,
  "shouldHide": false
}
[05/18/18, 10:30:11:559] info: Store: MAIN_WINDOW_SHOWN
[05/18/18, 10:30:11:774] info: Store: UPDATE_SESSION_STATUS
{
  "hasValidSession": true,
  "teamId": "T067YHBHB"
}
[05/18/18, 10:30:12:526] info: Store: UPDATE_TEAM_THEME
{
  "teamId": "T067YHBHB",
  "theme": {
    "active_item": "#88C0D0",
    "active_item_text": "#2E3440",
    "active_presence": "#90bc6b",
    "badge": "#81A1C1",
    "column_bg": "#2E3440",
    "hover_item": "#3B4252",
    "menu_bg": "#3B4252",
    "text_color": "#D8DEE9"
  }
}
[05/18/18, 10:30:12:576] info: Store: SAVE_WINDOW_SETTINGS
{
  "size": [
    942,
    1036
  ],
  "position": [
    966,
    32
  ],
  "isMaximized": false
}
[05/18/18, 10:30:13:089] info: Store: UPDATE_TEAM_ICONS
{
  "icons": {
    "image_102": "https://slack-files2.s3-us-west-2.amazonaws.com/avatars/2016-03-14/26749067207_3cad9c06d416650f6fa7_102.png",
    "image_132": "https://slack-files2.s3-us-west-2.amazonaws.com/avatars/2016-03-14/26749067207_3cad9c06d416650f6fa7_132.png",
    "image_230": "https://slack-files2.s3-us-west-2.amazonaws.com/avatars/2016-03-14/26749067207_3cad9c06d416650f6fa7_132.png",
    "image_34": "https://slack-files2.s3-us-west-2.amazonaws.com/avatars/2016-03-14/26749067207_3cad9c06d416650f6fa7_34.png",
    "image_44": "https://slack-files2.s3-us-west-2.amazonaws.com/avatars/2016-03-14/26749067207_3cad9c06d416650f6fa7_44.png",
    "image_68": "https://slack-files2.s3-us-west-2.amazonaws.com/avatars/2016-03-14/26749067207_3cad9c06d416650f6fa7_68.png",
    "image_88": "https://slack-files2.s3-us-west-2.amazonaws.com/avatars/2016-03-14/26749067207_3cad9c06d416650f6fa7_88.png",
    "image_original": "https://slack-files2.s3-us-west-2.amazonaws.com/avatars/2016-03-14/26749067207_3cad9c06d416650f6fa7_original.png"
  },
  "teamId": "T067YHBHB"
}
[05/18/18, 10:30:13:308] info: Store: UPDATE_TEAM_LOCALE
{
  "locale": "en-US",
  "teamId": "T067YHBHB"
}
[05/18/18, 10:30:13:318] info: WebContents LifeCycle: webContents:3 from 'loaded' to 'webapp-loaded' took 1769 ms
[05/18/18, 10:30:13:318] info: Store: UPSERT_WEB_CONTENTS
{
  "id": 3,
  "state": "webapp-loaded",
  "teamId": "T067YHBHB"
}
[05/18/18, 10:30:13:725] info: Store: STORE_API_TOKEN
{
  "token": "xoxs-⋯",
  "teamId": "T067YHBHB"
}
[05/18/18, 10:30:14:516] info: WebContentsMediator: Attaching to new webContents
[05/18/18, 10:30:16:345] info: Store: SAVE_WINDOW_SETTINGS
{
  "size": [
    1896,
    1036
  ],
  "position": [
    12,
    32
  ],
  "isMaximized": false
}
[05/18/18, 10:30:17:050] info: Store: SELECT_CHANNEL G17P7DJ84
[05/18/18, 10:30:24:961] info: Store: SELECT_CHANNEL C0VANEHDG
[05/18/18, 10:30:27:698] info: Store: SELECT_CHANNEL C1T6DLC13
[05/18/18, 10:30:29:653] info: Store: SELECT_CHANNEL C3CLTS2KG
[05/18/18, 10:32:11:397] info: Store: NEW_NOTIFICATION
{
  "avatarImage": "https://ca.slack-edge.com/T067YHBHB-U4MGR548N-ce75c220302e-512",
  "channel": "C8YBF5TRU",
  "content": "[REDACTED]",
  "id": "PN6GS4hjY8m8qXx",
  "imageUri": null,
  "launchUri": "slack://channel?id=C8YBF5TRU&message=1526664730.000696&team=T067YHBHB",
  "msg": "1526664730.000696",
  "silent": true,
  "subtitle": "",
  "teamId": "T067YHBHB",
  "title": "[REDACTED]"
}
[05/18/18, 10:32:11:408] info: Creating new Electron notification.
[05/18/18, 10:37:05:385] info: Store: SAVE_WINDOW_SETTINGS
{
  "size": [
    1896,
    1036
  ],
  "position": [
    12,
    32
  ],
  "isMaximized": false
}
[05/18/18, 10:37:19:415] info: Store: SELECT_CHANNEL C8YBF5TRU
[05/18/18, 10:37:19:761] info: WebContentsMediator: Attaching to new webContents
[05/18/18, 10:37:41:144] info: Store: SELECT_CHANNEL C3M9KFKRR
[05/18/18, 10:37:42:624] info: Store: SELECT_CHANNEL C0VANEHDG
[05/18/18, 10:44:39:449] info: Store: SELECT_CHANNEL D40802HFY
[05/18/18, 10:44:39:734] info: WebContentsMediator: Attaching to new webContents
[05/18/18, 10:50:11:977] info: Store: SAVE_WINDOW_SETTINGS
{
  "size": [
    1896,
    1056
  ],
  "position": [
    12,
    12
  ],
  "isMaximized": false
}
[05/18/18, 10:55:51:043] info: Store: NEW_NOTIFICATION
{
  "avatarImage": "https://ca.slack-edge.com/T067YHBHB-U2G25RM2A-be84ef4bb96b-512",
  "channel": "D46H8TMU0",
  "content": "[REDACTED]",
  "id": "31Y3UXiDVwOVoVE",
  "imageUri": null,
  "launchUri": "slack://channel?id=D46H8TMU0&message=1526666150.000446&team=T067YHBHB",
  "msg": "1526666150.000446",
  "silent": true,
  "subtitle": "",
  "teamId": "T067YHBHB",
  "title": "[REDACTED]"
}
[05/18/18, 10:55:51:046] info: Creating new Electron notification.
[05/18/18, 10:56:08:245] info: Store: SAVE_WINDOW_SETTINGS
{
  "size": [
    1896,
    1036
  ],
  "position": [
    12,
    32
  ],
  "isMaximized": false
}
[05/18/18, 10:56:08:372] info: Store: SELECT_CHANNEL D46H8TMU0
[05/18/18, 10:56:08:593] info: WebContentsMediator: Attaching to new webContents
[05/18/18, 10:56:30:645] info: Store: NEW_NOTIFICATION
{
  "avatarImage": "https://ca.slack-edge.com/T067YHBHB-U2G25RM2A-be84ef4bb96b-512",
  "channel": "D46H8TMU0",
  "content": "[REDACTED]",
  "id": "AD8rUrsYK6BKEXM",
  "imageUri": null,
  "launchUri": "slack://channel?id=D46H8TMU0&message=1526666190.000085&team=T067YHBHB",
  "msg": "1526666190.000085",
  "silent": true,
  "subtitle": "",
  "teamId": "T067YHBHB",
  "title": "[REDACTED]"
}
[05/18/18, 10:56:30:647] info: Creating new Electron notification.
[05/18/18, 10:57:19:207] info: Store: NEW_NOTIFICATION
{
  "avatarImage": "https://ca.slack-edge.com/T067YHBHB-U2G25RM2A-be84ef4bb96b-512",
  "channel": "D46H8TMU0",
  "content": "[REDACTED]",
  "id": "ERKyf6tPMoyvXLE",
  "imageUri": null,
  "launchUri": "slack://channel?id=D46H8TMU0&message=1526666238.000484&team=T067YHBHB",
  "msg": "1526666238.000484",
  "silent": true,
  "subtitle": "",
  "teamId": "T067YHBHB",
  "title": "[REDACTED]"
}
[05/18/18, 10:57:19:241] info: Creating new Electron notification.
[05/18/18, 10:57:44:432] info: Store: SELECT_CHANNEL G17P7DJ84
[05/18/18, 10:57:44:616] info: WebContentsMediator: Attaching to new webContents
[05/18/18, 10:58:04:029] info: Store: NEW_NOTIFICATION
{
  "avatarImage": "https://ca.slack-edge.com/T067YHBHB-U2G25RM2A-be84ef4bb96b-512",
  "channel": "D46H8TMU0",
  "content": "[REDACTED]",
  "id": "AD8rUEuYK6BxN50",
  "imageUri": null,
  "launchUri": "slack://channel?id=D46H8TMU0&message=1526666283.000407&team=T067YHBHB",
  "msg": "1526666283.000407",
  "silent": true,
  "subtitle": "",
  "teamId": "T067YHBHB",
  "title": "[REDACTED]"
}
[05/18/18, 10:58:04:033] info: Creating new Electron notification.
[05/18/18, 10:58:07:069] info: Store: SELECT_CHANNEL C0VANEHDG
[05/18/18, 10:58:08:992] info: Store: SELECT_CHANNEL G17P7DJ84
[05/18/18, 10:58:09:185] info: WebContentsMediator: Attaching to new webContents
[05/18/18, 10:58:09:250] info: WebContentsMediator: Attaching to new webContents
[05/18/18, 10:58:13:664] info: Store: SELECT_CHANNEL D46H8TMU0
[05/18/18, 10:58:15:194] info: Store: SELECT_CHANNEL C1T6DLC13
[05/18/18, 10:58:16:233] info: Store: SELECT_CHANNEL C3B0NQZFX
[05/18/18, 10:58:40:843] info: Store: NEW_NOTIFICATION
{
  "avatarImage": "https://ca.slack-edge.com/T067YHBHB-U2G25RM2A-be84ef4bb96b-512",
  "channel": "D46H8TMU0",
  "content": "[REDACTED]",
  "id": "OYJGHZCr1XW4lDR",
  "imageUri": null,
  "launchUri": "slack://channel?id=D46H8TMU0&message=1526666320.000235&team=T067YHBHB",
  "msg": "1526666320.000235",
  "silent": true,
  "subtitle": "",
  "teamId": "T067YHBHB",
  "title": "[REDACTED]"
}
[05/18/18, 10:58:40:845] info: Creating new Electron notification.
[05/18/18, 10:59:35:034] info: Store: NEW_NOTIFICATION
{
  "avatarImage": "https://ca.slack-edge.com/T067YHBHB-U2G25RM2A-be84ef4bb96b-512",
  "channel": "D46H8TMU0",
  "content": "[REDACTED]",
  "id": "5yAMIxF20P4mOBm",
  "imageUri": null,
  "launchUri": "slack://channel?id=D46H8TMU0&message=1526666374.000490&team=T067YHBHB",
  "msg": "1526666374.000490",
  "silent": true,
  "subtitle": "",
  "teamId": "T067YHBHB",
  "title": "[REDACTED]"
}
[05/18/18, 10:59:35:036] info: Creating new Electron notification.
[05/18/18, 10:59:41:334] info: Store: SELECT_CHANNEL D46H8TMU0
[05/18/18, 10:59:41:585] info: WebContentsMediator: Attaching to new webContents
[05/18/18, 11:00:19:335] info: Store: SELECT_CHANNEL G17P7DJ84
[05/18/18, 11:00:19:522] info: WebContentsMediator: Attaching to new webContents
[05/18/18, 11:00:20:714] info: Store: SELECT_CHANNEL C0VANEHDG
[05/18/18, 11:00:22:594] info: Store: SELECT_CHANNEL C3M9KFKRR
[05/18/18, 11:00:24:135] info: Store: SELECT_CHANNEL D46H8TMU0
[05/18/18, 11:13:33:190] info: Store: SAVE_WINDOW_SETTINGS
{
  "size": [
    1896,
    1056
  ],
  "position": [
    12,
    12
  ],
  "isMaximized": false
}
[05/18/18, 11:22:09:571] info: Store: SAVE_WINDOW_SETTINGS
{
  "size": [
    1896,
    1036
  ],
  "position": [
    12,
    32
  ],
  "isMaximized": false
}
[05/18/18, 11:22:09:989] info: Store: SELECT_CHANNEL C3M9KFKRR
[05/18/18, 11:22:47:362] info: Store: SELECT_CHANNEL C8YBF5TRU
[05/18/18, 11:22:47:551] info: WebContentsMediator: Attaching to new webContents
[05/18/18, 11:28:38:435] info: Store: SELECT_CHANNEL D40802HFY
[05/18/18, 11:28:38:672] info: WebContentsMediator: Attaching to new webContents
[05/18/18, 11:30:03:545] info: Store: SELECT_CHANNEL C3M9KFKRR
[05/18/18, 11:30:04:975] info: Store: SELECT_TEAM T067YHBHB
[05/18/18, 11:30:04:981] info: Store: FOREGROUND_APP
[05/18/18, 11:30:06:589] info: Store: SELECT_TEAM T067YHBHB
[05/18/18, 11:30:06:594] info: Store: FOREGROUND_APP
[05/18/18, 11:30:40:109] info: Store: SELECT_CHANNEL C0VANEHDG
[05/18/18, 11:31:52:282] info: Store: SELECT_CHANNEL C3B0NQZFX
[05/18/18, 11:31:52:546] info: WebContentsMediator: Attaching to new webContents
[05/18/18, 11:32:48:226] info: Store: SAVE_WINDOW_SETTINGS
{
  "size": [
    1896,
    1056
  ],
  "position": [
    12,
    12
  ],
  "isMaximized": false
}
[05/18/18, 11:37:54:329] info: Store: NEW_NOTIFICATION
{
  "avatarImage": null,
  "channel": "C3B0NQZFX",
  "content": "[REDACTED]",
  "id": "pY9nHyHGl5v0DJQ",
  "imageUri": null,
  "launchUri": "slack://channel?id=C3B0NQZFX&message=1526668673.000586&team=T067YHBHB",
  "msg": "1526668673.000586",
  "silent": true,
  "subtitle": "",
  "teamId": "T067YHBHB",
  "title": "[REDACTED]"
}
[05/18/18, 11:37:54:331] info: Creating new Electron notification.
[05/18/18, 11:47:16:770] info: Store: SAVE_WINDOW_SETTINGS
{
  "size": [
    1896,
    1024
  ],
  "position": [
    12,
    44
  ],
  "isMaximized": false
}
[05/18/18, 11:47:21:117] info: Store: SAVE_WINDOW_SETTINGS
{
  "size": [
    1896,
    1056
  ],
  "position": [
    12,
    12
  ],
  "isMaximized": false
}
[05/18/18, 11:47:32:888] info: Store: SAVE_WINDOW_SETTINGS
{
  "size": [
    1896,
    1036
  ],
  "position": [
    12,
    32
  ],
  "isMaximized": false
}
[05/18/18, 11:48:45:742] info: Store: SAVE_WINDOW_SETTINGS
{
  "size": [
    1896,
    1056
  ],
  "position": [
    12,
    12
  ],
  "isMaximized": false
}
[05/18/18, 11:52:38:120] info: Store: NEW_NOTIFICATION
{
  "avatarImage": "https://ca.slack-edge.com/T067YHBHB-U9S77JP8B-gc82933b192d-512",
  "channel": "DA7HQAB26",
  "content": "[REDACTED]",
  "id": "KrAGfZIAx7QK4qY",
  "imageUri": null,
  "launchUri": "slack://channel?id=DA7HQAB26&message=1526669557.000497&team=T067YHBHB",
  "msg": "1526669557.000497",
  "silent": true,
  "subtitle": "",
  "teamId": "T067YHBHB",
  "title": "[REDACTED]"
}
[05/18/18, 11:52:38:122] info: Creating new Electron notification.
[05/18/18, 11:52:43:212] info: Store: SAVE_WINDOW_SETTINGS
{
  "size": [
    1896,
    1036
  ],
  "position": [
    12,
    32
  ],
  "isMaximized": false
}
[05/18/18, 11:52:44:024] info: Store: SELECT_CHANNEL DA7HQAB26
[05/18/18, 11:52:46:040] info: WebContentsMediator: Attaching to new webContents
[05/18/18, 11:52:59:190] info: Store: UPDATE_SETTINGS
{
  "autoHideMenuBar": true
}
[05/18/18, 11:54:08:899] info: Store: NEW_NOTIFICATION
{
  "avatarImage": "https://ca.slack-edge.com/T067YHBHB-U9S77JP8B-gc82933b192d-512",
  "channel": "DA7HQAB26",
  "content": "[REDACTED]",
  "id": "R68XioSOwLW372m",
  "imageUri": null,
  "launchUri": "slack://channel?id=DA7HQAB26&message=1526669648.000253&team=T067YHBHB",
  "msg": "1526669648.000253",
  "silent": true,
  "subtitle": "",
  "teamId": "T067YHBHB",
  "title": "[REDACTED]"
}
[05/18/18, 11:54:08:902] info: Creating new Electron notification.
[05/18/18, 11:55:52:461] info: Store: SELECT_CHANNEL C0VANEHDG
[05/18/18, 11:55:53:702] info: Store: SELECT_CHANNEL C1T6DLC13
[05/18/18, 11:55:54:877] info: Store: SELECT_CHANNEL C3M9KFKRR
[05/18/18, 11:55:58:447] info: Store: NEW_NOTIFICATION
{
  "avatarImage": "https://ca.slack-edge.com/T067YHBHB-U9S77JP8B-gc82933b192d-512",
  "channel": "DA7HQAB26",
  "content": "[REDACTED]",
  "id": "W6W1i0TnkPBGkn7",
  "imageUri": null,
  "launchUri": "slack://channel?id=DA7HQAB26&message=1526669757.000730&team=T067YHBHB",
  "msg": "1526669757.000730",
  "silent": true,
  "subtitle": "",
  "teamId": "T067YHBHB",
  "title": "[REDACTED]"
}
[05/18/18, 11:55:58:450] info: Creating new Electron notification.
[05/18/18, 11:56:04:565] info: Store: SELECT_CHANNEL DA7HQAB26
[05/18/18, 11:56:04:766] info: WebContentsMediator: Attaching to new webContents
[05/18/18, 11:58:25:352] info: Store: NEW_NOTIFICATION
{
  "avatarImage": "https://ca.slack-edge.com/T067YHBHB-U9S77JP8B-gc82933b192d-512",
  "channel": "DA7HQAB26",
  "content": "[REDACTED]",
  "id": "G6wAioUQDmWDZJj",
  "imageUri": null,
  "launchUri": "slack://channel?id=DA7HQAB26&message=1526669904.000488&team=T067YHBHB",
  "msg": "1526669904.000488",
  "silent": true,
  "subtitle": "",
  "teamId": "T067YHBHB",
  "title": "[REDACTED]"
}
[05/18/18, 11:58:25:355] info: Creating new Electron notification.
[05/18/18, 11:58:28:912] info: Store: NEW_NOTIFICATION
{
  "avatarImage": "https://ca.slack-edge.com/T067YHBHB-U9S77JP8B-gc82933b192d-512",
  "channel": "DA7HQAB26",
  "content": "[REDACTED]",
  "id": "Nk7GS5cRAP8ALKr",
  "imageUri": null,
  "launchUri": "slack://channel?id=DA7HQAB26&message=1526669908.000235&team=T067YHBHB",
  "msg": "1526669908.000235",
  "silent": true,
  "subtitle": "",
  "teamId": "T067YHBHB",
  "title": "[REDACTED]"
}
[05/18/18, 11:58:28:915] info: Creating new Electron notification.
[05/18/18, 11:59:25:587] info: Store: SELECT_CHANNEL C1T6DLC13
[05/18/18, 11:59:27:913] info: Store: SELECT_CHANNEL DA7HQAB26
[05/18/18, 11:59:28:123] info: WebContentsMediator: Attaching to new webContents
[05/18/18, 12:03:41:501] info: Store: NEW_NOTIFICATION
{
  "avatarImage": "https://ca.slack-edge.com/T067YHBHB-U9S77JP8B-gc82933b192d-512",
  "channel": "DA7HQAB26",
  "content": "[REDACTED]",
  "id": "mZ7kS0f9XxLo4VZ",
  "imageUri": null,
  "launchUri": "slack://channel?id=DA7HQAB26&message=1526670220.000642&team=T067YHBHB",
  "msg": "1526670220.000642",
  "silent": true,
  "subtitle": "",
  "teamId": "T067YHBHB",
  "title": "[REDACTED]"
}
[05/18/18, 12:03:41:503] info: Creating new Electron notification.
[05/18/18, 12:03:49:037] info: Store: NEW_NOTIFICATION
{
  "avatarImage": "https://ca.slack-edge.com/T067YHBHB-U9S77JP8B-gc82933b192d-512",
  "channel": "DA7HQAB26",
  "content": "[REDACTED]",
  "id": "4xW2fLhWGQXmojl",
  "imageUri": null,
  "launchUri": "slack://channel?id=DA7HQAB26&message=1526670228.000357&team=T067YHBHB",
  "msg": "1526670228.000357",
  "silent": true,
  "subtitle": "",
  "teamId": "T067YHBHB",
  "title": "[REDACTED]"
}
[05/18/18, 12:03:49:039] info: Creating new Electron notification.
[05/18/18, 12:05:04:916] info: Store: NEW_NOTIFICATION
{
  "avatarImage": "https://ca.slack-edge.com/T067YHBHB-U9S77JP8B-gc82933b192d-512",
  "channel": "DA7HQAB26",
  "content": "[REDACTED]",
  "id": "XDYPU0ikKoQqMGo",
  "imageUri": null,
  "launchUri": "slack://channel?id=DA7HQAB26&message=1526670304.000267&team=T067YHBHB",
  "msg": "1526670304.000267",
  "silent": true,
  "subtitle": "",
  "teamId": "T067YHBHB",
  "title": "[REDACTED]"
}
[05/18/18, 12:05:04:917] info: Creating new Electron notification.
[05/18/18, 12:08:04:445] info: Store: NEW_NOTIFICATION
{
  "avatarImage": "https://ca.slack-edge.com/T067YHBHB-U9S77JP8B-gc82933b192d-512",
  "channel": "DA7HQAB26",
  "content": "[REDACTED]",
  "id": "73DMtpsNK7kvENx",
  "imageUri": null,
  "launchUri": "slack://channel?id=DA7HQAB26&message=1526670483.000642&team=T067YHBHB",
  "msg": "1526670483.000642",
  "silent": true,
  "subtitle": "",
  "teamId": "T067YHBHB",
  "title": "[REDACTED]"
}
[05/18/18, 12:08:04:448] info: Creating new Electron notification.
[05/18/18, 12:08:10:022] info: Store: NEW_NOTIFICATION
{
  "avatarImage": "https://ca.slack-edge.com/T067YHBHB-U9S77JP8B-gc82933b192d-512",
  "channel": "DA7HQAB26",
  "content": "[REDACTED]",
  "id": "wpnxUptKrGlYBNG",
  "imageUri": null,
  "launchUri": "slack://channel?id=DA7HQAB26&message=1526670489.000361&team=T067YHBHB",
  "msg": "1526670489.000361",
  "silent": true,
  "subtitle": "",
  "teamId": "T067YHBHB",
  "title": "[REDACTED]"
}
[05/18/18, 12:08:10:024] info: Creating new Electron notification.
[05/18/18, 12:08:19:152] info: Store: NEW_NOTIFICATION
{
  "avatarImage": "https://ca.slack-edge.com/T067YHBHB-U9S77JP8B-gc82933b192d-512",
  "channel": "DA7HQAB26",
  "content": "[REDACTED]",
  "id": "J6E1iRuL1DKq3QR",
  "imageUri": null,
  "launchUri": "slack://channel?id=DA7HQAB26&message=1526670498.000402&team=T067YHBHB",
  "msg": "1526670498.000402",
  "silent": true,
  "subtitle": "",
  "teamId": "T067YHBHB",
  "title": "[REDACTED]"
}
[05/18/18, 12:08:19:153] info: Creating new Electron notification.
[05/18/18, 13:18:58:556] info: ╔═════════════════════════════════════════════════════════════════════════════╗
[05/18/18, 13:18:58:557] info: ║      Slack 3.1.1, linux 4.16.9-1-ARCH on x64 at 05/18/18, 13:18:58:551      ║
[05/18/18, 13:18:58:557] info: ╚═════════════════════════════════════════════════════════════════════════════╝
[05/18/18, 13:18:59:335] info: Initializing local storage instance at path: /home/calvin/.config/Slack/local-settings.json
[05/18/18, 13:18:59:778] info: TraceRecorder: setting up trace recorder, trace will be stored under /home/calvin/.config/Slack/logs/recorded-trace
[05/18/18, 13:19:00:228] info: BrowserStore: Keychain access previously denied, don't ask again
[05/18/18, 13:19:00:249] info: Store: persist/REHYDRATE
{
  "appTeams": {
    "selectedTeamId": "T067YHBHB",
    "teamsByIndex": [
      "T067YHBHB"
    ],
    "teamsToSignOut": []
  },
  "dialog": "[REDACTED]",
  "downloads": "[REDACTED]",
  "settings": {
    "appVersion": "3.1.1",
    "versionName": "Blackstar",
    "platform": "linux",
    "platformVersion": {
      "major": 4,
      "minor": 16,
      "build": 8
    },
    "isWin10": false,
    "isBeforeWin10": false,
    "resourcePath": "/usr/lib/slack/resources/app.asar",
    "webappSrcPath": null,
    "webappParams": null,
    "isDevMode": false,
    "devEnv": null,
    "logFile": null,
    "openDevToolsOnStart": false,
    "pretendNotReallyWindows10": false,
    "releaseChannel": "prod",
    "autoHideMenuBar": true,
    "isTitleBarForcedByUser": false,
    "isTitleBarHidden": false,
    "hasRunApp": true,
    "hasRunFromTray": true,
    "reportIssueOnStartup": false,
    "isSignedIntoSlackOrg": false,
    "isGpuCompositionAvailable": true,
    "runFromTray": true,
    "launchOnStartup": false,
    "spellcheckerLanguage": null,
    "zoomLevel": 0,
    "workspaceIdleTimeout": 21600000,
    "whitelistedUrlSchemes": [
      "http:",
      "https:",
      "mailto:",
      "skype:",
      "spotify:",
      "live:",
      "callto:",
      "tel:",
      "im:",
      "sip:",
      "sips:",
      "slack:"
    ],
    "PrefSSBFileDownloadPath": "/home/calvin/Downloads",
    "notificationMethod": null,
    "notificationPlayback": null,
    "notifyPosition": {
      "corner": "bottom_right",
      "display": "same_as_app"
    },
    "locale": "en-US",
    "useHwAcceleration": true,
    "os": false,
    "release": false,
    "desktopEnvironment": false,
    "isAeroGlassEnabled": false,
    "linux": {
      "os": "",
      "release": "",
      "desktopEnvironment": ""
    }
  },
  "teams": "[REDACTED]",
  "windowFrame": {
    "windowSettings": {
      "size": [
        1896,
        1036
      ],
      "position": [
        12,
        32
      ],
      "isMaximized": false
    },
    "isFullScreen": false
  }
}
[05/18/18, 13:19:00:252] info: initializeMainWindowEpic: Waiting for selected team to load
{
  "selectedTeamId": "T067YHBHB"
}
[05/18/18, 13:19:00:253] info: Store: UPDATE_SETTINGS
{
  "isSignedIntoSlackOrg": false
}
[05/18/18, 13:19:00:256] info: UpdaterEpics: Updates disabled because
{
  "reasons": [
    "using Linux"
  ]
}
[05/18/18, 13:19:00:385] error: Couldn't get Linux distro info
[05/18/18, 13:19:00:580] info: Store: INITIALIZE_SETTINGS
{
  "releaseChannel": "prod",
  "platformVersion": {
    "major": 4,
    "minor": 16,
    "build": 9
  },
  "isTitleBarHidden": false,
  "isDevMode": false,
  "appVersion": "3.1.1",
  "versionName": "Blackstar",
  "devEnv": null,
  "resourcePath": "/usr/lib/slack/resources/app.asar",
  "webappSrcPath": null,
  "webappParams": null,
  "launchOnStartup": false,
  "openDevToolsOnStart": false,
  "logFile": null,
  "pretendNotReallyWindows10": false,
  "isAeroGlassEnabled": false,
  "isGpuCompositionAvailable": true,
  "linux": {
    "os": "",
    "release": "",
    "desktopEnvironment": ""
  }
}
[05/18/18, 13:19:00:583] info: AutoLoginEpic: Checking for autologin.
[05/18/18, 13:19:00:584] info: AutoLoginEpic: Completed autologin processing — successfully logged in 0 workspaces.
[05/18/18, 13:19:00:584] info: Store: AUTOLOGIN_TEAMS_COMPLETE
[05/18/18, 13:19:00:590] info: WebContentsMediator: Attaching to new webContents
[05/18/18, 13:19:00:593] info: Store: ADD_WINDOW
{
  "id": 2,
  "type": "main"
}
[05/18/18, 13:19:00:597] info: BrowserViewManager: Starting initialization
[05/18/18, 13:19:00:598] info: BrowserViewManager: Activating BrowserView
{
  "teamId": "T067YHBHB"
}
[05/18/18, 13:19:00:598] info: BrowserViewManager: Creating BrowserView
{
  "teamId": "T067YHBHB"
}
[05/18/18, 13:19:00:600] info: WebContentsMediator: Attaching to new webContents
[05/18/18, 13:19:00:605] info: BrowserViewManager: 
+-----------+------+-----+
|           | Full | Min |
|-----------+------+-----+
| T067YHBHB | ✔    |     |
+-----------+------+-----+
[05/18/18, 13:19:00:606] info: Store: UPSERT_WEB_CONTENTS
{
  "id": 3,
  "teamId": "T067YHBHB",
  "state": "unloaded"
}
[05/18/18, 13:19:00:616] info: BrowserViewManager: Activating BrowserView
{
  "teamId": "T067YHBHB"
}
[05/18/18, 13:19:00:620] info: BrowserViewManager: 
+-----------+------+-----+
|           | Full | Min |
|-----------+------+-----+
| T067YHBHB | ✔    |     |
+-----------+------+-----+
[05/18/18, 13:19:00:620] info: BrowserViewManager: Finished initialization
{
  "elapsed": 23
}
[05/18/18, 13:19:00:624] info: PersistSettingsWindowBehavior: Loading windowMetrics
{
  "settings": {
    "size": [
      1896,
      1036
    ],
    "position": [
      12,
      32
    ],
    "isMaximized": false
  }
}
[05/18/18, 13:19:00:652] info: Application: Setting main window ID
{
  "id": 2
}
[05/18/18, 13:19:00:654] info: App: Welcome to Slack 3.1.1 x64
[05/18/18, 13:19:00:655] info: App load time: 2,704701443
[05/18/18, 13:19:00:750] info: Store: SET_FULL_SCREEN
[05/18/18, 13:19:03:499] info: Store: SET_NETWORK_STATUS online
[05/18/18, 13:19:09:052] info: Store: SELECT_CHANNEL DA7HQAB26
[05/18/18, 13:19:09:058] info: Store: UPDATE_TEAM_LOCALE
{
  "locale": "en-US"
}
[05/18/18, 13:19:09:063] info: Store: UPDATE_SETTINGS
{
  "locale": "en-US"
}
[05/18/18, 13:19:09:519] info: WebContents LifeCycle: webContents:3 from 'unloaded' to 'loaded' took 8909 ms
[05/18/18, 13:19:09:519] info: Store: UPSERT_WEB_CONTENTS
{
  "id": 3,
  "state": "loaded",
  "teamId": "T067YHBHB"
}
[05/18/18, 13:19:09:527] info: initializeMainWindowEpic: Showing main window
{
  "shouldMinimize": false,
  "shouldMaximize": false,
  "shouldHide": false
}
[05/18/18, 13:19:09:528] info: Store: MAIN_WINDOW_SHOWN
[05/18/18, 13:19:09:738] info: Store: UPDATE_SESSION_STATUS
{
  "hasValidSession": true,
  "teamId": "T067YHBHB"
}
[05/18/18, 13:19:10:304] info: Store: UPDATE_TEAM_THEME
{
  "teamId": "T067YHBHB",
  "theme": {
    "active_item": "#88C0D0",
    "active_item_text": "#2E3440",
    "active_presence": "#90bc6b",
    "badge": "#81A1C1",
    "column_bg": "#2E3440",
    "hover_item": "#3B4252",
    "menu_bg": "#3B4252",
    "text_color": "#D8DEE9"
  }
}
[05/18/18, 13:19:10:563] info: Store: UPDATE_TEAM_ICONS
{
  "icons": {
    "image_102": "https://slack-files2.s3-us-west-2.amazonaws.com/avatars/2016-03-14/26749067207_3cad9c06d416650f6fa7_102.png",
    "image_132": "https://slack-files2.s3-us-west-2.amazonaws.com/avatars/2016-03-14/26749067207_3cad9c06d416650f6fa7_132.png",
    "image_230": "https://slack-files2.s3-us-west-2.amazonaws.com/avatars/2016-03-14/26749067207_3cad9c06d416650f6fa7_132.png",
    "image_34": "https://slack-files2.s3-us-west-2.amazonaws.com/avatars/2016-03-14/26749067207_3cad9c06d416650f6fa7_34.png",
    "image_44": "https://slack-files2.s3-us-west-2.amazonaws.com/avatars/2016-03-14/26749067207_3cad9c06d416650f6fa7_44.png",
    "image_68": "https://slack-files2.s3-us-west-2.amazonaws.com/avatars/2016-03-14/26749067207_3cad9c06d416650f6fa7_68.png",
    "image_88": "https://slack-files2.s3-us-west-2.amazonaws.com/avatars/2016-03-14/26749067207_3cad9c06d416650f6fa7_88.png",
    "image_original": "https://slack-files2.s3-us-west-2.amazonaws.com/avatars/2016-03-14/26749067207_3cad9c06d416650f6fa7_original.png"
  },
  "teamId": "T067YHBHB"
}
[05/18/18, 13:19:10:752] info: Store: UPDATE_TEAM_LOCALE
{
  "locale": "en-US",
  "teamId": "T067YHBHB"
}
[05/18/18, 13:19:10:760] info: WebContents LifeCycle: webContents:3 from 'loaded' to 'webapp-loaded' took 1242 ms
[05/18/18, 13:19:10:760] info: Store: UPSERT_WEB_CONTENTS
{
  "id": 3,
  "state": "webapp-loaded",
  "teamId": "T067YHBHB"
}
[05/18/18, 13:19:11:087] info: Store: STORE_API_TOKEN
{
  "token": "xoxs-⋯",
  "teamId": "T067YHBHB"
}
[05/18/18, 13:19:12:300] info: WebContentsMediator: Attaching to new webContents
[05/18/18, 13:19:13:688] info: Store: SELECT_CHANNEL D40802HFY
[05/18/18, 13:19:16:924] info: Store: SELECT_CHANNEL C3M9KFKRR
[05/18/18, 14:20:39:925] info: Store: SAVE_WINDOW_SETTINGS
{
  "size": [
    1342,
    744
  ],
  "position": [
    12,
    12
  ],
  "isMaximized": false
}
[05/18/18, 14:21:08:408] info: Store: SAVE_WINDOW_SETTINGS
{
  "size": [
    1896,
    1056
  ],
  "position": [
    12,
    12
  ],
  "isMaximized": false
}
[05/18/18, 14:21:37:908] info: Store: SAVE_WINDOW_SETTINGS
{
  "size": [
    1896,
    1036
  ],
  "position": [
    12,
    32
  ],
  "isMaximized": false
}
[05/18/18, 14:21:38:607] info: Store: SELECT_CHANNEL C11L55KC0
[05/18/18, 14:21:38:717] info: WebContentsMediator: Attaching to new webContents
[05/18/18, 14:27:51:787] info: Store: NEW_NOTIFICATION
{
  "avatarImage": "https://ca.slack-edge.com/T067YHBHB-UAF561FH6-gf0aedfe6185-512",
  "channel": "DAKHB7UCT",
  "content": "[REDACTED]",
  "id": "rL6SAhykYmGpDK",
  "imageUri": null,
  "launchUri": "slack://channel?id=DAKHB7UCT&message=1526678871.000123&team=T067YHBHB",
  "msg": "1526678871.000123",
  "silent": true,
  "subtitle": "",
  "teamId": "T067YHBHB",
  "title": "[REDACTED]"
}
[05/18/18, 14:27:51:794] info: Creating new Electron notification.
[05/18/18, 14:36:04:749] info: Store: SELECT_CHANNEL DAKHB7UCT
[05/18/18, 14:36:05:013] info: WebContentsMediator: Attaching to new webContents
[05/18/18, 14:36:16:630] info: Store: SELECT_CHANNEL C1T6DLC13
[05/18/18, 14:45:03:032] info: Store: SELECT_CHANNEL D40802HFY
[05/18/18, 14:45:03:351] info: WebContentsMediator: Attaching to new webContents
[05/18/18, 14:45:11:649] info: Store: MAIN_WINDOW_FOCUSED
[05/18/18, 14:51:10:348] info: WindowCloseBehavior: Attempted to close the window, hiding due to run from tray
[05/18/18, 14:51:10:357] info: Store: SET_FULL_SCREEN
[05/18/18, 15:26:56:488] info: ╔═════════════════════════════════════════════════════════════════════════════╗
[05/18/18, 15:26:56:489] info: ║      Slack 3.1.1, linux 4.16.9-1-ARCH on x64 at 05/18/18, 15:26:56:483      ║
[05/18/18, 15:26:56:489] info: ╚═════════════════════════════════════════════════════════════════════════════╝
[05/18/18, 15:26:57:196] info: Initializing local storage instance at path: /home/calvin/.config/Slack/local-settings.json
[05/18/18, 15:26:57:548] info: TraceRecorder: setting up trace recorder, trace will be stored under /home/calvin/.config/Slack/logs/recorded-trace
[05/18/18, 15:26:58:163] info: BrowserStore: Keychain access previously denied, don't ask again
[05/18/18, 15:26:58:184] info: Store: persist/REHYDRATE
{
  "appTeams": {
    "selectedTeamId": "T067YHBHB",
    "teamsByIndex": [
      "T067YHBHB"
    ],
    "teamsToSignOut": []
  },
  "dialog": "[REDACTED]",
  "downloads": "[REDACTED]",
  "settings": {
    "appVersion": "3.1.1",
    "versionName": "Blackstar",
    "platform": "linux",
    "platformVersion": {
      "major": 4,
      "minor": 16,
      "build": 9
    },
    "isWin10": false,
    "isBeforeWin10": false,
    "resourcePath": "/usr/lib/slack/resources/app.asar",
    "webappSrcPath": null,
    "webappParams": null,
    "isDevMode": false,
    "devEnv": null,
    "logFile": null,
    "openDevToolsOnStart": false,
    "pretendNotReallyWindows10": false,
    "releaseChannel": "prod",
    "autoHideMenuBar": true,
    "isTitleBarForcedByUser": false,
    "isTitleBarHidden": false,
    "hasRunApp": true,
    "hasRunFromTray": true,
    "reportIssueOnStartup": false,
    "isSignedIntoSlackOrg": false,
    "isGpuCompositionAvailable": true,
    "runFromTray": true,
    "launchOnStartup": false,
    "spellcheckerLanguage": null,
    "zoomLevel": 0,
    "workspaceIdleTimeout": 21600000,
    "whitelistedUrlSchemes": [
      "http:",
      "https:",
      "mailto:",
      "skype:",
      "spotify:",
      "live:",
      "callto:",
      "tel:",
      "im:",
      "sip:",
      "sips:",
      "slack:"
    ],
    "PrefSSBFileDownloadPath": "/home/calvin/Downloads",
    "notificationMethod": null,
    "notificationPlayback": null,
    "notifyPosition": {
      "corner": "bottom_right",
      "display": "same_as_app"
    },
    "locale": "en-US",
    "useHwAcceleration": true,
    "os": false,
    "release": false,
    "desktopEnvironment": false,
    "isAeroGlassEnabled": false,
    "linux": {
      "os": "",
      "release": "",
      "desktopEnvironment": ""
    }
  },
  "teams": "[REDACTED]",
  "windowFrame": {
    "windowSettings": {
      "size": [
        1896,
        1036
      ],
      "position": [
        12,
        32
      ],
      "isMaximized": false
    },
    "isFullScreen": false
  }
}
[05/18/18, 15:26:58:186] info: initializeMainWindowEpic: Waiting for selected team to load
{
  "selectedTeamId": "T067YHBHB"
}
[05/18/18, 15:26:58:187] info: Store: UPDATE_SETTINGS
{
  "isSignedIntoSlackOrg": false
}
[05/18/18, 15:26:58:190] info: UpdaterEpics: Updates disabled because
{
  "reasons": [
    "using Linux"
  ]
}
[05/18/18, 15:26:58:305] error: Couldn't get Linux distro info
[05/18/18, 15:26:58:504] info: Store: INITIALIZE_SETTINGS
{
  "releaseChannel": "prod",
  "platformVersion": {
    "major": 4,
    "minor": 16,
    "build": 9
  },
  "isTitleBarHidden": false,
  "isDevMode": false,
  "appVersion": "3.1.1",
  "versionName": "Blackstar",
  "devEnv": null,
  "resourcePath": "/usr/lib/slack/resources/app.asar",
  "webappSrcPath": null,
  "webappParams": null,
  "launchOnStartup": false,
  "openDevToolsOnStart": false,
  "logFile": null,
  "pretendNotReallyWindows10": false,
  "isAeroGlassEnabled": false,
  "isGpuCompositionAvailable": true,
  "linux": {
    "os": "",
    "release": "",
    "desktopEnvironment": ""
  }
}
[05/18/18, 15:26:58:507] info: AutoLoginEpic: Checking for autologin.
[05/18/18, 15:26:58:507] info: AutoLoginEpic: Completed autologin processing — successfully logged in 0 workspaces.
[05/18/18, 15:26:58:508] info: Store: AUTOLOGIN_TEAMS_COMPLETE
[05/18/18, 15:26:58:513] info: WebContentsMediator: Attaching to new webContents
[05/18/18, 15:26:58:517] info: Store: ADD_WINDOW
{
  "id": 2,
  "type": "main"
}
[05/18/18, 15:26:58:521] info: BrowserViewManager: Starting initialization
[05/18/18, 15:26:58:522] info: BrowserViewManager: Activating BrowserView
{
  "teamId": "T067YHBHB"
}
[05/18/18, 15:26:58:522] info: BrowserViewManager: Creating BrowserView
{
  "teamId": "T067YHBHB"
}
[05/18/18, 15:26:58:524] info: WebContentsMediator: Attaching to new webContents
[05/18/18, 15:26:58:529] info: BrowserViewManager: 
+-----------+------+-----+
|           | Full | Min |
|-----------+------+-----+
| T067YHBHB | ✔    |     |
+-----------+------+-----+
[05/18/18, 15:26:58:530] info: Store: UPSERT_WEB_CONTENTS
{
  "id": 3,
  "teamId": "T067YHBHB",
  "state": "unloaded"
}
[05/18/18, 15:26:58:540] info: BrowserViewManager: Activating BrowserView
{
  "teamId": "T067YHBHB"
}
[05/18/18, 15:26:58:544] info: BrowserViewManager: 
+-----------+------+-----+
|           | Full | Min |
|-----------+------+-----+
| T067YHBHB | ✔    |     |
+-----------+------+-----+
[05/18/18, 15:26:58:544] info: BrowserViewManager: Finished initialization
{
  "elapsed": 23
}
[05/18/18, 15:26:58:548] info: PersistSettingsWindowBehavior: Loading windowMetrics
{
  "settings": {
    "size": [
      1896,
      1036
    ],
    "position": [
      12,
      32
    ],
    "isMaximized": false
  }
}
[05/18/18, 15:26:58:577] info: Application: Setting main window ID
{
  "id": 2
}
[05/18/18, 15:26:58:579] info: App: Welcome to Slack 3.1.1 x64
[05/18/18, 15:26:58:580] info: App load time: 2,678591770
[05/18/18, 15:26:58:677] info: Store: SET_FULL_SCREEN
[05/18/18, 15:27:01:228] info: Store: SET_NETWORK_STATUS online
[05/18/18, 15:27:06:966] info: Store: SELECT_CHANNEL D40802HFY
[05/18/18, 15:27:06:972] info: Store: UPDATE_TEAM_LOCALE
{
  "locale": "en-US"
}
[05/18/18, 15:27:06:976] info: Store: UPDATE_SETTINGS
{
  "locale": "en-US"
}
[05/18/18, 15:27:07:448] info: WebContents LifeCycle: webContents:3 from 'unloaded' to 'loaded' took 8914 ms
[05/18/18, 15:27:07:448] info: Store: UPSERT_WEB_CONTENTS
{
  "id": 3,
  "state": "loaded",
  "teamId": "T067YHBHB"
}
[05/18/18, 15:27:07:454] info: initializeMainWindowEpic: Showing main window
{
  "shouldMinimize": false,
  "shouldMaximize": false,
  "shouldHide": false
}
[05/18/18, 15:27:07:456] info: Store: MAIN_WINDOW_SHOWN
[05/18/18, 15:27:07:669] info: Store: UPDATE_SESSION_STATUS
{
  "hasValidSession": true,
  "teamId": "T067YHBHB"
}
[05/18/18, 15:27:08:209] info: Store: UPDATE_TEAM_THEME
{
  "teamId": "T067YHBHB",
  "theme": {
    "active_item": "#88C0D0",
    "active_item_text": "#2E3440",
    "active_presence": "#90bc6b",
    "badge": "#81A1C1",
    "column_bg": "#2E3440",
    "hover_item": "#3B4252",
    "menu_bg": "#3B4252",
    "text_color": "#D8DEE9"
  }
}
[05/18/18, 15:27:08:770] info: Store: UPDATE_TEAM_ICONS
{
  "icons": {
    "image_102": "https://slack-files2.s3-us-west-2.amazonaws.com/avatars/2016-03-14/26749067207_3cad9c06d416650f6fa7_102.png",
    "image_132": "https://slack-files2.s3-us-west-2.amazonaws.com/avatars/2016-03-14/26749067207_3cad9c06d416650f6fa7_132.png",
    "image_230": "https://slack-files2.s3-us-west-2.amazonaws.com/avatars/2016-03-14/26749067207_3cad9c06d416650f6fa7_132.png",
    "image_34": "https://slack-files2.s3-us-west-2.amazonaws.com/avatars/2016-03-14/26749067207_3cad9c06d416650f6fa7_34.png",
    "image_44": "https://slack-files2.s3-us-west-2.amazonaws.com/avatars/2016-03-14/26749067207_3cad9c06d416650f6fa7_44.png",
    "image_68": "https://slack-files2.s3-us-west-2.amazonaws.com/avatars/2016-03-14/26749067207_3cad9c06d416650f6fa7_68.png",
    "image_88": "https://slack-files2.s3-us-west-2.amazonaws.com/avatars/2016-03-14/26749067207_3cad9c06d416650f6fa7_88.png",
    "image_original": "https://slack-files2.s3-us-west-2.amazonaws.com/avatars/2016-03-14/26749067207_3cad9c06d416650f6fa7_original.png"
  },
  "teamId": "T067YHBHB"
}
[05/18/18, 15:27:08:966] info: Store: UPDATE_TEAM_LOCALE
{
  "locale": "en-US",
  "teamId": "T067YHBHB"
}
[05/18/18, 15:27:08:974] info: WebContents LifeCycle: webContents:3 from 'loaded' to 'webapp-loaded' took 1527 ms
[05/18/18, 15:27:08:975] info: Store: UPSERT_WEB_CONTENTS
{
  "id": 3,
  "state": "webapp-loaded",
  "teamId": "T067YHBHB"
}
[05/18/18, 15:27:09:354] info: Store: STORE_API_TOKEN
{
  "token": "xoxs-⋯",
  "teamId": "T067YHBHB"
}
[05/18/18, 15:27:10:030] info: WebContentsMediator: Attaching to new webContents
[05/18/18, 15:28:04:795] info: Store: NEW_NOTIFICATION
{
  "avatarImage": "https://ca.slack-edge.com/T067YHBHB-U0A2L957A-c4e06a8c3233-512",
  "channel": "D40802HFY",
  "content": "[REDACTED]",
  "id": "1n5UphXZ3K1yQl",
  "imageUri": null,
  "launchUri": "slack://channel?id=D40802HFY&message=1526682484.000250&team=T067YHBHB",
  "msg": "1526682484.000250",
  "silent": true,
  "subtitle": "",
  "teamId": "T067YHBHB",
  "title": "[REDACTED]"
}
[05/18/18, 15:28:04:815] info: Creating new Electron notification.
[05/18/18, 15:28:32:830] info: Store: NEW_NOTIFICATION
{
  "avatarImage": "https://ca.slack-edge.com/T067YHBHB-U0A2L957A-c4e06a8c3233-512",
  "channel": "D40802HFY",
  "content": "[REDACTED]",
  "id": "1n5U6iXZ3K1wYB",
  "imageUri": null,
  "launchUri": "slack://channel?id=D40802HFY&message=1526682512.000298&team=T067YHBHB",
  "msg": "1526682512.000298",
  "silent": true,
  "subtitle": "",
  "teamId": "T067YHBHB",
  "title": "[REDACTED]"
}
[05/18/18, 15:28:32:832] info: Creating new Electron notification.
[05/18/18, 15:29:10:901] info: Store: SAVE_WINDOW_SETTINGS
{
  "size": [
    942,
    1036
  ],
  "position": [
    12,
    32
  ],
  "isMaximized": false
}
[05/18/18, 15:29:14:474] info: Store: NEW_NOTIFICATION
{
  "avatarImage": "https://ca.slack-edge.com/T067YHBHB-U0A2L957A-c4e06a8c3233-512",
  "channel": "D40802HFY",
  "content": "[REDACTED]",
  "id": "Zo5tPsyL39PDry",
  "imageUri": null,
  "launchUri": "slack://channel?id=D40802HFY&message=1526682554.000140&team=T067YHBHB",
  "msg": "1526682554.000140",
  "silent": true,
  "subtitle": "",
  "teamId": "T067YHBHB",
  "title": "[REDACTED]"
}
[05/18/18, 15:29:14:479] info: Creating new Electron notification.
[05/18/18, 15:29:37:490] info: Store: SAVE_WINDOW_SETTINGS
{
  "size": [
    750,
    1036
  ],
  "position": [
    12,
    32
  ],
  "isMaximized": false
}
[05/18/18, 15:29:48:518] info: Store: NEW_NOTIFICATION
{
  "avatarImage": "https://ca.slack-edge.com/T067YHBHB-U0A2L957A-c4e06a8c3233-512",
  "channel": "D40802HFY",
  "content": "[REDACTED]",
  "id": "5rjHWt20PwNP48",
  "imageUri": null,
  "launchUri": "slack://channel?id=D40802HFY&message=1526682588.000172&team=T067YHBHB",
  "msg": "1526682588.000172",
  "silent": true,
  "subtitle": "",
  "teamId": "T067YHBHB",
  "title": "[REDACTED]"
}
[05/18/18, 15:29:48:522] info: Creating new Electron notification.
[05/18/18, 15:31:08:141] info: Store: NEW_NOTIFICATION
{
  "avatarImage": "https://ca.slack-edge.com/T067YHBHB-U0A2L957A-c4e06a8c3233-512",
  "channel": "D40802HFY",
  "content": "[REDACTED]",
  "id": "gGvUGu3wYPKPPL",
  "imageUri": null,
  "launchUri": "slack://channel?id=D40802HFY&message=1526682668.000063&team=T067YHBHB",
  "msg": "1526682668.000063",
  "silent": true,
  "subtitle": "",
  "teamId": "T067YHBHB",
  "title": "[REDACTED]"
}
[05/18/18, 15:31:08:145] info: Creating new Electron notification.
[05/18/18, 15:31:08:394] info: Store: NEW_NOTIFICATION
{
  "avatarImage": "https://ca.slack-edge.com/T067YHBHB-U0A2L957A-c4e06a8c3233-512",
  "channel": "D40802HFY",
  "content": "[REDACTED]",
  "id": "5rjHpC20PwlwBq",
  "imageUri": null,
  "launchUri": "slack://channel?id=D40802HFY&message=1526682668.000144&team=T067YHBHB",
  "msg": "1526682668.000144",
  "silent": true,
  "subtitle": "",
  "teamId": "T067YHBHB",
  "title": "[REDACTED]"
}
[05/18/18, 15:31:08:397] info: Creating new Electron notification.
[05/18/18, 15:31:26:153] info: Store: NEW_NOTIFICATION
{
  "avatarImage": "https://ca.slack-edge.com/T067YHBHB-U0A2L957A-c4e06a8c3233-512",
  "channel": "D40802HFY",
  "content": "[REDACTED]",
  "id": "lmACAFqxKwgWOq",
  "imageUri": null,
  "launchUri": "slack://channel?id=D40802HFY&message=1526682686.000065&team=T067YHBHB",
  "msg": "1526682686.000065",
  "silent": true,
  "subtitle": "",
  "teamId": "T067YHBHB",
  "title": "[REDACTED]"
}
[05/18/18, 15:31:26:159] info: Creating new Electron notification.
[05/18/18, 15:31:31:956] info: Store: NEW_NOTIFICATION
{
  "avatarImage": "https://ca.slack-edge.com/T067YHBHB-U0A2L957A-c4e06a8c3233-512",
  "channel": "D40802HFY",
  "content": "[REDACTED]",
  "id": "7wlsyHNK712M9W",
  "imageUri": null,
  "launchUri": "slack://channel?id=D40802HFY&message=1526682691.000308&team=T067YHBHB",
  "msg": "1526682691.000308",
  "silent": true,
  "subtitle": "",
  "teamId": "T067YHBHB",
  "title": "[REDACTED]"
}
[05/18/18, 15:31:31:964] info: Creating new Electron notification.
[05/18/18, 15:32:32:393] info: Store: SAVE_WINDOW_SETTINGS
{
  "size": [
    1896,
    1036
  ],
  "position": [
    12,
    32
  ],
  "isMaximized": false
}
[05/18/18, 15:41:17:107] info: Store: SAVE_WINDOW_SETTINGS
{
  "size": [
    942,
    1036
  ],
  "position": [
    966,
    32
  ],
  "isMaximized": false
}
[05/18/18, 15:41:20:475] info: Store: SAVE_WINDOW_SETTINGS
{
  "size": [
    1896,
    1036
  ],
  "position": [
    12,
    32
  ],
  "isMaximized": false
}
[05/18/18, 15:45:56:081] info: Store: SELECT_CHANNEL C1T6DLC13
[05/18/18, 15:45:57:864] info: Store: SELECT_CHANNEL C3M9KFKRR
[05/18/18, 15:47:14:107] info: Store: NEW_NOTIFICATION
{
  "avatarImage": "https://ca.slack-edge.com/T067YHBHB-U0A2L957A-c4e06a8c3233-512",
  "channel": "D40802HFY",
  "content": "[REDACTED]",
  "id": "G2GC2IQDmLOqBB",
  "imageUri": null,
  "launchUri": "slack://channel?id=D40802HFY&message=1526683634.000079&team=T067YHBHB",
  "msg": "1526683634.000079",
  "silent": true,
  "subtitle": "",
  "teamId": "T067YHBHB",
  "title": "[REDACTED]"
}
[05/18/18, 15:47:14:109] info: Creating new Electron notification.
[05/18/18, 15:47:29:451] info: Store: SELECT_CHANNEL D40802HFY
[05/18/18, 15:47:29:711] info: WebContentsMediator: Attaching to new webContents
[05/18/18, 15:47:42:979] info: Store: NEW_NOTIFICATION
{
  "avatarImage": "https://ca.slack-edge.com/T067YHBHB-U0A2L957A-c4e06a8c3233-512",
  "channel": "D40802HFY",
  "content": "[REDACTED]",
  "id": "6vkS7S501DkW2y",
  "imageUri": null,
  "launchUri": "slack://channel?id=D40802HFY&message=1526683663.000005&team=T067YHBHB",
  "msg": "1526683663.000005",
  "silent": true,
  "subtitle": "",
  "teamId": "T067YHBHB",
  "title": "[REDACTED]"
}
[05/18/18, 15:47:42:984] info: Creating new Electron notification.
[05/18/18, 15:48:08:583] info: Store: NEW_NOTIFICATION
{
  "avatarImage": "https://ca.slack-edge.com/T067YHBHB-U0A2L957A-c4e06a8c3233-512",
  "channel": "D40802HFY",
  "content": "[REDACTED]",
  "id": "8xmS9TMD6gYyZG",
  "imageUri": null,
  "launchUri": "slack://channel?id=D40802HFY&message=1526683688.000209&team=T067YHBHB",
  "msg": "1526683688.000209",
  "silent": true,
  "subtitle": "",
  "teamId": "T067YHBHB",
  "title": "[REDACTED]"
}
[05/18/18, 15:48:08:588] info: Creating new Electron notification.
[05/18/18, 15:49:17:613] info: Store: NEW_NOTIFICATION
{
  "avatarImage": "https://ca.slack-edge.com/T067YHBHB-U0A2L957A-c4e06a8c3233-512",
  "channel": "D40802HFY",
  "content": "[REDACTED]",
  "id": "wAPSXUKrG3m19B",
  "imageUri": null,
  "launchUri": "slack://channel?id=D40802HFY&message=1526683757.000198&team=T067YHBHB",
  "msg": "1526683757.000198",
  "silent": true,
  "subtitle": "",
  "teamId": "T067YHBHB",
  "title": "[REDACTED]"
}
[05/18/18, 15:49:17:618] info: Creating new Electron notification.
[05/18/18, 15:49:34:120] info: Store: NEW_NOTIFICATION
{
  "avatarImage": "https://ca.slack-edge.com/T067YHBHB-U0A2L957A-c4e06a8c3233-512",
  "channel": "D40802HFY",
  "content": "[REDACTED]",
  "id": "lmACqcqxKwEl56",
  "imageUri": null,
  "launchUri": "slack://channel?id=D40802HFY&message=1526683774.000030&team=T067YHBHB",
  "msg": "1526683774.000030",
  "silent": true,
  "subtitle": "",
  "teamId": "T067YHBHB",
  "title": "[REDACTED]"
}
[05/18/18, 15:49:34:122] info: Creating new Electron notification.
[05/18/18, 15:49:49:059] info: Store: NEW_NOTIFICATION
{
  "avatarImage": "https://ca.slack-edge.com/T067YHBHB-U0A2L957A-c4e06a8c3233-512",
  "channel": "D40802HFY",
  "content": "[REDACTED]",
  "id": "4qgijfWGQLZZL3",
  "imageUri": null,
  "launchUri": "slack://channel?id=D40802HFY&message=1526683789.000042&team=T067YHBHB",
  "msg": "1526683789.000042",
  "silent": true,
  "subtitle": "",
  "teamId": "T067YHBHB",
  "title": "[REDACTED]"
}
[05/18/18, 15:49:49:062] info: Creating new Electron notification.
