[05/18/18, 15:26:59:662] info: ╔═════════════════════════════════════════════════════════════════════════════╗
[05/18/18, 15:26:59:664] info: ║      Slack 3.1.1, linux 4.16.9-1-ARCH on x64 at 05/18/18, 15:26:59:654      ║
[05/18/18, 15:26:59:664] info: ╚═════════════════════════════════════════════════════════════════════════════╝
[05/18/18, 15:26:59:906] info: Initializing local storage instance at path: /home/calvin/.config/Slack/local-settings.json
[05/18/18, 15:27:01:230] info: Store: SET_NETWORK_STATUS online
[05/18/18, 15:27:06:967] info: Store: SELECT_CHANNEL D40802HFY
[05/18/18, 15:27:06:973] info: Store: UPDATE_TEAM_LOCALE
{
  "locale": "en-US"
}
[05/18/18, 15:27:06:977] info: Store: UPDATE_SETTINGS
{
  "locale": "en-US"
}
[05/18/18, 15:27:07:449] info: Store: UPSERT_WEB_CONTENTS
{
  "id": 3,
  "state": "loaded",
  "teamId": "T067YHBHB"
}
[05/18/18, 15:27:07:462] info: Store: MAIN_WINDOW_SHOWN
