[05/17/18, 14:28:54:946] info: ╔═════════════════════════════════════════════════════════════════════════════╗
[05/17/18, 14:28:54:948] info: ║      Slack 3.1.1, linux 4.16.8-1-ARCH on x64 at 05/17/18, 14:28:54:941      ║
[05/17/18, 14:28:54:948] info: ╚═════════════════════════════════════════════════════════════════════════════╝
[05/17/18, 14:28:55:395] info: Initializing local storage instance at path: /home/calvin/.config/Slack/local-settings.json
[05/17/18, 14:28:55:690] info: NetworkStatus: Waiting for network online…
[05/17/18, 14:28:56:249] info: NetworkStatus: Response from api.test
{
  "status": "online"
}
[05/17/18, 14:28:56:654] info: Store: SET_NETWORK_STATUS online
[05/17/18, 14:29:45:214] info: Store: ADD_NEW_TEAM
{
  "id": "U407K859V",
  "name": "[REDACTED]",
  "team_id": "T067YHBHB",
  "team_name": "[REDACTED]",
  "team_url": "[REDACTED]"
}
[05/17/18, 14:29:45:232] info: Store: UPSERT_WEB_CONTENTS
{
  "id": 3,
  "state": "unloaded",
  "teamId": "T067YHBHB"
}
[05/17/18, 14:29:45:277] info: Store: FOREGROUND_APP
[05/17/18, 14:29:45:278] info: Store: MAIN_WINDOW_SHOWN
[05/17/18, 14:29:46:271] info: Store: SAVE_WINDOW_SETTINGS
{
  "isMaximized": false,
  "position": [
    12,
    32
  ],
  "size": [
    1896,
    1036
  ]
}
[05/17/18, 14:29:52:851] info: Store: UPSERT_WEB_CONTENTS
{
  "id": 3,
  "state": "loaded",
  "teamId": "T067YHBHB"
}
[05/17/18, 14:29:53:072] info: Store: UPDATE_SESSION_STATUS
{
  "hasValidSession": true,
  "teamId": "T067YHBHB"
}
[05/17/18, 14:29:53:262] info: Store: SELECT_CHANNEL C067YHBK7
[05/17/18, 14:29:53:268] info: Store: UPDATE_TEAM_LOCALE
{
  "locale": "en-US",
  "teamId": "T067YHBHB"
}
[05/17/18, 14:29:53:271] info: Store: UPDATE_SETTINGS
{
  "locale": "en-US"
}
[05/17/18, 14:29:53:299] info: Store: UPDATE_TEAM_THEME
{
  "teamId": "T067YHBHB",
  "theme": {
    "active_item": "#88C0D0",
    "active_item_text": "#2E3440",
    "active_presence": "#90bc6b",
    "badge": "#81A1C1",
    "column_bg": "#2E3440",
    "hover_item": "#3B4252",
    "menu_bg": "#3B4252",
    "text_color": "#D8DEE9"
  }
}
[05/17/18, 14:29:53:870] info: Store: UPDATE_TEAM_ICONS
{
  "icons": {
    "image_102": "https://slack-files2.s3-us-west-2.amazonaws.com/avatars/2016-03-14/26749067207_3cad9c06d416650f6fa7_102.png",
    "image_132": "https://slack-files2.s3-us-west-2.amazonaws.com/avatars/2016-03-14/26749067207_3cad9c06d416650f6fa7_132.png",
    "image_230": "https://slack-files2.s3-us-west-2.amazonaws.com/avatars/2016-03-14/26749067207_3cad9c06d416650f6fa7_132.png",
    "image_34": "https://slack-files2.s3-us-west-2.amazonaws.com/avatars/2016-03-14/26749067207_3cad9c06d416650f6fa7_34.png",
    "image_44": "https://slack-files2.s3-us-west-2.amazonaws.com/avatars/2016-03-14/26749067207_3cad9c06d416650f6fa7_44.png",
    "image_68": "https://slack-files2.s3-us-west-2.amazonaws.com/avatars/2016-03-14/26749067207_3cad9c06d416650f6fa7_68.png",
    "image_88": "https://slack-files2.s3-us-west-2.amazonaws.com/avatars/2016-03-14/26749067207_3cad9c06d416650f6fa7_88.png",
    "image_original": "https://slack-files2.s3-us-west-2.amazonaws.com/avatars/2016-03-14/26749067207_3cad9c06d416650f6fa7_original.png"
  },
  "teamId": "T067YHBHB"
}
[05/17/18, 14:29:54:085] info: Store: UPDATE_TEAM_LOCALE
{
  "locale": "en-US",
  "teamId": "T067YHBHB"
}
[05/17/18, 14:29:54:093] info: Store: UPSERT_WEB_CONTENTS
{
  "id": 3,
  "state": "webapp-loaded",
  "teamId": "T067YHBHB"
}
[05/17/18, 14:29:54:933] info: Store: STORE_API_TOKEN
{
  "teamId": "T067YHBHB",
  "token": "xoxs-⋯"
}
[05/17/18, 14:30:06:138] info: Store: UPDATE_SETTINGS
{
  "autoHideMenuBar": true
}
[05/17/18, 14:30:12:435] info: Store: SELECT_CHANNEL C1T6DLC13
[05/17/18, 14:30:13:988] info: Store: SELECT_CHANNEL C3M9KFKRR
[05/17/18, 14:30:17:219] info: Store: SELECT_CHANNEL D40802HFY
[05/17/18, 14:34:47:931] info: Store: SELECT_CHANNEL C1T6DLC13
[05/17/18, 14:34:49:375] info: Store: SELECT_CHANNEL C3M9KFKRR
[05/17/18, 14:35:03:024] info: Store: SAVE_WINDOW_SETTINGS
{
  "isMaximized": false,
  "position": [
    12,
    32
  ],
  "size": [
    1896,
    512
  ]
}
[05/17/18, 14:35:04:553] info: Store: SAVE_WINDOW_SETTINGS
{
  "isMaximized": false,
  "position": [
    12,
    32
  ],
  "size": [
    1896,
    830
  ]
}
[05/17/18, 14:35:05:585] info: Store: SAVE_WINDOW_SETTINGS
{
  "isMaximized": false,
  "position": [
    12,
    32
  ],
  "size": [
    1896,
    724
  ]
}
[05/17/18, 14:35:21:650] info: Store: UPDATE_SETTINGS
{
  "hasRunFromTray": true
}
[05/17/18, 14:35:21:652] info: Store: SHOW_TRAY_BALLOON
{
  "content": "Slack’s set to stay running in the notification area. To change this, visit Preferences > Linux App.",
  "title": "Why didn’t Slack quit?"
}
[05/17/18, 14:35:21:666] info: Store: SET_FULL_SCREEN
[05/17/18, 14:35:26:949] info: Store: FOREGROUND_APP
[05/17/18, 14:35:27:967] info: Store: SAVE_WINDOW_SETTINGS
{
  "isMaximized": false,
  "position": [
    12,
    32
  ],
  "size": [
    1896,
    1036
  ]
}
[05/17/18, 14:35:30:205] info: Store: SAVE_WINDOW_SETTINGS
{
  "isMaximized": false,
  "position": [
    12,
    32
  ],
  "size": [
    1896,
    512
  ]
}
[05/17/18, 14:35:34:525] info: Store: UPDATE_SETTINGS
{
  "autoHideMenuBar": false
}
[05/17/18, 14:35:38:757] info: Store: SAVE_WINDOW_SETTINGS
{
  "isMaximized": false,
  "position": [
    12,
    32
  ],
  "size": [
    1896,
    724
  ]
}
[05/17/18, 14:35:40:248] info: Store: SAVE_WINDOW_SETTINGS
{
  "isMaximized": false,
  "position": [
    12,
    32
  ],
  "size": [
    1896,
    1036
  ]
}
[05/17/18, 14:42:33:189] info: Store: SELECT_CHANNEL G141EDDGB
[05/17/18, 14:42:35:397] info: Store: SELECT_CHANNEL C8YBF5TRU
[05/17/18, 14:45:23:150] info: Store: SELECT_CHANNEL C0VANEHDG
[05/17/18, 14:47:11:480] info: Store: SELECT_CHANNEL D46H8TMU0
[05/17/18, 14:47:41:056] info: Store: SELECT_CHANNEL C3UKC29PZ
[05/17/18, 14:48:11:542] info: Store: SAVE_WINDOW_SETTINGS
{
  "isMaximized": false,
  "position": [
    12,
    32
  ],
  "size": [
    1896,
    1036
  ]
}
[05/17/18, 14:49:29:722] info: Store: SELECT_CHANNEL C1T6DLC13
[05/17/18, 14:56:49:264] info: Store: SELECT_CHANNEL C3M9KFKRR
[05/17/18, 15:00:46:183] info: Store: SAVE_WINDOW_SETTINGS
{
  "isMaximized": false,
  "position": [
    12,
    12
  ],
  "size": [
    1896,
    1056
  ]
}
[05/17/18, 15:01:28:058] info: Store: SAVE_WINDOW_SETTINGS
{
  "isMaximized": false,
  "position": [
    12,
    32
  ],
  "size": [
    1896,
    1036
  ]
}
[05/17/18, 15:06:43:594] info: Store: SELECT_CHANNEL C3UKC29PZ
[05/17/18, 15:11:16:686] info: Store: SELECT_CHANNEL C0VANEHDG
[05/17/18, 15:11:36:395] info: Store: SAVE_WINDOW_SETTINGS
{
  "isMaximized": false,
  "position": [
    12,
    12
  ],
  "size": [
    1896,
    1056
  ]
}
[05/17/18, 15:14:38:955] info: Store: SAVE_WINDOW_SETTINGS
{
  "isMaximized": false,
  "position": [
    12,
    32
  ],
  "size": [
    1896,
    1036
  ]
}
[05/17/18, 15:15:41:655] info: Store: NEW_NOTIFICATION
{
  "avatarImage": "https://ca.slack-edge.com/T067YHBHB-U07Q0QWPN-19ec5981e07b-512",
  "channel": "G17P7DJ84",
  "content": "[REDACTED]",
  "id": "nxD0SGhZqoqkp8W",
  "imageUri": null,
  "launchUri": "slack://channel?id=G17P7DJ84&message=1526595342.000102&team=T067YHBHB",
  "msg": "1526595342.000102",
  "silent": true,
  "subtitle": "",
  "teamId": "T067YHBHB",
  "title": "[REDACTED]"
}
[05/17/18, 15:15:50:581] info: Store: SELECT_CHANNEL G17P7DJ84
[05/17/18, 15:15:54:406] info: Store: SELECT_CHANNEL C1T6DLC13
[05/17/18, 15:18:42:898] info: Store: SAVE_WINDOW_SETTINGS
{
  "isMaximized": false,
  "position": [
    12,
    12
  ],
  "size": [
    1896,
    1056
  ]
}
[05/17/18, 15:22:35:024] info: Store: SAVE_WINDOW_SETTINGS
{
  "isMaximized": false,
  "position": [
    12,
    32
  ],
  "size": [
    1896,
    1036
  ]
}
[05/17/18, 15:22:35:547] info: Store: SELECT_CHANNEL C0VANEHDG
[05/17/18, 15:26:00:187] info: Store: SELECT_CHANNEL C3CLTS2KG
[05/17/18, 15:26:01:715] info: Store: NEW_NOTIFICATION
{
  "avatarImage": "https://ca.slack-edge.com/T067YHBHB-U0L3HS05N-c06f209444e8-512",
  "channel": "D4AEYA7MM",
  "content": "[REDACTED]",
  "id": "lxAlS1iqxvM9Qzy",
  "imageUri": null,
  "launchUri": "slack://channel?id=D4AEYA7MM&message=1526595962.000162&team=T067YHBHB",
  "msg": "1526595962.000162",
  "silent": true,
  "subtitle": "",
  "teamId": "T067YHBHB",
  "title": "[REDACTED]"
}
[05/17/18, 15:26:02:594] info: Store: SELECT_CHANNEL G141EDDGB
[05/17/18, 15:26:04:396] info: Store: SELECT_CHANNEL D4AEYA7MM
[05/17/18, 15:26:12:848] info: Store: NEW_NOTIFICATION
{
  "avatarImage": "https://ca.slack-edge.com/T067YHBHB-U0L3HS05N-c06f209444e8-512",
  "channel": "D4AEYA7MM",
  "content": "[REDACTED]",
  "id": "L7NOtNsmn4Qq6Vr",
  "imageUri": null,
  "launchUri": "slack://channel?id=D4AEYA7MM&message=1526595973.000209&team=T067YHBHB",
  "msg": "1526595973.000209",
  "silent": true,
  "subtitle": "",
  "teamId": "T067YHBHB",
  "title": "[REDACTED]"
}
[05/17/18, 15:26:31:254] info: Store: NEW_NOTIFICATION
{
  "avatarImage": "https://ca.slack-edge.com/T067YHBHB-U0L3HS05N-c06f209444e8-512",
  "channel": "D4AEYA7MM",
  "content": "[REDACTED]",
  "id": "6XklfGt50EK6K9x",
  "imageUri": null,
  "launchUri": "slack://channel?id=D4AEYA7MM&message=1526595991.000378&team=T067YHBHB",
  "msg": "1526595991.000378",
  "silent": true,
  "subtitle": "",
  "teamId": "T067YHBHB",
  "title": "[REDACTED]"
}
[05/17/18, 15:27:18:703] info: Store: NEW_NOTIFICATION
{
  "avatarImage": "https://ca.slack-edge.com/T067YHBHB-U0L3HS05N-c06f209444e8-512",
  "channel": "D4AEYA7MM",
  "content": "[REDACTED]",
  "id": "Mw0PUzuW87lJ45x",
  "imageUri": null,
  "launchUri": "slack://channel?id=D4AEYA7MM&message=1526596039.000115&team=T067YHBHB",
  "msg": "1526596039.000115",
  "silent": true,
  "subtitle": "",
  "teamId": "T067YHBHB",
  "title": "[REDACTED]"
}
[05/17/18, 15:29:13:293] info: Store: NEW_NOTIFICATION
{
  "avatarImage": "https://ca.slack-edge.com/T067YHBHB-U0L3HS05N-c06f209444e8-512",
  "channel": "D4AEYA7MM",
  "content": "[REDACTED]",
  "id": "K1MNuMCAxVDAKzB",
  "imageUri": null,
  "launchUri": "slack://channel?id=D4AEYA7MM&message=1526596153.000264&team=T067YHBHB",
  "msg": "1526596153.000264",
  "silent": true,
  "subtitle": "",
  "teamId": "T067YHBHB",
  "title": "[REDACTED]"
}
[05/17/18, 15:29:44:710] info: Store: NEW_NOTIFICATION
{
  "avatarImage": "https://ca.slack-edge.com/T067YHBHB-U0L3HS05N-c06f209444e8-512",
  "channel": "D4AEYA7MM",
  "content": "[REDACTED]",
  "id": "2x6PSRF2YQw9BMv",
  "imageUri": null,
  "launchUri": "slack://channel?id=D4AEYA7MM&message=1526596185.000166&team=T067YHBHB",
  "msg": "1526596185.000166",
  "silent": true,
  "subtitle": "",
  "teamId": "T067YHBHB",
  "title": "[REDACTED]"
}
[05/17/18, 15:31:30:382] info: Store: SELECT_CHANNEL C0VANEHDG
[05/17/18, 15:31:31:870] info: Store: SELECT_CHANNEL C3CLTS2KG
[05/17/18, 15:32:36:787] info: Store: NEW_NOTIFICATION
{
  "avatarImage": "https://ca.slack-edge.com/T067YHBHB-U0L3HS05N-c06f209444e8-512",
  "channel": "D4AEYA7MM",
  "content": "[REDACTED]",
  "id": "5QjkiRH203rN2zO",
  "imageUri": null,
  "launchUri": "slack://channel?id=D4AEYA7MM&message=1526596357.000212&team=T067YHBHB",
  "msg": "1526596357.000212",
  "silent": true,
  "subtitle": "",
  "teamId": "T067YHBHB",
  "title": "[REDACTED]"
}
[05/17/18, 15:32:42:371] info: Store: SELECT_CHANNEL D4AEYA7MM
[05/17/18, 15:40:51:240] info: Store: NEW_NOTIFICATION
{
  "avatarImage": "https://ca.slack-edge.com/T067YHBHB-U0L3HS05N-c06f209444e8-512",
  "channel": "D4AEYA7MM",
  "content": "[REDACTED]",
  "id": "6XklfZI50EKlrwg",
  "imageUri": null,
  "launchUri": "slack://channel?id=D4AEYA7MM&message=1526596851.000403&team=T067YHBHB",
  "msg": "1526596851.000403",
  "silent": true,
  "subtitle": "",
  "teamId": "T067YHBHB",
  "title": "[REDACTED]"
}
[05/17/18, 15:41:25:355] info: Store: NEW_NOTIFICATION
{
  "avatarImage": "https://ca.slack-edge.com/T067YHBHB-U0L3HS05N-c06f209444e8-512",
  "channel": "D4AEYA7MM",
  "content": "[REDACTED]",
  "id": "91nouASOXVy22oM",
  "imageUri": null,
  "launchUri": "slack://channel?id=D4AEYA7MM&message=1526596886.000014&team=T067YHBHB",
  "msg": "1526596886.000014",
  "silent": true,
  "subtitle": "",
  "teamId": "T067YHBHB",
  "title": "[REDACTED]"
}
[05/17/18, 16:08:01:957] info: Store: SELECT_CHANNEL C0VANEHDG
[05/17/18, 16:15:29:296] info: Store: SELECT_CHANNEL D4AEYA7MM
[05/17/18, 16:19:48:043] info: Store: SELECT_CHANNEL C0VANEHDG
[05/17/18, 16:19:51:425] info: Store: SELECT_CHANNEL C1T6DLC13
[05/17/18, 16:23:02:342] info: Store: SELECT_CHANNEL C0VANEHDG
[05/17/18, 16:42:58:256] info: Store: SAVE_WINDOW_SETTINGS
{
  "isMaximized": false,
  "position": [
    12,
    12
  ],
  "size": [
    1896,
    1056
  ]
}
[05/17/18, 16:43:20:528] info: Store: SAVE_WINDOW_SETTINGS
{
  "isMaximized": false,
  "position": [
    12,
    32
  ],
  "size": [
    1896,
    1036
  ]
}
[05/17/18, 16:43:21:473] info: Store: SELECT_CHANNEL C1T6DLC13
[05/17/18, 16:43:23:235] info: Store: SELECT_CHANNEL C3B0NQZFX
[05/17/18, 16:45:48:417] info: Store: NEW_NOTIFICATION
{
  "avatarImage": null,
  "channel": "C3B0NQZFX",
  "content": "[REDACTED]",
  "id": "lxAlSLTqxv8wOJ8",
  "imageUri": null,
  "launchUri": "slack://channel?id=C3B0NQZFX&message=1526600749.000031&team=T067YHBHB",
  "msg": "1526600749.000031",
  "silent": true,
  "subtitle": "",
  "teamId": "T067YHBHB",
  "title": "[REDACTED]"
}
[05/17/18, 16:54:09:632] info: Store: SELECT_CHANNEL D46H8TMU0
[05/17/18, 16:54:12:508] info: Store: SELECT_CHANNEL C0VANEHDG
[05/17/18, 16:54:24:257] info: Store: NEW_NOTIFICATION
{
  "avatarImage": null,
  "channel": "C3B0NQZFX",
  "content": "[REDACTED]",
  "id": "WL2rtvUnk23MQDM",
  "imageUri": null,
  "launchUri": "slack://channel?id=C3B0NQZFX&message=1526601264.000339&team=T067YHBHB",
  "msg": "1526601264.000339",
  "silent": true,
  "subtitle": "",
  "teamId": "T067YHBHB",
  "title": "[REDACTED]"
}
[05/17/18, 16:54:56:758] info: Store: SELECT_CHANNEL C3B0NQZFX
[05/17/18, 17:04:04:075] info: Store: SELECT_CHANNEL C0VANEHDG
[05/17/18, 17:06:17:266] info: Store: SAVE_WINDOW_SETTINGS
{
  "isMaximized": false,
  "position": [
    12,
    44
  ],
  "size": [
    1896,
    1024
  ]
}
[05/17/18, 17:06:47:057] info: Store: SAVE_WINDOW_SETTINGS
{
  "isMaximized": false,
  "position": [
    12,
    64
  ],
  "size": [
    1896,
    1004
  ]
}
[05/17/18, 17:06:54:403] info: Store: SAVE_WINDOW_SETTINGS
{
  "isMaximized": false,
  "position": [
    12,
    12
  ],
  "size": [
    1896,
    1056
  ]
}
[05/17/18, 17:07:00:475] info: Store: SAVE_WINDOW_SETTINGS
{
  "isMaximized": false,
  "position": [
    12,
    32
  ],
  "size": [
    1896,
    1036
  ]
}
