[05/18/18, 13:19:02:447] info: ╔═════════════════════════════════════════════════════════════════════════════╗
[05/18/18, 13:19:02:449] info: ║      Slack 3.1.1, linux 4.16.9-1-ARCH on x64 at 05/18/18, 13:19:02:439      ║
[05/18/18, 13:19:02:449] info: ╚═════════════════════════════════════════════════════════════════════════════╝
[05/18/18, 13:19:02:677] info: Initializing local storage instance at path: /home/calvin/.config/Slack/local-settings.json
[05/18/18, 13:19:03:363] info: cld3::loadModule: loading cld3 module
[05/18/18, 13:19:03:405] info: cld3Loader::loadModule: running environment is NODE
[05/18/18, 13:19:03:405] info: cld3Loader::loadModule: constructed module object for runtime
[05/18/18, 13:19:03:767] info: cld3Loader::initializeRuntime: successfully initialized module
[05/18/18, 13:19:03:768] info: cld3Loader::loadModule: initialized wasm binary Runtime
[05/18/18, 13:19:03:774] warn: updateSpellcheckerLanguage: Tried to update language, but spellchecker not initialized
[05/18/18, 13:19:03:775] info: SSBIntegration: Main window preload script loaded 2061.699871
[05/18/18, 13:19:10:089] info: Store: SELECT_CHANNEL DA7HQAB26
[05/18/18, 13:19:10:092] info: Store: UPDATE_TEAM_LOCALE
{
  "locale": "en-US"
}
[05/18/18, 13:19:10:094] info: Store: UPDATE_SETTINGS
{
  "locale": "en-US"
}
[05/18/18, 13:19:10:164] info: Store: UPSERT_WEB_CONTENTS
{
  "id": 3,
  "state": "loaded",
  "teamId": "T067YHBHB"
}
[05/18/18, 13:19:10:189] info: Store: MAIN_WINDOW_SHOWN
[05/18/18, 13:19:10:208] info: Store: UPDATE_SESSION_STATUS
{
  "hasValidSession": true,
  "teamId": "T067YHBHB"
}
[05/18/18, 13:19:10:756] info: postLoadTaskSetup: Desktop client fully loaded
{
  "loadedTime": 12805.670696
}
[05/18/18, 13:19:10:858] info: Store: UPDATE_TEAM_THEME
{
  "teamId": "T067YHBHB",
  "theme": {
    "active_item": "#88C0D0",
    "active_item_text": "#2E3440",
    "active_presence": "#90bc6b",
    "badge": "#81A1C1",
    "column_bg": "#2E3440",
    "hover_item": "#3B4252",
    "menu_bg": "#3B4252",
    "text_color": "#D8DEE9"
  }
}
[05/18/18, 13:19:11:055] info: Store: UPDATE_TEAM_ICONS
{
  "icons": {
    "image_102": "https://slack-files2.s3-us-west-2.amazonaws.com/avatars/2016-03-14/26749067207_3cad9c06d416650f6fa7_102.png",
    "image_132": "https://slack-files2.s3-us-west-2.amazonaws.com/avatars/2016-03-14/26749067207_3cad9c06d416650f6fa7_132.png",
    "image_230": "https://slack-files2.s3-us-west-2.amazonaws.com/avatars/2016-03-14/26749067207_3cad9c06d416650f6fa7_132.png",
    "image_34": "https://slack-files2.s3-us-west-2.amazonaws.com/avatars/2016-03-14/26749067207_3cad9c06d416650f6fa7_34.png",
    "image_44": "https://slack-files2.s3-us-west-2.amazonaws.com/avatars/2016-03-14/26749067207_3cad9c06d416650f6fa7_44.png",
    "image_68": "https://slack-files2.s3-us-west-2.amazonaws.com/avatars/2016-03-14/26749067207_3cad9c06d416650f6fa7_68.png",
    "image_88": "https://slack-files2.s3-us-west-2.amazonaws.com/avatars/2016-03-14/26749067207_3cad9c06d416650f6fa7_88.png",
    "image_original": "https://slack-files2.s3-us-west-2.amazonaws.com/avatars/2016-03-14/26749067207_3cad9c06d416650f6fa7_original.png"
  },
  "teamId": "T067YHBHB"
}
[05/18/18, 13:19:11:057] info: Store: UPDATE_TEAM_LOCALE
{
  "locale": "en-US",
  "teamId": "T067YHBHB"
}
[05/18/18, 13:19:11:058] info: Store: UPSERT_WEB_CONTENTS
{
  "id": 3,
  "state": "webapp-loaded",
  "teamId": "T067YHBHB"
}
[05/18/18, 13:19:11:256] info: Store: STORE_API_TOKEN
{
  "teamId": "T067YHBHB",
  "token": "xoxs-⋯"
}
[05/18/18, 13:19:12:879] info: Raw Locale list: ["C","en_US","en_US.iso88591","en_US.utf8","POSIX",""]
[05/18/18, 13:19:12:880] info: Filtered Locale list: ["en_US","en_US","en_US"]
[05/18/18, 13:19:12:880] info: Counts: {"en":["en_US","en_US","en_US"]}
[05/18/18, 13:19:12:881] info: Result: {"en":"en-US"}
[05/18/18, 13:19:12:884] info: Requesting to load en-US, alternatives are ["en-US","en-US","en-US"]
[05/18/18, 13:19:12:886] info: Loading dictionary for language en-US
[05/18/18, 13:19:12:886] info: Returning local copy: /home/calvin/.config/Slack/dictionaries/en-US.bdic
[05/18/18, 13:19:12:892] info: Setting current spellchecker to en-US, requested language was en-US
[05/18/18, 13:19:12:892] info: Creating node-spellchecker instance
[05/18/18, 13:19:12:897] info: Actually installing spell check provider to Electron
[05/18/18, 13:19:13:875] info: Store: SELECT_CHANNEL D40802HFY
[05/18/18, 13:19:15:727] info: Loading dictionary for language en-US
[05/18/18, 13:19:15:728] info: Returning local copy: /home/calvin/.config/Slack/dictionaries/en-US.bdic
[05/18/18, 13:19:15:731] info: Setting current spellchecker to en-US, requested language was en-US
[05/18/18, 13:19:17:007] info: Store: SELECT_CHANNEL C3M9KFKRR
[05/18/18, 13:19:18:114] info: Unloading spellchecker
[05/18/18, 13:19:18:116] info: Unloading spellchecker
[05/18/18, 13:19:22:929] info: Couldn't get hint text from messages in channel: Failed to fetch recent messages
[05/18/18, 13:19:52:552] info: Restoring spellchecker
[05/18/18, 13:19:52:552] info: Loading dictionary for language en-US
[05/18/18, 13:19:52:553] info: Returning local copy: /home/calvin/.config/Slack/dictionaries/en-US.bdic
[05/18/18, 13:19:52:573] info: Setting current spellchecker to en-US, requested language was en-US
[05/18/18, 13:19:52:573] info: Creating node-spellchecker instance
[05/18/18, 13:19:53:117] info: Unloading spellchecker
[05/18/18, 13:19:53:122] info: Unloading spellchecker
[05/18/18, 13:21:45:739] info: Restoring spellchecker
[05/18/18, 13:21:45:740] info: Loading dictionary for language en-US
[05/18/18, 13:21:45:741] info: Returning local copy: /home/calvin/.config/Slack/dictionaries/en-US.bdic
[05/18/18, 13:21:45:774] info: Setting current spellchecker to en-US, requested language was en-US
[05/18/18, 13:21:45:774] info: Creating node-spellchecker instance
[05/18/18, 13:21:46:952] info: Unloading spellchecker
[05/18/18, 13:21:46:955] info: Unloading spellchecker
[05/18/18, 13:21:53:534] info: Restoring spellchecker
[05/18/18, 13:21:53:534] info: Loading dictionary for language en-US
[05/18/18, 13:21:53:535] info: Returning local copy: /home/calvin/.config/Slack/dictionaries/en-US.bdic
[05/18/18, 13:21:53:567] info: Setting current spellchecker to en-US, requested language was en-US
[05/18/18, 13:21:53:567] info: Creating node-spellchecker instance
[05/18/18, 13:21:53:695] info: Unloading spellchecker
[05/18/18, 13:21:53:696] info: Unloading spellchecker
[05/18/18, 13:21:55:759] info: Restoring spellchecker
[05/18/18, 13:21:55:760] info: Loading dictionary for language en-US
[05/18/18, 13:21:55:760] info: Returning local copy: /home/calvin/.config/Slack/dictionaries/en-US.bdic
[05/18/18, 13:21:55:781] info: Setting current spellchecker to en-US, requested language was en-US
[05/18/18, 13:21:55:781] info: Creating node-spellchecker instance
[05/18/18, 13:21:56:552] info: Unloading spellchecker
[05/18/18, 13:21:56:554] info: Unloading spellchecker
[05/18/18, 14:09:32:978] info: Restoring spellchecker
[05/18/18, 14:09:32:980] info: Loading dictionary for language en-US
[05/18/18, 14:09:32:980] info: Returning local copy: /home/calvin/.config/Slack/dictionaries/en-US.bdic
[05/18/18, 14:09:33:074] info: Setting current spellchecker to en-US, requested language was en-US
[05/18/18, 14:09:33:075] info: Creating node-spellchecker instance
[05/18/18, 14:09:36:302] info: Unloading spellchecker
[05/18/18, 14:09:36:303] info: Unloading spellchecker
[05/18/18, 14:09:37:317] info: Restoring spellchecker
[05/18/18, 14:09:37:317] info: Loading dictionary for language en-US
[05/18/18, 14:09:37:317] info: Returning local copy: /home/calvin/.config/Slack/dictionaries/en-US.bdic
[05/18/18, 14:09:37:338] info: Setting current spellchecker to en-US, requested language was en-US
[05/18/18, 14:09:37:338] info: Creating node-spellchecker instance
[05/18/18, 14:09:37:417] info: Unloading spellchecker
[05/18/18, 14:09:37:449] info: Unloading spellchecker
[05/18/18, 14:09:38:501] info: Restoring spellchecker
[05/18/18, 14:09:38:502] info: Loading dictionary for language en-US
[05/18/18, 14:09:38:503] info: Returning local copy: /home/calvin/.config/Slack/dictionaries/en-US.bdic
[05/18/18, 14:09:38:530] info: Setting current spellchecker to en-US, requested language was en-US
[05/18/18, 14:09:38:530] info: Creating node-spellchecker instance
[05/18/18, 14:09:38:942] info: Unloading spellchecker
[05/18/18, 14:09:38:949] info: Unloading spellchecker
[05/18/18, 14:09:49:987] info: Restoring spellchecker
[05/18/18, 14:09:49:987] info: Loading dictionary for language en-US
[05/18/18, 14:09:49:988] info: Returning local copy: /home/calvin/.config/Slack/dictionaries/en-US.bdic
[05/18/18, 14:09:50:006] info: Setting current spellchecker to en-US, requested language was en-US
[05/18/18, 14:09:50:006] info: Creating node-spellchecker instance
[05/18/18, 14:09:55:702] info: Unloading spellchecker
[05/18/18, 14:09:55:704] info: Unloading spellchecker
[05/18/18, 14:09:58:019] info: Restoring spellchecker
[05/18/18, 14:09:58:019] info: Loading dictionary for language en-US
[05/18/18, 14:09:58:020] info: Returning local copy: /home/calvin/.config/Slack/dictionaries/en-US.bdic
[05/18/18, 14:09:58:039] info: Setting current spellchecker to en-US, requested language was en-US
[05/18/18, 14:09:58:040] info: Creating node-spellchecker instance
[05/18/18, 14:09:58:742] info: Unloading spellchecker
[05/18/18, 14:09:58:744] info: Unloading spellchecker
[05/18/18, 14:10:17:364] info: Restoring spellchecker
[05/18/18, 14:10:17:364] info: Loading dictionary for language en-US
[05/18/18, 14:10:17:365] info: Returning local copy: /home/calvin/.config/Slack/dictionaries/en-US.bdic
[05/18/18, 14:10:17:388] info: Setting current spellchecker to en-US, requested language was en-US
[05/18/18, 14:10:17:388] info: Creating node-spellchecker instance
[05/18/18, 14:10:17:745] info: Unloading spellchecker
[05/18/18, 14:10:17:746] info: Unloading spellchecker
[05/18/18, 14:10:18:591] info: Restoring spellchecker
[05/18/18, 14:10:18:592] info: Loading dictionary for language en-US
[05/18/18, 14:10:18:592] info: Returning local copy: /home/calvin/.config/Slack/dictionaries/en-US.bdic
[05/18/18, 14:10:18:613] info: Setting current spellchecker to en-US, requested language was en-US
[05/18/18, 14:10:18:614] info: Creating node-spellchecker instance
[05/18/18, 14:10:18:779] info: Unloading spellchecker
[05/18/18, 14:10:18:780] info: Unloading spellchecker
[05/18/18, 14:10:19:159] info: Restoring spellchecker
[05/18/18, 14:10:19:159] info: Loading dictionary for language en-US
[05/18/18, 14:10:19:160] info: Returning local copy: /home/calvin/.config/Slack/dictionaries/en-US.bdic
[05/18/18, 14:10:19:182] info: Setting current spellchecker to en-US, requested language was en-US
[05/18/18, 14:10:19:182] info: Creating node-spellchecker instance
[05/18/18, 14:10:20:266] info: Unloading spellchecker
[05/18/18, 14:10:20:267] info: Unloading spellchecker
[05/18/18, 14:11:31:757] info: Restoring spellchecker
[05/18/18, 14:11:31:758] info: Loading dictionary for language en-US
[05/18/18, 14:11:31:758] info: Returning local copy: /home/calvin/.config/Slack/dictionaries/en-US.bdic
[05/18/18, 14:11:31:784] info: Setting current spellchecker to en-US, requested language was en-US
[05/18/18, 14:11:31:784] info: Creating node-spellchecker instance
[05/18/18, 14:11:32:788] info: Unloading spellchecker
[05/18/18, 14:11:32:790] info: Unloading spellchecker
[05/18/18, 14:11:38:955] info: Restoring spellchecker
[05/18/18, 14:11:38:955] info: Loading dictionary for language en-US
[05/18/18, 14:11:38:956] info: Returning local copy: /home/calvin/.config/Slack/dictionaries/en-US.bdic
[05/18/18, 14:11:38:976] info: Setting current spellchecker to en-US, requested language was en-US
[05/18/18, 14:11:38:977] info: Creating node-spellchecker instance
[05/18/18, 14:11:39:629] info: Unloading spellchecker
[05/18/18, 14:11:39:630] info: Unloading spellchecker
[05/18/18, 14:14:34:850] info: Restoring spellchecker
[05/18/18, 14:14:34:851] info: Loading dictionary for language en-US
[05/18/18, 14:14:34:851] info: Returning local copy: /home/calvin/.config/Slack/dictionaries/en-US.bdic
[05/18/18, 14:14:34:872] info: Setting current spellchecker to en-US, requested language was en-US
[05/18/18, 14:14:34:872] info: Creating node-spellchecker instance
[05/18/18, 14:14:35:599] info: Unloading spellchecker
[05/18/18, 14:14:35:600] info: Unloading spellchecker
[05/18/18, 14:14:59:297] info: Restoring spellchecker
[05/18/18, 14:14:59:298] info: Loading dictionary for language en-US
[05/18/18, 14:14:59:298] info: Returning local copy: /home/calvin/.config/Slack/dictionaries/en-US.bdic
[05/18/18, 14:14:59:400] info: Setting current spellchecker to en-US, requested language was en-US
[05/18/18, 14:14:59:400] info: Creating node-spellchecker instance
[05/18/18, 14:14:59:635] info: Unloading spellchecker
[05/18/18, 14:14:59:711] info: Unloading spellchecker
[05/18/18, 14:20:39:928] info: Store: SAVE_WINDOW_SETTINGS
{
  "isMaximized": false,
  "position": [
    12,
    12
  ],
  "size": [
    1342,
    744
  ]
}
[05/18/18, 14:21:08:410] info: Store: SAVE_WINDOW_SETTINGS
{
  "isMaximized": false,
  "position": [
    12,
    12
  ],
  "size": [
    1896,
    1056
  ]
}
[05/18/18, 14:21:36:967] info: Restoring spellchecker
[05/18/18, 14:21:36:967] info: Loading dictionary for language en-US
[05/18/18, 14:21:36:968] info: Returning local copy: /home/calvin/.config/Slack/dictionaries/en-US.bdic
[05/18/18, 14:21:37:024] info: Setting current spellchecker to en-US, requested language was en-US
[05/18/18, 14:21:37:025] info: Creating node-spellchecker instance
[05/18/18, 14:21:37:909] info: Store: SAVE_WINDOW_SETTINGS
{
  "isMaximized": false,
  "position": [
    12,
    32
  ],
  "size": [
    1896,
    1036
  ]
}
[05/18/18, 14:21:38:712] info: Store: SELECT_CHANNEL C11L55KC0
[05/18/18, 14:21:39:504] info: Loading dictionary for language en-US
[05/18/18, 14:21:39:505] info: Returning local copy: /home/calvin/.config/Slack/dictionaries/en-US.bdic
[05/18/18, 14:21:39:535] info: Setting current spellchecker to en-US, requested language was en-US
[05/18/18, 14:22:18:098] info: Unloading spellchecker
[05/18/18, 14:22:18:099] info: Unloading spellchecker
[05/18/18, 14:22:19:075] info: Restoring spellchecker
[05/18/18, 14:22:19:076] info: Loading dictionary for language en-US
[05/18/18, 14:22:19:076] info: Returning local copy: /home/calvin/.config/Slack/dictionaries/en-US.bdic
[05/18/18, 14:22:19:121] info: Setting current spellchecker to en-US, requested language was en-US
[05/18/18, 14:22:19:122] info: Creating node-spellchecker instance
[05/18/18, 14:22:19:163] info: Unloading spellchecker
[05/18/18, 14:22:19:216] info: Unloading spellchecker
[05/18/18, 14:22:19:544] info: Restoring spellchecker
[05/18/18, 14:22:19:544] info: Loading dictionary for language en-US
[05/18/18, 14:22:19:545] info: Returning local copy: /home/calvin/.config/Slack/dictionaries/en-US.bdic
[05/18/18, 14:22:19:613] info: Setting current spellchecker to en-US, requested language was en-US
[05/18/18, 14:22:19:614] info: Creating node-spellchecker instance
[05/18/18, 14:22:20:544] info: Unloading spellchecker
[05/18/18, 14:22:20:578] info: Unloading spellchecker
[05/18/18, 14:27:51:776] warn: Unable to read quiet hours setting: windows-quiet-hours works only on Windows
[05/18/18, 14:27:51:777] warn: Unable to read quiet hours setting: windows-quiet-hours works only on Windows
[05/18/18, 14:27:51:834] info: Store: NEW_NOTIFICATION
{
  "avatarImage": "https://ca.slack-edge.com/T067YHBHB-UAF561FH6-gf0aedfe6185-512",
  "channel": "DAKHB7UCT",
  "content": "[REDACTED]",
  "id": "rL6SAhykYmGpDK",
  "imageUri": null,
  "launchUri": "slack://channel?id=DAKHB7UCT&message=1526678871.000123&team=T067YHBHB",
  "msg": "1526678871.000123",
  "silent": true,
  "subtitle": "",
  "teamId": "T067YHBHB",
  "title": "[REDACTED]"
}
[05/18/18, 14:36:01:535] info: Restoring spellchecker
[05/18/18, 14:36:01:535] info: Loading dictionary for language en-US
[05/18/18, 14:36:01:536] info: Returning local copy: /home/calvin/.config/Slack/dictionaries/en-US.bdic
[05/18/18, 14:36:01:582] info: Setting current spellchecker to en-US, requested language was en-US
[05/18/18, 14:36:01:582] info: Creating node-spellchecker instance
[05/18/18, 14:36:05:008] info: Store: SELECT_CHANNEL DAKHB7UCT
[05/18/18, 14:36:05:583] info: Loading dictionary for language en-US
[05/18/18, 14:36:05:583] info: Returning local copy: /home/calvin/.config/Slack/dictionaries/en-US.bdic
[05/18/18, 14:36:05:586] info: Setting current spellchecker to en-US, requested language was en-US
[05/18/18, 14:36:16:710] info: Store: SELECT_CHANNEL C1T6DLC13
[05/18/18, 14:36:18:516] info: Unloading spellchecker
[05/18/18, 14:36:18:518] info: Unloading spellchecker
[05/18/18, 14:36:21:247] info: Restoring spellchecker
[05/18/18, 14:36:21:248] info: Loading dictionary for language en-US
[05/18/18, 14:36:21:248] info: Returning local copy: /home/calvin/.config/Slack/dictionaries/en-US.bdic
[05/18/18, 14:36:21:284] info: Setting current spellchecker to en-US, requested language was en-US
[05/18/18, 14:36:21:284] info: Creating node-spellchecker instance
[05/18/18, 14:36:21:841] info: Unloading spellchecker
[05/18/18, 14:36:21:842] info: Unloading spellchecker
[05/18/18, 14:36:22:635] info: Couldn't get hint text from messages in channel: Failed to fetch recent messages
[05/18/18, 14:38:05:068] info: Restoring spellchecker
[05/18/18, 14:38:05:068] info: Loading dictionary for language en-US
[05/18/18, 14:38:05:068] info: Returning local copy: /home/calvin/.config/Slack/dictionaries/en-US.bdic
[05/18/18, 14:38:05:119] info: Setting current spellchecker to en-US, requested language was en-US
[05/18/18, 14:38:05:119] info: Creating node-spellchecker instance
[05/18/18, 14:38:05:319] info: Unloading spellchecker
[05/18/18, 14:38:05:358] info: Unloading spellchecker
[05/18/18, 14:38:06:321] info: Restoring spellchecker
[05/18/18, 14:38:06:321] info: Loading dictionary for language en-US
[05/18/18, 14:38:06:322] info: Returning local copy: /home/calvin/.config/Slack/dictionaries/en-US.bdic
[05/18/18, 14:38:06:374] info: Setting current spellchecker to en-US, requested language was en-US
[05/18/18, 14:38:06:374] info: Creating node-spellchecker instance
[05/18/18, 14:38:06:880] info: Unloading spellchecker
[05/18/18, 14:38:06:881] info: Unloading spellchecker
[05/18/18, 14:44:58:642] info: Restoring spellchecker
[05/18/18, 14:44:58:643] info: Loading dictionary for language en-US
[05/18/18, 14:44:58:643] info: Returning local copy: /home/calvin/.config/Slack/dictionaries/en-US.bdic
[05/18/18, 14:44:58:776] info: Setting current spellchecker to en-US, requested language was en-US
[05/18/18, 14:44:58:776] info: Creating node-spellchecker instance
[05/18/18, 14:45:03:346] info: Store: SELECT_CHANNEL D40802HFY
[05/18/18, 14:45:03:875] info: Loading dictionary for language en-US
[05/18/18, 14:45:03:875] info: Returning local copy: /home/calvin/.config/Slack/dictionaries/en-US.bdic
[05/18/18, 14:45:03:878] info: Setting current spellchecker to en-US, requested language was en-US
[05/18/18, 14:45:08:175] info: Unloading spellchecker
[05/18/18, 14:45:08:178] info: Unloading spellchecker
[05/18/18, 14:45:11:876] info: Restoring spellchecker
[05/18/18, 14:45:11:877] info: Loading dictionary for language en-US
[05/18/18, 14:45:11:877] info: Returning local copy: /home/calvin/.config/Slack/dictionaries/en-US.bdic
[05/18/18, 14:45:11:898] info: Unloading spellchecker
[05/18/18, 14:45:11:899] info: Restoring spellchecker
[05/18/18, 14:45:11:899] info: Loading dictionary for language en-US
[05/18/18, 14:45:11:899] info: Returning local copy: /home/calvin/.config/Slack/dictionaries/en-US.bdic
[05/18/18, 14:45:11:927] info: Store: MAIN_WINDOW_FOCUSED
[05/18/18, 14:45:11:930] info: Unloading spellchecker
[05/18/18, 14:45:11:982] info: Setting current spellchecker to en-US, requested language was en-US
[05/18/18, 14:45:11:982] info: Creating node-spellchecker instance
[05/18/18, 14:45:11:983] info: Setting current spellchecker to en-US, requested language was en-US
[05/18/18, 14:45:34:051] info: Unloading spellchecker
[05/18/18, 14:45:34:052] info: Unloading spellchecker
[05/18/18, 14:45:38:101] info: Restoring spellchecker
[05/18/18, 14:45:38:101] info: Loading dictionary for language en-US
[05/18/18, 14:45:38:101] info: Returning local copy: /home/calvin/.config/Slack/dictionaries/en-US.bdic
[05/18/18, 14:45:38:123] info: Setting current spellchecker to en-US, requested language was en-US
[05/18/18, 14:45:38:123] info: Creating node-spellchecker instance
[05/18/18, 14:46:00:928] info: Unloading spellchecker
[05/18/18, 14:46:00:973] info: Unloading spellchecker
[05/18/18, 14:51:05:711] info: Restoring spellchecker
[05/18/18, 14:51:05:711] info: Loading dictionary for language en-US
[05/18/18, 14:51:05:712] info: Returning local copy: /home/calvin/.config/Slack/dictionaries/en-US.bdic
[05/18/18, 14:51:05:753] info: Setting current spellchecker to en-US, requested language was en-US
[05/18/18, 14:51:05:754] info: Creating node-spellchecker instance
[05/18/18, 14:51:06:350] info: Unloading spellchecker
[05/18/18, 14:51:06:352] info: Unloading spellchecker
[05/18/18, 14:51:09:272] info: Restoring spellchecker
[05/18/18, 14:51:09:272] info: Loading dictionary for language en-US
[05/18/18, 14:51:09:273] info: Returning local copy: /home/calvin/.config/Slack/dictionaries/en-US.bdic
[05/18/18, 14:51:09:297] info: Setting current spellchecker to en-US, requested language was en-US
[05/18/18, 14:51:09:297] info: Creating node-spellchecker instance
[05/18/18, 14:51:10:378] info: Unloading spellchecker
[05/18/18, 14:51:10:379] info: Store: SET_FULL_SCREEN
