[05/18/18, 15:27:00:590] info: ╔═════════════════════════════════════════════════════════════════════════════╗
[05/18/18, 15:27:00:592] info: ║      Slack 3.1.1, linux 4.16.9-1-ARCH on x64 at 05/18/18, 15:27:00:585      ║
[05/18/18, 15:27:00:592] info: ╚═════════════════════════════════════════════════════════════════════════════╝
[05/18/18, 15:27:00:764] info: Initializing local storage instance at path: /home/calvin/.config/Slack/local-settings.json
[05/18/18, 15:27:01:337] info: cld3::loadModule: loading cld3 module
[05/18/18, 15:27:01:376] info: cld3Loader::loadModule: running environment is NODE
[05/18/18, 15:27:01:377] info: cld3Loader::loadModule: constructed module object for runtime
[05/18/18, 15:27:01:687] info: cld3Loader::initializeRuntime: successfully initialized module
[05/18/18, 15:27:01:687] info: cld3Loader::loadModule: initialized wasm binary Runtime
[05/18/18, 15:27:01:693] warn: updateSpellcheckerLanguage: Tried to update language, but spellchecker not initialized
[05/18/18, 15:27:01:695] info: SSBIntegration: Main window preload script loaded 1777.445408
[05/18/18, 15:27:08:039] info: Store: SELECT_CHANNEL D40802HFY
[05/18/18, 15:27:08:044] info: Store: UPDATE_TEAM_LOCALE
{
  "locale": "en-US"
}
[05/18/18, 15:27:08:047] info: Store: UPDATE_SETTINGS
{
  "locale": "en-US"
}
[05/18/18, 15:27:08:114] info: Store: UPSERT_WEB_CONTENTS
{
  "id": 3,
  "state": "loaded",
  "teamId": "T067YHBHB"
}
[05/18/18, 15:27:08:116] info: Store: MAIN_WINDOW_SHOWN
[05/18/18, 15:27:08:186] info: Store: UPDATE_SESSION_STATUS
{
  "hasValidSession": true,
  "teamId": "T067YHBHB"
}
[05/18/18, 15:27:08:343] info: Store: UPDATE_TEAM_THEME
{
  "teamId": "T067YHBHB",
  "theme": {
    "active_item": "#88C0D0",
    "active_item_text": "#2E3440",
    "active_presence": "#90bc6b",
    "badge": "#81A1C1",
    "column_bg": "#2E3440",
    "hover_item": "#3B4252",
    "menu_bg": "#3B4252",
    "text_color": "#D8DEE9"
  }
}
[05/18/18, 15:27:08:970] info: postLoadTaskSetup: Desktop client fully loaded
{
  "loadedTime": 13068.381364
}
[05/18/18, 15:27:09:345] info: Store: UPDATE_TEAM_ICONS
{
  "icons": {
    "image_102": "https://slack-files2.s3-us-west-2.amazonaws.com/avatars/2016-03-14/26749067207_3cad9c06d416650f6fa7_102.png",
    "image_132": "https://slack-files2.s3-us-west-2.amazonaws.com/avatars/2016-03-14/26749067207_3cad9c06d416650f6fa7_132.png",
    "image_230": "https://slack-files2.s3-us-west-2.amazonaws.com/avatars/2016-03-14/26749067207_3cad9c06d416650f6fa7_132.png",
    "image_34": "https://slack-files2.s3-us-west-2.amazonaws.com/avatars/2016-03-14/26749067207_3cad9c06d416650f6fa7_34.png",
    "image_44": "https://slack-files2.s3-us-west-2.amazonaws.com/avatars/2016-03-14/26749067207_3cad9c06d416650f6fa7_44.png",
    "image_68": "https://slack-files2.s3-us-west-2.amazonaws.com/avatars/2016-03-14/26749067207_3cad9c06d416650f6fa7_68.png",
    "image_88": "https://slack-files2.s3-us-west-2.amazonaws.com/avatars/2016-03-14/26749067207_3cad9c06d416650f6fa7_88.png",
    "image_original": "https://slack-files2.s3-us-west-2.amazonaws.com/avatars/2016-03-14/26749067207_3cad9c06d416650f6fa7_original.png"
  },
  "teamId": "T067YHBHB"
}
[05/18/18, 15:27:09:347] info: Store: UPDATE_TEAM_LOCALE
{
  "locale": "en-US",
  "teamId": "T067YHBHB"
}
[05/18/18, 15:27:09:347] info: Store: UPSERT_WEB_CONTENTS
{
  "id": 3,
  "state": "webapp-loaded",
  "teamId": "T067YHBHB"
}
[05/18/18, 15:27:09:492] info: Store: STORE_API_TOKEN
{
  "teamId": "T067YHBHB",
  "token": "xoxs-⋯"
}
[05/18/18, 15:27:10:589] info: Raw Locale list: ["C","en_US","en_US.iso88591","en_US.utf8","POSIX",""]
[05/18/18, 15:27:10:589] info: Filtered Locale list: ["en_US","en_US","en_US"]
[05/18/18, 15:27:10:589] info: Counts: {"en":["en_US","en_US","en_US"]}
[05/18/18, 15:27:10:591] info: Result: {"en":"en-US"}
[05/18/18, 15:27:10:593] info: Requesting to load en-US, alternatives are ["en-US","en-US","en-US"]
[05/18/18, 15:27:10:595] info: Loading dictionary for language en-US
[05/18/18, 15:27:10:596] info: Returning local copy: /home/calvin/.config/Slack/dictionaries/en-US.bdic
[05/18/18, 15:27:10:603] info: Setting current spellchecker to en-US, requested language was en-US
[05/18/18, 15:27:10:603] info: Creating node-spellchecker instance
[05/18/18, 15:27:10:607] info: Actually installing spell check provider to Electron
[05/18/18, 15:27:24:121] info: Unloading spellchecker
[05/18/18, 15:27:24:123] info: Unloading spellchecker
[05/18/18, 15:27:24:856] info: Restoring spellchecker
[05/18/18, 15:27:24:857] info: Loading dictionary for language en-US
[05/18/18, 15:27:24:857] info: Returning local copy: /home/calvin/.config/Slack/dictionaries/en-US.bdic
[05/18/18, 15:27:24:884] info: Setting current spellchecker to en-US, requested language was en-US
[05/18/18, 15:27:24:885] info: Creating node-spellchecker instance
[05/18/18, 15:27:25:356] info: Unloading spellchecker
[05/18/18, 15:27:25:357] info: Unloading spellchecker
[05/18/18, 15:27:25:741] info: Restoring spellchecker
[05/18/18, 15:27:25:741] info: Loading dictionary for language en-US
[05/18/18, 15:27:25:742] info: Returning local copy: /home/calvin/.config/Slack/dictionaries/en-US.bdic
[05/18/18, 15:27:25:770] info: Setting current spellchecker to en-US, requested language was en-US
[05/18/18, 15:27:25:770] info: Creating node-spellchecker instance
[05/18/18, 15:27:26:152] info: Unloading spellchecker
[05/18/18, 15:27:26:153] info: Unloading spellchecker
[05/18/18, 15:28:04:785] warn: Unable to read quiet hours setting: windows-quiet-hours works only on Windows
[05/18/18, 15:28:04:786] warn: Unable to read quiet hours setting: windows-quiet-hours works only on Windows
[05/18/18, 15:28:04:865] info: Store: NEW_NOTIFICATION
{
  "avatarImage": "https://ca.slack-edge.com/T067YHBHB-U0A2L957A-c4e06a8c3233-512",
  "channel": "D40802HFY",
  "content": "[REDACTED]",
  "id": "1n5UphXZ3K1yQl",
  "imageUri": null,
  "launchUri": "slack://channel?id=D40802HFY&message=1526682484.000250&team=T067YHBHB",
  "msg": "1526682484.000250",
  "silent": true,
  "subtitle": "",
  "teamId": "T067YHBHB",
  "title": "[REDACTED]"
}
[05/18/18, 15:28:09:793] info: Restoring spellchecker
[05/18/18, 15:28:09:794] info: Loading dictionary for language en-US
[05/18/18, 15:28:09:794] info: Returning local copy: /home/calvin/.config/Slack/dictionaries/en-US.bdic
[05/18/18, 15:28:09:893] info: Setting current spellchecker to en-US, requested language was en-US
[05/18/18, 15:28:09:893] info: Creating node-spellchecker instance
[05/18/18, 15:28:28:843] info: Unloading spellchecker
[05/18/18, 15:28:28:871] info: Unloading spellchecker
[05/18/18, 15:28:32:826] warn: Unable to read quiet hours setting: windows-quiet-hours works only on Windows
[05/18/18, 15:28:32:827] warn: Unable to read quiet hours setting: windows-quiet-hours works only on Windows
[05/18/18, 15:28:32:864] info: Store: NEW_NOTIFICATION
{
  "avatarImage": "https://ca.slack-edge.com/T067YHBHB-U0A2L957A-c4e06a8c3233-512",
  "channel": "D40802HFY",
  "content": "[REDACTED]",
  "id": "1n5U6iXZ3K1wYB",
  "imageUri": null,
  "launchUri": "slack://channel?id=D40802HFY&message=1526682512.000298&team=T067YHBHB",
  "msg": "1526682512.000298",
  "silent": true,
  "subtitle": "",
  "teamId": "T067YHBHB",
  "title": "[REDACTED]"
}
[05/18/18, 15:28:44:932] info: Restoring spellchecker
[05/18/18, 15:28:44:933] info: Loading dictionary for language en-US
[05/18/18, 15:28:44:933] info: Returning local copy: /home/calvin/.config/Slack/dictionaries/en-US.bdic
[05/18/18, 15:28:45:052] info: Setting current spellchecker to en-US, requested language was en-US
[05/18/18, 15:28:45:052] info: Creating node-spellchecker instance
[05/18/18, 15:28:53:498] info: Unloading spellchecker
[05/18/18, 15:28:53:499] info: Unloading spellchecker
[05/18/18, 15:28:55:192] info: Restoring spellchecker
[05/18/18, 15:28:55:192] info: Loading dictionary for language en-US
[05/18/18, 15:28:55:192] info: Returning local copy: /home/calvin/.config/Slack/dictionaries/en-US.bdic
[05/18/18, 15:28:55:242] info: Setting current spellchecker to en-US, requested language was en-US
[05/18/18, 15:28:55:242] info: Creating node-spellchecker instance
[05/18/18, 15:28:55:947] info: Unloading spellchecker
[05/18/18, 15:28:55:949] info: Unloading spellchecker
[05/18/18, 15:28:56:279] info: Restoring spellchecker
[05/18/18, 15:28:56:280] info: Loading dictionary for language en-US
[05/18/18, 15:28:56:280] info: Returning local copy: /home/calvin/.config/Slack/dictionaries/en-US.bdic
[05/18/18, 15:28:56:320] info: Setting current spellchecker to en-US, requested language was en-US
[05/18/18, 15:28:56:320] info: Creating node-spellchecker instance
[05/18/18, 15:29:04:484] info: Unloading spellchecker
[05/18/18, 15:29:04:485] info: Unloading spellchecker
[05/18/18, 15:29:05:866] info: Restoring spellchecker
[05/18/18, 15:29:05:866] info: Loading dictionary for language en-US
[05/18/18, 15:29:05:866] info: Returning local copy: /home/calvin/.config/Slack/dictionaries/en-US.bdic
[05/18/18, 15:29:05:898] info: Setting current spellchecker to en-US, requested language was en-US
[05/18/18, 15:29:05:899] info: Creating node-spellchecker instance
[05/18/18, 15:29:10:129] info: Unloading spellchecker
[05/18/18, 15:29:10:135] info: Unloading spellchecker
[05/18/18, 15:29:10:903] info: Store: SAVE_WINDOW_SETTINGS
{
  "isMaximized": false,
  "position": [
    12,
    32
  ],
  "size": [
    942,
    1036
  ]
}
[05/18/18, 15:29:14:454] warn: Unable to read quiet hours setting: windows-quiet-hours works only on Windows
[05/18/18, 15:29:14:454] warn: Unable to read quiet hours setting: windows-quiet-hours works only on Windows
[05/18/18, 15:29:14:490] info: Store: NEW_NOTIFICATION
{
  "avatarImage": "https://ca.slack-edge.com/T067YHBHB-U0A2L957A-c4e06a8c3233-512",
  "channel": "D40802HFY",
  "content": "[REDACTED]",
  "id": "Zo5tPsyL39PDry",
  "imageUri": null,
  "launchUri": "slack://channel?id=D40802HFY&message=1526682554.000140&team=T067YHBHB",
  "msg": "1526682554.000140",
  "silent": true,
  "subtitle": "",
  "teamId": "T067YHBHB",
  "title": "[REDACTED]"
}
[05/18/18, 15:29:15:918] info: Restoring spellchecker
[05/18/18, 15:29:15:919] info: Loading dictionary for language en-US
[05/18/18, 15:29:15:921] info: Returning local copy: /home/calvin/.config/Slack/dictionaries/en-US.bdic
[05/18/18, 15:29:15:945] info: Unloading spellchecker
[05/18/18, 15:29:16:005] info: Unloading spellchecker
[05/18/18, 15:29:16:014] info: Setting current spellchecker to en-US, requested language was en-US
[05/18/18, 15:29:16:015] info: Creating node-spellchecker instance
[05/18/18, 15:29:21:366] info: Restoring spellchecker
[05/18/18, 15:29:21:367] info: Loading dictionary for language en-US
[05/18/18, 15:29:21:367] info: Returning local copy: /home/calvin/.config/Slack/dictionaries/en-US.bdic
[05/18/18, 15:29:21:776] info: Setting current spellchecker to en-US, requested language was en-US
[05/18/18, 15:29:37:493] info: Store: SAVE_WINDOW_SETTINGS
{
  "isMaximized": false,
  "position": [
    12,
    32
  ],
  "size": [
    750,
    1036
  ]
}
[05/18/18, 15:29:38:779] info: Unloading spellchecker
[05/18/18, 15:29:38:782] info: Unloading spellchecker
[05/18/18, 15:29:48:512] warn: Unable to read quiet hours setting: windows-quiet-hours works only on Windows
[05/18/18, 15:29:48:512] warn: Unable to read quiet hours setting: windows-quiet-hours works only on Windows
[05/18/18, 15:29:48:556] info: Store: NEW_NOTIFICATION
{
  "avatarImage": "https://ca.slack-edge.com/T067YHBHB-U0A2L957A-c4e06a8c3233-512",
  "channel": "D40802HFY",
  "content": "[REDACTED]",
  "id": "5rjHWt20PwNP48",
  "imageUri": null,
  "launchUri": "slack://channel?id=D40802HFY&message=1526682588.000172&team=T067YHBHB",
  "msg": "1526682588.000172",
  "silent": true,
  "subtitle": "",
  "teamId": "T067YHBHB",
  "title": "[REDACTED]"
}
[05/18/18, 15:30:33:874] info: Restoring spellchecker
[05/18/18, 15:30:33:875] info: Loading dictionary for language en-US
[05/18/18, 15:30:33:876] info: Returning local copy: /home/calvin/.config/Slack/dictionaries/en-US.bdic
[05/18/18, 15:30:33:974] info: Setting current spellchecker to en-US, requested language was en-US
[05/18/18, 15:30:33:974] info: Creating node-spellchecker instance
[05/18/18, 15:30:49:695] info: SpellChecker::updateDetectedLanguage: language has changed from 'und' to 'en'
{
  "language": "en",
  "probability": 0.999479353427887,
  "is_reliable": true,
  "proportion": 1
}
[05/18/18, 15:30:49:696] info: SpellChecker::updateDetectedLanguage: detected language is distinct to current, push values
[05/18/18, 15:30:59:723] info: Unloading spellchecker
[05/18/18, 15:30:59:725] info: Unloading spellchecker
[05/18/18, 15:31:08:135] warn: Unable to read quiet hours setting: windows-quiet-hours works only on Windows
[05/18/18, 15:31:08:135] warn: Unable to read quiet hours setting: windows-quiet-hours works only on Windows
[05/18/18, 15:31:08:171] info: Store: NEW_NOTIFICATION
{
  "avatarImage": "https://ca.slack-edge.com/T067YHBHB-U0A2L957A-c4e06a8c3233-512",
  "channel": "D40802HFY",
  "content": "[REDACTED]",
  "id": "gGvUGu3wYPKPPL",
  "imageUri": null,
  "launchUri": "slack://channel?id=D40802HFY&message=1526682668.000063&team=T067YHBHB",
  "msg": "1526682668.000063",
  "silent": true,
  "subtitle": "",
  "teamId": "T067YHBHB",
  "title": "[REDACTED]"
}
[05/18/18, 15:31:08:391] warn: Unable to read quiet hours setting: windows-quiet-hours works only on Windows
[05/18/18, 15:31:08:391] warn: Unable to read quiet hours setting: windows-quiet-hours works only on Windows
[05/18/18, 15:31:08:402] info: Store: NEW_NOTIFICATION
{
  "avatarImage": "https://ca.slack-edge.com/T067YHBHB-U0A2L957A-c4e06a8c3233-512",
  "channel": "D40802HFY",
  "content": "[REDACTED]",
  "id": "5rjHpC20PwlwBq",
  "imageUri": null,
  "launchUri": "slack://channel?id=D40802HFY&message=1526682668.000144&team=T067YHBHB",
  "msg": "1526682668.000144",
  "silent": true,
  "subtitle": "",
  "teamId": "T067YHBHB",
  "title": "[REDACTED]"
}
[05/18/18, 15:31:26:146] warn: Unable to read quiet hours setting: windows-quiet-hours works only on Windows
[05/18/18, 15:31:26:147] warn: Unable to read quiet hours setting: windows-quiet-hours works only on Windows
[05/18/18, 15:31:26:194] info: Store: NEW_NOTIFICATION
{
  "avatarImage": "https://ca.slack-edge.com/T067YHBHB-U0A2L957A-c4e06a8c3233-512",
  "channel": "D40802HFY",
  "content": "[REDACTED]",
  "id": "lmACAFqxKwgWOq",
  "imageUri": null,
  "launchUri": "slack://channel?id=D40802HFY&message=1526682686.000065&team=T067YHBHB",
  "msg": "1526682686.000065",
  "silent": true,
  "subtitle": "",
  "teamId": "T067YHBHB",
  "title": "[REDACTED]"
}
[05/18/18, 15:31:31:953] warn: Unable to read quiet hours setting: windows-quiet-hours works only on Windows
[05/18/18, 15:31:31:953] warn: Unable to read quiet hours setting: windows-quiet-hours works only on Windows
[05/18/18, 15:31:31:983] info: Store: NEW_NOTIFICATION
{
  "avatarImage": "https://ca.slack-edge.com/T067YHBHB-U0A2L957A-c4e06a8c3233-512",
  "channel": "D40802HFY",
  "content": "[REDACTED]",
  "id": "7wlsyHNK712M9W",
  "imageUri": null,
  "launchUri": "slack://channel?id=D40802HFY&message=1526682691.000308&team=T067YHBHB",
  "msg": "1526682691.000308",
  "silent": true,
  "subtitle": "",
  "teamId": "T067YHBHB",
  "title": "[REDACTED]"
}
[05/18/18, 15:31:40:417] info: Restoring spellchecker
[05/18/18, 15:31:40:418] info: Loading dictionary for language en-US
[05/18/18, 15:31:40:418] info: Returning local copy: /home/calvin/.config/Slack/dictionaries/en-US.bdic
[05/18/18, 15:31:40:523] info: Setting current spellchecker to en-US, requested language was en-US
[05/18/18, 15:31:40:523] info: Creating node-spellchecker instance
[05/18/18, 15:32:19:257] info: Unloading spellchecker
[05/18/18, 15:32:19:328] info: Unloading spellchecker
[05/18/18, 15:32:31:387] info: Restoring spellchecker
[05/18/18, 15:32:31:389] info: Loading dictionary for language en-US
[05/18/18, 15:32:31:390] info: Returning local copy: /home/calvin/.config/Slack/dictionaries/en-US.bdic
[05/18/18, 15:32:31:407] info: Unloading spellchecker
[05/18/18, 15:32:31:411] info: Restoring spellchecker
[05/18/18, 15:32:31:412] info: Loading dictionary for language en-US
[05/18/18, 15:32:31:412] info: Returning local copy: /home/calvin/.config/Slack/dictionaries/en-US.bdic
[05/18/18, 15:32:31:424] info: Unloading spellchecker
[05/18/18, 15:32:31:428] info: Restoring spellchecker
[05/18/18, 15:32:31:429] info: Loading dictionary for language en-US
[05/18/18, 15:32:31:429] info: Returning local copy: /home/calvin/.config/Slack/dictionaries/en-US.bdic
[05/18/18, 15:32:31:641] info: Unloading spellchecker
[05/18/18, 15:32:31:643] info: Unloading spellchecker
[05/18/18, 15:32:31:791] info: Setting current spellchecker to en-US, requested language was en-US
[05/18/18, 15:32:31:791] info: Creating node-spellchecker instance
[05/18/18, 15:32:31:793] info: Setting current spellchecker to en-US, requested language was en-US
[05/18/18, 15:32:31:794] info: Setting current spellchecker to en-US, requested language was en-US
[05/18/18, 15:32:32:105] info: Unloading spellchecker
[05/18/18, 15:32:32:113] info: Unloading spellchecker
[05/18/18, 15:32:32:396] info: Store: SAVE_WINDOW_SETTINGS
{
  "isMaximized": false,
  "position": [
    12,
    32
  ],
  "size": [
    1896,
    1036
  ]
}
[05/18/18, 15:34:52:512] info: Restoring spellchecker
[05/18/18, 15:34:52:513] info: Loading dictionary for language en-US
[05/18/18, 15:34:52:513] info: Returning local copy: /home/calvin/.config/Slack/dictionaries/en-US.bdic
[05/18/18, 15:34:52:568] info: Setting current spellchecker to en-US, requested language was en-US
[05/18/18, 15:34:52:568] info: Creating node-spellchecker instance
[05/18/18, 15:34:54:552] info: Unloading spellchecker
[05/18/18, 15:34:54:558] info: Unloading spellchecker
[05/18/18, 15:40:55:622] info: Restoring spellchecker
[05/18/18, 15:40:55:623] info: Loading dictionary for language en-US
[05/18/18, 15:40:55:626] info: Returning local copy: /home/calvin/.config/Slack/dictionaries/en-US.bdic
[05/18/18, 15:40:55:692] info: Setting current spellchecker to en-US, requested language was en-US
[05/18/18, 15:40:55:693] info: Creating node-spellchecker instance
[05/18/18, 15:40:55:839] info: Unloading spellchecker
[05/18/18, 15:40:55:840] info: Unloading spellchecker
[05/18/18, 15:40:56:255] info: Restoring spellchecker
[05/18/18, 15:40:56:256] info: Loading dictionary for language en-US
[05/18/18, 15:40:56:256] info: Returning local copy: /home/calvin/.config/Slack/dictionaries/en-US.bdic
[05/18/18, 15:40:56:326] info: Setting current spellchecker to en-US, requested language was en-US
[05/18/18, 15:40:56:326] info: Creating node-spellchecker instance
[05/18/18, 15:41:02:941] info: Unloading spellchecker
[05/18/18, 15:41:02:997] info: Unloading spellchecker
[05/18/18, 15:41:08:969] info: Restoring spellchecker
[05/18/18, 15:41:08:970] info: Loading dictionary for language en-US
[05/18/18, 15:41:08:970] info: Returning local copy: /home/calvin/.config/Slack/dictionaries/en-US.bdic
[05/18/18, 15:41:09:028] info: Setting current spellchecker to en-US, requested language was en-US
[05/18/18, 15:41:09:028] info: Creating node-spellchecker instance
[05/18/18, 15:41:09:158] info: Unloading spellchecker
[05/18/18, 15:41:09:159] info: Unloading spellchecker
[05/18/18, 15:41:13:150] info: Restoring spellchecker
[05/18/18, 15:41:13:151] info: Loading dictionary for language en-US
[05/18/18, 15:41:13:151] info: Returning local copy: /home/calvin/.config/Slack/dictionaries/en-US.bdic
[05/18/18, 15:41:13:202] info: Setting current spellchecker to en-US, requested language was en-US
[05/18/18, 15:41:13:203] info: Creating node-spellchecker instance
[05/18/18, 15:41:13:335] info: Unloading spellchecker
[05/18/18, 15:41:13:379] info: Unloading spellchecker
[05/18/18, 15:41:13:692] info: Restoring spellchecker
[05/18/18, 15:41:13:693] info: Loading dictionary for language en-US
[05/18/18, 15:41:13:693] info: Returning local copy: /home/calvin/.config/Slack/dictionaries/en-US.bdic
[05/18/18, 15:41:13:739] info: Setting current spellchecker to en-US, requested language was en-US
[05/18/18, 15:41:13:739] info: Creating node-spellchecker instance
[05/18/18, 15:41:15:329] info: Unloading spellchecker
[05/18/18, 15:41:15:332] info: Unloading spellchecker
[05/18/18, 15:41:16:320] info: Restoring spellchecker
[05/18/18, 15:41:16:320] info: Loading dictionary for language en-US
[05/18/18, 15:41:16:320] info: Returning local copy: /home/calvin/.config/Slack/dictionaries/en-US.bdic
[05/18/18, 15:41:16:497] info: Setting current spellchecker to en-US, requested language was en-US
[05/18/18, 15:41:16:497] info: Creating node-spellchecker instance
[05/18/18, 15:41:17:110] info: Store: SAVE_WINDOW_SETTINGS
{
  "isMaximized": false,
  "position": [
    966,
    32
  ],
  "size": [
    942,
    1036
  ]
}
[05/18/18, 15:41:18:272] info: Unloading spellchecker
[05/18/18, 15:41:18:275] info: Unloading spellchecker
[05/18/18, 15:41:19:695] info: Restoring spellchecker
[05/18/18, 15:41:19:695] info: Loading dictionary for language en-US
[05/18/18, 15:41:19:695] info: Returning local copy: /home/calvin/.config/Slack/dictionaries/en-US.bdic
[05/18/18, 15:41:19:862] info: Setting current spellchecker to en-US, requested language was en-US
[05/18/18, 15:41:19:862] info: Creating node-spellchecker instance
[05/18/18, 15:41:20:322] info: Unloading spellchecker
[05/18/18, 15:41:20:327] info: Unloading spellchecker
[05/18/18, 15:41:20:476] info: Store: SAVE_WINDOW_SETTINGS
{
  "isMaximized": false,
  "position": [
    12,
    32
  ],
  "size": [
    1896,
    1036
  ]
}
[05/18/18, 15:41:46:017] info: Restoring spellchecker
[05/18/18, 15:41:46:017] info: Loading dictionary for language en-US
[05/18/18, 15:41:46:018] info: Returning local copy: /home/calvin/.config/Slack/dictionaries/en-US.bdic
[05/18/18, 15:41:46:084] info: Setting current spellchecker to en-US, requested language was en-US
[05/18/18, 15:41:46:085] info: Creating node-spellchecker instance
[05/18/18, 15:41:46:157] info: Unloading spellchecker
[05/18/18, 15:41:46:260] info: Unloading spellchecker
[05/18/18, 15:41:47:060] info: Restoring spellchecker
[05/18/18, 15:41:47:060] info: Loading dictionary for language en-US
[05/18/18, 15:41:47:060] info: Returning local copy: /home/calvin/.config/Slack/dictionaries/en-US.bdic
[05/18/18, 15:41:47:114] info: Setting current spellchecker to en-US, requested language was en-US
[05/18/18, 15:41:47:114] info: Creating node-spellchecker instance
[05/18/18, 15:41:47:406] info: Unloading spellchecker
[05/18/18, 15:41:47:469] info: Unloading spellchecker
[05/18/18, 15:41:50:555] info: Restoring spellchecker
[05/18/18, 15:41:50:556] info: Loading dictionary for language en-US
[05/18/18, 15:41:50:556] info: Returning local copy: /home/calvin/.config/Slack/dictionaries/en-US.bdic
[05/18/18, 15:41:50:600] info: Setting current spellchecker to en-US, requested language was en-US
[05/18/18, 15:41:50:600] info: Creating node-spellchecker instance
[05/18/18, 15:41:50:868] info: Unloading spellchecker
[05/18/18, 15:41:50:926] info: Unloading spellchecker
[05/18/18, 15:41:52:082] info: Restoring spellchecker
[05/18/18, 15:41:52:082] info: Loading dictionary for language en-US
[05/18/18, 15:41:52:083] info: Returning local copy: /home/calvin/.config/Slack/dictionaries/en-US.bdic
[05/18/18, 15:41:52:124] info: Setting current spellchecker to en-US, requested language was en-US
[05/18/18, 15:41:52:124] info: Creating node-spellchecker instance
[05/18/18, 15:41:52:342] info: Unloading spellchecker
[05/18/18, 15:41:52:343] info: Unloading spellchecker
[05/18/18, 15:41:53:017] info: Restoring spellchecker
[05/18/18, 15:41:53:018] info: Loading dictionary for language en-US
[05/18/18, 15:41:53:018] info: Returning local copy: /home/calvin/.config/Slack/dictionaries/en-US.bdic
[05/18/18, 15:41:53:060] info: Setting current spellchecker to en-US, requested language was en-US
[05/18/18, 15:41:53:060] info: Creating node-spellchecker instance
[05/18/18, 15:41:53:237] info: Unloading spellchecker
[05/18/18, 15:41:53:238] info: Unloading spellchecker
[05/18/18, 15:42:52:652] info: Restoring spellchecker
[05/18/18, 15:42:52:652] info: Loading dictionary for language en-US
[05/18/18, 15:42:52:653] info: Returning local copy: /home/calvin/.config/Slack/dictionaries/en-US.bdic
[05/18/18, 15:42:52:691] info: Setting current spellchecker to en-US, requested language was en-US
[05/18/18, 15:42:52:691] info: Creating node-spellchecker instance
[05/18/18, 15:42:52:827] info: Unloading spellchecker
[05/18/18, 15:42:52:829] info: Unloading spellchecker
[05/18/18, 15:42:53:894] info: Restoring spellchecker
[05/18/18, 15:42:53:894] info: Loading dictionary for language en-US
[05/18/18, 15:42:53:894] info: Returning local copy: /home/calvin/.config/Slack/dictionaries/en-US.bdic
[05/18/18, 15:42:53:935] info: Setting current spellchecker to en-US, requested language was en-US
[05/18/18, 15:42:53:935] info: Creating node-spellchecker instance
[05/18/18, 15:42:55:469] info: Unloading spellchecker
[05/18/18, 15:42:55:471] info: Unloading spellchecker
[05/18/18, 15:45:54:802] info: Restoring spellchecker
[05/18/18, 15:45:54:803] info: Loading dictionary for language en-US
[05/18/18, 15:45:54:803] info: Returning local copy: /home/calvin/.config/Slack/dictionaries/en-US.bdic
[05/18/18, 15:45:54:867] info: Setting current spellchecker to en-US, requested language was en-US
[05/18/18, 15:45:54:867] info: Creating node-spellchecker instance
[05/18/18, 15:45:56:193] info: Store: SELECT_CHANNEL C1T6DLC13
[05/18/18, 15:45:57:940] info: Store: SELECT_CHANNEL C3M9KFKRR
[05/18/18, 15:45:59:187] info: Unloading spellchecker
[05/18/18, 15:45:59:189] info: Unloading spellchecker
[05/18/18, 15:46:02:087] info: Couldn't get hint text from messages in channel: Failed to fetch recent messages
[05/18/18, 15:46:03:869] info: Couldn't get hint text from messages in channel: Failed to fetch recent messages
[05/18/18, 15:47:14:090] warn: Unable to read quiet hours setting: windows-quiet-hours works only on Windows
[05/18/18, 15:47:14:090] warn: Unable to read quiet hours setting: windows-quiet-hours works only on Windows
[05/18/18, 15:47:14:120] info: Store: NEW_NOTIFICATION
{
  "avatarImage": "https://ca.slack-edge.com/T067YHBHB-U0A2L957A-c4e06a8c3233-512",
  "channel": "D40802HFY",
  "content": "[REDACTED]",
  "id": "G2GC2IQDmLOqBB",
  "imageUri": null,
  "launchUri": "slack://channel?id=D40802HFY&message=1526683634.000079&team=T067YHBHB",
  "msg": "1526683634.000079",
  "silent": true,
  "subtitle": "",
  "teamId": "T067YHBHB",
  "title": "[REDACTED]"
}
[05/18/18, 15:47:27:925] info: Restoring spellchecker
[05/18/18, 15:47:27:927] info: Loading dictionary for language en-US
[05/18/18, 15:47:27:927] info: Returning local copy: /home/calvin/.config/Slack/dictionaries/en-US.bdic
[05/18/18, 15:47:27:968] info: Setting current spellchecker to en-US, requested language was en-US
[05/18/18, 15:47:27:968] info: Creating node-spellchecker instance
[05/18/18, 15:47:29:677] info: Store: SELECT_CHANNEL D40802HFY
[05/18/18, 15:47:30:282] info: Loading dictionary for language en-US
[05/18/18, 15:47:30:282] info: Returning local copy: /home/calvin/.config/Slack/dictionaries/en-US.bdic
[05/18/18, 15:47:30:284] info: Setting current spellchecker to en-US, requested language was en-US
[05/18/18, 15:47:34:798] info: Unloading spellchecker
[05/18/18, 15:47:34:843] info: Unloading spellchecker
[05/18/18, 15:47:42:975] warn: Unable to read quiet hours setting: windows-quiet-hours works only on Windows
[05/18/18, 15:47:42:975] warn: Unable to read quiet hours setting: windows-quiet-hours works only on Windows
[05/18/18, 15:47:42:981] info: Store: NEW_NOTIFICATION
{
  "avatarImage": "https://ca.slack-edge.com/T067YHBHB-U0A2L957A-c4e06a8c3233-512",
  "channel": "D40802HFY",
  "content": "[REDACTED]",
  "id": "6vkS7S501DkW2y",
  "imageUri": null,
  "launchUri": "slack://channel?id=D40802HFY&message=1526683663.000005&team=T067YHBHB",
  "msg": "1526683663.000005",
  "silent": true,
  "subtitle": "",
  "teamId": "T067YHBHB",
  "title": "[REDACTED]"
}
[05/18/18, 15:47:57:892] info: Restoring spellchecker
[05/18/18, 15:47:57:892] info: Loading dictionary for language en-US
[05/18/18, 15:47:57:893] info: Returning local copy: /home/calvin/.config/Slack/dictionaries/en-US.bdic
[05/18/18, 15:47:57:956] info: Setting current spellchecker to en-US, requested language was en-US
[05/18/18, 15:47:57:957] info: Creating node-spellchecker instance
[05/18/18, 15:48:04:884] info: Unloading spellchecker
[05/18/18, 15:48:04:886] info: Unloading spellchecker
[05/18/18, 15:48:08:579] warn: Unable to read quiet hours setting: windows-quiet-hours works only on Windows
[05/18/18, 15:48:08:579] warn: Unable to read quiet hours setting: windows-quiet-hours works only on Windows
[05/18/18, 15:48:08:610] info: Store: NEW_NOTIFICATION
{
  "avatarImage": "https://ca.slack-edge.com/T067YHBHB-U0A2L957A-c4e06a8c3233-512",
  "channel": "D40802HFY",
  "content": "[REDACTED]",
  "id": "8xmS9TMD6gYyZG",
  "imageUri": null,
  "launchUri": "slack://channel?id=D40802HFY&message=1526683688.000209&team=T067YHBHB",
  "msg": "1526683688.000209",
  "silent": true,
  "subtitle": "",
  "teamId": "T067YHBHB",
  "title": "[REDACTED]"
}
[05/18/18, 15:48:22:448] info: Restoring spellchecker
[05/18/18, 15:48:22:449] info: Loading dictionary for language en-US
[05/18/18, 15:48:22:449] info: Returning local copy: /home/calvin/.config/Slack/dictionaries/en-US.bdic
[05/18/18, 15:48:22:551] info: Setting current spellchecker to en-US, requested language was en-US
[05/18/18, 15:48:22:552] info: Creating node-spellchecker instance
[05/18/18, 15:48:37:199] info: Unloading spellchecker
[05/18/18, 15:48:37:257] info: Unloading spellchecker
[05/18/18, 15:49:17:601] warn: Unable to read quiet hours setting: windows-quiet-hours works only on Windows
[05/18/18, 15:49:17:602] warn: Unable to read quiet hours setting: windows-quiet-hours works only on Windows
[05/18/18, 15:49:17:644] info: Store: NEW_NOTIFICATION
{
  "avatarImage": "https://ca.slack-edge.com/T067YHBHB-U0A2L957A-c4e06a8c3233-512",
  "channel": "D40802HFY",
  "content": "[REDACTED]",
  "id": "wAPSXUKrG3m19B",
  "imageUri": null,
  "launchUri": "slack://channel?id=D40802HFY&message=1526683757.000198&team=T067YHBHB",
  "msg": "1526683757.000198",
  "silent": true,
  "subtitle": "",
  "teamId": "T067YHBHB",
  "title": "[REDACTED]"
}
[05/18/18, 15:49:27:745] info: Restoring spellchecker
[05/18/18, 15:49:27:746] info: Loading dictionary for language en-US
[05/18/18, 15:49:27:746] info: Returning local copy: /home/calvin/.config/Slack/dictionaries/en-US.bdic
[05/18/18, 15:49:27:908] info: Setting current spellchecker to en-US, requested language was en-US
[05/18/18, 15:49:27:908] info: Creating node-spellchecker instance
[05/18/18, 15:49:33:346] info: Unloading spellchecker
[05/18/18, 15:49:33:348] info: Unloading spellchecker
[05/18/18, 15:49:34:116] warn: Unable to read quiet hours setting: windows-quiet-hours works only on Windows
[05/18/18, 15:49:34:117] warn: Unable to read quiet hours setting: windows-quiet-hours works only on Windows
[05/18/18, 15:49:34:157] info: Store: NEW_NOTIFICATION
{
  "avatarImage": "https://ca.slack-edge.com/T067YHBHB-U0A2L957A-c4e06a8c3233-512",
  "channel": "D40802HFY",
  "content": "[REDACTED]",
  "id": "lmACqcqxKwEl56",
  "imageUri": null,
  "launchUri": "slack://channel?id=D40802HFY&message=1526683774.000030&team=T067YHBHB",
  "msg": "1526683774.000030",
  "silent": true,
  "subtitle": "",
  "teamId": "T067YHBHB",
  "title": "[REDACTED]"
}
[05/18/18, 15:49:49:056] warn: Unable to read quiet hours setting: windows-quiet-hours works only on Windows
[05/18/18, 15:49:49:057] warn: Unable to read quiet hours setting: windows-quiet-hours works only on Windows
[05/18/18, 15:49:49:099] info: Store: NEW_NOTIFICATION
{
  "avatarImage": "https://ca.slack-edge.com/T067YHBHB-U0A2L957A-c4e06a8c3233-512",
  "channel": "D40802HFY",
  "content": "[REDACTED]",
  "id": "4qgijfWGQLZZL3",
  "imageUri": null,
  "launchUri": "slack://channel?id=D40802HFY&message=1526683789.000042&team=T067YHBHB",
  "msg": "1526683789.000042",
  "silent": true,
  "subtitle": "",
  "teamId": "T067YHBHB",
  "title": "[REDACTED]"
}
[05/18/18, 15:50:48:069] info: Restoring spellchecker
[05/18/18, 15:50:48:069] info: Loading dictionary for language en-US
[05/18/18, 15:50:48:070] info: Returning local copy: /home/calvin/.config/Slack/dictionaries/en-US.bdic
[05/18/18, 15:50:48:215] info: Setting current spellchecker to en-US, requested language was en-US
[05/18/18, 15:50:48:215] info: Creating node-spellchecker instance
[05/18/18, 15:51:03:255] info: Unloading spellchecker
[05/18/18, 15:51:03:256] info: Unloading spellchecker
