[05/18/18, 10:30:01:652] info: ╔═════════════════════════════════════════════════════════════════════════════╗
[05/18/18, 10:30:01:654] info: ║      Slack 3.1.1, linux 4.16.8-1-ARCH on x64 at 05/18/18, 10:30:01:633      ║
[05/18/18, 10:30:01:654] info: ╚═════════════════════════════════════════════════════════════════════════════╝
[05/18/18, 10:30:02:625] info: Initializing local storage instance at path: /home/calvin/.config/Slack/local-settings.json
[05/18/18, 10:30:03:088] info: NetworkStatus: Waiting for network online…
[05/18/18, 10:30:04:357] info: NetworkStatus: Response from api.test
{
  "status": "online"
}
[05/18/18, 10:30:04:794] info: Store: SET_NETWORK_STATUS online
[05/18/18, 10:30:10:928] info: Store: SELECT_CHANNEL D40802HFY
[05/18/18, 10:30:10:935] info: Store: UPDATE_TEAM_LOCALE
{
  "locale": "en-US"
}
[05/18/18, 10:30:10:941] info: Store: UPDATE_SETTINGS
{
  "locale": "en-US"
}
[05/18/18, 10:30:11:549] info: Store: UPSERT_WEB_CONTENTS
{
  "id": 3,
  "state": "loaded",
  "teamId": "T067YHBHB"
}
[05/18/18, 10:30:11:560] info: Store: MAIN_WINDOW_SHOWN
[05/18/18, 10:30:11:775] info: Store: UPDATE_SESSION_STATUS
{
  "hasValidSession": true,
  "teamId": "T067YHBHB"
}
[05/18/18, 10:30:12:528] info: Store: UPDATE_TEAM_THEME
{
  "teamId": "T067YHBHB",
  "theme": {
    "active_item": "#88C0D0",
    "active_item_text": "#2E3440",
    "active_presence": "#90bc6b",
    "badge": "#81A1C1",
    "column_bg": "#2E3440",
    "hover_item": "#3B4252",
    "menu_bg": "#3B4252",
    "text_color": "#D8DEE9"
  }
}
[05/18/18, 10:30:12:577] info: Store: SAVE_WINDOW_SETTINGS
{
  "isMaximized": false,
  "position": [
    966,
    32
  ],
  "size": [
    942,
    1036
  ]
}
[05/18/18, 10:30:13:090] info: Store: UPDATE_TEAM_ICONS
{
  "icons": {
    "image_102": "https://slack-files2.s3-us-west-2.amazonaws.com/avatars/2016-03-14/26749067207_3cad9c06d416650f6fa7_102.png",
    "image_132": "https://slack-files2.s3-us-west-2.amazonaws.com/avatars/2016-03-14/26749067207_3cad9c06d416650f6fa7_132.png",
    "image_230": "https://slack-files2.s3-us-west-2.amazonaws.com/avatars/2016-03-14/26749067207_3cad9c06d416650f6fa7_132.png",
    "image_34": "https://slack-files2.s3-us-west-2.amazonaws.com/avatars/2016-03-14/26749067207_3cad9c06d416650f6fa7_34.png",
    "image_44": "https://slack-files2.s3-us-west-2.amazonaws.com/avatars/2016-03-14/26749067207_3cad9c06d416650f6fa7_44.png",
    "image_68": "https://slack-files2.s3-us-west-2.amazonaws.com/avatars/2016-03-14/26749067207_3cad9c06d416650f6fa7_68.png",
    "image_88": "https://slack-files2.s3-us-west-2.amazonaws.com/avatars/2016-03-14/26749067207_3cad9c06d416650f6fa7_88.png",
    "image_original": "https://slack-files2.s3-us-west-2.amazonaws.com/avatars/2016-03-14/26749067207_3cad9c06d416650f6fa7_original.png"
  },
  "teamId": "T067YHBHB"
}
[05/18/18, 10:30:13:309] info: Store: UPDATE_TEAM_LOCALE
{
  "locale": "en-US",
  "teamId": "T067YHBHB"
}
[05/18/18, 10:30:13:319] info: Store: UPSERT_WEB_CONTENTS
{
  "id": 3,
  "state": "webapp-loaded",
  "teamId": "T067YHBHB"
}
[05/18/18, 10:30:13:726] info: Store: STORE_API_TOKEN
{
  "teamId": "T067YHBHB",
  "token": "xoxs-⋯"
}
[05/18/18, 10:30:16:346] info: Store: SAVE_WINDOW_SETTINGS
{
  "isMaximized": false,
  "position": [
    12,
    32
  ],
  "size": [
    1896,
    1036
  ]
}
[05/18/18, 10:30:17:051] info: Store: SELECT_CHANNEL G17P7DJ84
[05/18/18, 10:30:24:962] info: Store: SELECT_CHANNEL C0VANEHDG
[05/18/18, 10:30:27:699] info: Store: SELECT_CHANNEL C1T6DLC13
[05/18/18, 10:30:29:656] info: Store: SELECT_CHANNEL C3CLTS2KG
[05/18/18, 10:32:11:399] info: Store: NEW_NOTIFICATION
{
  "avatarImage": "https://ca.slack-edge.com/T067YHBHB-U4MGR548N-ce75c220302e-512",
  "channel": "C8YBF5TRU",
  "content": "[REDACTED]",
  "id": "PN6GS4hjY8m8qXx",
  "imageUri": null,
  "launchUri": "slack://channel?id=C8YBF5TRU&message=1526664730.000696&team=T067YHBHB",
  "msg": "1526664730.000696",
  "silent": true,
  "subtitle": "",
  "teamId": "T067YHBHB",
  "title": "[REDACTED]"
}
[05/18/18, 10:37:05:388] info: Store: SAVE_WINDOW_SETTINGS
{
  "isMaximized": false,
  "position": [
    12,
    32
  ],
  "size": [
    1896,
    1036
  ]
}
[05/18/18, 10:37:19:416] info: Store: SELECT_CHANNEL C8YBF5TRU
[05/18/18, 10:37:41:145] info: Store: SELECT_CHANNEL C3M9KFKRR
[05/18/18, 10:37:42:625] info: Store: SELECT_CHANNEL C0VANEHDG
[05/18/18, 10:44:39:450] info: Store: SELECT_CHANNEL D40802HFY
[05/18/18, 10:50:11:979] info: Store: SAVE_WINDOW_SETTINGS
{
  "isMaximized": false,
  "position": [
    12,
    12
  ],
  "size": [
    1896,
    1056
  ]
}
[05/18/18, 10:55:51:045] info: Store: NEW_NOTIFICATION
{
  "avatarImage": "https://ca.slack-edge.com/T067YHBHB-U2G25RM2A-be84ef4bb96b-512",
  "channel": "D46H8TMU0",
  "content": "[REDACTED]",
  "id": "31Y3UXiDVwOVoVE",
  "imageUri": null,
  "launchUri": "slack://channel?id=D46H8TMU0&message=1526666150.000446&team=T067YHBHB",
  "msg": "1526666150.000446",
  "silent": true,
  "subtitle": "",
  "teamId": "T067YHBHB",
  "title": "[REDACTED]"
}
[05/18/18, 10:56:08:247] info: Store: SAVE_WINDOW_SETTINGS
{
  "isMaximized": false,
  "position": [
    12,
    32
  ],
  "size": [
    1896,
    1036
  ]
}
[05/18/18, 10:56:08:373] info: Store: SELECT_CHANNEL D46H8TMU0
[05/18/18, 10:56:30:647] info: Store: NEW_NOTIFICATION
{
  "avatarImage": "https://ca.slack-edge.com/T067YHBHB-U2G25RM2A-be84ef4bb96b-512",
  "channel": "D46H8TMU0",
  "content": "[REDACTED]",
  "id": "AD8rUrsYK6BKEXM",
  "imageUri": null,
  "launchUri": "slack://channel?id=D46H8TMU0&message=1526666190.000085&team=T067YHBHB",
  "msg": "1526666190.000085",
  "silent": true,
  "subtitle": "",
  "teamId": "T067YHBHB",
  "title": "[REDACTED]"
}
[05/18/18, 10:57:19:243] info: Store: NEW_NOTIFICATION
{
  "avatarImage": "https://ca.slack-edge.com/T067YHBHB-U2G25RM2A-be84ef4bb96b-512",
  "channel": "D46H8TMU0",
  "content": "[REDACTED]",
  "id": "ERKyf6tPMoyvXLE",
  "imageUri": null,
  "launchUri": "slack://channel?id=D46H8TMU0&message=1526666238.000484&team=T067YHBHB",
  "msg": "1526666238.000484",
  "silent": true,
  "subtitle": "",
  "teamId": "T067YHBHB",
  "title": "[REDACTED]"
}
[05/18/18, 10:57:44:433] info: Store: SELECT_CHANNEL G17P7DJ84
[05/18/18, 10:58:04:032] info: Store: NEW_NOTIFICATION
{
  "avatarImage": "https://ca.slack-edge.com/T067YHBHB-U2G25RM2A-be84ef4bb96b-512",
  "channel": "D46H8TMU0",
  "content": "[REDACTED]",
  "id": "AD8rUEuYK6BxN50",
  "imageUri": null,
  "launchUri": "slack://channel?id=D46H8TMU0&message=1526666283.000407&team=T067YHBHB",
  "msg": "1526666283.000407",
  "silent": true,
  "subtitle": "",
  "teamId": "T067YHBHB",
  "title": "[REDACTED]"
}
[05/18/18, 10:58:07:070] info: Store: SELECT_CHANNEL C0VANEHDG
[05/18/18, 10:58:08:993] info: Store: SELECT_CHANNEL G17P7DJ84
[05/18/18, 10:58:13:665] info: Store: SELECT_CHANNEL D46H8TMU0
[05/18/18, 10:58:15:195] info: Store: SELECT_CHANNEL C1T6DLC13
[05/18/18, 10:58:16:235] info: Store: SELECT_CHANNEL C3B0NQZFX
[05/18/18, 10:58:40:845] info: Store: NEW_NOTIFICATION
{
  "avatarImage": "https://ca.slack-edge.com/T067YHBHB-U2G25RM2A-be84ef4bb96b-512",
  "channel": "D46H8TMU0",
  "content": "[REDACTED]",
  "id": "OYJGHZCr1XW4lDR",
  "imageUri": null,
  "launchUri": "slack://channel?id=D46H8TMU0&message=1526666320.000235&team=T067YHBHB",
  "msg": "1526666320.000235",
  "silent": true,
  "subtitle": "",
  "teamId": "T067YHBHB",
  "title": "[REDACTED]"
}
[05/18/18, 10:59:35:035] info: Store: NEW_NOTIFICATION
{
  "avatarImage": "https://ca.slack-edge.com/T067YHBHB-U2G25RM2A-be84ef4bb96b-512",
  "channel": "D46H8TMU0",
  "content": "[REDACTED]",
  "id": "5yAMIxF20P4mOBm",
  "imageUri": null,
  "launchUri": "slack://channel?id=D46H8TMU0&message=1526666374.000490&team=T067YHBHB",
  "msg": "1526666374.000490",
  "silent": true,
  "subtitle": "",
  "teamId": "T067YHBHB",
  "title": "[REDACTED]"
}
[05/18/18, 10:59:41:335] info: Store: SELECT_CHANNEL D46H8TMU0
[05/18/18, 11:00:19:336] info: Store: SELECT_CHANNEL G17P7DJ84
[05/18/18, 11:00:20:716] info: Store: SELECT_CHANNEL C0VANEHDG
[05/18/18, 11:00:22:595] info: Store: SELECT_CHANNEL C3M9KFKRR
[05/18/18, 11:00:24:136] info: Store: SELECT_CHANNEL D46H8TMU0
[05/18/18, 11:13:33:192] info: Store: SAVE_WINDOW_SETTINGS
{
  "isMaximized": false,
  "position": [
    12,
    12
  ],
  "size": [
    1896,
    1056
  ]
}
[05/18/18, 11:22:09:574] info: Store: SAVE_WINDOW_SETTINGS
{
  "isMaximized": false,
  "position": [
    12,
    32
  ],
  "size": [
    1896,
    1036
  ]
}
[05/18/18, 11:22:09:990] info: Store: SELECT_CHANNEL C3M9KFKRR
[05/18/18, 11:22:47:363] info: Store: SELECT_CHANNEL C8YBF5TRU
[05/18/18, 11:28:38:436] info: Store: SELECT_CHANNEL D40802HFY
[05/18/18, 11:30:03:546] info: Store: SELECT_CHANNEL C3M9KFKRR
[05/18/18, 11:30:04:977] info: Store: SELECT_TEAM T067YHBHB
[05/18/18, 11:30:04:985] info: Store: FOREGROUND_APP
[05/18/18, 11:30:06:591] info: Store: SELECT_TEAM T067YHBHB
[05/18/18, 11:30:06:595] info: Store: FOREGROUND_APP
[05/18/18, 11:30:40:110] info: Store: SELECT_CHANNEL C0VANEHDG
[05/18/18, 11:31:52:283] info: Store: SELECT_CHANNEL C3B0NQZFX
[05/18/18, 11:32:48:228] info: Store: SAVE_WINDOW_SETTINGS
{
  "isMaximized": false,
  "position": [
    12,
    12
  ],
  "size": [
    1896,
    1056
  ]
}
[05/18/18, 11:37:54:334] info: Store: NEW_NOTIFICATION
{
  "avatarImage": null,
  "channel": "C3B0NQZFX",
  "content": "[REDACTED]",
  "id": "pY9nHyHGl5v0DJQ",
  "imageUri": null,
  "launchUri": "slack://channel?id=C3B0NQZFX&message=1526668673.000586&team=T067YHBHB",
  "msg": "1526668673.000586",
  "silent": true,
  "subtitle": "",
  "teamId": "T067YHBHB",
  "title": "[REDACTED]"
}
[05/18/18, 11:47:16:773] info: Store: SAVE_WINDOW_SETTINGS
{
  "isMaximized": false,
  "position": [
    12,
    44
  ],
  "size": [
    1896,
    1024
  ]
}
[05/18/18, 11:47:21:119] info: Store: SAVE_WINDOW_SETTINGS
{
  "isMaximized": false,
  "position": [
    12,
    12
  ],
  "size": [
    1896,
    1056
  ]
}
[05/18/18, 11:47:32:890] info: Store: SAVE_WINDOW_SETTINGS
{
  "isMaximized": false,
  "position": [
    12,
    32
  ],
  "size": [
    1896,
    1036
  ]
}
[05/18/18, 11:48:45:743] info: Store: SAVE_WINDOW_SETTINGS
{
  "isMaximized": false,
  "position": [
    12,
    12
  ],
  "size": [
    1896,
    1056
  ]
}
[05/18/18, 11:52:38:124] info: Store: NEW_NOTIFICATION
{
  "avatarImage": "https://ca.slack-edge.com/T067YHBHB-U9S77JP8B-gc82933b192d-512",
  "channel": "DA7HQAB26",
  "content": "[REDACTED]",
  "id": "KrAGfZIAx7QK4qY",
  "imageUri": null,
  "launchUri": "slack://channel?id=DA7HQAB26&message=1526669557.000497&team=T067YHBHB",
  "msg": "1526669557.000497",
  "silent": true,
  "subtitle": "",
  "teamId": "T067YHBHB",
  "title": "[REDACTED]"
}
[05/18/18, 11:52:43:213] info: Store: SAVE_WINDOW_SETTINGS
{
  "isMaximized": false,
  "position": [
    12,
    32
  ],
  "size": [
    1896,
    1036
  ]
}
[05/18/18, 11:52:44:025] info: Store: SELECT_CHANNEL DA7HQAB26
[05/18/18, 11:52:59:193] info: Store: UPDATE_SETTINGS
{
  "autoHideMenuBar": true
}
[05/18/18, 11:54:08:904] info: Store: NEW_NOTIFICATION
{
  "avatarImage": "https://ca.slack-edge.com/T067YHBHB-U9S77JP8B-gc82933b192d-512",
  "channel": "DA7HQAB26",
  "content": "[REDACTED]",
  "id": "R68XioSOwLW372m",
  "imageUri": null,
  "launchUri": "slack://channel?id=DA7HQAB26&message=1526669648.000253&team=T067YHBHB",
  "msg": "1526669648.000253",
  "silent": true,
  "subtitle": "",
  "teamId": "T067YHBHB",
  "title": "[REDACTED]"
}
[05/18/18, 11:55:52:462] info: Store: SELECT_CHANNEL C0VANEHDG
[05/18/18, 11:55:53:703] info: Store: SELECT_CHANNEL C1T6DLC13
[05/18/18, 11:55:54:878] info: Store: SELECT_CHANNEL C3M9KFKRR
[05/18/18, 11:55:58:450] info: Store: NEW_NOTIFICATION
{
  "avatarImage": "https://ca.slack-edge.com/T067YHBHB-U9S77JP8B-gc82933b192d-512",
  "channel": "DA7HQAB26",
  "content": "[REDACTED]",
  "id": "W6W1i0TnkPBGkn7",
  "imageUri": null,
  "launchUri": "slack://channel?id=DA7HQAB26&message=1526669757.000730&team=T067YHBHB",
  "msg": "1526669757.000730",
  "silent": true,
  "subtitle": "",
  "teamId": "T067YHBHB",
  "title": "[REDACTED]"
}
[05/18/18, 11:56:04:566] info: Store: SELECT_CHANNEL DA7HQAB26
[05/18/18, 11:58:25:357] info: Store: NEW_NOTIFICATION
{
  "avatarImage": "https://ca.slack-edge.com/T067YHBHB-U9S77JP8B-gc82933b192d-512",
  "channel": "DA7HQAB26",
  "content": "[REDACTED]",
  "id": "G6wAioUQDmWDZJj",
  "imageUri": null,
  "launchUri": "slack://channel?id=DA7HQAB26&message=1526669904.000488&team=T067YHBHB",
  "msg": "1526669904.000488",
  "silent": true,
  "subtitle": "",
  "teamId": "T067YHBHB",
  "title": "[REDACTED]"
}
[05/18/18, 11:58:28:917] info: Store: NEW_NOTIFICATION
{
  "avatarImage": "https://ca.slack-edge.com/T067YHBHB-U9S77JP8B-gc82933b192d-512",
  "channel": "DA7HQAB26",
  "content": "[REDACTED]",
  "id": "Nk7GS5cRAP8ALKr",
  "imageUri": null,
  "launchUri": "slack://channel?id=DA7HQAB26&message=1526669908.000235&team=T067YHBHB",
  "msg": "1526669908.000235",
  "silent": true,
  "subtitle": "",
  "teamId": "T067YHBHB",
  "title": "[REDACTED]"
}
[05/18/18, 11:59:25:588] info: Store: SELECT_CHANNEL C1T6DLC13
[05/18/18, 11:59:27:916] info: Store: SELECT_CHANNEL DA7HQAB26
[05/18/18, 12:03:41:504] info: Store: NEW_NOTIFICATION
{
  "avatarImage": "https://ca.slack-edge.com/T067YHBHB-U9S77JP8B-gc82933b192d-512",
  "channel": "DA7HQAB26",
  "content": "[REDACTED]",
  "id": "mZ7kS0f9XxLo4VZ",
  "imageUri": null,
  "launchUri": "slack://channel?id=DA7HQAB26&message=1526670220.000642&team=T067YHBHB",
  "msg": "1526670220.000642",
  "silent": true,
  "subtitle": "",
  "teamId": "T067YHBHB",
  "title": "[REDACTED]"
}
[05/18/18, 12:03:49:040] info: Store: NEW_NOTIFICATION
{
  "avatarImage": "https://ca.slack-edge.com/T067YHBHB-U9S77JP8B-gc82933b192d-512",
  "channel": "DA7HQAB26",
  "content": "[REDACTED]",
  "id": "4xW2fLhWGQXmojl",
  "imageUri": null,
  "launchUri": "slack://channel?id=DA7HQAB26&message=1526670228.000357&team=T067YHBHB",
  "msg": "1526670228.000357",
  "silent": true,
  "subtitle": "",
  "teamId": "T067YHBHB",
  "title": "[REDACTED]"
}
[05/18/18, 12:05:04:919] info: Store: NEW_NOTIFICATION
{
  "avatarImage": "https://ca.slack-edge.com/T067YHBHB-U9S77JP8B-gc82933b192d-512",
  "channel": "DA7HQAB26",
  "content": "[REDACTED]",
  "id": "XDYPU0ikKoQqMGo",
  "imageUri": null,
  "launchUri": "slack://channel?id=DA7HQAB26&message=1526670304.000267&team=T067YHBHB",
  "msg": "1526670304.000267",
  "silent": true,
  "subtitle": "",
  "teamId": "T067YHBHB",
  "title": "[REDACTED]"
}
[05/18/18, 12:08:04:447] info: Store: NEW_NOTIFICATION
{
  "avatarImage": "https://ca.slack-edge.com/T067YHBHB-U9S77JP8B-gc82933b192d-512",
  "channel": "DA7HQAB26",
  "content": "[REDACTED]",
  "id": "73DMtpsNK7kvENx",
  "imageUri": null,
  "launchUri": "slack://channel?id=DA7HQAB26&message=1526670483.000642&team=T067YHBHB",
  "msg": "1526670483.000642",
  "silent": true,
  "subtitle": "",
  "teamId": "T067YHBHB",
  "title": "[REDACTED]"
}
[05/18/18, 12:08:10:024] info: Store: NEW_NOTIFICATION
{
  "avatarImage": "https://ca.slack-edge.com/T067YHBHB-U9S77JP8B-gc82933b192d-512",
  "channel": "DA7HQAB26",
  "content": "[REDACTED]",
  "id": "wpnxUptKrGlYBNG",
  "imageUri": null,
  "launchUri": "slack://channel?id=DA7HQAB26&message=1526670489.000361&team=T067YHBHB",
  "msg": "1526670489.000361",
  "silent": true,
  "subtitle": "",
  "teamId": "T067YHBHB",
  "title": "[REDACTED]"
}
[05/18/18, 12:08:19:153] info: Store: NEW_NOTIFICATION
{
  "avatarImage": "https://ca.slack-edge.com/T067YHBHB-U9S77JP8B-gc82933b192d-512",
  "channel": "DA7HQAB26",
  "content": "[REDACTED]",
  "id": "J6E1iRuL1DKq3QR",
  "imageUri": null,
  "launchUri": "slack://channel?id=DA7HQAB26&message=1526670498.000402&team=T067YHBHB",
  "msg": "1526670498.000402",
  "silent": true,
  "subtitle": "",
  "teamId": "T067YHBHB",
  "title": "[REDACTED]"
}
