[05/18/18, 08:47:22:339] info: ╔═════════════════════════════════════════════════════════════════════════════╗
[05/18/18, 08:47:22:341] info: ║      Slack 3.1.1, linux 4.16.8-1-ARCH on x64 at 05/18/18, 08:47:22:308      ║
[05/18/18, 08:47:22:341] info: ╚═════════════════════════════════════════════════════════════════════════════╝
[05/18/18, 08:47:23:572] info: Initializing local storage instance at path: /home/calvin/.config/Slack/local-settings.json
[05/18/18, 08:47:24:210] info: NetworkStatus: Waiting for network online…
[05/18/18, 08:47:25:346] info: NetworkStatus: Response from api.test
{
  "status": "online"
}
[05/18/18, 08:47:25:758] info: Store: SET_NETWORK_STATUS online
[05/18/18, 08:47:32:822] info: Store: SELECT_CHANNEL C0VANEHDG
[05/18/18, 08:47:32:830] info: Store: UPDATE_TEAM_LOCALE
{
  "locale": "en-US"
}
[05/18/18, 08:47:32:837] info: Store: UPDATE_SETTINGS
{
  "locale": "en-US"
}
[05/18/18, 08:47:33:638] info: Store: UPSERT_WEB_CONTENTS
{
  "id": 3,
  "state": "loaded",
  "teamId": "T067YHBHB"
}
[05/18/18, 08:47:33:658] info: Store: MAIN_WINDOW_SHOWN
[05/18/18, 08:47:33:880] info: Store: UPDATE_SESSION_STATUS
{
  "hasValidSession": true,
  "teamId": "T067YHBHB"
}
[05/18/18, 08:47:34:714] info: Store: UPDATE_TEAM_THEME
{
  "teamId": "T067YHBHB",
  "theme": {
    "active_item": "#88C0D0",
    "active_item_text": "#2E3440",
    "active_presence": "#90bc6b",
    "badge": "#81A1C1",
    "column_bg": "#2E3440",
    "hover_item": "#3B4252",
    "menu_bg": "#3B4252",
    "text_color": "#D8DEE9"
  }
}
[05/18/18, 08:47:35:245] info: Store: UPDATE_TEAM_ICONS
{
  "icons": {
    "image_102": "https://slack-files2.s3-us-west-2.amazonaws.com/avatars/2016-03-14/26749067207_3cad9c06d416650f6fa7_102.png",
    "image_132": "https://slack-files2.s3-us-west-2.amazonaws.com/avatars/2016-03-14/26749067207_3cad9c06d416650f6fa7_132.png",
    "image_230": "https://slack-files2.s3-us-west-2.amazonaws.com/avatars/2016-03-14/26749067207_3cad9c06d416650f6fa7_132.png",
    "image_34": "https://slack-files2.s3-us-west-2.amazonaws.com/avatars/2016-03-14/26749067207_3cad9c06d416650f6fa7_34.png",
    "image_44": "https://slack-files2.s3-us-west-2.amazonaws.com/avatars/2016-03-14/26749067207_3cad9c06d416650f6fa7_44.png",
    "image_68": "https://slack-files2.s3-us-west-2.amazonaws.com/avatars/2016-03-14/26749067207_3cad9c06d416650f6fa7_68.png",
    "image_88": "https://slack-files2.s3-us-west-2.amazonaws.com/avatars/2016-03-14/26749067207_3cad9c06d416650f6fa7_88.png",
    "image_original": "https://slack-files2.s3-us-west-2.amazonaws.com/avatars/2016-03-14/26749067207_3cad9c06d416650f6fa7_original.png"
  },
  "teamId": "T067YHBHB"
}
[05/18/18, 08:47:35:487] info: Store: UPDATE_TEAM_LOCALE
{
  "locale": "en-US",
  "teamId": "T067YHBHB"
}
[05/18/18, 08:47:35:493] info: Store: UPSERT_WEB_CONTENTS
{
  "id": 3,
  "state": "webapp-loaded",
  "teamId": "T067YHBHB"
}
[05/18/18, 08:47:35:941] info: Store: STORE_API_TOKEN
{
  "teamId": "T067YHBHB",
  "token": "xoxs-⋯"
}
[05/18/18, 08:47:43:310] info: Store: SELECT_CHANNEL G17P7DJ84
[05/18/18, 08:47:47:272] info: Store: SELECT_CHANNEL C3M9KFKRR
[05/18/18, 08:47:50:927] info: Store: SELECT_CHANNEL G17P7DJ84
[05/18/18, 08:48:51:147] info: Store: SELECT_CHANNEL C3M9KFKRR
[05/18/18, 08:49:13:520] info: Store: SAVE_WINDOW_SETTINGS
{
  "isMaximized": false,
  "position": [
    12,
    12
  ],
  "size": [
    1896,
    1056
  ]
}
[05/18/18, 08:51:07:411] info: Store: SAVE_WINDOW_SETTINGS
{
  "isMaximized": false,
  "position": [
    12,
    32
  ],
  "size": [
    1896,
    1036
  ]
}
[05/18/18, 08:53:27:690] info: Store: SAVE_WINDOW_SETTINGS
{
  "isMaximized": false,
  "position": [
    12,
    12
  ],
  "size": [
    1896,
    1056
  ]
}
[05/18/18, 08:56:33:133] info: Store: SAVE_WINDOW_SETTINGS
{
  "isMaximized": false,
  "position": [
    12,
    32
  ],
  "size": [
    1342,
    724
  ]
}
[05/18/18, 08:58:04:748] info: Store: SAVE_WINDOW_SETTINGS
{
  "isMaximized": false,
  "position": [
    12,
    32
  ],
  "size": [
    1896,
    1036
  ]
}
[05/18/18, 09:04:21:202] info: Store: SAVE_WINDOW_SETTINGS
{
  "isMaximized": false,
  "position": [
    12,
    12
  ],
  "size": [
    1342,
    744
  ]
}
[05/18/18, 09:07:26:808] info: Store: SAVE_WINDOW_SETTINGS
{
  "isMaximized": false,
  "position": [
    12,
    32
  ],
  "size": [
    1896,
    1036
  ]
}
[05/18/18, 09:07:30:196] info: Store: SAVE_WINDOW_SETTINGS
{
  "isMaximized": false,
  "position": [
    12,
    12
  ],
  "size": [
    1896,
    1056
  ]
}
[05/18/18, 09:07:47:616] info: Store: SAVE_WINDOW_SETTINGS
{
  "isMaximized": false,
  "position": [
    12,
    32
  ],
  "size": [
    1896,
    1036
  ]
}
[05/18/18, 09:10:27:200] info: Store: SELECT_CHANNEL D46H8TMU0
[05/18/18, 09:13:28:292] info: Store: SELECT_CHANNEL G17P7DJ84
[05/18/18, 09:13:29:870] info: Store: SELECT_CHANNEL C0VANEHDG
[05/18/18, 09:21:15:729] info: Store: SELECT_CHANNEL C3M9KFKRR
[05/18/18, 09:36:37:898] info: Store: SELECT_CHANNEL C0VANEHDG
[05/18/18, 09:54:44:811] info: Store: SAVE_WINDOW_SETTINGS
{
  "isMaximized": false,
  "position": [
    12,
    12
  ],
  "size": [
    1896,
    1056
  ]
}
[05/18/18, 09:54:47:016] info: Store: SAVE_WINDOW_SETTINGS
{
  "isMaximized": false,
  "position": [
    12,
    32
  ],
  "size": [
    1896,
    1036
  ]
}
[05/18/18, 09:54:49:781] info: Store: SELECT_CHANNEL G17P7DJ84
[05/18/18, 09:56:20:808] info: Store: SAVE_WINDOW_SETTINGS
{
  "isMaximized": false,
  "position": [
    12,
    12
  ],
  "size": [
    1896,
    1056
  ]
}
[05/18/18, 10:03:10:949] info: Store: SAVE_WINDOW_SETTINGS
{
  "isMaximized": false,
  "position": [
    12,
    32
  ],
  "size": [
    1896,
    1036
  ]
}
[05/18/18, 10:15:00:087] info: Store: SELECT_CHANNEL D40802HFY
[05/18/18, 10:15:08:869] info: Store: NEW_NOTIFICATION
{
  "avatarImage": null,
  "channel": "D4077LK1U",
  "content": "[REDACTED]",
  "id": "QLQEC6hkWlGrmKO",
  "imageUri": null,
  "launchUri": "slack://channel?id=D4077LK1U&message=1526663708.000485&team=T067YHBHB",
  "msg": "1526663708.000485",
  "silent": true,
  "subtitle": "",
  "teamId": "T067YHBHB",
  "title": "[REDACTED]"
}
[05/18/18, 10:15:15:777] info: Store: SELECT_CHANNEL D4077LK1U
[05/18/18, 10:15:21:798] info: Store: SELECT_CHANNEL D40802HFY
[05/18/18, 10:17:23:993] info: Store: NEW_NOTIFICATION
{
  "avatarImage": "https://ca.slack-edge.com/T067YHBHB-U0A2L957A-c4e06a8c3233-512",
  "channel": "D40802HFY",
  "content": "[REDACTED]",
  "id": "9XlMfziOXwG0KP1",
  "imageUri": null,
  "launchUri": "slack://channel?id=D40802HFY&message=1526663843.000474&team=T067YHBHB",
  "msg": "1526663843.000474",
  "silent": true,
  "subtitle": "",
  "teamId": "T067YHBHB",
  "title": "[REDACTED]"
}
[05/18/18, 10:17:37:538] info: Store: NEW_NOTIFICATION
{
  "avatarImage": "https://ca.slack-edge.com/T067YHBHB-U0A2L957A-c4e06a8c3233-512",
  "channel": "D40802HFY",
  "content": "[REDACTED]",
  "id": "ZX3QfPsyL3MXkyq",
  "imageUri": null,
  "launchUri": "slack://channel?id=D40802HFY&message=1526663857.000186&team=T067YHBHB",
  "msg": "1526663857.000186",
  "silent": true,
  "subtitle": "",
  "teamId": "T067YHBHB",
  "title": "[REDACTED]"
}
[05/18/18, 10:18:54:700] info: Store: NEW_NOTIFICATION
{
  "avatarImage": "https://ca.slack-edge.com/T067YHBHB-U0A2L957A-c4e06a8c3233-512",
  "channel": "D40802HFY",
  "content": "[REDACTED]",
  "id": "PJPDi5tjY8mZ8Dw",
  "imageUri": null,
  "launchUri": "slack://channel?id=D40802HFY&message=1526663934.000280&team=T067YHBHB",
  "msg": "1526663934.000280",
  "silent": true,
  "subtitle": "",
  "teamId": "T067YHBHB",
  "title": "[REDACTED]"
}
[05/18/18, 10:18:58:792] info: Store: NEW_NOTIFICATION
{
  "avatarImage": "https://ca.slack-edge.com/T067YHBHB-U0A2L957A-c4e06a8c3233-512",
  "channel": "D40802HFY",
  "content": "[REDACTED]",
  "id": "gXr4fGu3wYyKB29",
  "imageUri": null,
  "launchUri": "slack://channel?id=D40802HFY&message=1526663938.000410&team=T067YHBHB",
  "msg": "1526663938.000410",
  "silent": true,
  "subtitle": "",
  "teamId": "T067YHBHB",
  "title": "[REDACTED]"
}
