[05/18/18, 15:26:59:350] info: ╔═════════════════════════════════════════════════════════════════════════════╗
[05/18/18, 15:26:59:352] info: ║      Slack 3.1.1, linux 4.16.9-1-ARCH on x64 at 05/18/18, 15:26:59:345      ║
[05/18/18, 15:26:59:352] info: ╚═════════════════════════════════════════════════════════════════════════════╝
[05/18/18, 15:26:59:786] info: Initializing local storage instance at path: /home/calvin/.config/Slack/local-settings.json
[05/18/18, 15:27:00:058] info: NetworkStatus: Waiting for network online…
[05/18/18, 15:27:00:824] info: NetworkStatus: Response from api.test
{
  "status": "online"
}
[05/18/18, 15:27:01:231] info: Store: SET_NETWORK_STATUS online
[05/18/18, 15:27:06:967] info: Store: SELECT_CHANNEL D40802HFY
[05/18/18, 15:27:06:973] info: Store: UPDATE_TEAM_LOCALE
{
  "locale": "en-US"
}
[05/18/18, 15:27:06:977] info: Store: UPDATE_SETTINGS
{
  "locale": "en-US"
}
[05/18/18, 15:27:07:449] info: Store: UPSERT_WEB_CONTENTS
{
  "id": 3,
  "state": "loaded",
  "teamId": "T067YHBHB"
}
[05/18/18, 15:27:07:462] info: Store: MAIN_WINDOW_SHOWN
[05/18/18, 15:27:07:670] info: Store: UPDATE_SESSION_STATUS
{
  "hasValidSession": true,
  "teamId": "T067YHBHB"
}
[05/18/18, 15:27:08:212] info: Store: UPDATE_TEAM_THEME
{
  "teamId": "T067YHBHB",
  "theme": {
    "active_item": "#88C0D0",
    "active_item_text": "#2E3440",
    "active_presence": "#90bc6b",
    "badge": "#81A1C1",
    "column_bg": "#2E3440",
    "hover_item": "#3B4252",
    "menu_bg": "#3B4252",
    "text_color": "#D8DEE9"
  }
}
[05/18/18, 15:27:08:771] info: Store: UPDATE_TEAM_ICONS
{
  "icons": {
    "image_102": "https://slack-files2.s3-us-west-2.amazonaws.com/avatars/2016-03-14/26749067207_3cad9c06d416650f6fa7_102.png",
    "image_132": "https://slack-files2.s3-us-west-2.amazonaws.com/avatars/2016-03-14/26749067207_3cad9c06d416650f6fa7_132.png",
    "image_230": "https://slack-files2.s3-us-west-2.amazonaws.com/avatars/2016-03-14/26749067207_3cad9c06d416650f6fa7_132.png",
    "image_34": "https://slack-files2.s3-us-west-2.amazonaws.com/avatars/2016-03-14/26749067207_3cad9c06d416650f6fa7_34.png",
    "image_44": "https://slack-files2.s3-us-west-2.amazonaws.com/avatars/2016-03-14/26749067207_3cad9c06d416650f6fa7_44.png",
    "image_68": "https://slack-files2.s3-us-west-2.amazonaws.com/avatars/2016-03-14/26749067207_3cad9c06d416650f6fa7_68.png",
    "image_88": "https://slack-files2.s3-us-west-2.amazonaws.com/avatars/2016-03-14/26749067207_3cad9c06d416650f6fa7_88.png",
    "image_original": "https://slack-files2.s3-us-west-2.amazonaws.com/avatars/2016-03-14/26749067207_3cad9c06d416650f6fa7_original.png"
  },
  "teamId": "T067YHBHB"
}
[05/18/18, 15:27:08:967] info: Store: UPDATE_TEAM_LOCALE
{
  "locale": "en-US",
  "teamId": "T067YHBHB"
}
[05/18/18, 15:27:08:976] info: Store: UPSERT_WEB_CONTENTS
{
  "id": 3,
  "state": "webapp-loaded",
  "teamId": "T067YHBHB"
}
[05/18/18, 15:27:09:355] info: Store: STORE_API_TOKEN
{
  "teamId": "T067YHBHB",
  "token": "xoxs-⋯"
}
[05/18/18, 15:28:04:798] info: Store: NEW_NOTIFICATION
{
  "avatarImage": "https://ca.slack-edge.com/T067YHBHB-U0A2L957A-c4e06a8c3233-512",
  "channel": "D40802HFY",
  "content": "[REDACTED]",
  "id": "1n5UphXZ3K1yQl",
  "imageUri": null,
  "launchUri": "slack://channel?id=D40802HFY&message=1526682484.000250&team=T067YHBHB",
  "msg": "1526682484.000250",
  "silent": true,
  "subtitle": "",
  "teamId": "T067YHBHB",
  "title": "[REDACTED]"
}
[05/18/18, 15:28:32:832] info: Store: NEW_NOTIFICATION
{
  "avatarImage": "https://ca.slack-edge.com/T067YHBHB-U0A2L957A-c4e06a8c3233-512",
  "channel": "D40802HFY",
  "content": "[REDACTED]",
  "id": "1n5U6iXZ3K1wYB",
  "imageUri": null,
  "launchUri": "slack://channel?id=D40802HFY&message=1526682512.000298&team=T067YHBHB",
  "msg": "1526682512.000298",
  "silent": true,
  "subtitle": "",
  "teamId": "T067YHBHB",
  "title": "[REDACTED]"
}
[05/18/18, 15:29:10:903] info: Store: SAVE_WINDOW_SETTINGS
{
  "isMaximized": false,
  "position": [
    12,
    32
  ],
  "size": [
    942,
    1036
  ]
}
[05/18/18, 15:29:14:477] info: Store: NEW_NOTIFICATION
{
  "avatarImage": "https://ca.slack-edge.com/T067YHBHB-U0A2L957A-c4e06a8c3233-512",
  "channel": "D40802HFY",
  "content": "[REDACTED]",
  "id": "Zo5tPsyL39PDry",
  "imageUri": null,
  "launchUri": "slack://channel?id=D40802HFY&message=1526682554.000140&team=T067YHBHB",
  "msg": "1526682554.000140",
  "silent": true,
  "subtitle": "",
  "teamId": "T067YHBHB",
  "title": "[REDACTED]"
}
[05/18/18, 15:29:37:492] info: Store: SAVE_WINDOW_SETTINGS
{
  "isMaximized": false,
  "position": [
    12,
    32
  ],
  "size": [
    750,
    1036
  ]
}
[05/18/18, 15:29:48:520] info: Store: NEW_NOTIFICATION
{
  "avatarImage": "https://ca.slack-edge.com/T067YHBHB-U0A2L957A-c4e06a8c3233-512",
  "channel": "D40802HFY",
  "content": "[REDACTED]",
  "id": "5rjHWt20PwNP48",
  "imageUri": null,
  "launchUri": "slack://channel?id=D40802HFY&message=1526682588.000172&team=T067YHBHB",
  "msg": "1526682588.000172",
  "silent": true,
  "subtitle": "",
  "teamId": "T067YHBHB",
  "title": "[REDACTED]"
}
[05/18/18, 15:31:08:148] info: Store: NEW_NOTIFICATION
{
  "avatarImage": "https://ca.slack-edge.com/T067YHBHB-U0A2L957A-c4e06a8c3233-512",
  "channel": "D40802HFY",
  "content": "[REDACTED]",
  "id": "gGvUGu3wYPKPPL",
  "imageUri": null,
  "launchUri": "slack://channel?id=D40802HFY&message=1526682668.000063&team=T067YHBHB",
  "msg": "1526682668.000063",
  "silent": true,
  "subtitle": "",
  "teamId": "T067YHBHB",
  "title": "[REDACTED]"
}
[05/18/18, 15:31:08:396] info: Store: NEW_NOTIFICATION
{
  "avatarImage": "https://ca.slack-edge.com/T067YHBHB-U0A2L957A-c4e06a8c3233-512",
  "channel": "D40802HFY",
  "content": "[REDACTED]",
  "id": "5rjHpC20PwlwBq",
  "imageUri": null,
  "launchUri": "slack://channel?id=D40802HFY&message=1526682668.000144&team=T067YHBHB",
  "msg": "1526682668.000144",
  "silent": true,
  "subtitle": "",
  "teamId": "T067YHBHB",
  "title": "[REDACTED]"
}
[05/18/18, 15:31:26:157] info: Store: NEW_NOTIFICATION
{
  "avatarImage": "https://ca.slack-edge.com/T067YHBHB-U0A2L957A-c4e06a8c3233-512",
  "channel": "D40802HFY",
  "content": "[REDACTED]",
  "id": "lmACAFqxKwgWOq",
  "imageUri": null,
  "launchUri": "slack://channel?id=D40802HFY&message=1526682686.000065&team=T067YHBHB",
  "msg": "1526682686.000065",
  "silent": true,
  "subtitle": "",
  "teamId": "T067YHBHB",
  "title": "[REDACTED]"
}
[05/18/18, 15:31:31:960] info: Store: NEW_NOTIFICATION
{
  "avatarImage": "https://ca.slack-edge.com/T067YHBHB-U0A2L957A-c4e06a8c3233-512",
  "channel": "D40802HFY",
  "content": "[REDACTED]",
  "id": "7wlsyHNK712M9W",
  "imageUri": null,
  "launchUri": "slack://channel?id=D40802HFY&message=1526682691.000308&team=T067YHBHB",
  "msg": "1526682691.000308",
  "silent": true,
  "subtitle": "",
  "teamId": "T067YHBHB",
  "title": "[REDACTED]"
}
[05/18/18, 15:32:32:395] info: Store: SAVE_WINDOW_SETTINGS
{
  "isMaximized": false,
  "position": [
    12,
    32
  ],
  "size": [
    1896,
    1036
  ]
}
[05/18/18, 15:41:17:109] info: Store: SAVE_WINDOW_SETTINGS
{
  "isMaximized": false,
  "position": [
    966,
    32
  ],
  "size": [
    942,
    1036
  ]
}
[05/18/18, 15:41:20:476] info: Store: SAVE_WINDOW_SETTINGS
{
  "isMaximized": false,
  "position": [
    12,
    32
  ],
  "size": [
    1896,
    1036
  ]
}
[05/18/18, 15:45:56:082] info: Store: SELECT_CHANNEL C1T6DLC13
[05/18/18, 15:45:57:865] info: Store: SELECT_CHANNEL C3M9KFKRR
[05/18/18, 15:47:14:120] info: Store: NEW_NOTIFICATION
{
  "avatarImage": "https://ca.slack-edge.com/T067YHBHB-U0A2L957A-c4e06a8c3233-512",
  "channel": "D40802HFY",
  "content": "[REDACTED]",
  "id": "G2GC2IQDmLOqBB",
  "imageUri": null,
  "launchUri": "slack://channel?id=D40802HFY&message=1526683634.000079&team=T067YHBHB",
  "msg": "1526683634.000079",
  "silent": true,
  "subtitle": "",
  "teamId": "T067YHBHB",
  "title": "[REDACTED]"
}
[05/18/18, 15:47:29:452] info: Store: SELECT_CHANNEL D40802HFY
[05/18/18, 15:47:42:981] info: Store: NEW_NOTIFICATION
{
  "avatarImage": "https://ca.slack-edge.com/T067YHBHB-U0A2L957A-c4e06a8c3233-512",
  "channel": "D40802HFY",
  "content": "[REDACTED]",
  "id": "6vkS7S501DkW2y",
  "imageUri": null,
  "launchUri": "slack://channel?id=D40802HFY&message=1526683663.000005&team=T067YHBHB",
  "msg": "1526683663.000005",
  "silent": true,
  "subtitle": "",
  "teamId": "T067YHBHB",
  "title": "[REDACTED]"
}
[05/18/18, 15:48:08:585] info: Store: NEW_NOTIFICATION
{
  "avatarImage": "https://ca.slack-edge.com/T067YHBHB-U0A2L957A-c4e06a8c3233-512",
  "channel": "D40802HFY",
  "content": "[REDACTED]",
  "id": "8xmS9TMD6gYyZG",
  "imageUri": null,
  "launchUri": "slack://channel?id=D40802HFY&message=1526683688.000209&team=T067YHBHB",
  "msg": "1526683688.000209",
  "silent": true,
  "subtitle": "",
  "teamId": "T067YHBHB",
  "title": "[REDACTED]"
}
[05/18/18, 15:49:17:621] info: Store: NEW_NOTIFICATION
{
  "avatarImage": "https://ca.slack-edge.com/T067YHBHB-U0A2L957A-c4e06a8c3233-512",
  "channel": "D40802HFY",
  "content": "[REDACTED]",
  "id": "wAPSXUKrG3m19B",
  "imageUri": null,
  "launchUri": "slack://channel?id=D40802HFY&message=1526683757.000198&team=T067YHBHB",
  "msg": "1526683757.000198",
  "silent": true,
  "subtitle": "",
  "teamId": "T067YHBHB",
  "title": "[REDACTED]"
}
[05/18/18, 15:49:34:124] info: Store: NEW_NOTIFICATION
{
  "avatarImage": "https://ca.slack-edge.com/T067YHBHB-U0A2L957A-c4e06a8c3233-512",
  "channel": "D40802HFY",
  "content": "[REDACTED]",
  "id": "lmACqcqxKwEl56",
  "imageUri": null,
  "launchUri": "slack://channel?id=D40802HFY&message=1526683774.000030&team=T067YHBHB",
  "msg": "1526683774.000030",
  "silent": true,
  "subtitle": "",
  "teamId": "T067YHBHB",
  "title": "[REDACTED]"
}
[05/18/18, 15:49:49:063] info: Store: NEW_NOTIFICATION
{
  "avatarImage": "https://ca.slack-edge.com/T067YHBHB-U0A2L957A-c4e06a8c3233-512",
  "channel": "D40802HFY",
  "content": "[REDACTED]",
  "id": "4qgijfWGQLZZL3",
  "imageUri": null,
  "launchUri": "slack://channel?id=D40802HFY&message=1526683789.000042&team=T067YHBHB",
  "msg": "1526683789.000042",
  "silent": true,
  "subtitle": "",
  "teamId": "T067YHBHB",
  "title": "[REDACTED]"
}
